#
# A fatal error has been detected by the Java Runtime Environment:
#
#  SIGSEGV (0xb) at pc=0x00000001040226b9, pid=2767, tid=0x000000000000d603
#
# JRE version: Java(TM) SE Runtime Environment (8.0_101-b13) (build 1.8.0_101-b13)
# Java VM: Java HotSpot(TM) 64-Bit Server VM (25.101-b13 mixed mode bsd-amd64 compressed oops)
# Problematic frame:
# j  javax.swing.plaf.basic.BasicTableUI.paintCells(Ljava/awt/Graphics;IIII)V+338
#
# Failed to write core dump. Core dumps have been disabled. To enable core dumping, try "ulimit -c unlimited" before starting Java again
#
# If you would like to submit a bug report, please visit:
#   http://bugreport.java.com/bugreport/crash.jsp
#

---------------  T H R E A D  ---------------

Current thread (0x00007f8a4c1a2000):  JavaThread "AWT-EventQueue-0" [_thread_in_Java, id=54787, stack(0x00007000016e2000,0x00007000017e2000)]

siginfo: si_signo: 11 (SIGSEGV), si_code: 1 (SEGV_MAPERR), si_addr: 0x00000000017df190

Registers:
RAX=0x000000017419d9d0, RBX=0x00007000017df188, RCX=0x00000000c0000002, RDX=0x000000017345ea00
RSP=0x00007000017df188, RBP=0x00007000017df1c8, RSI=0x00000000017df188, RDI=0x0000000797611b50
R8 =0x0000000797614ad0, R9 =0x0000000000000001, R10=0x0000000103059830, R11=0x0000000000000000
R12=0x0000000000000000, R13=0x000000011f9b7975, R14=0x00007000017df248, R15=0x00007f8a4c1a2000
RIP=0x00000001040226b9, EFLAGS=0x0000000000010287, ERR=0x0000000000000004
  TRAPNO=0x000000000000000e

Top of Stack: (sp=0x00007000017df188)
0x00007000017df188:   00000000017df188 000000011f9b7972
0x00007000017df198:   00007000017df248 000000011f9b86b8
0x00007000017df1a8:   0000000000000000 000000011f9b79b0
0x00007000017df1b8:   0000000000000000 00007000017df220
0x00007000017df1c8:   00007000017df290 00000001040082bd
0x00007000017df1d8:   0000000000000007 0000000000000003
0x00007000017df1e8:   0000000000000060 0000000795c2c068
0x00007000017df1f8:   0000000795c5ab28 0000000000000001
0x00007000017df208:   0000000797611688 0000000000000000
0x00007000017df218:   00000007976114c0 0000000000000006
0x00007000017df228:   0000000000000000 0000000000000002
0x00007000017df238:   0000000000000000 0000000795c567e8
0x00007000017df248:   0000000797614aa0 00007000017df250
0x00007000017df258:   000000011f9b6fe9 00007000017df2f8
0x00007000017df268:   000000011f9b86b8 0000000000000000
0x00007000017df278:   000000011f9b7010 00007000017df220
0x00007000017df288:   00007000017df300 00007000017df508
0x00007000017df298:   000000010449681c 0000000000000006
0x00007000017df2a8:   0000000000000000 0000000000000002
0x00007000017df2b8:   0000000000000000 0000000795c56960
0x00007000017df2c8:   0000000795c56948 0000000000000001
0x00007000017df2d8:   0000000795c56928 0000000795c56908
0x00007000017df2e8:   0000000797614320 0000000795c567e8
0x00007000017df2f8:   0000000797614aa0 0000000795c56490
0x00007000017df308:   00000001045f88a0 00007000017df508
0x00007000017df318:   00000001043ec05c 00000007976114c0
0x00007000017df328:   00000001040082bd 0000000795c566a8
0x00007000017df338:   00000001045c5d94 00000007400007b8
0x00007000017df348:   0000000795c567e8 0000000797614320
0x00007000017df358:   0000000795c567e8 0000000797614aa0
0x00007000017df368:   00000001f2ec18ea 00007000017df508
0x00007000017df378:   00000001044550f4 0000000797614320 

Instructions: (pc=0x00000001040226b9)
0x0000000104022699:   bf 93 0e d3 02 01 00 00 00 48 be 42 26 02 04 01
0x00000001040226a9:   00 00 00 48 8b d4 48 83 e4 f0 e8 e2 ad b3 fe f4
0x00000001040226b9:   48 81 7e 08 00 00 00 00 0f 85 f6 fe ff ff 48 83
0x00000001040226c9:   c6 10 48 3b f3 75 e9 80 3d e3 cb 01 ff 00 0f 84 

Register to memory mapping:

RAX=0x000000017419d9d0 is pointing into metadata
RBX=0x00007000017df188 is pointing into the stack for thread: 0x00007f8a4c1a2000
RCX=0x00000000c0000002 is an unknown value
RDX=0x000000017345ea00 is pointing into metadata
RSP=0x00007000017df188 is pointing into the stack for thread: 0x00007f8a4c1a2000
RBP=0x00007000017df1c8 is pointing into the stack for thread: 0x00007f8a4c1a2000
RSI=0x00000000017df188 is an unknown value
RDI=0x0000000797611b50 is an oop
java.awt.Component$AWTTreeLock 
 - klass: 'java/awt/Component$AWTTreeLock'
R8 =0x0000000797614ad0 is an oop
javax.swing.CellRendererPane 
 - klass: 'javax/swing/CellRendererPane'
R9 =0x0000000000000001 is an unknown value
R10=0x0000000103059830: _ZN19TemplateInterpreter13_active_tableE+0x4800 in /Library/Java/JavaVirtualMachines/jdk1.8.0_101.jdk/Contents/Home/jre/lib/server/libjvm.dylib at 0x000000010275b000
R11=0x0000000000000000 is an unknown value
R12=0x0000000000000000 is an unknown value
R13=0x000000011f9b7975 is pointing into metadata
R14=0x00007000017df248 is pointing into the stack for thread: 0x00007f8a4c1a2000
R15=0x00007f8a4c1a2000 is a thread


Stack: [0x00007000016e2000,0x00007000017e2000],  sp=0x00007000017df188,  free space=1012k
Native frames: (J=compiled Java code, j=interpreted, Vv=VM code, C=native code)
j  javax.swing.plaf.basic.BasicTableUI.paintCells(Ljava/awt/Graphics;IIII)V+338
j  javax.swing.plaf.basic.BasicTableUI.paint(Ljava/awt/Graphics;Ljavax/swing/JComponent;)V+249
J 1392 C1 javax.swing.plaf.ComponentUI.update(Ljava/awt/Graphics;Ljavax/swing/JComponent;)V (36 bytes) @ 0x000000010449681c [0x00000001044960e0+0x73c]
J 1313 C1 javax.swing.JComponent.paintComponent(Ljava/awt/Graphics;)V (44 bytes) @ 0x00000001044550f4 [0x0000000104454e80+0x274]
J 1420 C1 javax.swing.JComponent.paint(Ljava/awt/Graphics;)V (409 bytes) @ 0x00000001044bba2c [0x00000001044ba0c0+0x196c]
j  javax.swing.JComponent.paintToOffscreen(Ljava/awt/Graphics;IIIIII)V+41
j  javax.swing.RepaintManager$PaintManager.paintDoubleBuffered(Ljavax/swing/JComponent;Ljava/awt/Image;Ljava/awt/Graphics;IIII)V+163
j  javax.swing.RepaintManager$PaintManager.paint(Ljavax/swing/JComponent;Ljavax/swing/JComponent;Ljava/awt/Graphics;IIII)Z+116
J 2179 C1 javax.swing.RepaintManager.paint(Ljavax/swing/JComponent;Ljavax/swing/JComponent;Ljava/awt/Graphics;IIII)V (93 bytes) @ 0x0000000104112a14 [0x0000000104112520+0x4f4]
j  javax.swing.JComponent._paintImmediately(IIII)V+683
J 2105 C1 javax.swing.JComponent.paintImmediately(IIII)V (155 bytes) @ 0x00000001046c9294 [0x00000001046c8480+0xe14]
j  javax.swing.RepaintManager$4.run()Ljava/lang/Void;+81
J 2090 C1 javax.swing.RepaintManager$4.run()Ljava/lang/Object; (5 bytes) @ 0x00000001046b8a8c [0x00000001046b8a00+0x8c]
v  ~StubRoutines::call_stub
V  [libjvm.dylib+0x2ecf06]  JavaCalls::call_helper(JavaValue*, methodHandle*, JavaCallArguments*, Thread*)+0x6ae
V  [libjvm.dylib+0x34d69c]  JVM_DoPrivileged+0x4b8
J 754  java.security.AccessController.doPrivileged(Ljava/security/PrivilegedAction;Ljava/security/AccessControlContext;)Ljava/lang/Object; (0 bytes) @ 0x00000001042cf595 [0x00000001042cf4c0+0xd5]
J 759 C1 java.security.ProtectionDomain$JavaSecurityAccessImpl.doIntersectionPrivilege(Ljava/security/PrivilegedAction;Ljava/security/AccessControlContext;Ljava/security/AccessControlContext;)Ljava/lang/Object; (22 bytes) @ 0x00000001042d335c [0x00000001042d2ee0+0x47c]
j  javax.swing.RepaintManager.paintDirtyRegions(Ljava/util/Map;)V+154
j  javax.swing.RepaintManager.paintDirtyRegions()V+46
j  javax.swing.RepaintManager.prePaintDirtyRegions()V+73
J 2107 C1 javax.swing.RepaintManager$ProcessingRunnable.run()V (41 bytes) @ 0x00000001046cc40c [0x00000001046cc0e0+0x32c]
J 1146 C1 java.awt.event.InvocationEvent.dispatch()V (69 bytes) @ 0x00000001043c56d4 [0x00000001043c54c0+0x214]
J 1245 C1 java.awt.EventQueue.dispatchEventImpl(Ljava/awt/AWTEvent;Ljava/lang/Object;)V (149 bytes) @ 0x000000010441566c [0x0000000104413b80+0x1aec]
J 1243 C1 java.awt.EventQueue$3.run()Ljava/lang/Void; (60 bytes) @ 0x000000010440dc54 [0x000000010440da40+0x214]
J 1128 C1 java.awt.EventQueue$3.run()Ljava/lang/Object; (5 bytes) @ 0x00000001043b314c [0x00000001043b30c0+0x8c]
v  ~StubRoutines::call_stub
V  [libjvm.dylib+0x2ecf06]  JavaCalls::call_helper(JavaValue*, methodHandle*, JavaCallArguments*, Thread*)+0x6ae
V  [libjvm.dylib+0x34d69c]  JVM_DoPrivileged+0x4b8
J 754  java.security.AccessController.doPrivileged(Ljava/security/PrivilegedAction;Ljava/security/AccessControlContext;)Ljava/lang/Object; (0 bytes) @ 0x00000001042cf595 [0x00000001042cf4c0+0xd5]
J 1127 C1 java.awt.EventQueue.dispatchEvent(Ljava/awt/AWTEvent;)V (80 bytes) @ 0x00000001043ba7ac [0x00000001043b9e00+0x9ac]
J 1246 C1 java.awt.EventDispatchThread.pumpOneEventForFilters(I)V (295 bytes) @ 0x00000001044113d4 [0x000000010440f880+0x1b54]
j  java.awt.EventDispatchThread.pumpEventsForFilter(ILjava/awt/Conditional;Ljava/awt/EventFilter;)V+35
j  java.awt.EventDispatchThread.pumpEventsForHierarchy(ILjava/awt/Conditional;Ljava/awt/Component;)V+11
j  java.awt.EventDispatchThread.pumpEvents(ILjava/awt/Conditional;)V+4
j  java.awt.EventDispatchThread.pumpEvents(Ljava/awt/Conditional;)V+3
j  java.awt.EventDispatchThread.run()V+9
v  ~StubRoutines::call_stub
V  [libjvm.dylib+0x2ecf06]  JavaCalls::call_helper(JavaValue*, methodHandle*, JavaCallArguments*, Thread*)+0x6ae
V  [libjvm.dylib+0x2ed694]  JavaCalls::call_virtual(JavaValue*, KlassHandle, Symbol*, Symbol*, JavaCallArguments*, Thread*)+0x164
V  [libjvm.dylib+0x2ed840]  JavaCalls::call_virtual(JavaValue*, Handle, KlassHandle, Symbol*, Symbol*, Thread*)+0x4a
V  [libjvm.dylib+0x348029]  thread_entry(JavaThread*, Thread*)+0x7c
V  [libjvm.dylib+0x5695ab]  JavaThread::thread_main_inner()+0x9b
V  [libjvm.dylib+0x56ac98]  JavaThread::run()+0x1c2
V  [libjvm.dylib+0x48933a]  java_start(Thread*)+0xf6
C  [libsystem_pthread.dylib+0x399d]  _pthread_body+0x83
C  [libsystem_pthread.dylib+0x391a]  _pthread_body+0x0
C  [libsystem_pthread.dylib+0x1351]  thread_start+0xd
C  0x0000000000000000


---------------  P R O C E S S  ---------------

Java Threads: ( => current thread )
  0x00007f8a4c283000 JavaThread "Thread-3" [_thread_in_vm_trans, id=73219, stack(0x0000700001c74000,0x0000700001d74000)]
  0x00007f8a4c806800 JavaThread "DestroyJavaVM" [_thread_blocked, id=4099, stack(0x0000700000084000,0x0000700000184000)]
  0x00007f8a4c3fd800 JavaThread "TimerQueue" daemon [_thread_blocked, id=65971, stack(0x0000700001a6e000,0x0000700001b6e000)]
  0x00007f8a4d2bc000 JavaThread "BluecoveAsynchronousShutdownThread" daemon [_thread_blocked, id=56067, stack(0x00007000018e8000,0x00007000019e8000)]
  0x00007f8a4c980800 JavaThread "Thread-0" [_thread_in_native, id=55299, stack(0x00007000017e5000,0x00007000018e5000)]
=>0x00007f8a4c1a2000 JavaThread "AWT-EventQueue-0" [_thread_in_Java, id=54787, stack(0x00007000016e2000,0x00007000017e2000)]
  0x00007f8a4d2bd800 JavaThread "Java2D Disposer" daemon [_thread_blocked, id=54279, stack(0x00007000015df000,0x00007000016df000)]
  0x00007f8a4d2af800 JavaThread "Java2D Queue Flusher" daemon [_thread_blocked, id=50695, stack(0x00007000014dc000,0x00007000015dc000)]
  0x00007f8a4d254000 JavaThread "AWT-Shutdown" [_thread_blocked, id=30739, stack(0x0000700001356000,0x0000700001456000)]
  0x00007f8a4d24e800 JavaThread "AppKit Thread" daemon [_thread_in_native, id=2571, stack(0x00007fff5cf21000,0x00007fff5d721000)]
  0x00007f8a4d8cc800 JavaThread "Abandoned connection cleanup thread" daemon [_thread_blocked, id=20227, stack(0x000070000114d000,0x000070000124d000)]
  0x00007f8a4d001800 JavaThread "Monitor Ctrl-Break" daemon [_thread_in_native, id=19715, stack(0x000070000104a000,0x000070000114a000)]
  0x00007f8a4d83a800 JavaThread "Service Thread" daemon [_thread_blocked, id=18691, stack(0x0000700000e44000,0x0000700000f44000)]
  0x00007f8a4c02b000 JavaThread "C1 CompilerThread2" daemon [_thread_blocked, id=18179, stack(0x0000700000d41000,0x0000700000e41000)]
  0x00007f8a4c02a000 JavaThread "C2 CompilerThread1" daemon [_thread_blocked, id=17667, stack(0x0000700000c3e000,0x0000700000d3e000)]
  0x00007f8a4d83a000 JavaThread "C2 CompilerThread0" daemon [_thread_blocked, id=17155, stack(0x0000700000b3b000,0x0000700000c3b000)]
  0x00007f8a4c00c000 JavaThread "Signal Dispatcher" daemon [_thread_blocked, id=12815, stack(0x0000700000a38000,0x0000700000b38000)]
  0x00007f8a4d827800 JavaThread "Finalizer" daemon [_thread_blocked, id=11779, stack(0x000070000082f000,0x000070000092f000)]
  0x00007f8a4d826800 JavaThread "Reference Handler" daemon [_thread_blocked, id=11267, stack(0x000070000072c000,0x000070000082c000)]

Other Threads:
  0x00007f8a4c81b800 VMThread [stack: 0x0000700000629000,0x0000700000729000] [id=10755]
  0x00007f8a4c82a800 WatcherThread [stack: 0x0000700000f47000,0x0000700001047000] [id=19203]

VM state:not at safepoint (normal execution)

VM Mutex/Monitor currently owned by a thread: None

Heap:
 PSYoungGen      total 38400K, used 12673K [0x0000000795580000, 0x0000000798000000, 0x00000007c0000000)
  eden space 33280K, 22% used [0x0000000795580000,0x0000000795ce0ea0,0x0000000797600000)
  from space 5120K, 99% used [0x0000000797600000,0x0000000797aff830,0x0000000797b00000)
  to   space 5120K, 0% used [0x0000000797b00000,0x0000000797b00000,0x0000000798000000)
 ParOldGen       total 87552K, used 1229K [0x0000000740000000, 0x0000000745580000, 0x0000000795580000)
  object space 87552K, 1% used [0x0000000740000000,0x0000000740133538,0x0000000745580000)
 Metaspace       used 16458K, capacity 16690K, committed 17024K, reserved 1064960K
  class space    used 2011K, capacity 2078K, committed 2176K, reserved 1048576K

Card table byte_map: [0x00000001133c0000,0x00000001137c1000] byte_map_base: 0x000000010f9c0000

Marking Bits: (ParMarkBitMap*) 0x0000000103048d20
 Begin Bits: [0x0000000113a6c000, 0x0000000115a6c000)
 End Bits:   [0x0000000115a6c000, 0x0000000117a6c000)

Polling page: 0x000000010373b000

CodeCache: size=245760Kb used=7412Kb max_used=7436Kb free=238347Kb
 bounds [0x0000000104000000, 0x0000000104760000, 0x0000000113000000]
 total_blobs=2736 nmethods=2154 adapters=494
 compilation: enabled

Compilation events (10 events):
Event: 112.441 Thread 0x00007f8a4c02b000 nmethod 2178 0x00000001046db2d0 code [0x00000001046db460, 0x00000001046db928]
Event: 112.441 Thread 0x00007f8a4c02b000 2179       3       javax.swing.RepaintManager::paint (93 bytes)
Event: 112.442 Thread 0x00007f8a4c02b000 nmethod 2179 0x0000000104112350 code [0x0000000104112520, 0x0000000104112e58]
Event: 112.443 Thread 0x00007f8a4c02b000 2180       1       javax.swing.AbstractButton::getModel (5 bytes)
Event: 112.443 Thread 0x00007f8a4c02b000 nmethod 2180 0x0000000104160610 code [0x0000000104160760, 0x0000000104160870]
Event: 122.395 Thread 0x00007f8a4c02b000 2181       3       java.util.regex.Matcher::start (22 bytes)
Event: 122.395 Thread 0x00007f8a4c02b000 nmethod 2181 0x000000010410d0d0 code [0x000000010410d240, 0x000000010410d488]
Event: 122.395 Thread 0x00007f8a4c02b000 2182       3       java.util.regex.Pattern$Node::<init> (12 bytes)
Event: 122.395 Thread 0x00007f8a4c02b000 nmethod 2182 0x000000010411d2d0 code [0x000000010411d440, 0x000000010411d610]
Event: 125.667 Thread 0x00007f8a4d83a000 2183       4       sun.awt.SunHints$Key::isCompatibleValue (18 bytes)

GC Heap History (2 events):
Event: 54.153 GC heap before
{Heap before GC invocations=1 (full 0):
 PSYoungGen      total 38400K, used 33280K [0x0000000795580000, 0x0000000798000000, 0x00000007c0000000)
  eden space 33280K, 100% used [0x0000000795580000,0x0000000797600000,0x0000000797600000)
  from space 5120K, 0% used [0x0000000797b00000,0x0000000797b00000,0x0000000798000000)
  to   space 5120K, 0% used [0x0000000797600000,0x0000000797600000,0x0000000797b00000)
 ParOldGen       total 87552K, used 0K [0x0000000740000000, 0x0000000745580000, 0x0000000795580000)
  object space 87552K, 0% used [0x0000000740000000,0x0000000740000000,0x0000000745580000)
 Metaspace       used 16209K, capacity 16466K, committed 16640K, reserved 1064960K
  class space    used 1981K, capacity 2046K, committed 2048K, reserved 1048576K
Event: 54.276 GC heap after
Heap after GC invocations=1 (full 0):
 PSYoungGen      total 38400K, used 5118K [0x0000000795580000, 0x0000000798000000, 0x00000007c0000000)
  eden space 33280K, 0% used [0x0000000795580000,0x0000000795580000,0x0000000797600000)
  from space 5120K, 99% used [0x0000000797600000,0x0000000797aff830,0x0000000797b00000)
  to   space 5120K, 0% used [0x0000000797b00000,0x0000000797b00000,0x0000000798000000)
 ParOldGen       total 87552K, used 1229K [0x0000000740000000, 0x0000000745580000, 0x0000000795580000)
  object space 87552K, 1% used [0x0000000740000000,0x0000000740133538,0x0000000745580000)
 Metaspace       used 16209K, capacity 16466K, committed 16640K, reserved 1064960K
  class space    used 1981K, capacity 2046K, committed 2048K, reserved 1048576K
}

Deoptimization events (10 events):
Event: 3.216 Thread 0x00007f8a4c806800 Uncommon trap: reason=class_check action=maybe_recompile pc=0x00000001041ca818 method=java.lang.String.equals(Ljava/lang/Object;)Z @ 8
Event: 14.197 Thread 0x00007f8a4c1a2000 Uncommon trap: reason=unstable_if action=reinterpret pc=0x0000000104288844 method=java.util.HashMap.getNode(ILjava/lang/Object;)Ljava/util/HashMap$Node; @ 62
Event: 14.203 Thread 0x00007f8a4c1a2000 Uncommon trap: reason=unstable_if action=reinterpret pc=0x000000010426f730 method=java.util.HashMap.getNode(ILjava/lang/Object;)Ljava/util/HashMap$Node; @ 62
Event: 14.827 Thread 0x00007f8a4c1a2000 Uncommon trap: reason=unstable_if action=reinterpret pc=0x0000000104373194 method=sun.awt.image.OffScreenImageSource.sendPixels()V @ 663
Event: 53.925 Thread 0x00007f8a4c1a2000 Uncommon trap: reason=unstable_if action=reinterpret pc=0x00000001045a60b0 method=sun.awt.SunToolkit.getContainingWindow(Ljava/awt/Component;)Ljava/awt/Window; @ 1
Event: 53.936 Thread 0x00007f8a4c1a2000 Uncommon trap: reason=unstable_if action=reinterpret pc=0x00000001044f1978 method=java.awt.Component.getBackground()Ljava/awt/Color; @ 6
Event: 54.278 Thread 0x00007f8a4d827800 Uncommon trap: reason=unstable_if action=reinterpret pc=0x000000010453be64 method=java.lang.ref.SoftReference.get()Ljava/lang/Object; @ 17
Event: 59.461 Thread 0x00007f8a4c1a2000 Uncommon trap: reason=unstable_if action=reinterpret pc=0x0000000104577710 method=javax.swing.table.DefaultTableCellRenderer.firePropertyChange(Ljava/lang/String;Ljava/lang/Object;Ljava/lang/Object;)V @ 32
Event: 59.622 Thread 0x00007f8a4c1a2000 Uncommon trap: reason=unstable_if action=reinterpret pc=0x00000001045d7e74 method=java.awt.Component.isDisplayable()Z @ 4
Event: 61.893 Thread 0x00007f8a4c1a2000 Uncommon trap: reason=unstable_if action=reinterpret pc=0x0000000104681ac4 method=java.awt.Component.getInputContext()Ljava/awt/im/InputContext; @ 6

Internal exceptions (10 events):
Event: 0.223 Thread 0x00007f8a4c806800 Exception <a 'java/security/PrivilegedActionException'> (0x000000079572fd40) thrown at [/HUDSON3/workspace/8-2-build-macosx-x86_64/jdk8u101/7261/hotspot/src/share/vm/prims/jvm.cpp, line 1386]
Event: 0.223 Thread 0x00007f8a4c806800 Exception <a 'java/security/PrivilegedActionException'> (0x0000000795733230) thrown at [/HUDSON3/workspace/8-2-build-macosx-x86_64/jdk8u101/7261/hotspot/src/share/vm/prims/jvm.cpp, line 1386]
Event: 0.223 Thread 0x00007f8a4c806800 Exception <a 'java/security/PrivilegedActionException'> (0x0000000795733628) thrown at [/HUDSON3/workspace/8-2-build-macosx-x86_64/jdk8u101/7261/hotspot/src/share/vm/prims/jvm.cpp, line 1386]
Event: 0.735 Thread 0x00007f8a4c806800 Exception <a 'java/lang/NoSuchFieldError': method resolution failed> (0x0000000795bcae60) thrown at [/HUDSON3/workspace/8-2-build-macosx-x86_64/jdk8u101/7261/hotspot/src/share/vm/prims/methodHandles.cpp, line 1146]
Event: 0.737 Thread 0x00007f8a4c806800 Exception <a 'java/lang/NoSuchFieldError': method resolution failed> (0x0000000795bd85b0) thrown at [/HUDSON3/workspace/8-2-build-macosx-x86_64/jdk8u101/7261/hotspot/src/share/vm/prims/methodHandles.cpp, line 1146]
Event: 1.002 Thread 0x00007f8a4c806800 Exception <a 'java/io/FileNotFoundException'> (0x0000000795c531d8) thrown at [/HUDSON3/workspace/8-2-build-macosx-x86_64/jdk8u101/7261/hotspot/src/share/vm/prims/jni.cpp, line 709]
Event: 1.002 Thread 0x00007f8a4c806800 Exception <a 'java/io/FileNotFoundException'> (0x0000000795c53d80) thrown at [/HUDSON3/workspace/8-2-build-macosx-x86_64/jdk8u101/7261/hotspot/src/share/vm/prims/jni.cpp, line 709]
Event: 1.402 Thread 0x00007f8a4c980800 Exception <a 'java/lang/NoClassDefFoundError': org/apache/log4j/Category> (0x0000000796094fb0) thrown at [/HUDSON3/workspace/8-2-build-macosx-x86_64/jdk8u101/7261/hotspot/src/share/vm/classfile/systemDictionary.cpp, line 199]
Event: 1.425 Thread 0x00007f8a4c980800 Exception <a 'java/lang/UnsatisfiedLinkError': com.intel.bluetooth.BluetoothStackOSX.isNativeCodeLoaded()Z> (0x00000007960e8bd0) thrown at [/HUDSON3/workspace/8-2-build-macosx-x86_64/jdk8u101/7261/hotspot/src/share/vm/prims/nativeLookup.cpp, line 378]
Event: 54.289 Thread 0x00007f8a4d827800 Exception <a 'java/lang/NullPointerException'> (0x0000000795615708) thrown at [/HUDSON3/workspace/8-2-build-macosx-x86_64/jdk8u101/7261/hotspot/src/share/vm/interpreter/linkResolver.cpp, line 1178]

Events (10 events):
Event: 96.938 Thread 0x00007f8a4c02a000 flushing nmethod 0x000000010411e290
Event: 96.938 Thread 0x00007f8a4c02a000 flushing nmethod 0x000000010411f1d0
Event: 96.939 Thread 0x00007f8a4c02a000 flushing nmethod 0x000000010413f910
Event: 96.939 Thread 0x00007f8a4c02a000 flushing nmethod 0x0000000104149810
Event: 96.939 Thread 0x00007f8a4c02a000 flushing nmethod 0x000000010414b490
Event: 96.939 Thread 0x00007f8a4c02a000 flushing nmethod 0x0000000104158110
Event: 96.941 Thread 0x00007f8a4c02b000 flushing nmethod 0x0000000104160610
Event: 96.941 Thread 0x00007f8a4c02b000 flushing nmethod 0x00000001041853d0
Event: 96.941 Thread 0x00007f8a4c02b000 flushing nmethod 0x000000010418a910
Event: 96.941 Thread 0x00007f8a4c02b000 flushing nmethod 0x0000000104198f50


Dynamic libraries:
0x0000000001e02000 	/System/Library/Frameworks/Cocoa.framework/Versions/A/Cocoa
0x0000000001e02000 	/System/Library/Frameworks/Security.framework/Versions/A/Security
0x0000000001e02000 	/System/Library/Frameworks/ApplicationServices.framework/Versions/A/ApplicationServices
0x0000000001e02000 	/usr/lib/libz.1.dylib
0x0000000001e02000 	/usr/lib/libSystem.B.dylib
0x0000000001e02000 	/usr/lib/libobjc.A.dylib
0x0000000001e02000 	/System/Library/Frameworks/CoreFoundation.framework/Versions/A/CoreFoundation
0x0000000001e02000 	/System/Library/Frameworks/Foundation.framework/Versions/C/Foundation
0x0000000001e02000 	/System/Library/Frameworks/AppKit.framework/Versions/C/AppKit
0x0000000001e02000 	/System/Library/Frameworks/CoreData.framework/Versions/A/CoreData
0x0000000001e02000 	/System/Library/PrivateFrameworks/RemoteViewServices.framework/Versions/A/RemoteViewServices
0x0000000001e02000 	/System/Library/PrivateFrameworks/UIFoundation.framework/Versions/A/UIFoundation
0x0000000001e02000 	/usr/lib/libScreenReader.dylib
0x0000000001e02000 	/System/Library/Frameworks/Accelerate.framework/Versions/A/Accelerate
0x0000000001e02000 	/System/Library/Frameworks/IOSurface.framework/Versions/A/IOSurface
0x0000000001e02000 	/System/Library/Frameworks/AudioToolbox.framework/Versions/A/AudioToolbox
0x0000000001e02000 	/System/Library/Frameworks/AudioUnit.framework/Versions/A/AudioUnit
0x0000000001e02000 	/System/Library/PrivateFrameworks/DataDetectorsCore.framework/Versions/A/DataDetectorsCore
0x0000000001e02000 	/System/Library/PrivateFrameworks/DesktopServicesPriv.framework/Versions/A/DesktopServicesPriv
0x0000000001e02000 	/System/Library/Frameworks/Carbon.framework/Versions/A/Frameworks/HIToolbox.framework/Versions/A/HIToolbox
0x0000000001e02000 	/System/Library/Frameworks/QuartzCore.framework/Versions/A/QuartzCore
0x0000000001e02000 	/System/Library/Frameworks/Carbon.framework/Versions/A/Frameworks/SpeechRecognition.framework/Versions/A/SpeechRecognition
0x0000000001e02000 	/usr/lib/libauto.dylib
0x0000000001e02000 	/usr/lib/libicucore.A.dylib
0x0000000001e02000 	/usr/lib/libxml2.2.dylib
0x0000000001e02000 	/System/Library/PrivateFrameworks/CoreUI.framework/Versions/A/CoreUI
0x0000000001e02000 	/System/Library/Frameworks/CoreAudio.framework/Versions/A/CoreAudio
0x0000000001e02000 	/System/Library/Frameworks/DiskArbitration.framework/Versions/A/DiskArbitration
0x0000000001e02000 	/usr/lib/liblangid.dylib
0x0000000001e02000 	/System/Library/PrivateFrameworks/MultitouchSupport.framework/Versions/A/MultitouchSupport
0x0000000001e02000 	/System/Library/Frameworks/IOKit.framework/Versions/A/IOKit
0x0000000001e02000 	/usr/lib/libDiagnosticMessagesClient.dylib
0x0000000001e02000 	/System/Library/Frameworks/CoreServices.framework/Versions/A/CoreServices
0x0000000001e02000 	/System/Library/PrivateFrameworks/PerformanceAnalysis.framework/Versions/A/PerformanceAnalysis
0x0000000001e02000 	/System/Library/PrivateFrameworks/GenerationalStorage.framework/Versions/A/GenerationalStorage
0x0000000001e02000 	/System/Library/Frameworks/OpenGL.framework/Versions/A/OpenGL
0x0000000001e02000 	/System/Library/PrivateFrameworks/Sharing.framework/Versions/A/Sharing
0x0000000001e02000 	/System/Library/Frameworks/CoreGraphics.framework/Versions/A/CoreGraphics
0x0000000001e02000 	/System/Library/Frameworks/CoreImage.framework/Versions/A/CoreImage
0x0000000001e02000 	/System/Library/Frameworks/CoreText.framework/Versions/A/CoreText
0x0000000001e02000 	/System/Library/Frameworks/ImageIO.framework/Versions/A/ImageIO
0x0000000001e02000 	/System/Library/PrivateFrameworks/Backup.framework/Versions/A/Backup
0x0000000001e02000 	/usr/lib/libextension.dylib
0x0000000001e02000 	/usr/lib/libarchive.2.dylib
0x0000000001e02000 	/System/Library/Frameworks/CFNetwork.framework/Versions/A/CFNetwork
0x0000000001e02000 	/System/Library/Frameworks/SystemConfiguration.framework/Versions/A/SystemConfiguration
0x0000000001e02000 	/usr/lib/libCRFSuite.dylib
0x0000000001e02000 	/usr/lib/libc++.1.dylib
0x0000000001e02000 	/usr/lib/libc++abi.dylib
0x0000000001e02000 	/usr/lib/system/libcache.dylib
0x0000000001e02000 	/usr/lib/system/libcommonCrypto.dylib
0x0000000001e02000 	/usr/lib/system/libcompiler_rt.dylib
0x0000000001e02000 	/usr/lib/system/libcopyfile.dylib
0x0000000001e02000 	/usr/lib/system/libcorecrypto.dylib
0x0000000001e02000 	/usr/lib/system/libdispatch.dylib
0x0000000001e02000 	/usr/lib/system/libdyld.dylib
0x0000000001e02000 	/usr/lib/system/libkeymgr.dylib
0x0000000001e02000 	/usr/lib/system/liblaunch.dylib
0x0000000001e02000 	/usr/lib/system/libmacho.dylib
0x0000000001e02000 	/usr/lib/system/libquarantine.dylib
0x0000000001e02000 	/usr/lib/system/libremovefile.dylib
0x0000000001e02000 	/usr/lib/system/libsystem_asl.dylib
0x0000000001e02000 	/usr/lib/system/libsystem_blocks.dylib
0x0000000001e02000 	/usr/lib/system/libsystem_c.dylib
0x0000000001e02000 	/usr/lib/system/libsystem_configuration.dylib
0x0000000001e02000 	/usr/lib/system/libsystem_coreservices.dylib
0x0000000001e02000 	/usr/lib/system/libsystem_coretls.dylib
0x0000000001e02000 	/usr/lib/system/libsystem_dnssd.dylib
0x0000000001e02000 	/usr/lib/system/libsystem_info.dylib
0x0000000001e02000 	/usr/lib/system/libsystem_kernel.dylib
0x0000000001e02000 	/usr/lib/system/libsystem_m.dylib
0x0000000001e02000 	/usr/lib/system/libsystem_malloc.dylib
0x0000000001e02000 	/usr/lib/system/libsystem_network.dylib
0x0000000001e02000 	/usr/lib/system/libsystem_networkextension.dylib
0x0000000001e02000 	/usr/lib/system/libsystem_notify.dylib
0x0000000001e02000 	/usr/lib/system/libsystem_platform.dylib
0x0000000001e02000 	/usr/lib/system/libsystem_pthread.dylib
0x0000000001e02000 	/usr/lib/system/libsystem_sandbox.dylib
0x0000000001e02000 	/usr/lib/system/libsystem_secinit.dylib
0x0000000001e02000 	/usr/lib/system/libsystem_trace.dylib
0x0000000001e02000 	/usr/lib/system/libunc.dylib
0x0000000001e02000 	/usr/lib/system/libunwind.dylib
0x0000000001e02000 	/usr/lib/system/libxpc.dylib
0x0000000001e02000 	/usr/lib/libenergytrace.dylib
0x0000000001e02000 	/usr/lib/libbsm.0.dylib
0x0000000001e02000 	/usr/lib/system/libkxld.dylib
0x0000000001e02000 	/usr/lib/libxar.1.dylib
0x0000000001e02000 	/usr/lib/libsqlite3.dylib
0x0000000001e02000 	/usr/lib/libpam.2.dylib
0x0000000001e02000 	/usr/lib/libOpenScriptingUtil.dylib
0x0000000001e02000 	/usr/lib/libbz2.1.0.dylib
0x0000000001e02000 	/usr/lib/liblzma.5.dylib
0x0000000001e02000 	/System/Library/Frameworks/CoreServices.framework/Versions/A/Frameworks/FSEvents.framework/Versions/A/FSEvents
0x0000000001e02000 	/System/Library/Frameworks/CoreServices.framework/Versions/A/Frameworks/CarbonCore.framework/Versions/A/CarbonCore
0x0000000001e02000 	/System/Library/Frameworks/CoreServices.framework/Versions/A/Frameworks/Metadata.framework/Versions/A/Metadata
0x0000000001e02000 	/System/Library/Frameworks/CoreServices.framework/Versions/A/Frameworks/OSServices.framework/Versions/A/OSServices
0x0000000001e02000 	/System/Library/Frameworks/CoreServices.framework/Versions/A/Frameworks/SearchKit.framework/Versions/A/SearchKit
0x0000000001e02000 	/System/Library/Frameworks/CoreServices.framework/Versions/A/Frameworks/AE.framework/Versions/A/AE
0x0000000001e02000 	/System/Library/Frameworks/CoreServices.framework/Versions/A/Frameworks/LaunchServices.framework/Versions/A/LaunchServices
0x0000000001e02000 	/System/Library/Frameworks/CoreServices.framework/Versions/A/Frameworks/DictionaryServices.framework/Versions/A/DictionaryServices
0x0000000001e02000 	/System/Library/Frameworks/CoreServices.framework/Versions/A/Frameworks/SharedFileList.framework/Versions/A/SharedFileList
0x0000000001e02000 	/System/Library/Frameworks/NetFS.framework/Versions/A/NetFS
0x0000000001e02000 	/System/Library/PrivateFrameworks/NetAuth.framework/Versions/A/NetAuth
0x0000000001e02000 	/System/Library/PrivateFrameworks/login.framework/Versions/A/Frameworks/loginsupport.framework/Versions/A/loginsupport
0x0000000001e02000 	/System/Library/PrivateFrameworks/TCC.framework/Versions/A/TCC
0x0000000001e02000 	/usr/lib/libmecabra.dylib
0x0000000001e02000 	/System/Library/Frameworks/ApplicationServices.framework/Versions/A/Frameworks/ATS.framework/Versions/A/ATS
0x0000000001e02000 	/System/Library/Frameworks/ApplicationServices.framework/Versions/A/Frameworks/ColorSync.framework/Versions/A/ColorSync
0x0000000001e02000 	/System/Library/Frameworks/ApplicationServices.framework/Versions/A/Frameworks/HIServices.framework/Versions/A/HIServices
0x0000000001e02000 	/System/Library/Frameworks/ApplicationServices.framework/Versions/A/Frameworks/LangAnalysis.framework/Versions/A/LangAnalysis
0x0000000001e02000 	/System/Library/Frameworks/ApplicationServices.framework/Versions/A/Frameworks/PrintCore.framework/Versions/A/PrintCore
0x0000000001e02000 	/System/Library/Frameworks/ApplicationServices.framework/Versions/A/Frameworks/QD.framework/Versions/A/QD
0x0000000001e02000 	/System/Library/Frameworks/ApplicationServices.framework/Versions/A/Frameworks/SpeechSynthesis.framework/Versions/A/SpeechSynthesis
0x0000000001e02000 	/System/Library/Frameworks/Metal.framework/Versions/A/Metal
0x0000000001e02000 	/System/Library/Frameworks/Accelerate.framework/Versions/A/Frameworks/vImage.framework/Versions/A/vImage
0x0000000001e02000 	/System/Library/Frameworks/Accelerate.framework/Versions/A/Frameworks/vecLib.framework/Versions/A/vecLib
0x0000000001e02000 	/System/Library/Frameworks/Accelerate.framework/Versions/A/Frameworks/vecLib.framework/Versions/A/libvDSP.dylib
0x0000000001e02000 	/System/Library/Frameworks/Accelerate.framework/Versions/A/Frameworks/vecLib.framework/Versions/A/libvMisc.dylib
0x0000000001e02000 	/System/Library/Frameworks/Accelerate.framework/Versions/A/Frameworks/vecLib.framework/Versions/A/libLAPACK.dylib
0x0000000001e02000 	/System/Library/Frameworks/Accelerate.framework/Versions/A/Frameworks/vecLib.framework/Versions/A/libBLAS.dylib
0x0000000001e02000 	/System/Library/Frameworks/Accelerate.framework/Versions/A/Frameworks/vecLib.framework/Versions/A/libLinearAlgebra.dylib
0x0000000001e02000 	/System/Library/Frameworks/Accelerate.framework/Versions/A/Frameworks/vecLib.framework/Versions/A/libSparseBLAS.dylib
0x0000000001e02000 	/System/Library/PrivateFrameworks/GPUCompiler.framework/libmetal_timestamp.dylib
0x0000000001e02000 	/System/Library/Frameworks/OpenGL.framework/Versions/A/Libraries/libCoreFSCache.dylib
0x0000000001e02000 	/System/Library/PrivateFrameworks/IOAccelerator.framework/Versions/A/IOAccelerator
0x0000000001e02000 	/System/Library/Frameworks/ApplicationServices.framework/Versions/A/Frameworks/ATS.framework/Versions/A/Resources/libFontParser.dylib
0x0000000001e02000 	/System/Library/Frameworks/ApplicationServices.framework/Versions/A/Frameworks/ATS.framework/Versions/A/Resources/libFontRegistry.dylib
0x0000000001e02000 	/System/Library/PrivateFrameworks/AppleVPA.framework/Versions/A/AppleVPA
0x0000000001e02000 	/System/Library/PrivateFrameworks/AppleJPEG.framework/Versions/A/AppleJPEG
0x0000000001e02000 	/System/Library/Frameworks/ImageIO.framework/Versions/A/Resources/libJPEG.dylib
0x0000000001e02000 	/System/Library/Frameworks/ImageIO.framework/Versions/A/Resources/libTIFF.dylib
0x0000000001e02000 	/System/Library/Frameworks/ImageIO.framework/Versions/A/Resources/libPng.dylib
0x0000000001e02000 	/System/Library/Frameworks/ImageIO.framework/Versions/A/Resources/libGIF.dylib
0x0000000001e02000 	/System/Library/Frameworks/ImageIO.framework/Versions/A/Resources/libJP2.dylib
0x0000000001e02000 	/System/Library/Frameworks/ImageIO.framework/Versions/A/Resources/libRadiance.dylib
0x0000000001e02000 	/System/Library/Frameworks/CoreVideo.framework/Versions/A/CoreVideo
0x0000000001e02000 	/System/Library/Frameworks/OpenGL.framework/Versions/A/Libraries/libGLU.dylib
0x0000000001e02000 	/System/Library/Frameworks/OpenGL.framework/Versions/A/Libraries/libGFXShared.dylib
0x0000000001e02000 	/System/Library/Frameworks/OpenGL.framework/Versions/A/Libraries/libGL.dylib
0x0000000001e02000 	/System/Library/Frameworks/OpenGL.framework/Versions/A/Libraries/libGLImage.dylib
0x0000000001e02000 	/System/Library/Frameworks/OpenGL.framework/Versions/A/Libraries/libCVMSPluginSupport.dylib
0x0000000001e02000 	/System/Library/Frameworks/OpenGL.framework/Versions/A/Libraries/libCoreVMClient.dylib
0x0000000001e02000 	/usr/lib/libcompression.dylib
0x0000000001e02000 	/usr/lib/libcups.2.dylib
0x0000000001e02000 	/System/Library/Frameworks/Kerberos.framework/Versions/A/Kerberos
0x0000000001e02000 	/System/Library/Frameworks/GSS.framework/Versions/A/GSS
0x0000000001e02000 	/usr/lib/libresolv.9.dylib
0x0000000001e02000 	/usr/lib/libiconv.2.dylib
0x0000000001e02000 	/System/Library/PrivateFrameworks/Heimdal.framework/Versions/A/Heimdal
0x0000000001e02000 	/usr/lib/libheimdal-asn1.dylib
0x0000000001e02000 	/System/Library/Frameworks/OpenDirectory.framework/Versions/A/OpenDirectory
0x0000000001e02000 	/System/Library/PrivateFrameworks/CommonAuth.framework/Versions/A/CommonAuth
0x0000000001e02000 	/System/Library/Frameworks/OpenDirectory.framework/Versions/A/Frameworks/CFOpenDirectory.framework/Versions/A/CFOpenDirectory
0x0000000001e02000 	/System/Library/Frameworks/SecurityFoundation.framework/Versions/A/SecurityFoundation
0x0000000001e02000 	/System/Library/PrivateFrameworks/LanguageModeling.framework/Versions/A/LanguageModeling
0x0000000001e02000 	/usr/lib/libmarisa.dylib
0x0000000001e02000 	/usr/lib/libChineseTokenizer.dylib
0x0000000001e02000 	/usr/lib/libcmph.dylib
0x0000000001e02000 	/System/Library/Frameworks/ServiceManagement.framework/Versions/A/ServiceManagement
0x0000000001e02000 	/usr/lib/libxslt.1.dylib
0x0000000001e02000 	/System/Library/Frameworks/Carbon.framework/Versions/A/Frameworks/Ink.framework/Versions/A/Ink
0x0000000001e02000 	/usr/lib/libFosl_dynamic.dylib
0x0000000001e02000 	/System/Library/PrivateFrameworks/FaceCore.framework/Versions/A/FaceCore
0x0000000001e02000 	/System/Library/Frameworks/OpenCL.framework/Versions/A/OpenCL
0x0000000001e02000 	/System/Library/PrivateFrameworks/CrashReporterSupport.framework/Versions/A/CrashReporterSupport
0x0000000001e02000 	/System/Library/PrivateFrameworks/IconServices.framework/Versions/A/IconServices
0x0000000001e02000 	/System/Library/PrivateFrameworks/Apple80211.framework/Versions/A/Apple80211
0x0000000001e02000 	/System/Library/Frameworks/CoreWLAN.framework/Versions/A/CoreWLAN
0x0000000001e02000 	/System/Library/Frameworks/IOBluetooth.framework/Versions/A/IOBluetooth
0x0000000001e02000 	/System/Library/PrivateFrameworks/CoreWiFi.framework/Versions/A/CoreWiFi
0x0000000001e02000 	/System/Library/Frameworks/CoreBluetooth.framework/Versions/A/CoreBluetooth
0x0000000001e02000 	/System/Library/PrivateFrameworks/ChunkingLibrary.framework/Versions/A/ChunkingLibrary
0x0000000001e02000 	/System/Library/PrivateFrameworks/DebugSymbols.framework/Versions/A/DebugSymbols
0x0000000001e02000 	/System/Library/PrivateFrameworks/CoreSymbolication.framework/Versions/A/CoreSymbolication
0x0000000001e02000 	/System/Library/PrivateFrameworks/Symbolication.framework/Versions/A/Symbolication
0x0000000001e02000 	/System/Library/PrivateFrameworks/SpeechRecognitionCore.framework/Versions/A/SpeechRecognitionCore
0x000000010275b000 	/Library/Java/JavaVirtualMachines/jdk1.8.0_101.jdk/Contents/Home/jre/lib/server/libjvm.dylib
0x0000000001e02000 	/usr/lib/libstdc++.6.dylib
0x00000001036f8000 	/Library/Java/JavaVirtualMachines/jdk1.8.0_101.jdk/Contents/Home/jre/lib/libverify.dylib
0x0000000103706000 	/Library/Java/JavaVirtualMachines/jdk1.8.0_101.jdk/Contents/Home/jre/lib/libjava.dylib
0x0000000103749000 	/Library/Java/JavaVirtualMachines/jdk1.8.0_101.jdk/Contents/Home/jre/lib/libzip.dylib
0x00000001198b8000 	/System/Library/Frameworks/JavaVM.framework/Frameworks/JavaRuntimeSupport.framework/JavaRuntimeSupport
0x00000001198d3000 	/System/Library/Frameworks/JavaVM.framework/Versions/A/Frameworks/JavaNativeFoundation.framework/Versions/A/JavaNativeFoundation
0x00000001198e8000 	/System/Library/Frameworks/JavaVM.framework/Versions/A/JavaVM
0x0000000001e02000 	/System/Library/Frameworks/Carbon.framework/Versions/A/Carbon
0x00000001198f5000 	/System/Library/PrivateFrameworks/JavaLaunching.framework/Versions/A/JavaLaunching
0x0000000001e02000 	/System/Library/Frameworks/Carbon.framework/Versions/A/Frameworks/CommonPanels.framework/Versions/A/CommonPanels
0x0000000001e02000 	/System/Library/Frameworks/Carbon.framework/Versions/A/Frameworks/Help.framework/Versions/A/Help
0x0000000001e02000 	/System/Library/Frameworks/Carbon.framework/Versions/A/Frameworks/ImageCapture.framework/Versions/A/ImageCapture
0x0000000001e02000 	/System/Library/Frameworks/Carbon.framework/Versions/A/Frameworks/OpenScripting.framework/Versions/A/OpenScripting
0x0000000001e02000 	/System/Library/Frameworks/Carbon.framework/Versions/A/Frameworks/Print.framework/Versions/A/Print
0x0000000001e02000 	/System/Library/Frameworks/Carbon.framework/Versions/A/Frameworks/SecurityHI.framework/Versions/A/SecurityHI
0x000000011b34a000 	/Applications/IntelliJ IDEA CE.app/Contents/bin/libbreakgen64.jnilib
0x000000011b34d000 	/Library/Java/JavaVirtualMachines/jdk1.8.0_101.jdk/Contents/Home/jre/lib/libnet.dylib
0x000000011b3b0000 	/private/var/folders/hx/chl3wz1s6d9g8dgpv9pfrkzw0000gn/T/sqlite-3.8.11.2-2fe1536d-9f90-4199-bd94-fdea0dc7c092-libsqlitejdbc.jnilib
0x000000011b4b4000 	/Library/Java/JavaVirtualMachines/jdk1.8.0_101.jdk/Contents/Home/jre/lib/libawt.dylib
0x000000011b55c000 	/Library/Java/JavaVirtualMachines/jdk1.8.0_101.jdk/Contents/Home/jre/lib/./libmlib_image.dylib
0x000000011b628000 	/Library/Java/JavaVirtualMachines/jdk1.8.0_101.jdk/Contents/Home/jre/lib/libawt_lwawt.dylib
0x000000011b6dd000 	/Library/Java/JavaVirtualMachines/jdk1.8.0_101.jdk/Contents/Home/jre/lib/./libosxapp.dylib
0x0000000001e02000 	/System/Library/Frameworks/ExceptionHandling.framework/Versions/A/ExceptionHandling
0x0000000001e02000 	/System/Library/PrivateFrameworks/CoreServicesInternal.framework/Versions/A/CoreServicesInternal
0x0000000001e02000 	/System/Library/Frameworks/CoreGraphics.framework/Versions/A/Resources/libRIP.A.dylib
0x0000000001e02000 	/System/Library/Frameworks/Accelerate.framework/Versions/A/Frameworks/vImage.framework/Versions/A/Libraries/libCGInterfaces.dylib
0x0000000001e02000 	/System/Library/Frameworks/CoreGraphics.framework/Versions/A/Resources/libCGXType.A.dylib
0x0000000001e02000 	/System/Library/Frameworks/OpenCL.framework/Versions/A/Libraries/libcldcpuengine.dylib
0x0000000001e02000 	/System/Library/PrivateFrameworks/DiskImages.framework/Versions/A/DiskImages
0x0000000001e02000 	/System/Library/Frameworks/DiscRecording.framework/Versions/A/DiscRecording
0x0000000001e02000 	/usr/lib/libcsfde.dylib
0x0000000001e02000 	/usr/lib/libcurl.4.dylib
0x0000000001e02000 	/System/Library/PrivateFrameworks/MediaKit.framework/Versions/A/MediaKit
0x0000000001e02000 	/System/Library/PrivateFrameworks/ProtectedCloudStorage.framework/Versions/A/ProtectedCloudStorage
0x0000000001e02000 	/usr/lib/libCoreStorage.dylib
0x0000000001e02000 	/System/Library/PrivateFrameworks/EFILogin.framework/Versions/A/EFILogin
0x0000000001e02000 	/usr/lib/libutil.dylib
0x0000000001e02000 	/System/Library/PrivateFrameworks/FindMyDevice.framework/Versions/A/FindMyDevice
0x0000000001e02000 	/System/Library/Frameworks/LDAP.framework/Versions/A/LDAP
0x0000000001e02000 	/usr/lib/libsasl2.2.dylib
0x0000000001e02000 	/System/Library/PrivateFrameworks/CoreDaemon.framework/Versions/B/CoreDaemon
0x0000000001e02000 	/usr/lib/libcrypto.0.9.8.dylib
0x0000000001e02000 	/System/Library/PrivateFrameworks/AppleSRP.framework/Versions/A/AppleSRP
0x0000000001e02000 	/System/Library/PrivateFrameworks/TrustEvaluationAgent.framework/Versions/A/TrustEvaluationAgent
0x000000011cebb000 	cl_kernels
0x0000000001e02000 	/System/Library/Frameworks/OpenCL.framework/Versions/A/Libraries/ImageFormats/unorm8_bgra.dylib
0x0000000001e02000 	/System/Library/Frameworks/OpenCL.framework/Versions/A/Libraries/ImageFormats/unorm8_rgba.dylib
0x0000000001e02000 	/System/Library/PrivateFrameworks/FamilyControls.framework/Versions/A/FamilyControls
0x0000000001e02000 	/System/Library/PrivateFrameworks/CommerceKit.framework/Versions/A/Frameworks/CommerceCore.framework/Versions/A/CommerceCore
0x0000000001e02000 	/System/Library/PrivateFrameworks/SystemAdministration.framework/Versions/A/SystemAdministration
0x0000000001e02000 	/System/Library/PrivateFrameworks/AppContainer.framework/Versions/A/AppContainer
0x0000000001e02000 	/System/Library/PrivateFrameworks/SecCodeWrapper.framework/Versions/A/SecCodeWrapper
0x0000000001e02000 	/System/Library/Frameworks/DirectoryService.framework/Versions/A/DirectoryService
0x0000000001e02000 	/System/Library/PrivateFrameworks/LoginUIKit.framework/Versions/A/Frameworks/LoginUICore.framework/Versions/A/LoginUICore
0x0000000001e02000 	/usr/lib/libodfde.dylib
0x000000011ded8000 	/Library/Java/JavaVirtualMachines/jdk1.8.0_101.jdk/Contents/Home/jre/lib/libfontmanager.dylib
0x000000011c393000 	/Library/Java/JavaVirtualMachines/jdk1.8.0_101.jdk/Contents/Home/jre/lib/libosxui.dylib
0x0000000001e02000 	/System/Library/Frameworks/OpenGL.framework/Versions/A/Resources/GLEngine.bundle/GLEngine
0x0000000001e02000 	/System/Library/Frameworks/OpenGL.framework/Versions/A/Libraries/libGLProgrammability.dylib
0x000000011e97d000 	/System/Library/Extensions/AppleIntelBDWGraphicsGLDriver.bundle/Contents/MacOS/AppleIntelBDWGraphicsGLDriver
0x0000000001e02000 	/System/Library/PrivateFrameworks/GPUSupport.framework/Versions/A/Libraries/libGPUSupportMercury.dylib
0x0000000001e02000 	/System/Library/Frameworks/OpenGL.framework/Versions/A/Resources/GLRendererFloat.bundle/GLRendererFloat
0x000000011fc43000 	/private/var/folders/hx/chl3wz1s6d9g8dgpv9pfrkzw0000gn/T/bluecove_maximerichard_0/libbluecove.jnilib
0x000000011cac6000 	/Library/Java/JavaVirtualMachines/jdk1.8.0_101.jdk/Contents/Home/jre/lib/libnio.dylib
0x0000000001e02000 	/System/Library/Frameworks/ApplicationServices.framework/Versions/A/Frameworks/ATS.framework/Versions/A/Resources/libTrueTypeScaler.dylib
0x0000000172ca5000 	/System/Library/Extensions/AppleIntelBDWGraphicsMTLDriver.bundle/Contents/MacOS/AppleIntelBDWGraphicsMTLDriver
0x0000000001e02000 	/System/Library/CoreServices/RawCamera.bundle/Contents/MacOS/RawCamera
0x0000000173542000 	/Library/Java/JavaVirtualMachines/jdk1.8.0_101.jdk/Contents/Home/jre/lib/libjpeg.dylib
0x000000017356f000 	/Library/Java/JavaVirtualMachines/jdk1.8.0_101.jdk/Contents/Home/jre/lib/liblcms.dylib

VM Arguments:
jvm_args: -Didea.launcher.port=7534 -Didea.launcher.bin.path=/Applications/IntelliJ IDEA CE.app/Contents/bin -Dfile.encoding=UTF-8 
java_command: com.intellij.rt.execution.application.AppMain com.sciquizapp.sciquizserver.MyServer
java_class_path (initial): /Library/Java/JavaVirtualMachines/jdk1.8.0_101.jdk/Contents/Home/jre/lib/charsets.jar:/Library/Java/JavaVirtualMachines/jdk1.8.0_101.jdk/Contents/Home/jre/lib/deploy.jar:/Library/Java/JavaVirtualMachines/jdk1.8.0_101.jdk/Contents/Home/jre/lib/ext/cldrdata.jar:/Library/Java/JavaVirtualMachines/jdk1.8.0_101.jdk/Contents/Home/jre/lib/ext/dnsns.jar:/Library/Java/JavaVirtualMachines/jdk1.8.0_101.jdk/Contents/Home/jre/lib/ext/jaccess.jar:/Library/Java/JavaVirtualMachines/jdk1.8.0_101.jdk/Contents/Home/jre/lib/ext/jfxrt.jar:/Library/Java/JavaVirtualMachines/jdk1.8.0_101.jdk/Contents/Home/jre/lib/ext/localedata.jar:/Library/Java/JavaVirtualMachines/jdk1.8.0_101.jdk/Contents/Home/jre/lib/ext/nashorn.jar:/Library/Java/JavaVirtualMachines/jdk1.8.0_101.jdk/Contents/Home/jre/lib/ext/sunec.jar:/Library/Java/JavaVirtualMachines/jdk1.8.0_101.jdk/Contents/Home/jre/lib/ext/sunjce_provider.jar:/Library/Java/JavaVirtualMachines/jdk1.8.0_101.jdk/Contents/Home/jre/lib/ext/sunpkcs11.jar:/Library/Java/JavaVirtualMachines/jdk1.8.0_101.jdk/Contents/Home/jre/lib/ext/zipfs.jar:/Library/Java/JavaVirtualMachines/jdk1.8.0_101.jdk/Contents/Home/jre/lib/javaws.jar:/Library/Java/JavaVirtualMachines/jdk1.8.0_101.jdk/Contents/Home/jre/lib/jce.jar:/Library/Java/JavaVirtualMachines/jdk1.8.0_101.jdk/Contents/Home/jre/lib/jfr.jar:/Library/Java/JavaVirtualMachines/jdk1.8.0_101.jdk/Contents/Home/jre/lib/jfxswt.jar:/Library/Java/JavaVirtualMachines/jdk1.8.0_101.jdk/Contents/Home/jre/lib/jsse.jar:/Library/Java/JavaVirtualMachines/jdk1.8.0_101.jdk/Contents/Home/jre/lib/management-agent.jar:/Library/Java/JavaVirtualMachines/jdk1.8.0_101.jdk/Contents/Home/jre/lib/plugin.jar:/Library/Java/JavaVirtualMachines/jdk1.8.0_101.jdk/Contents/Home/jre/lib/resources.jar:/Library/Java/JavaVirtualMachines/jdk1.8.0_101.jdk/Contents/Home/jre/lib/rt.jar:/Library/Java/JavaVirtualMachines/jdk1.8.0_101.jdk/Contents/Home/lib/ant-javafx.jar:/Library/Java/JavaVirtualMachines/jdk1.8.0_101.jdk/Contents/Home
Launcher Type: SUN_STANDARD

Environment Variables:
PATH=/usr/local/bin:/usr/bin:/bin:/usr/sbin:/sbin
SHELL=/bin/bash

Signal Handlers:
SIGSEGV: [libjvm.dylib+0x5af145], sa_mask[0]=11111111011111110111111111111111, sa_flags=SA_ONSTACK|SA_RESTART|SA_SIGINFO
SIGBUS: [libjvm.dylib+0x5af145], sa_mask[0]=11111111011111110111111111111111, sa_flags=SA_RESTART|SA_SIGINFO
SIGFPE: [libjvm.dylib+0x48694c], sa_mask[0]=11111111011111110111111111111111, sa_flags=SA_RESTART|SA_SIGINFO
SIGPIPE: [libjvm.dylib+0x48694c], sa_mask[0]=11111111011111110111111111111111, sa_flags=SA_RESTART|SA_SIGINFO
SIGXFSZ: [libjvm.dylib+0x48694c], sa_mask[0]=11111111011111110111111111111111, sa_flags=SA_RESTART|SA_SIGINFO
SIGILL: [libjvm.dylib+0x48694c], sa_mask[0]=11111111011111110111111111111111, sa_flags=SA_RESTART|SA_SIGINFO
SIGUSR1: SIG_DFL, sa_mask[0]=00000000000000000000000000000000, sa_flags=none
SIGUSR2: [libjvm.dylib+0x48646a], sa_mask[0]=00100000000000000000000000000000, sa_flags=SA_RESTART|SA_SIGINFO
SIGHUP: [libjvm.dylib+0x484a41], sa_mask[0]=11111111011111110111111111111111, sa_flags=SA_RESTART|SA_SIGINFO
SIGINT: [libjvm.dylib+0x484a41], sa_mask[0]=11111111011111110111111111111111, sa_flags=SA_RESTART|SA_SIGINFO
SIGTERM: [libjvm.dylib+0x484a41], sa_mask[0]=11111111011111110111111111111111, sa_flags=SA_RESTART|SA_SIGINFO
SIGQUIT: [libjvm.dylib+0x484a41], sa_mask[0]=11111111011111110111111111111111, sa_flags=SA_RESTART|SA_SIGINFO


---------------  S Y S T E M  ---------------

OS:Bsduname:Darwin 15.6.0 Darwin Kernel Version 15.6.0: Thu Jun 23 18:25:34 PDT 2016; root:xnu-3248.60.10~1/RELEASE_X86_64 x86_64
rlimit: STACK 8192k, CORE 0k, NPROC 709, NOFILE 10240, AS infinity
load average:2.58 2.42 2.31

CPU:total 4 (2 cores per cpu, 2 threads per core) family 6 model 61 stepping 4, cmov, cx8, fxsr, mmx, sse, sse2, sse3, ssse3, sse4.1, sse4.2, popcnt, avx, avx2, aes, clmul, erms, 3dnowpref, lzcnt, ht, tsc, tscinvbit, bmi1, bmi2, adx

Memory: 4k page, physical 8388608k(613968k free)

/proc/meminfo:


vm_info: Java HotSpot(TM) 64-Bit Server VM (25.101-b13) for bsd-amd64 JRE (1.8.0_101-b13), built on Jun 22 2016 02:42:15 by "java_re" with gcc 4.2.1 (Based on Apple Inc. build 5658) (LLVM build 2336.11.00)

time: Wed Mar  8 10:26:56 2017
elapsed time: 125 seconds (0d 0h 2m 5s)

