#
# A fatal error has been detected by the Java Runtime Environment:
#
#  SIGSEGV (0xb) at pc=0x000000011f1e2e31, pid=5195, tid=0x0000000000000a0b
#
# JRE version: Java(TM) SE Runtime Environment (8.0_101-b13) (build 1.8.0_101-b13)
# Java VM: Java HotSpot(TM) 64-Bit Server VM (25.101-b13 mixed mode bsd-amd64 compressed oops)
# Problematic frame:
# C  [libbluecove.jnilib+0x8e31]  -[RFCOMMChannelDelegate rfcommChannelWriteComplete:refcon:status:]+0x69
#
# Failed to write core dump. Core dumps have been disabled. To enable core dumping, try "ulimit -c unlimited" before starting Java again
#
# If you would like to submit a bug report, please visit:
#   http://bugreport.java.com/bugreport/crash.jsp
#

---------------  T H R E A D  ---------------

Current thread is native thread

siginfo: si_signo: 11 (SIGSEGV), si_code: 1 (SEGV_MAPERR), si_addr: 0x0000700000a3175c

Registers:
RAX=0x00007fb4290ddc00, RBX=0x00007fb428437bc0, RCX=0x0000700000a30c08, RDX=0x00007fb428541330
RSP=0x00007fff599f6a80, RBP=0x00007fff599f6ab0, RSI=0x00007fff8a1d66c4, RDI=0x00007fb4290ddc00
R8 =0x0000000000000000, R9 =0x00007fb428541330, R10=0x00007fb42843b630, R11=0x000000011f1effc0
R12=0x00007fb428541330, R13=0x0000000000000008, R14=0x0000700000a30c08, R15=0x0000000000000000
RIP=0x000000011f1e2e31, EFLAGS=0x0000000000010202, ERR=0x0000000000000006
  TRAPNO=0x000000000000000e

Top of Stack: (sp=0x00007fff599f6a80)
0x00007fff599f6a80:   00007fb428541330 00007fb428541330
0x00007fff599f6a90:   00007fff899e04c0 00007fb42872e460
0x00007fff599f6aa0:   00007fff599f7d60 0000000000000040
0x00007fff599f6ab0:   00007fff599f6b10 00007fff8a16c26f
0x00007fff599f6ac0:   0000000000001d00 00007fff76c8da00
0x00007fff599f6ad0:   00007fff599f6b10 00007fff899e6fd4
0x00007fff599f6ae0:   00007fb428732240 00007fb428541330
0x00007fff599f6af0:   00007fb428732240 00007fb42872e460
0x00007fff599f6b00:   00007fff599f7d60 00007fff899e04c0
0x00007fff599f6b10:   00007fff599f6b40 00007fff8a16bb8c
0x00007fff599f6b20:   0000000000000001 00007fff599f7d60
0x00007fff599f6b30:   00007fb428809080 0000000000000000
0x00007fff599f6b40:   00007fff599f6bc0 00007fff890bea11
0x00007fff599f6b50:   9e66ebf57e8fd7df f5b5b6acfac87a7c
0x00007fff599f6b60:   dbfa854ea7d5f54b d5b3dfdffcf5d58f
0x00007fff599f6b70:   bf6b13af0ec33a45 0000000000000000
0x00007fff599f6b80:   00007fb428541330 0000000000000003
0x00007fff599f6b90:   ffff804bd78d1b9f 00007fb42872e460
0x00007fff599f6ba0:   0000000000008603 00007fff599f7d00
0x00007fff599f6bb0:   00007fb4287322b0 0000000000000000
0x00007fff599f6bc0:   00007fff599f6c10 00007fff94277152
0x00007fff599f6bd0:   0000000000000000 00007fb42872e460
0x00007fff599f6be0:   0000000000000040 00007fff599f7d38
0x00007fff599f6bf0:   00007fb428732340 00007fb428732358
0x00007fff599f6c00:   00007fb428604160 00007fb428604020
0x00007fff599f6c10:   00007fff599f6c30 00007fff94277019
0x00007fff599f6c20:   0000000000000000 00007fff789d5cf3
0x00007fff599f6c30:   00007fff599f7cb0 00007fff94276f89
0x00007fff599f6c40:   3c4dd5f7fee6f4e9 00007fff599f7d60
0x00007fff599f6c50:   0000000000000040 00007fff599f7d38
0x00007fff599f6c60:   af55a76ff59f5b3b 00ffd8bf45df52af
0x00007fff599f6c70:   d9ffafe3adeffdc8 0000000000000000 

Instructions: (pc=0x000000011f1e2e31)
0x000000011f1e2e11:   8b 04 2b 4c 39 a0 b0 00 01 00 74 0f 48 83 c4 08
0x000000011f1e2e21:   5b 41 5c 41 5d 41 5e 41 5f 5d c3 4d 85 f6 74 1c
0x000000011f1e2e31:   45 89 be 54 0b 00 00 45 85 ff 74 08 41 c7 46 20
0x000000011f1e2e41:   01 00 00 00 41 c6 86 40 0b 00 00 01 48 8b 78 38 

Register to memory mapping:

RAX=0x00007fb4290ddc00 is an unknown value
RBX=0x00007fb428437bc0 is an unknown value
RCX=0x0000700000a30c08 is an unknown value
RDX=0x00007fb428541330 is an unknown value
RSP=0x00007fff599f6a80 is an unknown value
RBP=0x00007fff599f6ab0 is an unknown value
RSI=0x00007fff8a1d66c4: kBasic_Imaging_Image_Pull_Profile_UUID_Size+0x4044 in /System/Library/Frameworks/IOBluetooth.framework/Versions/A/IOBluetooth at 0x00007fff8a155000
RDI=0x00007fb4290ddc00 is an unknown value
R8 =0x0000000000000000 is an unknown value
R9 =0x00007fb428541330 is an unknown value
R10=0x00007fb42843b630 is an unknown value
R11=0x000000011f1effc0: OBJC_CLASS_$_RFCOMMChannelDelegate+0 in /private/var/folders/hx/chl3wz1s6d9g8dgpv9pfrkzw0000gn/T/bluecove_maximerichard_0/libbluecove.jnilib at 0x000000011f1da000
R12=0x00007fb428541330 is an unknown value
R13=0x0000000000000008 is an unknown value
R14=0x0000700000a30c08 is an unknown value
R15=0x0000000000000000 is an unknown value


Stack: [0x00007fff591fb000,0x00007fff599fb000],  sp=0x00007fff599f6a80,  free space=8174k
Native frames: (J=compiled Java code, j=interpreted, Vv=VM code, C=native code)
C  [libbluecove.jnilib+0x8e31]  -[RFCOMMChannelDelegate rfcommChannelWriteComplete:refcon:status:]+0x69
C  [IOBluetooth+0x1726f]  -[IOBluetoothRFCOMMChannel(IOBluetoothRFCOMMChannelPrivate) processIncomingData:]+0x34d
C  [IOBluetooth+0x16b8c]  -[IOBluetoothRFCOMMChannel(IOBluetoothRFCOMMChannelPrivate) handleMachMessage:]+0x31
C  [Foundation+0xa1a11]  __NSFireMachPort+0x5e
C  [CoreFoundation+0x92152]  __CFMachPortPerform+0x122
C  [CoreFoundation+0x92019]  __CFRUNLOOP_IS_CALLING_OUT_TO_A_SOURCE1_PERFORM_FUNCTION__+0x29
C  [CoreFoundation+0x91f89]  __CFRunLoopDoSource1+0x1d9
C  [CoreFoundation+0x899bb]  __CFRunLoopRun+0x87b
C  [CoreFoundation+0x88ed8]  CFRunLoopRunSpecific+0x128
C  [java+0x6465]  CreateExecutionEnvironment+0x367
C  [java+0x218c]  JLI_Launch+0x7a0
C  [java+0x84c2]  main+0x65
C  [java+0x19e4]  start+0x34


---------------  P R O C E S S  ---------------

VM state:not at safepoint (normal execution)

VM Mutex/Monitor currently owned by a thread: None

Heap:
 PSYoungGen      total 38400K, used 9368K [0x0000000795580000, 0x0000000798000000, 0x00000007c0000000)
  eden space 33280K, 28% used [0x0000000795580000,0x0000000795ea6190,0x0000000797600000)
  from space 5120K, 0% used [0x0000000797b00000,0x0000000797b00000,0x0000000798000000)
  to   space 5120K, 0% used [0x0000000797600000,0x0000000797600000,0x0000000797b00000)
 ParOldGen       total 87552K, used 0K [0x0000000740000000, 0x0000000745580000, 0x0000000795580000)
  object space 87552K, 0% used [0x0000000740000000,0x0000000740000000,0x0000000745580000)
 Metaspace       used 5931K, capacity 6000K, committed 6144K, reserved 1056768K
  class space    used 642K, capacity 656K, committed 768K, reserved 1048576K

Card table byte_map: [0x00000001171c0000,0x00000001175c1000] byte_map_base: 0x00000001137c0000

Marking Bits: (ParMarkBitMap*) 0x0000000106d6ed20
 Begin Bits: [0x000000011786c000, 0x000000011986c000)
 End Bits:   [0x000000011986c000, 0x000000011b86c000)

Polling page: 0x0000000107465000

CodeCache: size=245760Kb used=1825Kb max_used=1825Kb free=243934Kb
 bounds [0x0000000107e00000, 0x0000000108070000, 0x0000000116e00000]
 total_blobs=633 nmethods=312 adapters=235
 compilation: enabled

Compilation events (10 events):
Event: 19.767 Thread 0x00007fb428815000  305       3       java.util.regex.ASCII::isDigit (18 bytes)
Event: 19.768 Thread 0x00007fb428815000 nmethod 305 0x0000000107fc0810 code [0x0000000107fc0980, 0x0000000107fc0b30]
Event: 19.768 Thread 0x00007fb428815000  308       3       java.util.regex.Pattern::range (279 bytes)
Event: 19.773 Thread 0x00007fb428815000 nmethod 308 0x0000000107fc3290 code [0x0000000107fc3720, 0x0000000107fc5db8]
Event: 19.773 Thread 0x00007fb428815000  309       3       java.util.regex.Pattern::bitsOrSingle (104 bytes)
Event: 19.773 Thread 0x00007fb428815000 nmethod 309 0x0000000107fc7450 code [0x0000000107fc7600, 0x0000000107fc7d58]
Event: 19.773 Thread 0x00007fb428815000  310       3       java.util.regex.Pattern$BitClass::add (97 bytes)
Event: 19.774 Thread 0x00007fb428815000 nmethod 310 0x0000000107fc7e90 code [0x0000000107fc80a0, 0x0000000107fc8a18]
Event: 21.369 Thread 0x00007fb428815000  311       3       java.lang.Thread::interrupted (8 bytes)
Event: 21.369 Thread 0x00007fb428815000 nmethod 311 0x0000000107fc00d0 code [0x0000000107fc0240, 0x0000000107fc03c8]

GC Heap History (0 events):
No events

Deoptimization events (2 events):
Event: 0.438 Thread 0x00007fb42a000000 Uncommon trap: reason=unstable_if action=reinterpret pc=0x0000000107f7be68 method=org.sqlite.SQLiteJDBCLoader.contentsEquals(Ljava/io/InputStream;Ljava/io/InputStream;)Z @ 39
Event: 19.760 Thread 0x00007fb42a000000 Uncommon trap: reason=unstable_if action=reinterpret pc=0x0000000107f3bfe4 method=sun.nio.cs.UTF_8$Encoder.encode([CII[B)I @ 33

Internal exceptions (8 events):
Event: 0.047 Thread 0x00007fb42a000000 Exception <a 'java/lang/NoSuchMethodError': Method sun.misc.Unsafe.defineClass(Ljava/lang/String;[BII)Ljava/lang/Class; name or signature does not match> (0x0000000795587cc0) thrown at [/HUDSON3/workspace/8-2-build-macosx-x86_64/jdk8u101/7261/hotspot/src/
Event: 0.047 Thread 0x00007fb42a000000 Exception <a 'java/lang/NoSuchMethodError': Method sun.misc.Unsafe.prefetchRead(Ljava/lang/Object;J)V name or signature does not match> (0x0000000795587fa8) thrown at [/HUDSON3/workspace/8-2-build-macosx-x86_64/jdk8u101/7261/hotspot/src/share/vm/prims/jni
Event: 0.184 Thread 0x00007fb42a000000 Exception <a 'java/security/PrivilegedActionException'> (0x0000000795725170) thrown at [/HUDSON3/workspace/8-2-build-macosx-x86_64/jdk8u101/7261/hotspot/src/share/vm/prims/jvm.cpp, line 1386]
Event: 0.184 Thread 0x00007fb42a000000 Exception <a 'java/security/PrivilegedActionException'> (0x0000000795725568) thrown at [/HUDSON3/workspace/8-2-build-macosx-x86_64/jdk8u101/7261/hotspot/src/share/vm/prims/jvm.cpp, line 1386]
Event: 0.185 Thread 0x00007fb42a000000 Exception <a 'java/security/PrivilegedActionException'> (0x0000000795728a58) thrown at [/HUDSON3/workspace/8-2-build-macosx-x86_64/jdk8u101/7261/hotspot/src/share/vm/prims/jvm.cpp, line 1386]
Event: 0.185 Thread 0x00007fb42a000000 Exception <a 'java/security/PrivilegedActionException'> (0x0000000795728e50) thrown at [/HUDSON3/workspace/8-2-build-macosx-x86_64/jdk8u101/7261/hotspot/src/share/vm/prims/jvm.cpp, line 1386]
Event: 0.562 Thread 0x00007fb42a000000 Exception <a 'java/lang/NoClassDefFoundError': org/apache/log4j/Category> (0x0000000795bb4950) thrown at [/HUDSON3/workspace/8-2-build-macosx-x86_64/jdk8u101/7261/hotspot/src/share/vm/classfile/systemDictionary.cpp, line 199]
Event: 0.578 Thread 0x00007fb42a000000 Exception <a 'java/lang/UnsatisfiedLinkError': com.intel.bluetooth.BluetoothStackOSX.isNativeCodeLoaded()Z> (0x0000000795c08650) thrown at [/HUDSON3/workspace/8-2-build-macosx-x86_64/jdk8u101/7261/hotspot/src/share/vm/prims/nativeLookup.cpp, line 378]

Events (10 events):
Event: 19.760 Thread 0x00007fb42a000000 DEOPT PACKING pc=0x0000000107f3bfe4 sp=0x0000700000218d60
Event: 19.760 Thread 0x00007fb42a000000 DEOPT UNPACKING pc=0x0000000107e05229 sp=0x0000700000218d18 mode 2
Event: 19.762 Thread 0x00007fb429872800 Thread added: 0x00007fb429872800
Event: 19.762 loading class com/intel/bluetooth/BluetoothConnectionParams
Event: 19.762 loading class com/intel/bluetooth/BluetoothConnectionParams done
Event: 19.764 loading class com/intel/bluetooth/BluetoothRFCommClientConnection
Event: 19.764 loading class com/intel/bluetooth/BluetoothRFCommClientConnection done
Event: 21.510 Executing VM operation: RevokeBias
Event: 21.510 Executing VM operation: RevokeBias done
Event: 21.510 Thread 0x00007fb429872800 Thread exited: 0x00007fb429872800


Dynamic libraries:
0x0000000006024000 	/System/Library/Frameworks/Cocoa.framework/Versions/A/Cocoa
0x0000000006024000 	/System/Library/Frameworks/Security.framework/Versions/A/Security
0x0000000006024000 	/System/Library/Frameworks/ApplicationServices.framework/Versions/A/ApplicationServices
0x0000000006024000 	/usr/lib/libz.1.dylib
0x0000000006024000 	/usr/lib/libSystem.B.dylib
0x0000000006024000 	/usr/lib/libobjc.A.dylib
0x0000000006024000 	/System/Library/Frameworks/CoreFoundation.framework/Versions/A/CoreFoundation
0x0000000006024000 	/System/Library/Frameworks/Foundation.framework/Versions/C/Foundation
0x0000000006024000 	/System/Library/Frameworks/AppKit.framework/Versions/C/AppKit
0x0000000006024000 	/System/Library/Frameworks/CoreData.framework/Versions/A/CoreData
0x0000000006024000 	/System/Library/PrivateFrameworks/RemoteViewServices.framework/Versions/A/RemoteViewServices
0x0000000006024000 	/System/Library/PrivateFrameworks/UIFoundation.framework/Versions/A/UIFoundation
0x0000000006024000 	/usr/lib/libScreenReader.dylib
0x0000000006024000 	/System/Library/Frameworks/Accelerate.framework/Versions/A/Accelerate
0x0000000006024000 	/System/Library/Frameworks/IOSurface.framework/Versions/A/IOSurface
0x0000000006024000 	/System/Library/Frameworks/AudioToolbox.framework/Versions/A/AudioToolbox
0x0000000006024000 	/System/Library/Frameworks/AudioUnit.framework/Versions/A/AudioUnit
0x0000000006024000 	/System/Library/PrivateFrameworks/DataDetectorsCore.framework/Versions/A/DataDetectorsCore
0x0000000006024000 	/System/Library/PrivateFrameworks/DesktopServicesPriv.framework/Versions/A/DesktopServicesPriv
0x0000000006024000 	/System/Library/Frameworks/Carbon.framework/Versions/A/Frameworks/HIToolbox.framework/Versions/A/HIToolbox
0x0000000006024000 	/System/Library/Frameworks/QuartzCore.framework/Versions/A/QuartzCore
0x0000000006024000 	/System/Library/Frameworks/Carbon.framework/Versions/A/Frameworks/SpeechRecognition.framework/Versions/A/SpeechRecognition
0x0000000006024000 	/usr/lib/libauto.dylib
0x0000000006024000 	/usr/lib/libicucore.A.dylib
0x0000000006024000 	/usr/lib/libxml2.2.dylib
0x0000000006024000 	/System/Library/PrivateFrameworks/CoreUI.framework/Versions/A/CoreUI
0x0000000006024000 	/System/Library/Frameworks/CoreAudio.framework/Versions/A/CoreAudio
0x0000000006024000 	/System/Library/Frameworks/DiskArbitration.framework/Versions/A/DiskArbitration
0x0000000006024000 	/usr/lib/liblangid.dylib
0x0000000006024000 	/System/Library/PrivateFrameworks/MultitouchSupport.framework/Versions/A/MultitouchSupport
0x0000000006024000 	/System/Library/Frameworks/IOKit.framework/Versions/A/IOKit
0x0000000006024000 	/usr/lib/libDiagnosticMessagesClient.dylib
0x0000000006024000 	/System/Library/Frameworks/CoreServices.framework/Versions/A/CoreServices
0x0000000006024000 	/System/Library/PrivateFrameworks/PerformanceAnalysis.framework/Versions/A/PerformanceAnalysis
0x0000000006024000 	/System/Library/PrivateFrameworks/GenerationalStorage.framework/Versions/A/GenerationalStorage
0x0000000006024000 	/System/Library/Frameworks/OpenGL.framework/Versions/A/OpenGL
0x0000000006024000 	/System/Library/PrivateFrameworks/Sharing.framework/Versions/A/Sharing
0x0000000006024000 	/System/Library/Frameworks/CoreGraphics.framework/Versions/A/CoreGraphics
0x0000000006024000 	/System/Library/Frameworks/CoreImage.framework/Versions/A/CoreImage
0x0000000006024000 	/System/Library/Frameworks/CoreText.framework/Versions/A/CoreText
0x0000000006024000 	/System/Library/Frameworks/ImageIO.framework/Versions/A/ImageIO
0x0000000006024000 	/System/Library/PrivateFrameworks/Backup.framework/Versions/A/Backup
0x0000000006024000 	/usr/lib/libextension.dylib
0x0000000006024000 	/usr/lib/libarchive.2.dylib
0x0000000006024000 	/System/Library/Frameworks/CFNetwork.framework/Versions/A/CFNetwork
0x0000000006024000 	/System/Library/Frameworks/SystemConfiguration.framework/Versions/A/SystemConfiguration
0x0000000006024000 	/usr/lib/libCRFSuite.dylib
0x0000000006024000 	/usr/lib/libc++.1.dylib
0x0000000006024000 	/usr/lib/libc++abi.dylib
0x0000000006024000 	/usr/lib/system/libcache.dylib
0x0000000006024000 	/usr/lib/system/libcommonCrypto.dylib
0x0000000006024000 	/usr/lib/system/libcompiler_rt.dylib
0x0000000006024000 	/usr/lib/system/libcopyfile.dylib
0x0000000006024000 	/usr/lib/system/libcorecrypto.dylib
0x0000000006024000 	/usr/lib/system/libdispatch.dylib
0x0000000006024000 	/usr/lib/system/libdyld.dylib
0x0000000006024000 	/usr/lib/system/libkeymgr.dylib
0x0000000006024000 	/usr/lib/system/liblaunch.dylib
0x0000000006024000 	/usr/lib/system/libmacho.dylib
0x0000000006024000 	/usr/lib/system/libquarantine.dylib
0x0000000006024000 	/usr/lib/system/libremovefile.dylib
0x0000000006024000 	/usr/lib/system/libsystem_asl.dylib
0x0000000006024000 	/usr/lib/system/libsystem_blocks.dylib
0x0000000006024000 	/usr/lib/system/libsystem_c.dylib
0x0000000006024000 	/usr/lib/system/libsystem_configuration.dylib
0x0000000006024000 	/usr/lib/system/libsystem_coreservices.dylib
0x0000000006024000 	/usr/lib/system/libsystem_coretls.dylib
0x0000000006024000 	/usr/lib/system/libsystem_dnssd.dylib
0x0000000006024000 	/usr/lib/system/libsystem_info.dylib
0x0000000006024000 	/usr/lib/system/libsystem_kernel.dylib
0x0000000006024000 	/usr/lib/system/libsystem_m.dylib
0x0000000006024000 	/usr/lib/system/libsystem_malloc.dylib
0x0000000006024000 	/usr/lib/system/libsystem_network.dylib
0x0000000006024000 	/usr/lib/system/libsystem_networkextension.dylib
0x0000000006024000 	/usr/lib/system/libsystem_notify.dylib
0x0000000006024000 	/usr/lib/system/libsystem_platform.dylib
0x0000000006024000 	/usr/lib/system/libsystem_pthread.dylib
0x0000000006024000 	/usr/lib/system/libsystem_sandbox.dylib
0x0000000006024000 	/usr/lib/system/libsystem_secinit.dylib
0x0000000006024000 	/usr/lib/system/libsystem_trace.dylib
0x0000000006024000 	/usr/lib/system/libunc.dylib
0x0000000006024000 	/usr/lib/system/libunwind.dylib
0x0000000006024000 	/usr/lib/system/libxpc.dylib
0x0000000006024000 	/usr/lib/libenergytrace.dylib
0x0000000006024000 	/usr/lib/libbsm.0.dylib
0x0000000006024000 	/usr/lib/system/libkxld.dylib
0x0000000006024000 	/usr/lib/libxar.1.dylib
0x0000000006024000 	/usr/lib/libsqlite3.dylib
0x0000000006024000 	/usr/lib/libpam.2.dylib
0x0000000006024000 	/usr/lib/libOpenScriptingUtil.dylib
0x0000000006024000 	/usr/lib/libbz2.1.0.dylib
0x0000000006024000 	/usr/lib/liblzma.5.dylib
0x0000000006024000 	/System/Library/Frameworks/CoreServices.framework/Versions/A/Frameworks/FSEvents.framework/Versions/A/FSEvents
0x0000000006024000 	/System/Library/Frameworks/CoreServices.framework/Versions/A/Frameworks/CarbonCore.framework/Versions/A/CarbonCore
0x0000000006024000 	/System/Library/Frameworks/CoreServices.framework/Versions/A/Frameworks/Metadata.framework/Versions/A/Metadata
0x0000000006024000 	/System/Library/Frameworks/CoreServices.framework/Versions/A/Frameworks/OSServices.framework/Versions/A/OSServices
0x0000000006024000 	/System/Library/Frameworks/CoreServices.framework/Versions/A/Frameworks/SearchKit.framework/Versions/A/SearchKit
0x0000000006024000 	/System/Library/Frameworks/CoreServices.framework/Versions/A/Frameworks/AE.framework/Versions/A/AE
0x0000000006024000 	/System/Library/Frameworks/CoreServices.framework/Versions/A/Frameworks/LaunchServices.framework/Versions/A/LaunchServices
0x0000000006024000 	/System/Library/Frameworks/CoreServices.framework/Versions/A/Frameworks/DictionaryServices.framework/Versions/A/DictionaryServices
0x0000000006024000 	/System/Library/Frameworks/CoreServices.framework/Versions/A/Frameworks/SharedFileList.framework/Versions/A/SharedFileList
0x0000000006024000 	/System/Library/Frameworks/NetFS.framework/Versions/A/NetFS
0x0000000006024000 	/System/Library/PrivateFrameworks/NetAuth.framework/Versions/A/NetAuth
0x0000000006024000 	/System/Library/PrivateFrameworks/login.framework/Versions/A/Frameworks/loginsupport.framework/Versions/A/loginsupport
0x0000000006024000 	/System/Library/PrivateFrameworks/TCC.framework/Versions/A/TCC
0x0000000006024000 	/usr/lib/libmecabra.dylib
0x0000000006024000 	/System/Library/Frameworks/ApplicationServices.framework/Versions/A/Frameworks/ATS.framework/Versions/A/ATS
0x0000000006024000 	/System/Library/Frameworks/ApplicationServices.framework/Versions/A/Frameworks/ColorSync.framework/Versions/A/ColorSync
0x0000000006024000 	/System/Library/Frameworks/ApplicationServices.framework/Versions/A/Frameworks/HIServices.framework/Versions/A/HIServices
0x0000000006024000 	/System/Library/Frameworks/ApplicationServices.framework/Versions/A/Frameworks/LangAnalysis.framework/Versions/A/LangAnalysis
0x0000000006024000 	/System/Library/Frameworks/ApplicationServices.framework/Versions/A/Frameworks/PrintCore.framework/Versions/A/PrintCore
0x0000000006024000 	/System/Library/Frameworks/ApplicationServices.framework/Versions/A/Frameworks/QD.framework/Versions/A/QD
0x0000000006024000 	/System/Library/Frameworks/ApplicationServices.framework/Versions/A/Frameworks/SpeechSynthesis.framework/Versions/A/SpeechSynthesis
0x0000000006024000 	/System/Library/Frameworks/Metal.framework/Versions/A/Metal
0x0000000006024000 	/System/Library/Frameworks/Accelerate.framework/Versions/A/Frameworks/vImage.framework/Versions/A/vImage
0x0000000006024000 	/System/Library/Frameworks/Accelerate.framework/Versions/A/Frameworks/vecLib.framework/Versions/A/vecLib
0x0000000006024000 	/System/Library/Frameworks/Accelerate.framework/Versions/A/Frameworks/vecLib.framework/Versions/A/libvDSP.dylib
0x0000000006024000 	/System/Library/Frameworks/Accelerate.framework/Versions/A/Frameworks/vecLib.framework/Versions/A/libvMisc.dylib
0x0000000006024000 	/System/Library/Frameworks/Accelerate.framework/Versions/A/Frameworks/vecLib.framework/Versions/A/libLAPACK.dylib
0x0000000006024000 	/System/Library/Frameworks/Accelerate.framework/Versions/A/Frameworks/vecLib.framework/Versions/A/libBLAS.dylib
0x0000000006024000 	/System/Library/Frameworks/Accelerate.framework/Versions/A/Frameworks/vecLib.framework/Versions/A/libLinearAlgebra.dylib
0x0000000006024000 	/System/Library/Frameworks/Accelerate.framework/Versions/A/Frameworks/vecLib.framework/Versions/A/libSparseBLAS.dylib
0x0000000006024000 	/System/Library/PrivateFrameworks/GPUCompiler.framework/libmetal_timestamp.dylib
0x0000000006024000 	/System/Library/Frameworks/OpenGL.framework/Versions/A/Libraries/libCoreFSCache.dylib
0x0000000006024000 	/System/Library/PrivateFrameworks/IOAccelerator.framework/Versions/A/IOAccelerator
0x0000000006024000 	/System/Library/Frameworks/ApplicationServices.framework/Versions/A/Frameworks/ATS.framework/Versions/A/Resources/libFontParser.dylib
0x0000000006024000 	/System/Library/Frameworks/ApplicationServices.framework/Versions/A/Frameworks/ATS.framework/Versions/A/Resources/libFontRegistry.dylib
0x0000000006024000 	/System/Library/PrivateFrameworks/AppleVPA.framework/Versions/A/AppleVPA
0x0000000006024000 	/System/Library/PrivateFrameworks/AppleJPEG.framework/Versions/A/AppleJPEG
0x0000000006024000 	/System/Library/Frameworks/ImageIO.framework/Versions/A/Resources/libJPEG.dylib
0x0000000006024000 	/System/Library/Frameworks/ImageIO.framework/Versions/A/Resources/libTIFF.dylib
0x0000000006024000 	/System/Library/Frameworks/ImageIO.framework/Versions/A/Resources/libPng.dylib
0x0000000006024000 	/System/Library/Frameworks/ImageIO.framework/Versions/A/Resources/libGIF.dylib
0x0000000006024000 	/System/Library/Frameworks/ImageIO.framework/Versions/A/Resources/libJP2.dylib
0x0000000006024000 	/System/Library/Frameworks/ImageIO.framework/Versions/A/Resources/libRadiance.dylib
0x0000000006024000 	/System/Library/Frameworks/CoreVideo.framework/Versions/A/CoreVideo
0x0000000006024000 	/System/Library/Frameworks/OpenGL.framework/Versions/A/Libraries/libGLU.dylib
0x0000000006024000 	/System/Library/Frameworks/OpenGL.framework/Versions/A/Libraries/libGFXShared.dylib
0x0000000006024000 	/System/Library/Frameworks/OpenGL.framework/Versions/A/Libraries/libGL.dylib
0x0000000006024000 	/System/Library/Frameworks/OpenGL.framework/Versions/A/Libraries/libGLImage.dylib
0x0000000006024000 	/System/Library/Frameworks/OpenGL.framework/Versions/A/Libraries/libCVMSPluginSupport.dylib
0x0000000006024000 	/System/Library/Frameworks/OpenGL.framework/Versions/A/Libraries/libCoreVMClient.dylib
0x0000000006024000 	/usr/lib/libcompression.dylib
0x0000000006024000 	/usr/lib/libcups.2.dylib
0x0000000006024000 	/System/Library/Frameworks/Kerberos.framework/Versions/A/Kerberos
0x0000000006024000 	/System/Library/Frameworks/GSS.framework/Versions/A/GSS
0x0000000006024000 	/usr/lib/libresolv.9.dylib
0x0000000006024000 	/usr/lib/libiconv.2.dylib
0x0000000006024000 	/System/Library/PrivateFrameworks/Heimdal.framework/Versions/A/Heimdal
0x0000000006024000 	/usr/lib/libheimdal-asn1.dylib
0x0000000006024000 	/System/Library/Frameworks/OpenDirectory.framework/Versions/A/OpenDirectory
0x0000000006024000 	/System/Library/PrivateFrameworks/CommonAuth.framework/Versions/A/CommonAuth
0x0000000006024000 	/System/Library/Frameworks/OpenDirectory.framework/Versions/A/Frameworks/CFOpenDirectory.framework/Versions/A/CFOpenDirectory
0x0000000006024000 	/System/Library/Frameworks/SecurityFoundation.framework/Versions/A/SecurityFoundation
0x0000000006024000 	/System/Library/PrivateFrameworks/LanguageModeling.framework/Versions/A/LanguageModeling
0x0000000006024000 	/usr/lib/libmarisa.dylib
0x0000000006024000 	/usr/lib/libChineseTokenizer.dylib
0x0000000006024000 	/usr/lib/libcmph.dylib
0x0000000006024000 	/System/Library/Frameworks/ServiceManagement.framework/Versions/A/ServiceManagement
0x0000000006024000 	/usr/lib/libxslt.1.dylib
0x0000000006024000 	/System/Library/Frameworks/Carbon.framework/Versions/A/Frameworks/Ink.framework/Versions/A/Ink
0x0000000006024000 	/usr/lib/libFosl_dynamic.dylib
0x0000000006024000 	/System/Library/PrivateFrameworks/FaceCore.framework/Versions/A/FaceCore
0x0000000006024000 	/System/Library/Frameworks/OpenCL.framework/Versions/A/OpenCL
0x0000000006024000 	/System/Library/PrivateFrameworks/CrashReporterSupport.framework/Versions/A/CrashReporterSupport
0x0000000006024000 	/System/Library/PrivateFrameworks/IconServices.framework/Versions/A/IconServices
0x0000000006024000 	/System/Library/PrivateFrameworks/Apple80211.framework/Versions/A/Apple80211
0x0000000006024000 	/System/Library/Frameworks/CoreWLAN.framework/Versions/A/CoreWLAN
0x0000000006024000 	/System/Library/Frameworks/IOBluetooth.framework/Versions/A/IOBluetooth
0x0000000006024000 	/System/Library/PrivateFrameworks/CoreWiFi.framework/Versions/A/CoreWiFi
0x0000000006024000 	/System/Library/Frameworks/CoreBluetooth.framework/Versions/A/CoreBluetooth
0x0000000006024000 	/System/Library/PrivateFrameworks/ChunkingLibrary.framework/Versions/A/ChunkingLibrary
0x0000000006024000 	/System/Library/PrivateFrameworks/DebugSymbols.framework/Versions/A/DebugSymbols
0x0000000006024000 	/System/Library/PrivateFrameworks/CoreSymbolication.framework/Versions/A/CoreSymbolication
0x0000000006024000 	/System/Library/PrivateFrameworks/Symbolication.framework/Versions/A/Symbolication
0x0000000006024000 	/System/Library/PrivateFrameworks/SpeechRecognitionCore.framework/Versions/A/SpeechRecognitionCore
0x0000000106481000 	/Library/Java/JavaVirtualMachines/jdk1.8.0_101.jdk/Contents/Home/jre/lib/server/libjvm.dylib
0x0000000006024000 	/usr/lib/libstdc++.6.dylib
0x0000000107422000 	/Library/Java/JavaVirtualMachines/jdk1.8.0_101.jdk/Contents/Home/jre/lib/libverify.dylib
0x0000000107430000 	/Library/Java/JavaVirtualMachines/jdk1.8.0_101.jdk/Contents/Home/jre/lib/libjava.dylib
0x000000010746f000 	/Library/Java/JavaVirtualMachines/jdk1.8.0_101.jdk/Contents/Home/jre/lib/libzip.dylib
0x000000011d5f1000 	/System/Library/Frameworks/JavaVM.framework/Frameworks/JavaRuntimeSupport.framework/JavaRuntimeSupport
0x00000001075eb000 	/System/Library/Frameworks/JavaVM.framework/Versions/A/Frameworks/JavaNativeFoundation.framework/Versions/A/JavaNativeFoundation
0x000000011d60c000 	/System/Library/Frameworks/JavaVM.framework/Versions/A/JavaVM
0x0000000006024000 	/System/Library/Frameworks/Carbon.framework/Versions/A/Carbon
0x000000011d619000 	/System/Library/PrivateFrameworks/JavaLaunching.framework/Versions/A/JavaLaunching
0x0000000006024000 	/System/Library/Frameworks/Carbon.framework/Versions/A/Frameworks/CommonPanels.framework/Versions/A/CommonPanels
0x0000000006024000 	/System/Library/Frameworks/Carbon.framework/Versions/A/Frameworks/Help.framework/Versions/A/Help
0x0000000006024000 	/System/Library/Frameworks/Carbon.framework/Versions/A/Frameworks/ImageCapture.framework/Versions/A/ImageCapture
0x0000000006024000 	/System/Library/Frameworks/Carbon.framework/Versions/A/Frameworks/OpenScripting.framework/Versions/A/OpenScripting
0x0000000006024000 	/System/Library/Frameworks/Carbon.framework/Versions/A/Frameworks/Print.framework/Versions/A/Print
0x0000000006024000 	/System/Library/Frameworks/Carbon.framework/Versions/A/Frameworks/SecurityHI.framework/Versions/A/SecurityHI
0x000000011f070000 	/Applications/IntelliJ IDEA CE.app/Contents/bin/libbreakgen64.jnilib
0x000000011f073000 	/Library/Java/JavaVirtualMachines/jdk1.8.0_101.jdk/Contents/Home/jre/lib/libnet.dylib
0x000000011f0d6000 	/private/var/folders/hx/chl3wz1s6d9g8dgpv9pfrkzw0000gn/T/sqlite-3.8.11.2-b5deb736-b894-4ccb-9bc6-47304f47e2b3-libsqlitejdbc.jnilib
0x000000011f1da000 	/private/var/folders/hx/chl3wz1s6d9g8dgpv9pfrkzw0000gn/T/bluecove_maximerichard_0/libbluecove.jnilib

VM Arguments:
jvm_args: -Didea.launcher.port=7539 -Didea.launcher.bin.path=/Applications/IntelliJ IDEA CE.app/Contents/bin -Dfile.encoding=UTF-8 
java_command: com.intellij.rt.execution.application.AppMain com.sciquizapp.sciquizserver.MyServer
java_class_path (initial): /Library/Java/JavaVirtualMachines/jdk1.8.0_101.jdk/Contents/Home/jre/lib/charsets.jar:/Library/Java/JavaVirtualMachines/jdk1.8.0_101.jdk/Contents/Home/jre/lib/deploy.jar:/Library/Java/JavaVirtualMachines/jdk1.8.0_101.jdk/Contents/Home/jre/lib/ext/cldrdata.jar:/Library/Java/JavaVirtualMachines/jdk1.8.0_101.jdk/Contents/Home/jre/lib/ext/dnsns.jar:/Library/Java/JavaVirtualMachines/jdk1.8.0_101.jdk/Contents/Home/jre/lib/ext/jaccess.jar:/Library/Java/JavaVirtualMachines/jdk1.8.0_101.jdk/Contents/Home/jre/lib/ext/jfxrt.jar:/Library/Java/JavaVirtualMachines/jdk1.8.0_101.jdk/Contents/Home/jre/lib/ext/localedata.jar:/Library/Java/JavaVirtualMachines/jdk1.8.0_101.jdk/Contents/Home/jre/lib/ext/nashorn.jar:/Library/Java/JavaVirtualMachines/jdk1.8.0_101.jdk/Contents/Home/jre/lib/ext/sunec.jar:/Library/Java/JavaVirtualMachines/jdk1.8.0_101.jdk/Contents/Home/jre/lib/ext/sunjce_provider.jar:/Library/Java/JavaVirtualMachines/jdk1.8.0_101.jdk/Contents/Home/jre/lib/ext/sunpkcs11.jar:/Library/Java/JavaVirtualMachines/jdk1.8.0_101.jdk/Contents/Home/jre/lib/ext/zipfs.jar:/Library/Java/JavaVirtualMachines/jdk1.8.0_101.jdk/Contents/Home/jre/lib/javaws.jar:/Library/Java/JavaVirtualMachines/jdk1.8.0_101.jdk/Contents/Home/jre/lib/jce.jar:/Library/Java/JavaVirtualMachines/jdk1.8.0_101.jdk/Contents/Home/jre/lib/jfr.jar:/Library/Java/JavaVirtualMachines/jdk1.8.0_101.jdk/Contents/Home/jre/lib/jfxswt.jar:/Library/Java/JavaVirtualMachines/jdk1.8.0_101.jdk/Contents/Home/jre/lib/jsse.jar:/Library/Java/JavaVirtualMachines/jdk1.8.0_101.jdk/Contents/Home/jre/lib/management-agent.jar:/Library/Java/JavaVirtualMachines/jdk1.8.0_101.jdk/Contents/Home/jre/lib/plugin.jar:/Library/Java/JavaVirtualMachines/jdk1.8.0_101.jdk/Contents/Home/jre/lib/resources.jar:/Library/Java/JavaVirtualMachines/jdk1.8.0_101.jdk/Contents/Home/jre/lib/rt.jar:/Library/Java/JavaVirtualMachines/jdk1.8.0_101.jdk/Contents/Home/lib/ant-javafx.jar:/Library/Java/JavaVirtualMachines/jdk1.8.0_101.jdk/Contents/Home
Launcher Type: SUN_STANDARD

Environment Variables:
PATH=/usr/local/bin:/usr/bin:/bin:/usr/sbin:/sbin
SHELL=/bin/bash

Signal Handlers:
SIGSEGV: [libjvm.dylib+0x5af145], sa_mask[0]=11111111011111110111111111111111, sa_flags=SA_ONSTACK|SA_RESTART|SA_SIGINFO
SIGBUS: [libjvm.dylib+0x5af145], sa_mask[0]=11111111011111110111111111111111, sa_flags=SA_RESTART|SA_SIGINFO
SIGFPE: [libjvm.dylib+0x48694c], sa_mask[0]=11111111011111110111111111111111, sa_flags=SA_RESTART|SA_SIGINFO
SIGPIPE: [libjvm.dylib+0x48694c], sa_mask[0]=11111111011111110111111111111111, sa_flags=SA_RESTART|SA_SIGINFO
SIGXFSZ: [libjvm.dylib+0x48694c], sa_mask[0]=11111111011111110111111111111111, sa_flags=SA_RESTART|SA_SIGINFO
SIGILL: [libjvm.dylib+0x48694c], sa_mask[0]=11111111011111110111111111111111, sa_flags=SA_RESTART|SA_SIGINFO
SIGUSR1: SIG_DFL, sa_mask[0]=00000000000000000000000000000000, sa_flags=none
SIGUSR2: [libjvm.dylib+0x48646a], sa_mask[0]=00100000000000000000000000000000, sa_flags=SA_RESTART|SA_SIGINFO
SIGHUP: [libjvm.dylib+0x484a41], sa_mask[0]=11111111011111110111111111111111, sa_flags=SA_RESTART|SA_SIGINFO
SIGINT: [libjvm.dylib+0x484a41], sa_mask[0]=11111111011111110111111111111111, sa_flags=SA_RESTART|SA_SIGINFO
SIGTERM: [libjvm.dylib+0x484a41], sa_mask[0]=11111111011111110111111111111111, sa_flags=SA_RESTART|SA_SIGINFO
SIGQUIT: [libjvm.dylib+0x484a41], sa_mask[0]=11111111011111110111111111111111, sa_flags=SA_RESTART|SA_SIGINFO


---------------  S Y S T E M  ---------------

OS:Bsduname:Darwin 15.6.0 Darwin Kernel Version 15.6.0: Thu Jun 23 18:25:34 PDT 2016; root:xnu-3248.60.10~1/RELEASE_X86_64 x86_64
rlimit: STACK 8192k, CORE 0k, NPROC 709, NOFILE 10240, AS infinity
load average:2.99 2.30 2.05

CPU:total 4 (2 cores per cpu, 2 threads per core) family 6 model 61 stepping 4, cmov, cx8, fxsr, mmx, sse, sse2, sse3, ssse3, sse4.1, sse4.2, popcnt, avx, avx2, aes, clmul, erms, 3dnowpref, lzcnt, ht, tsc, tscinvbit, bmi1, bmi2, adx

Memory: 4k page, physical 8388608k(1661576k free)

/proc/meminfo:


vm_info: Java HotSpot(TM) 64-Bit Server VM (25.101-b13) for bsd-amd64 JRE (1.8.0_101-b13), built on Jun 22 2016 02:42:15 by "java_re" with gcc 4.2.1 (Based on Apple Inc. build 5658) (LLVM build 2336.11.00)

time: Wed Apr  5 12:49:08 2017
elapsed time: 21 seconds (0d 0h 0m 21s)

