#
# A fatal error has been detected by the Java Runtime Environment:
#
#  SIGSEGV (0xb) at pc=0x000000000609446c, pid=5399, tid=0x0000000000009c17
#
# JRE version: Java(TM) SE Runtime Environment (8.0_101-b13) (build 1.8.0_101-b13)
# Java VM: Java HotSpot(TM) 64-Bit Server VM (25.101-b13 mixed mode bsd-amd64 compressed oops)
# Problematic frame:
# C  0x000000000609446c
#
# Failed to write core dump. Core dumps have been disabled. To enable core dumping, try "ulimit -c unlimited" before starting Java again
#
# If you would like to submit a bug report, please visit:
#   http://bugreport.java.com/bugreport/crash.jsp
#

---------------  T H R E A D  ---------------

Current thread (0x00007ff37430d800):  JavaThread "AWT-EventQueue-0" [_thread_in_Java, id=39959, stack(0x00007000018e8000,0x00007000019e8000)]

siginfo: si_signo: 11 (SIGSEGV), si_code: 1 (SEGV_MAPERR), si_addr: 0x000000000609446c

Registers:
RAX=0x00000000f2e0a22d, RBX=0x00007000019e5301, RCX=0x0000000000000001, RDX=0x0000000000000000
RSP=0x00007000019e5301, RBP=0x00007000019e55a0, RSI=0x00007000019e5220, RDI=0x0000000000000000
R8 =0x0000000000000751, R9 =0x00000007c0118df0, R10=0x0000000104c66830, R11=0x0000000105f46340
R12=0x0000000000000000, R13=0x000000000609446c, R14=0x00007000019e5300, R15=0x00007ff37430d800
RIP=0x000000000609446c, EFLAGS=0x0000000000010246, ERR=0x0000000000000014
  TRAPNO=0x000000000000000e

Top of Stack: (sp=0x00007000019e5301)
0x00007000019e5301:   6c00000007962de7 4000000001060944
0x00007000019e5311:   8c000000079704cb ae00000000000000
0x00007000019e5321:   0000000000000000 0000000000000000
0x00007000019e5331:   b000000000000000 4000000007962de4
0x00007000019e5341:   18000000079704f2 500000000795fd63
0x00007000019e5351:   6600007000019e53 d800000001217b45
0x00007000019e5361:   6000007000019e53 0000000001217b47
0x00007000019e5371:   7800000000000000 0000000001217b45
0x00007000019e5381:   b000000000000000 4000000007962de4
0x00007000019e5391:   94000000079704f2 020000000105f519
0x00007000019e53a1:   a000000000000000 00000000079633d0
0x00007000019e53b1:   0000000000000000 0000000001000000
0x00007000019e53c1:   0000000001000000 a000000007962de7
0x00007000019e53d1:   80000000079633d0 8c0000000795fd5f
0x00007000019e53e1:   0200000007000000 aa00000002000000
0x00007000019e53f1:   a000000088000000 a0000000079704f4
0x00007000019e5401:   01000000079704f4 b000000001000000
0x00007000019e5411:   0000000007962de4 00000000ae000000
0x00007000019e5421:   010000008c000000 1800000000000000
0x00007000019e5431:   800000000795cf44 00000000079704f3
0x00007000019e5441:   0000000007000000 a000000000000000
0x00007000019e5451:   0400007000019e55 b0000000010608d4
0x00007000019e5461:   b000007000019e54 3800007000019e55
0x00007000019e5471:   8400007000019e55 e00000000105f257
0x00007000019e5481:   a000007000019e54 a00000000105c07e
0x00007000019e5491:   700000000105c07e a00000000795eb23
0x00007000019e54a1:   9600007000019e54 28000000011a2592
0x00007000019e54b1:   e0000000079704f0 00000000012164a5
0x00007000019e54c1:   e800000000000000 38000000011a2592
0x00007000019e54d1:   b000007000019e55 4000000007962de4
0x00007000019e54e1:   e8000000079704f2 600000000795f7a7
0x00007000019e54f1:   00000000079704f3 ae00000000000000 

Instructions: (pc=0x000000000609446c)
0x000000000609444c:   
[error occurred during error reporting (printing registers, top of stack, instructions near pc), id 0xb]

Register to memory mapping:

RAX=0x00000000f2e0a22d is an unknown value
RBX=0x00007000019e5301 is pointing into the stack for thread: 0x00007ff37430d800
RCX=0x0000000000000001 is an unknown value
RDX=0x0000000000000000 is an unknown value
RSP=0x00007000019e5301 is pointing into the stack for thread: 0x00007ff37430d800
RBP=0x00007000019e55a0 is pointing into the stack for thread: 0x00007ff37430d800
RSI=0x00007000019e5220 is pointing into the stack for thread: 0x00007ff37430d800
RDI=0x0000000000000000 is an unknown value
R8 =0x0000000000000751 is an unknown value
R9 =0x00000007c0118df0 is pointing into metadata
R10=0x0000000104c66830: _ZN19TemplateInterpreter13_active_tableE+0x4800 in /Library/Java/JavaVirtualMachines/jdk1.8.0_101.jdk/Contents/Home/jre/lib/server/libjvm.dylib at 0x0000000104368000
R11=0x0000000105f46340 is at entry_point+32 in (nmethod*)0x0000000105f46190
R12=0x0000000000000000 is an unknown value
R13=0x000000000609446c is an unknown value
R14=0x00007000019e5300 is pointing into the stack for thread: 0x00007ff37430d800
R15=0x00007ff37430d800 is a thread


Stack: [0x00007000018e8000,0x00007000019e8000],  sp=0x00007000019e5301,  free space=1012k
Native frames: (J=compiled Java code, j=interpreted, Vv=VM code, C=native code)
C  0x000000000609446c
j  javax.swing.RepaintManager$PaintManager.paintDoubleBuffered(Ljavax/swing/JComponent;Ljava/awt/Image;Ljava/awt/Graphics;IIII)V+163
j  javax.swing.RepaintManager$PaintManager.paint(Ljavax/swing/JComponent;Ljavax/swing/JComponent;Ljava/awt/Graphics;IIII)Z+116
j  javax.swing.RepaintManager.paint(Ljavax/swing/JComponent;Ljavax/swing/JComponent;Ljava/awt/Graphics;IIII)V+51
j  javax.swing.JComponent._paintImmediately(IIII)V+683
j  javax.swing.JComponent.paintImmediately(IIII)V+138
j  javax.swing.RepaintManager$4.run()Ljava/lang/Void;+81
j  javax.swing.RepaintManager$4.run()Ljava/lang/Object;+1
v  ~StubRoutines::call_stub
V  [libjvm.dylib+0x2ecf06]  JavaCalls::call_helper(JavaValue*, methodHandle*, JavaCallArguments*, Thread*)+0x6ae
V  [libjvm.dylib+0x34d69c]  JVM_DoPrivileged+0x4b8
J 796  java.security.AccessController.doPrivileged(Ljava/security/PrivilegedAction;Ljava/security/AccessControlContext;)Ljava/lang/Object; (0 bytes) @ 0x0000000105edd315 [0x0000000105edd240+0xd5]
J 805 C1 java.security.ProtectionDomain$JavaSecurityAccessImpl.doIntersectionPrivilege(Ljava/security/PrivilegedAction;Ljava/security/AccessControlContext;Ljava/security/AccessControlContext;)Ljava/lang/Object; (22 bytes) @ 0x0000000105ee179c [0x0000000105ee1320+0x47c]
j  javax.swing.RepaintManager.paintDirtyRegions(Ljava/util/Map;)V+154
j  javax.swing.RepaintManager.paintDirtyRegions()V+46
j  javax.swing.RepaintManager.prePaintDirtyRegions()V+73
j  javax.swing.RepaintManager.access$1200(Ljavax/swing/RepaintManager;)V+1
j  javax.swing.RepaintManager$ProcessingRunnable.run()V+37
J 1197 C1 java.awt.event.InvocationEvent.dispatch()V (69 bytes) @ 0x0000000105fef314 [0x0000000105fef100+0x214]
J 1100 C1 java.awt.EventQueue.dispatchEventImpl(Ljava/awt/AWTEvent;Ljava/lang/Object;)V (149 bytes) @ 0x0000000105fadfec [0x0000000105fac500+0x1aec]
J 1098 C1 java.awt.EventQueue$3.run()Ljava/lang/Void; (60 bytes) @ 0x0000000105fab5d4 [0x0000000105fab3c0+0x214]
J 1097 C1 java.awt.EventQueue$3.run()Ljava/lang/Object; (5 bytes) @ 0x0000000105fabccc [0x0000000105fabc40+0x8c]
v  ~StubRoutines::call_stub
V  [libjvm.dylib+0x2ecf06]  JavaCalls::call_helper(JavaValue*, methodHandle*, JavaCallArguments*, Thread*)+0x6ae
V  [libjvm.dylib+0x34d69c]  JVM_DoPrivileged+0x4b8
J 796  java.security.AccessController.doPrivileged(Ljava/security/PrivilegedAction;Ljava/security/AccessControlContext;)Ljava/lang/Object; (0 bytes) @ 0x0000000105edd315 [0x0000000105edd240+0xd5]
J 927 C1 java.awt.EventQueue.dispatchEvent(Ljava/awt/AWTEvent;)V (80 bytes) @ 0x0000000105f1c46c [0x0000000105f1bac0+0x9ac]
J 929 C1 java.awt.EventDispatchThread.pumpOneEventForFilters(I)V (295 bytes) @ 0x0000000105f1f77c [0x0000000105f1dc00+0x1b7c]
j  java.awt.EventDispatchThread.pumpEventsForFilter(ILjava/awt/Conditional;Ljava/awt/EventFilter;)V+35
j  java.awt.EventDispatchThread.pumpEventsForHierarchy(ILjava/awt/Conditional;Ljava/awt/Component;)V+11
j  java.awt.EventDispatchThread.pumpEvents(ILjava/awt/Conditional;)V+4
j  java.awt.EventDispatchThread.pumpEvents(Ljava/awt/Conditional;)V+3
j  java.awt.EventDispatchThread.run()V+9
v  ~StubRoutines::call_stub
V  [libjvm.dylib+0x2ecf06]  JavaCalls::call_helper(JavaValue*, methodHandle*, JavaCallArguments*, Thread*)+0x6ae
V  [libjvm.dylib+0x2ed694]  JavaCalls::call_virtual(JavaValue*, KlassHandle, Symbol*, Symbol*, JavaCallArguments*, Thread*)+0x164
V  [libjvm.dylib+0x2ed840]  JavaCalls::call_virtual(JavaValue*, Handle, KlassHandle, Symbol*, Symbol*, Thread*)+0x4a
V  [libjvm.dylib+0x348029]  thread_entry(JavaThread*, Thread*)+0x7c
V  [libjvm.dylib+0x5695ab]  JavaThread::thread_main_inner()+0x9b
V  [libjvm.dylib+0x56ac98]  JavaThread::run()+0x1c2
V  [libjvm.dylib+0x48933a]  java_start(Thread*)+0xf6
C  [libsystem_pthread.dylib+0x399d]  _pthread_body+0x83
C  [libsystem_pthread.dylib+0x391a]  _pthread_body+0x0
C  [libsystem_pthread.dylib+0x1351]  thread_start+0xd
C  0x0000000000000000


---------------  P R O C E S S  ---------------

Java Threads: ( => current thread )
  0x00007ff373894000 JavaThread "Thread-3" [_thread_in_vm, id=72451, stack(0x0000700001456000,0x0000700001556000)]
  0x00007ff374a1b800 JavaThread "TimerQueue" daemon [_thread_blocked, id=68187, stack(0x0000700001a6e000,0x0000700001b6e000)]
  0x00007ff37498f800 JavaThread "DestroyJavaVM" [_thread_blocked, id=4099, stack(0x0000700000084000,0x0000700000184000)]
=>0x00007ff37430d800 JavaThread "AWT-EventQueue-0" [_thread_in_Java, id=39959, stack(0x00007000018e8000,0x00007000019e8000)]
  0x00007ff3741a0000 JavaThread "AWT-Shutdown" [_thread_blocked, id=63787, stack(0x000070000155c000,0x000070000165c000)]
  0x00007ff3741b4800 JavaThread "Java2D Disposer" daemon [_thread_blocked, id=60187, stack(0x00007000017e5000,0x00007000018e5000)]
  0x00007ff3751e7800 JavaThread "Java2D Queue Flusher" daemon [_thread_blocked, id=59915, stack(0x00007000016e2000,0x00007000017e2000)]
  0x00007ff3738ff000 JavaThread "AppKit Thread" daemon [_thread_in_native, id=2571, stack(0x00007fff5b314000,0x00007fff5bb14000)]
  0x00007ff374883800 JavaThread "BluecoveAsynchronousShutdownThread" daemon [_thread_blocked, id=21251, stack(0x0000700001353000,0x0000700001453000)]
  0x00007ff374834000 JavaThread "Abandoned connection cleanup thread" daemon [_thread_blocked, id=20483, stack(0x0000700001250000,0x0000700001350000)]
  0x00007ff3740b5800 JavaThread "Thread-0" [_thread_in_native, id=19971, stack(0x000070000114d000,0x000070000124d000)]
  0x00007ff375090000 JavaThread "Monitor Ctrl-Break" daemon [_thread_in_native, id=19459, stack(0x000070000104a000,0x000070000114a000)]
  0x00007ff37382c800 JavaThread "Service Thread" daemon [_thread_blocked, id=18435, stack(0x0000700000e44000,0x0000700000f44000)]
  0x00007ff37403b000 JavaThread "C1 CompilerThread2" daemon [_thread_blocked, id=17923, stack(0x0000700000d41000,0x0000700000e41000)]
  0x00007ff374816800 JavaThread "C2 CompilerThread1" daemon [_thread_blocked, id=17411, stack(0x0000700000c3e000,0x0000700000d3e000)]
  0x00007ff375052800 JavaThread "C2 CompilerThread0" daemon [_thread_blocked, id=16899, stack(0x0000700000b3b000,0x0000700000c3b000)]
  0x00007ff375022000 JavaThread "Signal Dispatcher" daemon [_thread_blocked, id=16147, stack(0x0000700000a38000,0x0000700000b38000)]
  0x00007ff37501c800 JavaThread "Finalizer" daemon [_thread_blocked, id=12291, stack(0x000070000082f000,0x000070000092f000)]
  0x00007ff375014000 JavaThread "Reference Handler" daemon [_thread_blocked, id=11779, stack(0x000070000072c000,0x000070000082c000)]

Other Threads:
  0x00007ff37400d800 VMThread [stack: 0x0000700000629000,0x0000700000729000] [id=11267]
  0x00007ff37401b800 WatcherThread [stack: 0x0000700000f47000,0x0000700001047000] [id=18947]

VM state:not at safepoint (normal execution)

VM Mutex/Monitor currently owned by a thread: None

Heap:
 PSYoungGen      total 38400K, used 27933K [0x0000000795580000, 0x0000000798000000, 0x00000007c0000000)
  eden space 33280K, 83% used [0x0000000795580000,0x00000007970c7620,0x0000000797600000)
  from space 5120K, 0% used [0x0000000797b00000,0x0000000797b00000,0x0000000798000000)
  to   space 5120K, 0% used [0x0000000797600000,0x0000000797600000,0x0000000797b00000)
 ParOldGen       total 87552K, used 0K [0x0000000740000000, 0x0000000745580000, 0x0000000795580000)
  object space 87552K, 0% used [0x0000000740000000,0x0000000740000000,0x0000000745580000)
 Metaspace       used 15929K, capacity 16122K, committed 16384K, reserved 1062912K
  class space    used 1981K, capacity 2046K, committed 2048K, reserved 1048576K

Card table byte_map: [0x0000000114fc0000,0x00000001153c1000] byte_map_base: 0x00000001115c0000

Marking Bits: (ParMarkBitMap*) 0x0000000104c55d20
 Begin Bits: [0x000000011566c000, 0x000000011766c000)
 End Bits:   [0x000000011766c000, 0x000000011966c000)

Polling page: 0x000000010534c000

CodeCache: size=245760Kb used=4986Kb max_used=4986Kb free=240773Kb
 bounds [0x0000000105c00000, 0x00000001060f0000, 0x0000000114c00000]
 total_blobs=2057 nmethods=1476 adapters=494
 compilation: enabled

Compilation events (10 events):
Event: 53.196 Thread 0x00007ff37403b000 nmethod 1466 0x00000001060d98d0 code [0x00000001060d9a60, 0x00000001060d9eb8]
Event: 53.198 Thread 0x00007ff37403b000 1472       3       sun.java2d.SunGraphics2D::constrain (216 bytes)
Event: 53.201 Thread 0x00007ff37403b000 nmethod 1472 0x00000001060d9f90 code [0x00000001060da240, 0x00000001060db568]
Event: 53.201 Thread 0x00007ff37403b000 1474   !   3       sun.java2d.pipe.BufferedRenderPipe::fillRect (102 bytes)
Event: 53.205 Thread 0x00007ff37403b000 nmethod 1474 0x00000001060dbf90 code [0x00000001060dc1e0, 0x00000001060dd548]
Event: 53.205 Thread 0x00007ff37403b000 1473       3       java.awt.Image::getAccelerationPriority (5 bytes)
Event: 53.205 Thread 0x00007ff37403b000 nmethod 1473 0x00000001060de0d0 code [0x00000001060de220, 0x00000001060de370]
Event: 53.205 Thread 0x00007ff37403b000 1475       3       sun.java2d.pipe.DrawImage::isSimpleTranslate (31 bytes)
Event: 53.206 Thread 0x00007ff37403b000 nmethod 1475 0x00000001060de3d0 code [0x00000001060de540, 0x00000001060de770]
Event: 53.206 Thread 0x00007ff37403b000 1476       3       sun.java2d.SurfaceData::getSourceSurfaceData (110 bytes)

GC Heap History (0 events):
No events

Deoptimization events (8 events):
Event: 0.583 Thread 0x00007ff375001000 Uncommon trap: reason=unstable_if action=reinterpret pc=0x0000000105d9faa8 method=org.sqlite.SQLiteJDBCLoader.contentsEquals(Ljava/io/InputStream;Ljava/io/InputStream;)Z @ 39
Event: 1.284 Thread 0x00007ff375001000 Uncommon trap: reason=unstable_if action=reinterpret pc=0x0000000105daf754 method=sun.misc.MetaIndex.mayContain(Ljava/lang/String;)Z @ 38
Event: 3.088 Thread 0x00007ff375001000 Uncommon trap: reason=class_check action=maybe_recompile pc=0x0000000105de24d8 method=java.lang.String.equals(Ljava/lang/Object;)Z @ 8
Event: 3.088 Thread 0x00007ff375001000 Uncommon trap: reason=class_check action=maybe_recompile pc=0x0000000105de24d8 method=java.lang.String.equals(Ljava/lang/Object;)Z @ 8
Event: 3.088 Thread 0x00007ff375001000 Uncommon trap: reason=class_check action=maybe_recompile pc=0x0000000105de24d8 method=java.lang.String.equals(Ljava/lang/Object;)Z @ 8
Event: 3.088 Thread 0x00007ff375001000 Uncommon trap: reason=class_check action=maybe_recompile pc=0x0000000105de24d8 method=java.lang.String.equals(Ljava/lang/Object;)Z @ 8
Event: 34.529 Thread 0x00007ff37430d800 Uncommon trap: reason=unstable_if action=reinterpret pc=0x0000000105e99b04 method=java.util.HashMap.getNode(ILjava/lang/Object;)Ljava/util/HashMap$Node; @ 62
Event: 34.533 Thread 0x00007ff37430d800 Uncommon trap: reason=unstable_if action=reinterpret pc=0x0000000105e805b0 method=java.util.HashMap.getNode(ILjava/lang/Object;)Ljava/util/HashMap$Node; @ 62

Internal exceptions (10 events):
Event: 0.222 Thread 0x00007ff375001000 Exception <a 'java/security/PrivilegedActionException'> (0x0000000795739318) thrown at [/HUDSON3/workspace/8-2-build-macosx-x86_64/jdk8u101/7261/hotspot/src/share/vm/prims/jvm.cpp, line 1386]
Event: 0.222 Thread 0x00007ff375001000 Exception <a 'java/security/PrivilegedActionException'> (0x0000000795739710) thrown at [/HUDSON3/workspace/8-2-build-macosx-x86_64/jdk8u101/7261/hotspot/src/share/vm/prims/jvm.cpp, line 1386]
Event: 0.223 Thread 0x00007ff375001000 Exception <a 'java/security/PrivilegedActionException'> (0x000000079573cc00) thrown at [/HUDSON3/workspace/8-2-build-macosx-x86_64/jdk8u101/7261/hotspot/src/share/vm/prims/jvm.cpp, line 1386]
Event: 0.223 Thread 0x00007ff375001000 Exception <a 'java/security/PrivilegedActionException'> (0x000000079573cff8) thrown at [/HUDSON3/workspace/8-2-build-macosx-x86_64/jdk8u101/7261/hotspot/src/share/vm/prims/jvm.cpp, line 1386]
Event: 0.240 Thread 0x00007ff3740b5800 Exception <a 'java/lang/NoClassDefFoundError': org/apache/log4j/Category> (0x000000079596e8f8) thrown at [/HUDSON3/workspace/8-2-build-macosx-x86_64/jdk8u101/7261/hotspot/src/share/vm/classfile/systemDictionary.cpp, line 199]
Event: 0.255 Thread 0x00007ff3740b5800 Exception <a 'java/lang/UnsatisfiedLinkError': com.intel.bluetooth.BluetoothStackOSX.isNativeCodeLoaded()Z> (0x00000007959c4cc8) thrown at [/HUDSON3/workspace/8-2-build-macosx-x86_64/jdk8u101/7261/hotspot/src/share/vm/prims/nativeLookup.cpp, line 378]
Event: 0.775 Thread 0x00007ff375001000 Exception <a 'java/lang/NoSuchFieldError': method resolution failed> (0x0000000795dbff70) thrown at [/HUDSON3/workspace/8-2-build-macosx-x86_64/jdk8u101/7261/hotspot/src/share/vm/prims/methodHandles.cpp, line 1146]
Event: 0.779 Thread 0x00007ff375001000 Exception <a 'java/lang/NoSuchFieldError': method resolution failed> (0x0000000795dcd660) thrown at [/HUDSON3/workspace/8-2-build-macosx-x86_64/jdk8u101/7261/hotspot/src/share/vm/prims/methodHandles.cpp, line 1146]
Event: 1.046 Thread 0x00007ff375001000 Exception <a 'java/io/FileNotFoundException'> (0x0000000795e48290) thrown at [/HUDSON3/workspace/8-2-build-macosx-x86_64/jdk8u101/7261/hotspot/src/share/vm/prims/jni.cpp, line 709]
Event: 1.046 Thread 0x00007ff375001000 Exception <a 'java/io/FileNotFoundException'> (0x0000000795e48e38) thrown at [/HUDSON3/workspace/8-2-build-macosx-x86_64/jdk8u101/7261/hotspot/src/share/vm/prims/jni.cpp, line 709]

Events (10 events):
Event: 46.974 loading class com/intel/bluetooth/WeakVectorFactory done
Event: 46.974 loading class com/intel/bluetooth/WeakVectorFactory$WeakVector
Event: 46.974 loading class com/intel/bluetooth/WeakVectorFactory$WeakVector done
Event: 46.975 loading class com/intel/bluetooth/WeakVectorFactory$WeakVectorOnWeakHashMapImpl
Event: 46.975 loading class com/intel/bluetooth/WeakVectorFactory$WeakVectorOnWeakHashMapImpl done
Event: 46.976 Thread 0x00007ff373894000 Thread added: 0x00007ff373894000
Event: 46.977 Executing VM operation: RevokeBias
Event: 46.977 Executing VM operation: RevokeBias done
Event: 49.946 loading class javax/swing/event/MenuDragMouseEvent
Event: 49.947 loading class javax/swing/event/MenuDragMouseEvent done


Dynamic libraries:
0x0000000004654000 	/System/Library/Frameworks/Cocoa.framework/Versions/A/Cocoa
0x0000000004654000 	/System/Library/Frameworks/Security.framework/Versions/A/Security
0x0000000004654000 	/System/Library/Frameworks/ApplicationServices.framework/Versions/A/ApplicationServices
0x0000000004654000 	/usr/lib/libz.1.dylib
0x0000000004654000 	/usr/lib/libSystem.B.dylib
0x0000000004654000 	/usr/lib/libobjc.A.dylib
0x0000000004654000 	/System/Library/Frameworks/CoreFoundation.framework/Versions/A/CoreFoundation
0x0000000004654000 	/System/Library/Frameworks/Foundation.framework/Versions/C/Foundation
0x0000000004654000 	/System/Library/Frameworks/AppKit.framework/Versions/C/AppKit
0x0000000004654000 	/System/Library/Frameworks/CoreData.framework/Versions/A/CoreData
0x0000000004654000 	/System/Library/PrivateFrameworks/RemoteViewServices.framework/Versions/A/RemoteViewServices
0x0000000004654000 	/System/Library/PrivateFrameworks/UIFoundation.framework/Versions/A/UIFoundation
0x0000000004654000 	/usr/lib/libScreenReader.dylib
0x0000000004654000 	/System/Library/Frameworks/Accelerate.framework/Versions/A/Accelerate
0x0000000004654000 	/System/Library/Frameworks/IOSurface.framework/Versions/A/IOSurface
0x0000000004654000 	/System/Library/Frameworks/AudioToolbox.framework/Versions/A/AudioToolbox
0x0000000004654000 	/System/Library/Frameworks/AudioUnit.framework/Versions/A/AudioUnit
0x0000000004654000 	/System/Library/PrivateFrameworks/DataDetectorsCore.framework/Versions/A/DataDetectorsCore
0x0000000004654000 	/System/Library/PrivateFrameworks/DesktopServicesPriv.framework/Versions/A/DesktopServicesPriv
0x0000000004654000 	/System/Library/Frameworks/Carbon.framework/Versions/A/Frameworks/HIToolbox.framework/Versions/A/HIToolbox
0x0000000004654000 	/System/Library/Frameworks/QuartzCore.framework/Versions/A/QuartzCore
0x0000000004654000 	/System/Library/Frameworks/Carbon.framework/Versions/A/Frameworks/SpeechRecognition.framework/Versions/A/SpeechRecognition
0x0000000004654000 	/usr/lib/libauto.dylib
0x0000000004654000 	/usr/lib/libicucore.A.dylib
0x0000000004654000 	/usr/lib/libxml2.2.dylib
0x0000000004654000 	/System/Library/PrivateFrameworks/CoreUI.framework/Versions/A/CoreUI
0x0000000004654000 	/System/Library/Frameworks/CoreAudio.framework/Versions/A/CoreAudio
0x0000000004654000 	/System/Library/Frameworks/DiskArbitration.framework/Versions/A/DiskArbitration
0x0000000004654000 	/usr/lib/liblangid.dylib
0x0000000004654000 	/System/Library/PrivateFrameworks/MultitouchSupport.framework/Versions/A/MultitouchSupport
0x0000000004654000 	/System/Library/Frameworks/IOKit.framework/Versions/A/IOKit
0x0000000004654000 	/usr/lib/libDiagnosticMessagesClient.dylib
0x0000000004654000 	/System/Library/Frameworks/CoreServices.framework/Versions/A/CoreServices
0x0000000004654000 	/System/Library/PrivateFrameworks/PerformanceAnalysis.framework/Versions/A/PerformanceAnalysis
0x0000000004654000 	/System/Library/PrivateFrameworks/GenerationalStorage.framework/Versions/A/GenerationalStorage
0x0000000004654000 	/System/Library/Frameworks/OpenGL.framework/Versions/A/OpenGL
0x0000000004654000 	/System/Library/PrivateFrameworks/Sharing.framework/Versions/A/Sharing
0x0000000004654000 	/System/Library/Frameworks/CoreGraphics.framework/Versions/A/CoreGraphics
0x0000000004654000 	/System/Library/Frameworks/CoreImage.framework/Versions/A/CoreImage
0x0000000004654000 	/System/Library/Frameworks/CoreText.framework/Versions/A/CoreText
0x0000000004654000 	/System/Library/Frameworks/ImageIO.framework/Versions/A/ImageIO
0x0000000004654000 	/System/Library/PrivateFrameworks/Backup.framework/Versions/A/Backup
0x0000000004654000 	/usr/lib/libextension.dylib
0x0000000004654000 	/usr/lib/libarchive.2.dylib
0x0000000004654000 	/System/Library/Frameworks/CFNetwork.framework/Versions/A/CFNetwork
0x0000000004654000 	/System/Library/Frameworks/SystemConfiguration.framework/Versions/A/SystemConfiguration
0x0000000004654000 	/usr/lib/libCRFSuite.dylib
0x0000000004654000 	/usr/lib/libc++.1.dylib
0x0000000004654000 	/usr/lib/libc++abi.dylib
0x0000000004654000 	/usr/lib/system/libcache.dylib
0x0000000004654000 	/usr/lib/system/libcommonCrypto.dylib
0x0000000004654000 	/usr/lib/system/libcompiler_rt.dylib
0x0000000004654000 	/usr/lib/system/libcopyfile.dylib
0x0000000004654000 	/usr/lib/system/libcorecrypto.dylib
0x0000000004654000 	/usr/lib/system/libdispatch.dylib
0x0000000004654000 	/usr/lib/system/libdyld.dylib
0x0000000004654000 	/usr/lib/system/libkeymgr.dylib
0x0000000004654000 	/usr/lib/system/liblaunch.dylib
0x0000000004654000 	/usr/lib/system/libmacho.dylib
0x0000000004654000 	/usr/lib/system/libquarantine.dylib
0x0000000004654000 	/usr/lib/system/libremovefile.dylib
0x0000000004654000 	/usr/lib/system/libsystem_asl.dylib
0x0000000004654000 	/usr/lib/system/libsystem_blocks.dylib
0x0000000004654000 	/usr/lib/system/libsystem_c.dylib
0x0000000004654000 	/usr/lib/system/libsystem_configuration.dylib
0x0000000004654000 	/usr/lib/system/libsystem_coreservices.dylib
0x0000000004654000 	/usr/lib/system/libsystem_coretls.dylib
0x0000000004654000 	/usr/lib/system/libsystem_dnssd.dylib
0x0000000004654000 	/usr/lib/system/libsystem_info.dylib
0x0000000004654000 	/usr/lib/system/libsystem_kernel.dylib
0x0000000004654000 	/usr/lib/system/libsystem_m.dylib
0x0000000004654000 	/usr/lib/system/libsystem_malloc.dylib
0x0000000004654000 	/usr/lib/system/libsystem_network.dylib
0x0000000004654000 	/usr/lib/system/libsystem_networkextension.dylib
0x0000000004654000 	/usr/lib/system/libsystem_notify.dylib
0x0000000004654000 	/usr/lib/system/libsystem_platform.dylib
0x0000000004654000 	/usr/lib/system/libsystem_pthread.dylib
0x0000000004654000 	/usr/lib/system/libsystem_sandbox.dylib
0x0000000004654000 	/usr/lib/system/libsystem_secinit.dylib
0x0000000004654000 	/usr/lib/system/libsystem_trace.dylib
0x0000000004654000 	/usr/lib/system/libunc.dylib
0x0000000004654000 	/usr/lib/system/libunwind.dylib
0x0000000004654000 	/usr/lib/system/libxpc.dylib
0x0000000004654000 	/usr/lib/libenergytrace.dylib
0x0000000004654000 	/usr/lib/libbsm.0.dylib
0x0000000004654000 	/usr/lib/system/libkxld.dylib
0x0000000004654000 	/usr/lib/libxar.1.dylib
0x0000000004654000 	/usr/lib/libsqlite3.dylib
0x0000000004654000 	/usr/lib/libpam.2.dylib
0x0000000004654000 	/usr/lib/libOpenScriptingUtil.dylib
0x0000000004654000 	/usr/lib/libbz2.1.0.dylib
0x0000000004654000 	/usr/lib/liblzma.5.dylib
0x0000000004654000 	/System/Library/Frameworks/CoreServices.framework/Versions/A/Frameworks/FSEvents.framework/Versions/A/FSEvents
0x0000000004654000 	/System/Library/Frameworks/CoreServices.framework/Versions/A/Frameworks/CarbonCore.framework/Versions/A/CarbonCore
0x0000000004654000 	/System/Library/Frameworks/CoreServices.framework/Versions/A/Frameworks/Metadata.framework/Versions/A/Metadata
0x0000000004654000 	/System/Library/Frameworks/CoreServices.framework/Versions/A/Frameworks/OSServices.framework/Versions/A/OSServices
0x0000000004654000 	/System/Library/Frameworks/CoreServices.framework/Versions/A/Frameworks/SearchKit.framework/Versions/A/SearchKit
0x0000000004654000 	/System/Library/Frameworks/CoreServices.framework/Versions/A/Frameworks/AE.framework/Versions/A/AE
0x0000000004654000 	/System/Library/Frameworks/CoreServices.framework/Versions/A/Frameworks/LaunchServices.framework/Versions/A/LaunchServices
0x0000000004654000 	/System/Library/Frameworks/CoreServices.framework/Versions/A/Frameworks/DictionaryServices.framework/Versions/A/DictionaryServices
0x0000000004654000 	/System/Library/Frameworks/CoreServices.framework/Versions/A/Frameworks/SharedFileList.framework/Versions/A/SharedFileList
0x0000000004654000 	/System/Library/Frameworks/NetFS.framework/Versions/A/NetFS
0x0000000004654000 	/System/Library/PrivateFrameworks/NetAuth.framework/Versions/A/NetAuth
0x0000000004654000 	/System/Library/PrivateFrameworks/login.framework/Versions/A/Frameworks/loginsupport.framework/Versions/A/loginsupport
0x0000000004654000 	/System/Library/PrivateFrameworks/TCC.framework/Versions/A/TCC
0x0000000004654000 	/usr/lib/libmecabra.dylib
0x0000000004654000 	/System/Library/Frameworks/ApplicationServices.framework/Versions/A/Frameworks/ATS.framework/Versions/A/ATS
0x0000000004654000 	/System/Library/Frameworks/ApplicationServices.framework/Versions/A/Frameworks/ColorSync.framework/Versions/A/ColorSync
0x0000000004654000 	/System/Library/Frameworks/ApplicationServices.framework/Versions/A/Frameworks/HIServices.framework/Versions/A/HIServices
0x0000000004654000 	/System/Library/Frameworks/ApplicationServices.framework/Versions/A/Frameworks/LangAnalysis.framework/Versions/A/LangAnalysis
0x0000000004654000 	/System/Library/Frameworks/ApplicationServices.framework/Versions/A/Frameworks/PrintCore.framework/Versions/A/PrintCore
0x0000000004654000 	/System/Library/Frameworks/ApplicationServices.framework/Versions/A/Frameworks/QD.framework/Versions/A/QD
0x0000000004654000 	/System/Library/Frameworks/ApplicationServices.framework/Versions/A/Frameworks/SpeechSynthesis.framework/Versions/A/SpeechSynthesis
0x0000000004654000 	/System/Library/Frameworks/Metal.framework/Versions/A/Metal
0x0000000004654000 	/System/Library/Frameworks/Accelerate.framework/Versions/A/Frameworks/vImage.framework/Versions/A/vImage
0x0000000004654000 	/System/Library/Frameworks/Accelerate.framework/Versions/A/Frameworks/vecLib.framework/Versions/A/vecLib
0x0000000004654000 	/System/Library/Frameworks/Accelerate.framework/Versions/A/Frameworks/vecLib.framework/Versions/A/libvDSP.dylib
0x0000000004654000 	/System/Library/Frameworks/Accelerate.framework/Versions/A/Frameworks/vecLib.framework/Versions/A/libvMisc.dylib
0x0000000004654000 	/System/Library/Frameworks/Accelerate.framework/Versions/A/Frameworks/vecLib.framework/Versions/A/libLAPACK.dylib
0x0000000004654000 	/System/Library/Frameworks/Accelerate.framework/Versions/A/Frameworks/vecLib.framework/Versions/A/libBLAS.dylib
0x0000000004654000 	/System/Library/Frameworks/Accelerate.framework/Versions/A/Frameworks/vecLib.framework/Versions/A/libLinearAlgebra.dylib
0x0000000004654000 	/System/Library/Frameworks/Accelerate.framework/Versions/A/Frameworks/vecLib.framework/Versions/A/libSparseBLAS.dylib
0x0000000004654000 	/System/Library/PrivateFrameworks/GPUCompiler.framework/libmetal_timestamp.dylib
0x0000000004654000 	/System/Library/Frameworks/OpenGL.framework/Versions/A/Libraries/libCoreFSCache.dylib
0x0000000004654000 	/System/Library/PrivateFrameworks/IOAccelerator.framework/Versions/A/IOAccelerator
0x0000000004654000 	/System/Library/Frameworks/ApplicationServices.framework/Versions/A/Frameworks/ATS.framework/Versions/A/Resources/libFontParser.dylib
0x0000000004654000 	/System/Library/Frameworks/ApplicationServices.framework/Versions/A/Frameworks/ATS.framework/Versions/A/Resources/libFontRegistry.dylib
0x0000000004654000 	/System/Library/PrivateFrameworks/AppleVPA.framework/Versions/A/AppleVPA
0x0000000004654000 	/System/Library/PrivateFrameworks/AppleJPEG.framework/Versions/A/AppleJPEG
0x0000000004654000 	/System/Library/Frameworks/ImageIO.framework/Versions/A/Resources/libJPEG.dylib
0x0000000004654000 	/System/Library/Frameworks/ImageIO.framework/Versions/A/Resources/libTIFF.dylib
0x0000000004654000 	/System/Library/Frameworks/ImageIO.framework/Versions/A/Resources/libPng.dylib
0x0000000004654000 	/System/Library/Frameworks/ImageIO.framework/Versions/A/Resources/libGIF.dylib
0x0000000004654000 	/System/Library/Frameworks/ImageIO.framework/Versions/A/Resources/libJP2.dylib
0x0000000004654000 	/System/Library/Frameworks/ImageIO.framework/Versions/A/Resources/libRadiance.dylib
0x0000000004654000 	/System/Library/Frameworks/CoreVideo.framework/Versions/A/CoreVideo
0x0000000004654000 	/System/Library/Frameworks/OpenGL.framework/Versions/A/Libraries/libGLU.dylib
0x0000000004654000 	/System/Library/Frameworks/OpenGL.framework/Versions/A/Libraries/libGFXShared.dylib
0x0000000004654000 	/System/Library/Frameworks/OpenGL.framework/Versions/A/Libraries/libGL.dylib
0x0000000004654000 	/System/Library/Frameworks/OpenGL.framework/Versions/A/Libraries/libGLImage.dylib
0x0000000004654000 	/System/Library/Frameworks/OpenGL.framework/Versions/A/Libraries/libCVMSPluginSupport.dylib
0x0000000004654000 	/System/Library/Frameworks/OpenGL.framework/Versions/A/Libraries/libCoreVMClient.dylib
0x0000000004654000 	/usr/lib/libcompression.dylib
0x0000000004654000 	/usr/lib/libcups.2.dylib
0x0000000004654000 	/System/Library/Frameworks/Kerberos.framework/Versions/A/Kerberos
0x0000000004654000 	/System/Library/Frameworks/GSS.framework/Versions/A/GSS
0x0000000004654000 	/usr/lib/libresolv.9.dylib
0x0000000004654000 	/usr/lib/libiconv.2.dylib
0x0000000004654000 	/System/Library/PrivateFrameworks/Heimdal.framework/Versions/A/Heimdal
0x0000000004654000 	/usr/lib/libheimdal-asn1.dylib
0x0000000004654000 	/System/Library/Frameworks/OpenDirectory.framework/Versions/A/OpenDirectory
0x0000000004654000 	/System/Library/PrivateFrameworks/CommonAuth.framework/Versions/A/CommonAuth
0x0000000004654000 	/System/Library/Frameworks/OpenDirectory.framework/Versions/A/Frameworks/CFOpenDirectory.framework/Versions/A/CFOpenDirectory
0x0000000004654000 	/System/Library/Frameworks/SecurityFoundation.framework/Versions/A/SecurityFoundation
0x0000000004654000 	/System/Library/PrivateFrameworks/LanguageModeling.framework/Versions/A/LanguageModeling
0x0000000004654000 	/usr/lib/libmarisa.dylib
0x0000000004654000 	/usr/lib/libChineseTokenizer.dylib
0x0000000004654000 	/usr/lib/libcmph.dylib
0x0000000004654000 	/System/Library/Frameworks/ServiceManagement.framework/Versions/A/ServiceManagement
0x0000000004654000 	/usr/lib/libxslt.1.dylib
0x0000000004654000 	/System/Library/Frameworks/Carbon.framework/Versions/A/Frameworks/Ink.framework/Versions/A/Ink
0x0000000004654000 	/usr/lib/libFosl_dynamic.dylib
0x0000000004654000 	/System/Library/PrivateFrameworks/FaceCore.framework/Versions/A/FaceCore
0x0000000004654000 	/System/Library/Frameworks/OpenCL.framework/Versions/A/OpenCL
0x0000000004654000 	/System/Library/PrivateFrameworks/CrashReporterSupport.framework/Versions/A/CrashReporterSupport
0x0000000004654000 	/System/Library/PrivateFrameworks/IconServices.framework/Versions/A/IconServices
0x0000000004654000 	/System/Library/PrivateFrameworks/Apple80211.framework/Versions/A/Apple80211
0x0000000004654000 	/System/Library/Frameworks/CoreWLAN.framework/Versions/A/CoreWLAN
0x0000000004654000 	/System/Library/Frameworks/IOBluetooth.framework/Versions/A/IOBluetooth
0x0000000004654000 	/System/Library/PrivateFrameworks/CoreWiFi.framework/Versions/A/CoreWiFi
0x0000000004654000 	/System/Library/Frameworks/CoreBluetooth.framework/Versions/A/CoreBluetooth
0x0000000004654000 	/System/Library/PrivateFrameworks/ChunkingLibrary.framework/Versions/A/ChunkingLibrary
0x0000000004654000 	/System/Library/PrivateFrameworks/DebugSymbols.framework/Versions/A/DebugSymbols
0x0000000004654000 	/System/Library/PrivateFrameworks/CoreSymbolication.framework/Versions/A/CoreSymbolication
0x0000000004654000 	/System/Library/PrivateFrameworks/Symbolication.framework/Versions/A/Symbolication
0x0000000004654000 	/System/Library/PrivateFrameworks/SpeechRecognitionCore.framework/Versions/A/SpeechRecognitionCore
0x0000000104368000 	/Library/Java/JavaVirtualMachines/jdk1.8.0_101.jdk/Contents/Home/jre/lib/server/libjvm.dylib
0x0000000004654000 	/usr/lib/libstdc++.6.dylib
0x0000000105309000 	/Library/Java/JavaVirtualMachines/jdk1.8.0_101.jdk/Contents/Home/jre/lib/libverify.dylib
0x0000000105317000 	/Library/Java/JavaVirtualMachines/jdk1.8.0_101.jdk/Contents/Home/jre/lib/libjava.dylib
0x0000000105356000 	/Library/Java/JavaVirtualMachines/jdk1.8.0_101.jdk/Contents/Home/jre/lib/libzip.dylib
0x000000011b4d3000 	/System/Library/Frameworks/JavaVM.framework/Frameworks/JavaRuntimeSupport.framework/JavaRuntimeSupport
0x000000011b4ee000 	/System/Library/Frameworks/JavaVM.framework/Versions/A/Frameworks/JavaNativeFoundation.framework/Versions/A/JavaNativeFoundation
0x00000001053f0000 	/System/Library/Frameworks/JavaVM.framework/Versions/A/JavaVM
0x0000000004654000 	/System/Library/Frameworks/Carbon.framework/Versions/A/Carbon
0x000000011b503000 	/System/Library/PrivateFrameworks/JavaLaunching.framework/Versions/A/JavaLaunching
0x0000000004654000 	/System/Library/Frameworks/Carbon.framework/Versions/A/Frameworks/CommonPanels.framework/Versions/A/CommonPanels
0x0000000004654000 	/System/Library/Frameworks/Carbon.framework/Versions/A/Frameworks/Help.framework/Versions/A/Help
0x0000000004654000 	/System/Library/Frameworks/Carbon.framework/Versions/A/Frameworks/ImageCapture.framework/Versions/A/ImageCapture
0x0000000004654000 	/System/Library/Frameworks/Carbon.framework/Versions/A/Frameworks/OpenScripting.framework/Versions/A/OpenScripting
0x0000000004654000 	/System/Library/Frameworks/Carbon.framework/Versions/A/Frameworks/Print.framework/Versions/A/Print
0x0000000004654000 	/System/Library/Frameworks/Carbon.framework/Versions/A/Frameworks/SecurityHI.framework/Versions/A/SecurityHI
0x000000011cf57000 	/Applications/IntelliJ IDEA CE.app/Contents/bin/libbreakgen64.jnilib
0x000000011cf5a000 	/Library/Java/JavaVirtualMachines/jdk1.8.0_101.jdk/Contents/Home/jre/lib/libnet.dylib
0x000000011cfb9000 	/private/var/folders/hx/chl3wz1s6d9g8dgpv9pfrkzw0000gn/T/bluecove_maximerichard_0/libbluecove.jnilib
0x000000011d005000 	/private/var/folders/hx/chl3wz1s6d9g8dgpv9pfrkzw0000gn/T/sqlite-3.8.11.2-7e129d78-7bf7-4c11-ac90-8a84d66962d6-libsqlitejdbc.jnilib
0x000000011d2a1000 	/Library/Java/JavaVirtualMachines/jdk1.8.0_101.jdk/Contents/Home/jre/lib/libawt.dylib
0x000000011d349000 	/Library/Java/JavaVirtualMachines/jdk1.8.0_101.jdk/Contents/Home/jre/lib/./libmlib_image.dylib
0x000000011d415000 	/Library/Java/JavaVirtualMachines/jdk1.8.0_101.jdk/Contents/Home/jre/lib/libawt_lwawt.dylib
0x000000011d4ca000 	/Library/Java/JavaVirtualMachines/jdk1.8.0_101.jdk/Contents/Home/jre/lib/./libosxapp.dylib
0x0000000004654000 	/System/Library/Frameworks/ExceptionHandling.framework/Versions/A/ExceptionHandling
0x0000000004654000 	/System/Library/PrivateFrameworks/CoreServicesInternal.framework/Versions/A/CoreServicesInternal
0x0000000004654000 	/System/Library/Frameworks/CoreGraphics.framework/Versions/A/Resources/libRIP.A.dylib
0x0000000004654000 	/System/Library/Frameworks/Accelerate.framework/Versions/A/Frameworks/vImage.framework/Versions/A/Libraries/libCGInterfaces.dylib
0x0000000004654000 	/System/Library/Frameworks/CoreGraphics.framework/Versions/A/Resources/libCGXType.A.dylib
0x0000000004654000 	/System/Library/Frameworks/OpenCL.framework/Versions/A/Libraries/libcldcpuengine.dylib
0x0000000004654000 	/System/Library/PrivateFrameworks/DiskImages.framework/Versions/A/DiskImages
0x0000000004654000 	/System/Library/Frameworks/DiscRecording.framework/Versions/A/DiscRecording
0x0000000004654000 	/usr/lib/libcsfde.dylib
0x0000000004654000 	/usr/lib/libcurl.4.dylib
0x0000000004654000 	/System/Library/PrivateFrameworks/MediaKit.framework/Versions/A/MediaKit
0x0000000004654000 	/System/Library/PrivateFrameworks/ProtectedCloudStorage.framework/Versions/A/ProtectedCloudStorage
0x0000000004654000 	/usr/lib/libCoreStorage.dylib
0x0000000004654000 	/System/Library/PrivateFrameworks/EFILogin.framework/Versions/A/EFILogin
0x0000000004654000 	/usr/lib/libutil.dylib
0x0000000004654000 	/System/Library/PrivateFrameworks/FindMyDevice.framework/Versions/A/FindMyDevice
0x0000000004654000 	/System/Library/Frameworks/LDAP.framework/Versions/A/LDAP
0x0000000004654000 	/usr/lib/libsasl2.2.dylib
0x0000000004654000 	/System/Library/PrivateFrameworks/CoreDaemon.framework/Versions/B/CoreDaemon
0x0000000004654000 	/usr/lib/libcrypto.0.9.8.dylib
0x0000000004654000 	/System/Library/PrivateFrameworks/AppleSRP.framework/Versions/A/AppleSRP
0x0000000004654000 	/System/Library/PrivateFrameworks/TrustEvaluationAgent.framework/Versions/A/TrustEvaluationAgent
0x000000011df21000 	cl_kernels
0x0000000004654000 	/System/Library/Frameworks/OpenCL.framework/Versions/A/Libraries/ImageFormats/unorm8_bgra.dylib
0x0000000004654000 	/System/Library/Frameworks/OpenCL.framework/Versions/A/Libraries/ImageFormats/unorm8_rgba.dylib
0x0000000004654000 	/System/Library/PrivateFrameworks/FamilyControls.framework/Versions/A/FamilyControls
0x0000000004654000 	/System/Library/PrivateFrameworks/CommerceKit.framework/Versions/A/Frameworks/CommerceCore.framework/Versions/A/CommerceCore
0x0000000004654000 	/System/Library/PrivateFrameworks/SystemAdministration.framework/Versions/A/SystemAdministration
0x0000000004654000 	/System/Library/PrivateFrameworks/AppContainer.framework/Versions/A/AppContainer
0x0000000004654000 	/System/Library/PrivateFrameworks/SecCodeWrapper.framework/Versions/A/SecCodeWrapper
0x0000000004654000 	/System/Library/Frameworks/DirectoryService.framework/Versions/A/DirectoryService
0x0000000004654000 	/System/Library/PrivateFrameworks/LoginUIKit.framework/Versions/A/Frameworks/LoginUICore.framework/Versions/A/LoginUICore
0x0000000004654000 	/usr/lib/libodfde.dylib
0x000000011fc92000 	/Library/Java/JavaVirtualMachines/jdk1.8.0_101.jdk/Contents/Home/jre/lib/libfontmanager.dylib
0x000000011de74000 	/Library/Java/JavaVirtualMachines/jdk1.8.0_101.jdk/Contents/Home/jre/lib/libosxui.dylib
0x0000000004654000 	/System/Library/Frameworks/OpenGL.framework/Versions/A/Resources/GLEngine.bundle/GLEngine
0x0000000004654000 	/System/Library/Frameworks/OpenGL.framework/Versions/A/Libraries/libGLProgrammability.dylib
0x0000000120737000 	/System/Library/Extensions/AppleIntelBDWGraphicsGLDriver.bundle/Contents/MacOS/AppleIntelBDWGraphicsGLDriver
0x0000000004654000 	/System/Library/PrivateFrameworks/GPUSupport.framework/Versions/A/Libraries/libGPUSupportMercury.dylib
0x0000000004654000 	/System/Library/Frameworks/OpenGL.framework/Versions/A/Resources/GLRendererFloat.bundle/GLRendererFloat
0x0000000121928000 	/Library/Java/JavaVirtualMachines/jdk1.8.0_101.jdk/Contents/Home/jre/lib/libnio.dylib
0x0000000004654000 	/System/Library/Frameworks/ApplicationServices.framework/Versions/A/Frameworks/ATS.framework/Versions/A/Resources/libTrueTypeScaler.dylib
0x00000001742f5000 	/System/Library/Extensions/AppleIntelBDWGraphicsMTLDriver.bundle/Contents/MacOS/AppleIntelBDWGraphicsMTLDriver
0x0000000004654000 	/System/Library/CoreServices/RawCamera.bundle/Contents/MacOS/RawCamera
0x0000000172e16000 	/Library/Java/JavaVirtualMachines/jdk1.8.0_101.jdk/Contents/Home/jre/lib/libjpeg.dylib
0x0000000172e43000 	/Library/Java/JavaVirtualMachines/jdk1.8.0_101.jdk/Contents/Home/jre/lib/liblcms.dylib

VM Arguments:
jvm_args: -Didea.launcher.port=7538 -Didea.launcher.bin.path=/Applications/IntelliJ IDEA CE.app/Contents/bin -Dfile.encoding=UTF-8 
java_command: com.intellij.rt.execution.application.AppMain com.sciquizapp.sciquizserver.MyServer
java_class_path (initial): /Library/Java/JavaVirtualMachines/jdk1.8.0_101.jdk/Contents/Home/jre/lib/charsets.jar:/Library/Java/JavaVirtualMachines/jdk1.8.0_101.jdk/Contents/Home/jre/lib/deploy.jar:/Library/Java/JavaVirtualMachines/jdk1.8.0_101.jdk/Contents/Home/jre/lib/ext/cldrdata.jar:/Library/Java/JavaVirtualMachines/jdk1.8.0_101.jdk/Contents/Home/jre/lib/ext/dnsns.jar:/Library/Java/JavaVirtualMachines/jdk1.8.0_101.jdk/Contents/Home/jre/lib/ext/jaccess.jar:/Library/Java/JavaVirtualMachines/jdk1.8.0_101.jdk/Contents/Home/jre/lib/ext/jfxrt.jar:/Library/Java/JavaVirtualMachines/jdk1.8.0_101.jdk/Contents/Home/jre/lib/ext/localedata.jar:/Library/Java/JavaVirtualMachines/jdk1.8.0_101.jdk/Contents/Home/jre/lib/ext/nashorn.jar:/Library/Java/JavaVirtualMachines/jdk1.8.0_101.jdk/Contents/Home/jre/lib/ext/sunec.jar:/Library/Java/JavaVirtualMachines/jdk1.8.0_101.jdk/Contents/Home/jre/lib/ext/sunjce_provider.jar:/Library/Java/JavaVirtualMachines/jdk1.8.0_101.jdk/Contents/Home/jre/lib/ext/sunpkcs11.jar:/Library/Java/JavaVirtualMachines/jdk1.8.0_101.jdk/Contents/Home/jre/lib/ext/zipfs.jar:/Library/Java/JavaVirtualMachines/jdk1.8.0_101.jdk/Contents/Home/jre/lib/javaws.jar:/Library/Java/JavaVirtualMachines/jdk1.8.0_101.jdk/Contents/Home/jre/lib/jce.jar:/Library/Java/JavaVirtualMachines/jdk1.8.0_101.jdk/Contents/Home/jre/lib/jfr.jar:/Library/Java/JavaVirtualMachines/jdk1.8.0_101.jdk/Contents/Home/jre/lib/jfxswt.jar:/Library/Java/JavaVirtualMachines/jdk1.8.0_101.jdk/Contents/Home/jre/lib/jsse.jar:/Library/Java/JavaVirtualMachines/jdk1.8.0_101.jdk/Contents/Home/jre/lib/management-agent.jar:/Library/Java/JavaVirtualMachines/jdk1.8.0_101.jdk/Contents/Home/jre/lib/plugin.jar:/Library/Java/JavaVirtualMachines/jdk1.8.0_101.jdk/Contents/Home/jre/lib/resources.jar:/Library/Java/JavaVirtualMachines/jdk1.8.0_101.jdk/Contents/Home/jre/lib/rt.jar:/Library/Java/JavaVirtualMachines/jdk1.8.0_101.jdk/Contents/Home/lib/ant-javafx.jar:/Library/Java/JavaVirtualMachines/jdk1.8.0_101.jdk/Contents/Home
Launcher Type: SUN_STANDARD

Environment Variables:
PATH=/usr/local/bin:/usr/bin:/bin:/usr/sbin:/sbin
SHELL=/bin/bash

Signal Handlers:
SIGSEGV: [libjvm.dylib+0x5af145], sa_mask[0]=11111111011111110111111111111111, sa_flags=SA_ONSTACK|SA_RESTART|SA_SIGINFO
SIGBUS: [libjvm.dylib+0x5af145], sa_mask[0]=11111111011111110111111111111111, sa_flags=SA_RESTART|SA_SIGINFO
SIGFPE: [libjvm.dylib+0x48694c], sa_mask[0]=11111111011111110111111111111111, sa_flags=SA_RESTART|SA_SIGINFO
SIGPIPE: [libjvm.dylib+0x48694c], sa_mask[0]=11111111011111110111111111111111, sa_flags=SA_RESTART|SA_SIGINFO
SIGXFSZ: [libjvm.dylib+0x48694c], sa_mask[0]=11111111011111110111111111111111, sa_flags=SA_RESTART|SA_SIGINFO
SIGILL: [libjvm.dylib+0x48694c], sa_mask[0]=11111111011111110111111111111111, sa_flags=SA_RESTART|SA_SIGINFO
SIGUSR1: SIG_DFL, sa_mask[0]=00000000000000000000000000000000, sa_flags=none
SIGUSR2: [libjvm.dylib+0x48646a], sa_mask[0]=00100000000000000000000000000000, sa_flags=SA_RESTART|SA_SIGINFO
SIGHUP: [libjvm.dylib+0x484a41], sa_mask[0]=11111111011111110111111111111111, sa_flags=SA_RESTART|SA_SIGINFO
SIGINT: [libjvm.dylib+0x484a41], sa_mask[0]=11111111011111110111111111111111, sa_flags=SA_RESTART|SA_SIGINFO
SIGTERM: [libjvm.dylib+0x484a41], sa_mask[0]=11111111011111110111111111111111, sa_flags=SA_RESTART|SA_SIGINFO
SIGQUIT: [libjvm.dylib+0x484a41], sa_mask[0]=11111111011111110111111111111111, sa_flags=SA_RESTART|SA_SIGINFO


---------------  S Y S T E M  ---------------

OS:Bsduname:Darwin 15.6.0 Darwin Kernel Version 15.6.0: Thu Jun 23 18:25:34 PDT 2016; root:xnu-3248.60.10~1/RELEASE_X86_64 x86_64
rlimit: STACK 8192k, CORE 0k, NPROC 709, NOFILE 10240, AS infinity
load average:21.44 11.60 8.14

CPU:total 4 (2 cores per cpu, 2 threads per core) family 6 model 61 stepping 4, cmov, cx8, fxsr, mmx, sse, sse2, sse3, ssse3, sse4.1, sse4.2, popcnt, avx, avx2, aes, clmul, erms, 3dnowpref, lzcnt, ht, tsc, tscinvbit, bmi1, bmi2, adx

Memory: 4k page, physical 8388608k(796416k free)

/proc/meminfo:


vm_info: Java HotSpot(TM) 64-Bit Server VM (25.101-b13) for bsd-amd64 JRE (1.8.0_101-b13), built on Jun 22 2016 02:42:15 by "java_re" with gcc 4.2.1 (Based on Apple Inc. build 5658) (LLVM build 2336.11.00)

time: Tue Feb  7 22:39:23 2017
elapsed time: 53 seconds (0d 0h 0m 53s)

