#
# A fatal error has been detected by the Java Runtime Environment:
#
#  SIGSEGV (0xb) at pc=0x0000000102d6eb7b, pid=2275, tid=0x000000000000a01b
#
# JRE version: Java(TM) SE Runtime Environment (8.0_101-b13) (build 1.8.0_101-b13)
# Java VM: Java HotSpot(TM) 64-Bit Server VM (25.101-b13 mixed mode bsd-amd64 compressed oops)
# Problematic frame:
# J 1067 C1 javax.swing.JComponent.paint(Ljava/awt/Graphics;)V (409 bytes) @ 0x0000000102d6eb7b [0x0000000102d6d200+0x197b]
#
# Failed to write core dump. Core dumps have been disabled. To enable core dumping, try "ulimit -c unlimited" before starting Java again
#
# If you would like to submit a bug report, please visit:
#   http://bugreport.java.com/bugreport/crash.jsp
#

---------------  T H R E A D  ---------------

Current thread (0x00007fba5d30e800):  JavaThread "AWT-EventQueue-0" [_thread_in_Java, id=40987, stack(0x000070000196b000,0x0000700001a6b000)]

siginfo: si_signo: 11 (SIGSEGV), si_code: 1 (SEGV_MAPERR), si_addr: 0x00000000962e1ac8

Registers:
RAX=0x0000000171cdb8b0, RBX=0x0000000171cae680, RCX=0x0000000000000001, RDX=0x0000000171cd5fa0
RSP=0x0000700001a68230, RBP=0x0000700001a685a0, RSI=0x00000000962e1ac0, RDI=0x00000007c0106828
R8 =0x00000000ffffffff, R9 =0x0000000000000000, R10=0x0000000003cb8b5d, R11=0x000000010e3c0000
R12=0x0000000000000000, R13=0x0000000102e00d5c, R14=0x0000700001a68158, R15=0x00007fba5d30e800
RIP=0x0000000102d6eb7b, EFLAGS=0x0000000000010246, ERR=0x0000000000000004
  TRAPNO=0x000000000000000e

Top of Stack: (sp=0x0000700001a68230)
0x0000700001a68230:   0000000000000000 000000079716b820
0x0000700001a68240:   0000700001a68270 0000700001a68270
0x0000700001a68250:   0000000000000118 0000000795f7c0a0
0x0000700001a68260:   0000000000000bde 0000000117082400
0x0000700001a68270:   0000700001a685a0 0000000102d20a9c
0x0000700001a68280:   ffffffffffffffff 0000000117082400
0x0000700001a68290:   0000700001a682f0 000000079716b401
0x0000700001a682a0:   0000700001a685a0 00000000962e1ac0
0x0000700001a682b0:   000000079716b9c8 0000000795f7c130
0x0000700001a682c0:   000000079716bae8 0000000000000000
0x0000700001a682d0:   0000001d000000ae 0000000000000000
0x0000700001a682e0:   000000079716b820 0000009c00000000
0x0000700001a682f0:   000000079716b820 0000000102a082bd
0x0000700001a68300:   0000700001a685a0 0000000102f2f3ac
0x0000700001a68310:   00000000000000d6 00000000000000ae
0x0000700001a68320:   0000000000000000 0000000000000000
0x0000700001a68330:   0000000795f4cf90 0000000796142e78
0x0000700001a68340:   0000700001a68340 000000011e4da070
0x0000700001a68350:   0000700001a683a0 000000011e4da720
0x0000700001a68360:   0000000000000000 000000011e4da078
0x0000700001a68370:   0000000000000000 0000700001a68390
0x0000700001a68380:   0000700001a683e8 0000000796142e78
0x0000700001a68390:   000000079716b4a0 000000079716b5e0
0x0000700001a683a0:   0000000000000003 0000000796336158
0x0000700001a683b0:   0000000000000000 0000000100000000
0x0000700001a683c0:   0000000100000002 00000007962e1ac0
0x0000700001a683d0:   0000000796336158 0000000000000000
0x0000700001a683e0:   0000700001a68410 0000009c00000000
0x0000700001a683f0:   0000001d000000ae 000000079716b820
0x0000700001a68400:   000000079716b820 0000000100000001
0x0000700001a68410:   0000000796142e78 000000ae00000000
0x0000700001a68420:   0000001d0000009c 0000000000000001 

Instructions: (pc=0x0000000102d6eb7b)
0x0000000102d6eb5b:   78 90 48 b8 ff ff ff ff ff ff ff ff e8 74 3e da
0x0000000102d6eb6b:   ff 48 8b 74 24 78 48 ba a0 5f cd 71 01 00 00 00
0x0000000102d6eb7b:   8b 76 08 48 c1 e6 03 48 3b b2 28 08 00 00 75 0d
0x0000000102d6eb8b:   48 83 82 30 08 00 00 01 e9 66 00 00 00 48 3b b2 

Register to memory mapping:

RAX=0x0000000171cdb8b0 is pointing into metadata
RBX=0x0000000171cae680 is pointing into metadata
RCX=0x0000000000000001 is an unknown value
RDX=0x0000000171cd5fa0 is pointing into metadata
RSP=0x0000700001a68230 is pointing into the stack for thread: 0x00007fba5d30e800
RBP=0x0000700001a685a0 is pointing into the stack for thread: 0x00007fba5d30e800
RSI=0x00000000962e1ac0 is an unknown value
RDI=0x00000007c0106828 is pointing into metadata
R8 =0x00000000ffffffff is an unknown value
R9 =0x0000000000000000 is an unknown value
R10=0x0000000003cb8b5d is an unknown value
R11=0x000000010e3c0000 is an unknown value
R12=0x0000000000000000 is an unknown value
R13=0x0000000102e00d5c is at entry_point+1852 in (nmethod*)0x0000000102e00450
R14=0x0000700001a68158 is pointing into the stack for thread: 0x00007fba5d30e800
R15=0x00007fba5d30e800 is a thread


Stack: [0x000070000196b000,0x0000700001a6b000],  sp=0x0000700001a68230,  free space=1012k
Native frames: (J=compiled Java code, j=interpreted, Vv=VM code, C=native code)
J 1067 C1 javax.swing.JComponent.paint(Ljava/awt/Graphics;)V (409 bytes) @ 0x0000000102d6eb7b [0x0000000102d6d200+0x197b]
J 1653 C1 javax.swing.JComponent.paintChildren(Ljava/awt/Graphics;)V (669 bytes) @ 0x0000000102f2f3ac [0x0000000102f2bf40+0x346c]
J 1067 C1 javax.swing.JComponent.paint(Ljava/awt/Graphics;)V (409 bytes) @ 0x0000000102d6f004 [0x0000000102d6d200+0x1e04]
j  javax.swing.JComponent.paintToOffscreen(Ljava/awt/Graphics;IIIIII)V+41
j  javax.swing.RepaintManager$PaintManager.paintDoubleBuffered(Ljavax/swing/JComponent;Ljava/awt/Image;Ljava/awt/Graphics;IIII)V+163
j  javax.swing.RepaintManager$PaintManager.paint(Ljavax/swing/JComponent;Ljavax/swing/JComponent;Ljava/awt/Graphics;IIII)Z+116
j  javax.swing.RepaintManager.paint(Ljavax/swing/JComponent;Ljavax/swing/JComponent;Ljava/awt/Graphics;IIII)V+51
j  javax.swing.JComponent._paintImmediately(IIII)V+683
j  javax.swing.JComponent.paintImmediately(IIII)V+138
j  javax.swing.RepaintManager$4.run()Ljava/lang/Void;+81
j  javax.swing.RepaintManager$4.run()Ljava/lang/Object;+1
v  ~StubRoutines::call_stub
V  [libjvm.dylib+0x2ecf06]  JavaCalls::call_helper(JavaValue*, methodHandle*, JavaCallArguments*, Thread*)+0x6ae
V  [libjvm.dylib+0x34d69c]  JVM_DoPrivileged+0x4b8
J 795  java.security.AccessController.doPrivileged(Ljava/security/PrivilegedAction;Ljava/security/AccessControlContext;)Ljava/lang/Object; (0 bytes) @ 0x0000000102cdd955 [0x0000000102cdd880+0xd5]
J 803 C1 java.security.ProtectionDomain$JavaSecurityAccessImpl.doIntersectionPrivilege(Ljava/security/PrivilegedAction;Ljava/security/AccessControlContext;Ljava/security/AccessControlContext;)Ljava/lang/Object; (22 bytes) @ 0x0000000102ce5b1c [0x0000000102ce56a0+0x47c]
j  javax.swing.RepaintManager.paintDirtyRegions(Ljava/util/Map;)V+154
j  javax.swing.RepaintManager.paintDirtyRegions()V+46
j  javax.swing.RepaintManager.prePaintDirtyRegions()V+73
j  javax.swing.RepaintManager.access$1200(Ljavax/swing/RepaintManager;)V+1
j  javax.swing.RepaintManager$ProcessingRunnable.run()V+37
J 1391 C1 java.awt.event.InvocationEvent.dispatch()V (69 bytes) @ 0x0000000102e83a54 [0x0000000102e83840+0x214]
J 1120 C1 java.awt.EventQueue.dispatchEventImpl(Ljava/awt/AWTEvent;Ljava/lang/Object;)V (149 bytes) @ 0x0000000102d94b6c [0x0000000102d93080+0x1aec]
J 903 C1 java.awt.EventQueue$3.run()Ljava/lang/Void; (60 bytes) @ 0x0000000102d11814 [0x0000000102d11600+0x214]
J 1118 C1 java.awt.EventQueue$3.run()Ljava/lang/Object; (5 bytes) @ 0x0000000102d8a68c [0x0000000102d8a600+0x8c]
v  ~StubRoutines::call_stub
V  [libjvm.dylib+0x2ecf06]  JavaCalls::call_helper(JavaValue*, methodHandle*, JavaCallArguments*, Thread*)+0x6ae
V  [libjvm.dylib+0x34d69c]  JVM_DoPrivileged+0x4b8
J 795  java.security.AccessController.doPrivileged(Ljava/security/PrivilegedAction;Ljava/security/AccessControlContext;)Ljava/lang/Object; (0 bytes) @ 0x0000000102cdd955 [0x0000000102cdd880+0xd5]
J 901 C1 java.awt.EventQueue.dispatchEvent(Ljava/awt/AWTEvent;)V (80 bytes) @ 0x0000000102d0fcac [0x0000000102d0f300+0x9ac]
J 905 C1 java.awt.EventDispatchThread.pumpOneEventForFilters(I)V (295 bytes) @ 0x0000000102d147bc [0x0000000102d12c40+0x1b7c]
j  java.awt.EventDispatchThread.pumpEventsForFilter(ILjava/awt/Conditional;Ljava/awt/EventFilter;)V+35
j  java.awt.EventDispatchThread.pumpEventsForHierarchy(ILjava/awt/Conditional;Ljava/awt/Component;)V+11
j  java.awt.EventDispatchThread.pumpEvents(ILjava/awt/Conditional;)V+4
j  java.awt.EventDispatchThread.pumpEvents(Ljava/awt/Conditional;)V+3
j  java.awt.EventDispatchThread.run()V+9
v  ~StubRoutines::call_stub
V  [libjvm.dylib+0x2ecf06]  JavaCalls::call_helper(JavaValue*, methodHandle*, JavaCallArguments*, Thread*)+0x6ae
V  [libjvm.dylib+0x2ed694]  JavaCalls::call_virtual(JavaValue*, KlassHandle, Symbol*, Symbol*, JavaCallArguments*, Thread*)+0x164
V  [libjvm.dylib+0x2ed840]  JavaCalls::call_virtual(JavaValue*, Handle, KlassHandle, Symbol*, Symbol*, Thread*)+0x4a
V  [libjvm.dylib+0x348029]  thread_entry(JavaThread*, Thread*)+0x7c
V  [libjvm.dylib+0x5695ab]  JavaThread::thread_main_inner()+0x9b
V  [libjvm.dylib+0x56ac98]  JavaThread::run()+0x1c2
V  [libjvm.dylib+0x48933a]  java_start(Thread*)+0xf6
C  [libsystem_pthread.dylib+0x399d]  _pthread_body+0x83
C  [libsystem_pthread.dylib+0x391a]  _pthread_body+0x0
C  [libsystem_pthread.dylib+0x1351]  thread_start+0xd
C  0x0000000000000000


---------------  P R O C E S S  ---------------

Java Threads: ( => current thread )
  0x00007fba5c060000 JavaThread "TimerQueue" daemon [_thread_blocked, id=74103, stack(0x0000700001bf4000,0x0000700001cf4000)]
  0x00007fba5d9eb000 JavaThread "Thread-2" [_thread_in_native, id=72963, stack(0x0000700001af1000,0x0000700001bf1000)]
  0x00007fba5d14e000 JavaThread "DestroyJavaVM" [_thread_blocked, id=4099, stack(0x0000700000084000,0x0000700000184000)]
=>0x00007fba5d30e800 JavaThread "AWT-EventQueue-0" [_thread_in_Java, id=40987, stack(0x000070000196b000,0x0000700001a6b000)]
  0x00007fba5d242000 JavaThread "AWT-Shutdown" [_thread_blocked, id=64775, stack(0x00007000015df000,0x00007000016df000)]
  0x00007fba5c1e9800 JavaThread "Java2D Disposer" daemon [_thread_blocked, id=64263, stack(0x0000700001868000,0x0000700001968000)]
  0x00007fba5c1ef000 JavaThread "Java2D Queue Flusher" daemon [_thread_blocked, id=60935, stack(0x0000700001765000,0x0000700001865000)]
  0x00007fba5d170800 JavaThread "AppKit Thread" daemon [_thread_in_native, id=2571, stack(0x00007fff5e493000,0x00007fff5ec93000)]
  0x00007fba5d8dc800 JavaThread "BluecoveAsynchronousShutdownThread" daemon [_thread_blocked, id=21251, stack(0x00007000012d0000,0x00007000013d0000)]
  0x00007fba5d080000 JavaThread "Abandoned connection cleanup thread" daemon [_thread_blocked, id=20483, stack(0x00007000011cd000,0x00007000012cd000)]
  0x00007fba5d85b800 JavaThread "Thread-0" [_thread_in_native, id=19971, stack(0x00007000010ca000,0x00007000011ca000)]
  0x00007fba5d856800 JavaThread "Monitor Ctrl-Break" daemon [_thread_in_native, id=19459, stack(0x0000700000fc7000,0x00007000010c7000)]
  0x00007fba5d059800 JavaThread "Service Thread" daemon [_thread_blocked, id=18435, stack(0x0000700000dc1000,0x0000700000ec1000)]
  0x00007fba5c816800 JavaThread "C1 CompilerThread2" daemon [_thread_blocked, id=17923, stack(0x0000700000cbe000,0x0000700000dbe000)]
  0x00007fba5c815800 JavaThread "C2 CompilerThread1" daemon [_thread_blocked, id=17411, stack(0x0000700000bbb000,0x0000700000cbb000)]
  0x00007fba5d825000 JavaThread "C2 CompilerThread0" daemon [_thread_blocked, id=16899, stack(0x0000700000ab8000,0x0000700000bb8000)]
  0x00007fba5d801000 JavaThread "Signal Dispatcher" daemon [_thread_blocked, id=12815, stack(0x00007000009b5000,0x0000700000ab5000)]
  0x00007fba5d00c000 JavaThread "Finalizer" daemon [_thread_blocked, id=11779, stack(0x000070000082f000,0x000070000092f000)]
  0x00007fba5d00b000 JavaThread "Reference Handler" daemon [_thread_blocked, id=11267, stack(0x000070000072c000,0x000070000082c000)]

Other Threads:
  0x00007fba5d008800 VMThread [stack: 0x0000700000629000,0x0000700000729000] [id=10755]
  0x00007fba5c815000 WatcherThread [stack: 0x0000700000ec4000,0x0000700000fc4000] [id=18947]

VM state:not at safepoint (normal execution)

VM Mutex/Monitor currently owned by a thread: None

Heap:
 PSYoungGen      total 38400K, used 28775K [0x0000000795580000, 0x0000000798000000, 0x00000007c0000000)
  eden space 33280K, 86% used [0x0000000795580000,0x0000000797199e68,0x0000000797600000)
  from space 5120K, 0% used [0x0000000797b00000,0x0000000797b00000,0x0000000798000000)
  to   space 5120K, 0% used [0x0000000797600000,0x0000000797600000,0x0000000797b00000)
 ParOldGen       total 87552K, used 0K [0x0000000740000000, 0x0000000745580000, 0x0000000795580000)
  object space 87552K, 0% used [0x0000000740000000,0x0000000740000000,0x0000000745580000)
 Metaspace       used 16037K, capacity 16202K, committed 16384K, reserved 1062912K
  class space    used 1980K, capacity 2046K, committed 2048K, reserved 1048576K

Card table byte_map: [0x0000000111dc0000,0x00000001121c1000] byte_map_base: 0x000000010e3c0000

Marking Bits: (ParMarkBitMap*) 0x0000000101ad6d20
 Begin Bits: [0x000000011246c000, 0x000000011446c000)
 End Bits:   [0x000000011446c000, 0x000000011646c000)

Polling page: 0x00000001021c9000

CodeCache: size=245760Kb used=5493Kb max_used=5504Kb free=240266Kb
 bounds [0x0000000102a00000, 0x0000000102f70000, 0x0000000111a00000]
 total_blobs=2208 nmethods=1627 adapters=494
 compilation: enabled

Compilation events (10 events):
Event: 19.326 Thread 0x00007fba5c816800 1673       3       java.lang.Object::wait (6 bytes)
Event: 19.326 Thread 0x00007fba5c816800 nmethod 1673 0x0000000102f5efd0 code [0x0000000102f5f140, 0x0000000102f5f348]
Event: 19.326 Thread 0x00007fba5c816800 1672       1       sun.java2d.SurfaceData::getDisposerReferent (5 bytes)
Event: 19.326 Thread 0x00007fba5c816800 nmethod 1672 0x0000000102f5f3d0 code [0x0000000102f5f520, 0x0000000102f5f630]
Event: 19.327 Thread 0x00007fba5d825000 1674       4       java.util.concurrent.locks.AbstractQueuedSynchronizer::release (33 bytes)
Event: 19.328 Thread 0x00007fba5c816800 1675  s!   3       sun.java2d.opengl.OGLRenderQueue$QueueFlusher::flushNow (40 bytes)
Event: 19.329 Thread 0x00007fba5c816800 nmethod 1675 0x0000000102f5f690 code [0x0000000102f5f840, 0x0000000102f5fed8]
Event: 19.332 Thread 0x00007fba5c816800 1676       3       apple.laf.JRSUIState::is (35 bytes)
Event: 19.332 Thread 0x00007fba5d825000 nmethod 1674 0x0000000102f62ed0 code [0x0000000102f63020, 0x0000000102f63228]
Event: 19.332 Thread 0x00007fba5c816800 nmethod 1676 0x0000000102f62a90 code [0x0000000102f62c00, 0x0000000102f62df0]

GC Heap History (0 events):
No events

Deoptimization events (9 events):
Event: 0.869 Thread 0x00007fba5d803000 Uncommon trap: reason=unstable_if action=reinterpret pc=0x0000000102bb89e8 method=org.sqlite.SQLiteJDBCLoader.contentsEquals(Ljava/io/InputStream;Ljava/io/InputStream;)Z @ 39
Event: 1.810 Thread 0x00007fba5d803000 Uncommon trap: reason=unstable_if action=reinterpret pc=0x0000000102bc5f0c method=sun.misc.MetaIndex.mayContain(Ljava/lang/String;)Z @ 38
Event: 4.492 Thread 0x00007fba5d803000 Uncommon trap: reason=class_check action=maybe_recompile pc=0x0000000102bf0858 method=java.lang.String.equals(Ljava/lang/Object;)Z @ 8
Event: 4.492 Thread 0x00007fba5d803000 Uncommon trap: reason=class_check action=maybe_recompile pc=0x0000000102bf0858 method=java.lang.String.equals(Ljava/lang/Object;)Z @ 8
Event: 4.492 Thread 0x00007fba5d803000 Uncommon trap: reason=class_check action=maybe_recompile pc=0x0000000102bf0858 method=java.lang.String.equals(Ljava/lang/Object;)Z @ 8
Event: 4.492 Thread 0x00007fba5d803000 Uncommon trap: reason=class_check action=maybe_recompile pc=0x0000000102bf0858 method=java.lang.String.equals(Ljava/lang/Object;)Z @ 8
Event: 16.792 Thread 0x00007fba5d30e800 Uncommon trap: reason=unstable_if action=reinterpret pc=0x0000000102c9f1dc method=java.util.HashMap.getNode(ILjava/lang/Object;)Ljava/util/HashMap$Node; @ 62
Event: 16.796 Thread 0x00007fba5d30e800 Uncommon trap: reason=unstable_if action=reinterpret pc=0x0000000102c8c32c method=java.util.HashMap.getNode(ILjava/lang/Object;)Ljava/util/HashMap$Node; @ 62
Event: 16.820 Thread 0x00007fba5d30e800 Uncommon trap: reason=unstable_if action=reinterpret pc=0x0000000102ed3d60 method=java.util.HashMap.putVal(ILjava/lang/Object;Ljava/lang/Object;ZZ)Ljava/lang/Object; @ 193

Internal exceptions (10 events):
Event: 0.405 Thread 0x00007fba5d85b800 Exception <a 'java/security/PrivilegedActionException'> (0x00000007958b60a0) thrown at [/HUDSON3/workspace/8-2-build-macosx-x86_64/jdk8u101/7261/hotspot/src/share/vm/prims/jvm.cpp, line 1386]
Event: 0.405 Thread 0x00007fba5d85b800 Exception <a 'java/security/PrivilegedActionException'> (0x00000007958b62b0) thrown at [/HUDSON3/workspace/8-2-build-macosx-x86_64/jdk8u101/7261/hotspot/src/share/vm/prims/jvm.cpp, line 1386]
Event: 0.405 Thread 0x00007fba5d85b800 Exception <a 'java/security/PrivilegedActionException'> (0x00000007958b95b8) thrown at [/HUDSON3/workspace/8-2-build-macosx-x86_64/jdk8u101/7261/hotspot/src/share/vm/prims/jvm.cpp, line 1386]
Event: 0.406 Thread 0x00007fba5d85b800 Exception <a 'java/security/PrivilegedActionException'> (0x00000007958b97c8) thrown at [/HUDSON3/workspace/8-2-build-macosx-x86_64/jdk8u101/7261/hotspot/src/share/vm/prims/jvm.cpp, line 1386]
Event: 0.409 Thread 0x00007fba5d85b800 Exception <a 'java/lang/NoClassDefFoundError': org/apache/log4j/Category> (0x00000007958cd5a0) thrown at [/HUDSON3/workspace/8-2-build-macosx-x86_64/jdk8u101/7261/hotspot/src/share/vm/classfile/systemDictionary.cpp, line 199]
Event: 0.428 Thread 0x00007fba5d85b800 Exception <a 'java/lang/UnsatisfiedLinkError': com.intel.bluetooth.BluetoothStackOSX.isNativeCodeLoaded()Z> (0x0000000795921588) thrown at [/HUDSON3/workspace/8-2-build-macosx-x86_64/jdk8u101/7261/hotspot/src/share/vm/prims/nativeLookup.cpp, line 378]
Event: 1.159 Thread 0x00007fba5d803000 Exception <a 'java/lang/NoSuchFieldError': method resolution failed> (0x0000000795dc1b10) thrown at [/HUDSON3/workspace/8-2-build-macosx-x86_64/jdk8u101/7261/hotspot/src/share/vm/prims/methodHandles.cpp, line 1146]
Event: 1.163 Thread 0x00007fba5d803000 Exception <a 'java/lang/NoSuchFieldError': method resolution failed> (0x0000000795dcf200) thrown at [/HUDSON3/workspace/8-2-build-macosx-x86_64/jdk8u101/7261/hotspot/src/share/vm/prims/methodHandles.cpp, line 1146]
Event: 1.533 Thread 0x00007fba5d803000 Exception <a 'java/io/FileNotFoundException'> (0x0000000795e49be8) thrown at [/HUDSON3/workspace/8-2-build-macosx-x86_64/jdk8u101/7261/hotspot/src/share/vm/prims/jni.cpp, line 709]
Event: 1.533 Thread 0x00007fba5d803000 Exception <a 'java/io/FileNotFoundException'> (0x0000000795e4a790) thrown at [/HUDSON3/workspace/8-2-build-macosx-x86_64/jdk8u101/7261/hotspot/src/share/vm/prims/jni.cpp, line 709]

Events (10 events):
Event: 17.445 Executing VM operation: RevokeBias done
Event: 17.445 Executing VM operation: RevokeBias
Event: 17.445 Executing VM operation: RevokeBias done
Event: 17.462 loading class java/awt/dnd/DragSourceDropEvent
Event: 17.462 loading class java/awt/dnd/DragSourceDropEvent done
Event: 17.464 Executing VM operation: RevokeBias
Event: 17.464 Executing VM operation: RevokeBias done
Event: 17.464 Thread 0x00007fba5db87000 Thread exited: 0x00007fba5db87000
Event: 17.475 Thread 0x00007fba5c816800 flushing nmethod 0x0000000102cb8290
Event: 17.475 Thread 0x00007fba5c816800 flushing nmethod 0x0000000102cb8a50


Dynamic libraries:
0x0000000002c22000 	/System/Library/Frameworks/Cocoa.framework/Versions/A/Cocoa
0x0000000002c22000 	/System/Library/Frameworks/Security.framework/Versions/A/Security
0x0000000002c22000 	/System/Library/Frameworks/ApplicationServices.framework/Versions/A/ApplicationServices
0x0000000002c22000 	/usr/lib/libz.1.dylib
0x0000000002c22000 	/usr/lib/libSystem.B.dylib
0x0000000002c22000 	/usr/lib/libobjc.A.dylib
0x0000000002c22000 	/System/Library/Frameworks/CoreFoundation.framework/Versions/A/CoreFoundation
0x0000000002c22000 	/System/Library/Frameworks/Foundation.framework/Versions/C/Foundation
0x0000000002c22000 	/System/Library/Frameworks/AppKit.framework/Versions/C/AppKit
0x0000000002c22000 	/System/Library/Frameworks/CoreData.framework/Versions/A/CoreData
0x0000000002c22000 	/System/Library/PrivateFrameworks/RemoteViewServices.framework/Versions/A/RemoteViewServices
0x0000000002c22000 	/System/Library/PrivateFrameworks/UIFoundation.framework/Versions/A/UIFoundation
0x0000000002c22000 	/usr/lib/libScreenReader.dylib
0x0000000002c22000 	/System/Library/Frameworks/Accelerate.framework/Versions/A/Accelerate
0x0000000002c22000 	/System/Library/Frameworks/IOSurface.framework/Versions/A/IOSurface
0x0000000002c22000 	/System/Library/Frameworks/AudioToolbox.framework/Versions/A/AudioToolbox
0x0000000002c22000 	/System/Library/Frameworks/AudioUnit.framework/Versions/A/AudioUnit
0x0000000002c22000 	/System/Library/PrivateFrameworks/DataDetectorsCore.framework/Versions/A/DataDetectorsCore
0x0000000002c22000 	/System/Library/PrivateFrameworks/DesktopServicesPriv.framework/Versions/A/DesktopServicesPriv
0x0000000002c22000 	/System/Library/Frameworks/Carbon.framework/Versions/A/Frameworks/HIToolbox.framework/Versions/A/HIToolbox
0x0000000002c22000 	/System/Library/Frameworks/QuartzCore.framework/Versions/A/QuartzCore
0x0000000002c22000 	/System/Library/Frameworks/Carbon.framework/Versions/A/Frameworks/SpeechRecognition.framework/Versions/A/SpeechRecognition
0x0000000002c22000 	/usr/lib/libauto.dylib
0x0000000002c22000 	/usr/lib/libicucore.A.dylib
0x0000000002c22000 	/usr/lib/libxml2.2.dylib
0x0000000002c22000 	/System/Library/PrivateFrameworks/CoreUI.framework/Versions/A/CoreUI
0x0000000002c22000 	/System/Library/Frameworks/CoreAudio.framework/Versions/A/CoreAudio
0x0000000002c22000 	/System/Library/Frameworks/DiskArbitration.framework/Versions/A/DiskArbitration
0x0000000002c22000 	/usr/lib/liblangid.dylib
0x0000000002c22000 	/System/Library/PrivateFrameworks/MultitouchSupport.framework/Versions/A/MultitouchSupport
0x0000000002c22000 	/System/Library/Frameworks/IOKit.framework/Versions/A/IOKit
0x0000000002c22000 	/usr/lib/libDiagnosticMessagesClient.dylib
0x0000000002c22000 	/System/Library/Frameworks/CoreServices.framework/Versions/A/CoreServices
0x0000000002c22000 	/System/Library/PrivateFrameworks/PerformanceAnalysis.framework/Versions/A/PerformanceAnalysis
0x0000000002c22000 	/System/Library/PrivateFrameworks/GenerationalStorage.framework/Versions/A/GenerationalStorage
0x0000000002c22000 	/System/Library/Frameworks/OpenGL.framework/Versions/A/OpenGL
0x0000000002c22000 	/System/Library/PrivateFrameworks/Sharing.framework/Versions/A/Sharing
0x0000000002c22000 	/System/Library/Frameworks/CoreGraphics.framework/Versions/A/CoreGraphics
0x0000000002c22000 	/System/Library/Frameworks/CoreImage.framework/Versions/A/CoreImage
0x0000000002c22000 	/System/Library/Frameworks/CoreText.framework/Versions/A/CoreText
0x0000000002c22000 	/System/Library/Frameworks/ImageIO.framework/Versions/A/ImageIO
0x0000000002c22000 	/System/Library/PrivateFrameworks/Backup.framework/Versions/A/Backup
0x0000000002c22000 	/usr/lib/libextension.dylib
0x0000000002c22000 	/usr/lib/libarchive.2.dylib
0x0000000002c22000 	/System/Library/Frameworks/CFNetwork.framework/Versions/A/CFNetwork
0x0000000002c22000 	/System/Library/Frameworks/SystemConfiguration.framework/Versions/A/SystemConfiguration
0x0000000002c22000 	/usr/lib/libCRFSuite.dylib
0x0000000002c22000 	/usr/lib/libc++.1.dylib
0x0000000002c22000 	/usr/lib/libc++abi.dylib
0x0000000002c22000 	/usr/lib/system/libcache.dylib
0x0000000002c22000 	/usr/lib/system/libcommonCrypto.dylib
0x0000000002c22000 	/usr/lib/system/libcompiler_rt.dylib
0x0000000002c22000 	/usr/lib/system/libcopyfile.dylib
0x0000000002c22000 	/usr/lib/system/libcorecrypto.dylib
0x0000000002c22000 	/usr/lib/system/libdispatch.dylib
0x0000000002c22000 	/usr/lib/system/libdyld.dylib
0x0000000002c22000 	/usr/lib/system/libkeymgr.dylib
0x0000000002c22000 	/usr/lib/system/liblaunch.dylib
0x0000000002c22000 	/usr/lib/system/libmacho.dylib
0x0000000002c22000 	/usr/lib/system/libquarantine.dylib
0x0000000002c22000 	/usr/lib/system/libremovefile.dylib
0x0000000002c22000 	/usr/lib/system/libsystem_asl.dylib
0x0000000002c22000 	/usr/lib/system/libsystem_blocks.dylib
0x0000000002c22000 	/usr/lib/system/libsystem_c.dylib
0x0000000002c22000 	/usr/lib/system/libsystem_configuration.dylib
0x0000000002c22000 	/usr/lib/system/libsystem_coreservices.dylib
0x0000000002c22000 	/usr/lib/system/libsystem_coretls.dylib
0x0000000002c22000 	/usr/lib/system/libsystem_dnssd.dylib
0x0000000002c22000 	/usr/lib/system/libsystem_info.dylib
0x0000000002c22000 	/usr/lib/system/libsystem_kernel.dylib
0x0000000002c22000 	/usr/lib/system/libsystem_m.dylib
0x0000000002c22000 	/usr/lib/system/libsystem_malloc.dylib
0x0000000002c22000 	/usr/lib/system/libsystem_network.dylib
0x0000000002c22000 	/usr/lib/system/libsystem_networkextension.dylib
0x0000000002c22000 	/usr/lib/system/libsystem_notify.dylib
0x0000000002c22000 	/usr/lib/system/libsystem_platform.dylib
0x0000000002c22000 	/usr/lib/system/libsystem_pthread.dylib
0x0000000002c22000 	/usr/lib/system/libsystem_sandbox.dylib
0x0000000002c22000 	/usr/lib/system/libsystem_secinit.dylib
0x0000000002c22000 	/usr/lib/system/libsystem_trace.dylib
0x0000000002c22000 	/usr/lib/system/libunc.dylib
0x0000000002c22000 	/usr/lib/system/libunwind.dylib
0x0000000002c22000 	/usr/lib/system/libxpc.dylib
0x0000000002c22000 	/usr/lib/libenergytrace.dylib
0x0000000002c22000 	/usr/lib/libbsm.0.dylib
0x0000000002c22000 	/usr/lib/system/libkxld.dylib
0x0000000002c22000 	/usr/lib/libxar.1.dylib
0x0000000002c22000 	/usr/lib/libsqlite3.dylib
0x0000000002c22000 	/usr/lib/libpam.2.dylib
0x0000000002c22000 	/usr/lib/libOpenScriptingUtil.dylib
0x0000000002c22000 	/usr/lib/libbz2.1.0.dylib
0x0000000002c22000 	/usr/lib/liblzma.5.dylib
0x0000000002c22000 	/System/Library/Frameworks/CoreServices.framework/Versions/A/Frameworks/FSEvents.framework/Versions/A/FSEvents
0x0000000002c22000 	/System/Library/Frameworks/CoreServices.framework/Versions/A/Frameworks/CarbonCore.framework/Versions/A/CarbonCore
0x0000000002c22000 	/System/Library/Frameworks/CoreServices.framework/Versions/A/Frameworks/Metadata.framework/Versions/A/Metadata
0x0000000002c22000 	/System/Library/Frameworks/CoreServices.framework/Versions/A/Frameworks/OSServices.framework/Versions/A/OSServices
0x0000000002c22000 	/System/Library/Frameworks/CoreServices.framework/Versions/A/Frameworks/SearchKit.framework/Versions/A/SearchKit
0x0000000002c22000 	/System/Library/Frameworks/CoreServices.framework/Versions/A/Frameworks/AE.framework/Versions/A/AE
0x0000000002c22000 	/System/Library/Frameworks/CoreServices.framework/Versions/A/Frameworks/LaunchServices.framework/Versions/A/LaunchServices
0x0000000002c22000 	/System/Library/Frameworks/CoreServices.framework/Versions/A/Frameworks/DictionaryServices.framework/Versions/A/DictionaryServices
0x0000000002c22000 	/System/Library/Frameworks/CoreServices.framework/Versions/A/Frameworks/SharedFileList.framework/Versions/A/SharedFileList
0x0000000002c22000 	/System/Library/Frameworks/NetFS.framework/Versions/A/NetFS
0x0000000002c22000 	/System/Library/PrivateFrameworks/NetAuth.framework/Versions/A/NetAuth
0x0000000002c22000 	/System/Library/PrivateFrameworks/login.framework/Versions/A/Frameworks/loginsupport.framework/Versions/A/loginsupport
0x0000000002c22000 	/System/Library/PrivateFrameworks/TCC.framework/Versions/A/TCC
0x0000000002c22000 	/usr/lib/libmecabra.dylib
0x0000000002c22000 	/System/Library/Frameworks/ApplicationServices.framework/Versions/A/Frameworks/ATS.framework/Versions/A/ATS
0x0000000002c22000 	/System/Library/Frameworks/ApplicationServices.framework/Versions/A/Frameworks/ColorSync.framework/Versions/A/ColorSync
0x0000000002c22000 	/System/Library/Frameworks/ApplicationServices.framework/Versions/A/Frameworks/HIServices.framework/Versions/A/HIServices
0x0000000002c22000 	/System/Library/Frameworks/ApplicationServices.framework/Versions/A/Frameworks/LangAnalysis.framework/Versions/A/LangAnalysis
0x0000000002c22000 	/System/Library/Frameworks/ApplicationServices.framework/Versions/A/Frameworks/PrintCore.framework/Versions/A/PrintCore
0x0000000002c22000 	/System/Library/Frameworks/ApplicationServices.framework/Versions/A/Frameworks/QD.framework/Versions/A/QD
0x0000000002c22000 	/System/Library/Frameworks/ApplicationServices.framework/Versions/A/Frameworks/SpeechSynthesis.framework/Versions/A/SpeechSynthesis
0x0000000002c22000 	/System/Library/Frameworks/Metal.framework/Versions/A/Metal
0x0000000002c22000 	/System/Library/Frameworks/Accelerate.framework/Versions/A/Frameworks/vImage.framework/Versions/A/vImage
0x0000000002c22000 	/System/Library/Frameworks/Accelerate.framework/Versions/A/Frameworks/vecLib.framework/Versions/A/vecLib
0x0000000002c22000 	/System/Library/Frameworks/Accelerate.framework/Versions/A/Frameworks/vecLib.framework/Versions/A/libvDSP.dylib
0x0000000002c22000 	/System/Library/Frameworks/Accelerate.framework/Versions/A/Frameworks/vecLib.framework/Versions/A/libvMisc.dylib
0x0000000002c22000 	/System/Library/Frameworks/Accelerate.framework/Versions/A/Frameworks/vecLib.framework/Versions/A/libLAPACK.dylib
0x0000000002c22000 	/System/Library/Frameworks/Accelerate.framework/Versions/A/Frameworks/vecLib.framework/Versions/A/libBLAS.dylib
0x0000000002c22000 	/System/Library/Frameworks/Accelerate.framework/Versions/A/Frameworks/vecLib.framework/Versions/A/libLinearAlgebra.dylib
0x0000000002c22000 	/System/Library/Frameworks/Accelerate.framework/Versions/A/Frameworks/vecLib.framework/Versions/A/libSparseBLAS.dylib
0x0000000002c22000 	/System/Library/PrivateFrameworks/GPUCompiler.framework/libmetal_timestamp.dylib
0x0000000002c22000 	/System/Library/Frameworks/OpenGL.framework/Versions/A/Libraries/libCoreFSCache.dylib
0x0000000002c22000 	/System/Library/PrivateFrameworks/IOAccelerator.framework/Versions/A/IOAccelerator
0x0000000002c22000 	/System/Library/Frameworks/ApplicationServices.framework/Versions/A/Frameworks/ATS.framework/Versions/A/Resources/libFontParser.dylib
0x0000000002c22000 	/System/Library/Frameworks/ApplicationServices.framework/Versions/A/Frameworks/ATS.framework/Versions/A/Resources/libFontRegistry.dylib
0x0000000002c22000 	/System/Library/PrivateFrameworks/AppleVPA.framework/Versions/A/AppleVPA
0x0000000002c22000 	/System/Library/PrivateFrameworks/AppleJPEG.framework/Versions/A/AppleJPEG
0x0000000002c22000 	/System/Library/Frameworks/ImageIO.framework/Versions/A/Resources/libJPEG.dylib
0x0000000002c22000 	/System/Library/Frameworks/ImageIO.framework/Versions/A/Resources/libTIFF.dylib
0x0000000002c22000 	/System/Library/Frameworks/ImageIO.framework/Versions/A/Resources/libPng.dylib
0x0000000002c22000 	/System/Library/Frameworks/ImageIO.framework/Versions/A/Resources/libGIF.dylib
0x0000000002c22000 	/System/Library/Frameworks/ImageIO.framework/Versions/A/Resources/libJP2.dylib
0x0000000002c22000 	/System/Library/Frameworks/ImageIO.framework/Versions/A/Resources/libRadiance.dylib
0x0000000002c22000 	/System/Library/Frameworks/CoreVideo.framework/Versions/A/CoreVideo
0x0000000002c22000 	/System/Library/Frameworks/OpenGL.framework/Versions/A/Libraries/libGLU.dylib
0x0000000002c22000 	/System/Library/Frameworks/OpenGL.framework/Versions/A/Libraries/libGFXShared.dylib
0x0000000002c22000 	/System/Library/Frameworks/OpenGL.framework/Versions/A/Libraries/libGL.dylib
0x0000000002c22000 	/System/Library/Frameworks/OpenGL.framework/Versions/A/Libraries/libGLImage.dylib
0x0000000002c22000 	/System/Library/Frameworks/OpenGL.framework/Versions/A/Libraries/libCVMSPluginSupport.dylib
0x0000000002c22000 	/System/Library/Frameworks/OpenGL.framework/Versions/A/Libraries/libCoreVMClient.dylib
0x0000000002c22000 	/usr/lib/libcompression.dylib
0x0000000002c22000 	/usr/lib/libcups.2.dylib
0x0000000002c22000 	/System/Library/Frameworks/Kerberos.framework/Versions/A/Kerberos
0x0000000002c22000 	/System/Library/Frameworks/GSS.framework/Versions/A/GSS
0x0000000002c22000 	/usr/lib/libresolv.9.dylib
0x0000000002c22000 	/usr/lib/libiconv.2.dylib
0x0000000002c22000 	/System/Library/PrivateFrameworks/Heimdal.framework/Versions/A/Heimdal
0x0000000002c22000 	/usr/lib/libheimdal-asn1.dylib
0x0000000002c22000 	/System/Library/Frameworks/OpenDirectory.framework/Versions/A/OpenDirectory
0x0000000002c22000 	/System/Library/PrivateFrameworks/CommonAuth.framework/Versions/A/CommonAuth
0x0000000002c22000 	/System/Library/Frameworks/OpenDirectory.framework/Versions/A/Frameworks/CFOpenDirectory.framework/Versions/A/CFOpenDirectory
0x0000000002c22000 	/System/Library/Frameworks/SecurityFoundation.framework/Versions/A/SecurityFoundation
0x0000000002c22000 	/System/Library/PrivateFrameworks/LanguageModeling.framework/Versions/A/LanguageModeling
0x0000000002c22000 	/usr/lib/libmarisa.dylib
0x0000000002c22000 	/usr/lib/libChineseTokenizer.dylib
0x0000000002c22000 	/usr/lib/libcmph.dylib
0x0000000002c22000 	/System/Library/Frameworks/ServiceManagement.framework/Versions/A/ServiceManagement
0x0000000002c22000 	/usr/lib/libxslt.1.dylib
0x0000000002c22000 	/System/Library/Frameworks/Carbon.framework/Versions/A/Frameworks/Ink.framework/Versions/A/Ink
0x0000000002c22000 	/usr/lib/libFosl_dynamic.dylib
0x0000000002c22000 	/System/Library/PrivateFrameworks/FaceCore.framework/Versions/A/FaceCore
0x0000000002c22000 	/System/Library/Frameworks/OpenCL.framework/Versions/A/OpenCL
0x0000000002c22000 	/System/Library/PrivateFrameworks/CrashReporterSupport.framework/Versions/A/CrashReporterSupport
0x0000000002c22000 	/System/Library/PrivateFrameworks/IconServices.framework/Versions/A/IconServices
0x0000000002c22000 	/System/Library/PrivateFrameworks/Apple80211.framework/Versions/A/Apple80211
0x0000000002c22000 	/System/Library/Frameworks/CoreWLAN.framework/Versions/A/CoreWLAN
0x0000000002c22000 	/System/Library/Frameworks/IOBluetooth.framework/Versions/A/IOBluetooth
0x0000000002c22000 	/System/Library/PrivateFrameworks/CoreWiFi.framework/Versions/A/CoreWiFi
0x0000000002c22000 	/System/Library/Frameworks/CoreBluetooth.framework/Versions/A/CoreBluetooth
0x0000000002c22000 	/System/Library/PrivateFrameworks/ChunkingLibrary.framework/Versions/A/ChunkingLibrary
0x0000000002c22000 	/System/Library/PrivateFrameworks/DebugSymbols.framework/Versions/A/DebugSymbols
0x0000000002c22000 	/System/Library/PrivateFrameworks/CoreSymbolication.framework/Versions/A/CoreSymbolication
0x0000000002c22000 	/System/Library/PrivateFrameworks/Symbolication.framework/Versions/A/Symbolication
0x0000000002c22000 	/System/Library/PrivateFrameworks/SpeechRecognitionCore.framework/Versions/A/SpeechRecognitionCore
0x00000001011e9000 	/Library/Java/JavaVirtualMachines/jdk1.8.0_101.jdk/Contents/Home/jre/lib/server/libjvm.dylib
0x0000000002c22000 	/usr/lib/libstdc++.6.dylib
0x0000000102186000 	/Library/Java/JavaVirtualMachines/jdk1.8.0_101.jdk/Contents/Home/jre/lib/libverify.dylib
0x0000000102194000 	/Library/Java/JavaVirtualMachines/jdk1.8.0_101.jdk/Contents/Home/jre/lib/libjava.dylib
0x00000001021d7000 	/Library/Java/JavaVirtualMachines/jdk1.8.0_101.jdk/Contents/Home/jre/lib/libzip.dylib
0x00000001021e1000 	/System/Library/Frameworks/JavaVM.framework/Frameworks/JavaRuntimeSupport.framework/JavaRuntimeSupport
0x0000000118363000 	/System/Library/Frameworks/JavaVM.framework/Versions/A/Frameworks/JavaNativeFoundation.framework/Versions/A/JavaNativeFoundation
0x0000000118378000 	/System/Library/Frameworks/JavaVM.framework/Versions/A/JavaVM
0x0000000002c22000 	/System/Library/Frameworks/Carbon.framework/Versions/A/Carbon
0x0000000118385000 	/System/Library/PrivateFrameworks/JavaLaunching.framework/Versions/A/JavaLaunching
0x0000000002c22000 	/System/Library/Frameworks/Carbon.framework/Versions/A/Frameworks/CommonPanels.framework/Versions/A/CommonPanels
0x0000000002c22000 	/System/Library/Frameworks/Carbon.framework/Versions/A/Frameworks/Help.framework/Versions/A/Help
0x0000000002c22000 	/System/Library/Frameworks/Carbon.framework/Versions/A/Frameworks/ImageCapture.framework/Versions/A/ImageCapture
0x0000000002c22000 	/System/Library/Frameworks/Carbon.framework/Versions/A/Frameworks/OpenScripting.framework/Versions/A/OpenScripting
0x0000000002c22000 	/System/Library/Frameworks/Carbon.framework/Versions/A/Frameworks/Print.framework/Versions/A/Print
0x0000000002c22000 	/System/Library/Frameworks/Carbon.framework/Versions/A/Frameworks/SecurityHI.framework/Versions/A/SecurityHI
0x0000000119dd8000 	/Applications/IntelliJ IDEA CE.app/Contents/bin/libbreakgen64.jnilib
0x0000000119ddb000 	/Library/Java/JavaVirtualMachines/jdk1.8.0_101.jdk/Contents/Home/jre/lib/libnet.dylib
0x0000000119e3a000 	/private/var/folders/hx/chl3wz1s6d9g8dgpv9pfrkzw0000gn/T/bluecove_maximerichard_0/libbluecove.jnilib
0x0000000119e86000 	/private/var/folders/hx/chl3wz1s6d9g8dgpv9pfrkzw0000gn/T/sqlite-3.8.11.2-d7a86042-114a-41e0-b1f7-9ec96ba67832-libsqlitejdbc.jnilib
0x000000011a121000 	/Library/Java/JavaVirtualMachines/jdk1.8.0_101.jdk/Contents/Home/jre/lib/libawt.dylib
0x000000011a1c9000 	/Library/Java/JavaVirtualMachines/jdk1.8.0_101.jdk/Contents/Home/jre/lib/./libmlib_image.dylib
0x000000011a295000 	/Library/Java/JavaVirtualMachines/jdk1.8.0_101.jdk/Contents/Home/jre/lib/libawt_lwawt.dylib
0x000000011a34a000 	/Library/Java/JavaVirtualMachines/jdk1.8.0_101.jdk/Contents/Home/jre/lib/./libosxapp.dylib
0x0000000002c22000 	/System/Library/Frameworks/ExceptionHandling.framework/Versions/A/ExceptionHandling
0x0000000002c22000 	/System/Library/PrivateFrameworks/CoreServicesInternal.framework/Versions/A/CoreServicesInternal
0x0000000002c22000 	/System/Library/Frameworks/CoreGraphics.framework/Versions/A/Resources/libRIP.A.dylib
0x0000000002c22000 	/System/Library/Frameworks/Accelerate.framework/Versions/A/Frameworks/vImage.framework/Versions/A/Libraries/libCGInterfaces.dylib
0x0000000002c22000 	/System/Library/Frameworks/CoreGraphics.framework/Versions/A/Resources/libCGXType.A.dylib
0x0000000002c22000 	/System/Library/Frameworks/OpenCL.framework/Versions/A/Libraries/libcldcpuengine.dylib
0x0000000002c22000 	/System/Library/PrivateFrameworks/DiskImages.framework/Versions/A/DiskImages
0x0000000002c22000 	/System/Library/Frameworks/DiscRecording.framework/Versions/A/DiscRecording
0x0000000002c22000 	/usr/lib/libcsfde.dylib
0x0000000002c22000 	/usr/lib/libcurl.4.dylib
0x0000000002c22000 	/System/Library/PrivateFrameworks/MediaKit.framework/Versions/A/MediaKit
0x0000000002c22000 	/System/Library/PrivateFrameworks/ProtectedCloudStorage.framework/Versions/A/ProtectedCloudStorage
0x0000000002c22000 	/usr/lib/libCoreStorage.dylib
0x0000000002c22000 	/System/Library/PrivateFrameworks/EFILogin.framework/Versions/A/EFILogin
0x0000000002c22000 	/usr/lib/libutil.dylib
0x0000000002c22000 	/System/Library/PrivateFrameworks/FindMyDevice.framework/Versions/A/FindMyDevice
0x0000000002c22000 	/System/Library/Frameworks/LDAP.framework/Versions/A/LDAP
0x0000000002c22000 	/usr/lib/libsasl2.2.dylib
0x0000000002c22000 	/System/Library/PrivateFrameworks/CoreDaemon.framework/Versions/B/CoreDaemon
0x0000000002c22000 	/usr/lib/libcrypto.0.9.8.dylib
0x0000000002c22000 	/System/Library/PrivateFrameworks/AppleSRP.framework/Versions/A/AppleSRP
0x0000000002c22000 	/System/Library/PrivateFrameworks/TrustEvaluationAgent.framework/Versions/A/TrustEvaluationAgent
0x000000011bae8000 	cl_kernels
0x0000000002c22000 	/System/Library/Frameworks/OpenCL.framework/Versions/A/Libraries/ImageFormats/unorm8_bgra.dylib
0x0000000002c22000 	/System/Library/Frameworks/OpenCL.framework/Versions/A/Libraries/ImageFormats/unorm8_rgba.dylib
0x0000000002c22000 	/System/Library/PrivateFrameworks/FamilyControls.framework/Versions/A/FamilyControls
0x0000000002c22000 	/System/Library/PrivateFrameworks/CommerceKit.framework/Versions/A/Frameworks/CommerceCore.framework/Versions/A/CommerceCore
0x0000000002c22000 	/System/Library/PrivateFrameworks/SystemAdministration.framework/Versions/A/SystemAdministration
0x0000000002c22000 	/System/Library/PrivateFrameworks/AppContainer.framework/Versions/A/AppContainer
0x0000000002c22000 	/System/Library/PrivateFrameworks/SecCodeWrapper.framework/Versions/A/SecCodeWrapper
0x0000000002c22000 	/System/Library/Frameworks/DirectoryService.framework/Versions/A/DirectoryService
0x0000000002c22000 	/System/Library/PrivateFrameworks/LoginUIKit.framework/Versions/A/Frameworks/LoginUICore.framework/Versions/A/LoginUICore
0x0000000002c22000 	/usr/lib/libodfde.dylib
0x000000011cb05000 	/Library/Java/JavaVirtualMachines/jdk1.8.0_101.jdk/Contents/Home/jre/lib/libfontmanager.dylib
0x000000011b000000 	/Library/Java/JavaVirtualMachines/jdk1.8.0_101.jdk/Contents/Home/jre/lib/libosxui.dylib
0x0000000002c22000 	/System/Library/Frameworks/OpenGL.framework/Versions/A/Resources/GLEngine.bundle/GLEngine
0x0000000002c22000 	/System/Library/Frameworks/OpenGL.framework/Versions/A/Libraries/libGLProgrammability.dylib
0x000000011d5aa000 	/System/Library/Extensions/AppleIntelBDWGraphicsGLDriver.bundle/Contents/MacOS/AppleIntelBDWGraphicsGLDriver
0x0000000002c22000 	/System/Library/PrivateFrameworks/GPUSupport.framework/Versions/A/Libraries/libGPUSupportMercury.dylib
0x0000000002c22000 	/System/Library/Frameworks/OpenGL.framework/Versions/A/Resources/GLRendererFloat.bundle/GLRendererFloat
0x000000011e7a9000 	/Library/Java/JavaVirtualMachines/jdk1.8.0_101.jdk/Contents/Home/jre/lib/libnio.dylib
0x0000000002c22000 	/System/Library/Frameworks/ApplicationServices.framework/Versions/A/Frameworks/ATS.framework/Versions/A/Resources/libTrueTypeScaler.dylib
0x0000000171176000 	/System/Library/Extensions/AppleIntelBDWGraphicsMTLDriver.bundle/Contents/MacOS/AppleIntelBDWGraphicsMTLDriver
0x0000000002c22000 	/System/Library/CoreServices/RawCamera.bundle/Contents/MacOS/RawCamera
0x0000000170186000 	/Library/Java/JavaVirtualMachines/jdk1.8.0_101.jdk/Contents/Home/jre/lib/libjpeg.dylib
0x00000001701b3000 	/Library/Java/JavaVirtualMachines/jdk1.8.0_101.jdk/Contents/Home/jre/lib/liblcms.dylib

VM Arguments:
jvm_args: -Didea.launcher.port=7534 -Didea.launcher.bin.path=/Applications/IntelliJ IDEA CE.app/Contents/bin -Dfile.encoding=UTF-8 
java_command: com.intellij.rt.execution.application.AppMain com.sciquizapp.sciquizserver.MyServer
java_class_path (initial): /Library/Java/JavaVirtualMachines/jdk1.8.0_101.jdk/Contents/Home/jre/lib/charsets.jar:/Library/Java/JavaVirtualMachines/jdk1.8.0_101.jdk/Contents/Home/jre/lib/deploy.jar:/Library/Java/JavaVirtualMachines/jdk1.8.0_101.jdk/Contents/Home/jre/lib/ext/cldrdata.jar:/Library/Java/JavaVirtualMachines/jdk1.8.0_101.jdk/Contents/Home/jre/lib/ext/dnsns.jar:/Library/Java/JavaVirtualMachines/jdk1.8.0_101.jdk/Contents/Home/jre/lib/ext/jaccess.jar:/Library/Java/JavaVirtualMachines/jdk1.8.0_101.jdk/Contents/Home/jre/lib/ext/jfxrt.jar:/Library/Java/JavaVirtualMachines/jdk1.8.0_101.jdk/Contents/Home/jre/lib/ext/localedata.jar:/Library/Java/JavaVirtualMachines/jdk1.8.0_101.jdk/Contents/Home/jre/lib/ext/nashorn.jar:/Library/Java/JavaVirtualMachines/jdk1.8.0_101.jdk/Contents/Home/jre/lib/ext/sunec.jar:/Library/Java/JavaVirtualMachines/jdk1.8.0_101.jdk/Contents/Home/jre/lib/ext/sunjce_provider.jar:/Library/Java/JavaVirtualMachines/jdk1.8.0_101.jdk/Contents/Home/jre/lib/ext/sunpkcs11.jar:/Library/Java/JavaVirtualMachines/jdk1.8.0_101.jdk/Contents/Home/jre/lib/ext/zipfs.jar:/Library/Java/JavaVirtualMachines/jdk1.8.0_101.jdk/Contents/Home/jre/lib/javaws.jar:/Library/Java/JavaVirtualMachines/jdk1.8.0_101.jdk/Contents/Home/jre/lib/jce.jar:/Library/Java/JavaVirtualMachines/jdk1.8.0_101.jdk/Contents/Home/jre/lib/jfr.jar:/Library/Java/JavaVirtualMachines/jdk1.8.0_101.jdk/Contents/Home/jre/lib/jfxswt.jar:/Library/Java/JavaVirtualMachines/jdk1.8.0_101.jdk/Contents/Home/jre/lib/jsse.jar:/Library/Java/JavaVirtualMachines/jdk1.8.0_101.jdk/Contents/Home/jre/lib/management-agent.jar:/Library/Java/JavaVirtualMachines/jdk1.8.0_101.jdk/Contents/Home/jre/lib/plugin.jar:/Library/Java/JavaVirtualMachines/jdk1.8.0_101.jdk/Contents/Home/jre/lib/resources.jar:/Library/Java/JavaVirtualMachines/jdk1.8.0_101.jdk/Contents/Home/jre/lib/rt.jar:/Library/Java/JavaVirtualMachines/jdk1.8.0_101.jdk/Contents/Home/lib/ant-javafx.jar:/Library/Java/JavaVirtualMachines/jdk1.8.0_101.jdk/Contents/Home
Launcher Type: SUN_STANDARD

Environment Variables:
PATH=/usr/local/bin:/usr/bin:/bin:/usr/sbin:/sbin
SHELL=/bin/bash

Signal Handlers:
SIGSEGV: [libjvm.dylib+0x5af145], sa_mask[0]=11111111011111110111111111111111, sa_flags=SA_ONSTACK|SA_RESTART|SA_SIGINFO
SIGBUS: [libjvm.dylib+0x5af145], sa_mask[0]=11111111011111110111111111111111, sa_flags=SA_RESTART|SA_SIGINFO
SIGFPE: [libjvm.dylib+0x48694c], sa_mask[0]=11111111011111110111111111111111, sa_flags=SA_RESTART|SA_SIGINFO
SIGPIPE: [libjvm.dylib+0x48694c], sa_mask[0]=11111111011111110111111111111111, sa_flags=SA_RESTART|SA_SIGINFO
SIGXFSZ: [libjvm.dylib+0x48694c], sa_mask[0]=11111111011111110111111111111111, sa_flags=SA_RESTART|SA_SIGINFO
SIGILL: [libjvm.dylib+0x48694c], sa_mask[0]=11111111011111110111111111111111, sa_flags=SA_RESTART|SA_SIGINFO
SIGUSR1: SIG_DFL, sa_mask[0]=00000000000000000000000000000000, sa_flags=none
SIGUSR2: [libjvm.dylib+0x48646a], sa_mask[0]=00100000000000000000000000000000, sa_flags=SA_RESTART|SA_SIGINFO
SIGHUP: [libjvm.dylib+0x484a41], sa_mask[0]=11111111011111110111111111111111, sa_flags=SA_RESTART|SA_SIGINFO
SIGINT: [libjvm.dylib+0x484a41], sa_mask[0]=11111111011111110111111111111111, sa_flags=SA_RESTART|SA_SIGINFO
SIGTERM: [libjvm.dylib+0x484a41], sa_mask[0]=11111111011111110111111111111111, sa_flags=SA_RESTART|SA_SIGINFO
SIGQUIT: [libjvm.dylib+0x484a41], sa_mask[0]=11111111011111110111111111111111, sa_flags=SA_RESTART|SA_SIGINFO


---------------  S Y S T E M  ---------------

OS:Bsduname:Darwin 15.6.0 Darwin Kernel Version 15.6.0: Thu Jun 23 18:25:34 PDT 2016; root:xnu-3248.60.10~1/RELEASE_X86_64 x86_64
rlimit: STACK 8192k, CORE 0k, NPROC 709, NOFILE 10240, AS infinity
load average:5.70 5.04 4.60

CPU:total 4 (2 cores per cpu, 2 threads per core) family 6 model 61 stepping 4, cmov, cx8, fxsr, mmx, sse, sse2, sse3, ssse3, sse4.1, sse4.2, popcnt, avx, avx2, aes, clmul, erms, 3dnowpref, lzcnt, ht, tsc, tscinvbit, bmi1, bmi2, adx

Memory: 4k page, physical 8388608k(27004k free)

/proc/meminfo:


vm_info: Java HotSpot(TM) 64-Bit Server VM (25.101-b13) for bsd-amd64 JRE (1.8.0_101-b13), built on Jun 22 2016 02:42:15 by "java_re" with gcc 4.2.1 (Based on Apple Inc. build 5658) (LLVM build 2336.11.00)

time: Fri Feb 10 19:54:35 2017
elapsed time: 19 seconds (0d 0h 0m 19s)

