#
# A fatal error has been detected by the Java Runtime Environment:
#
#  SIGSEGV (0xb) at pc=0x000000010c02343c, pid=1193, tid=0x000000000000fa43
#
# JRE version: Java(TM) SE Runtime Environment (8.0_101-b13) (build 1.8.0_101-b13)
# Java VM: Java HotSpot(TM) 64-Bit Server VM (25.101-b13 mixed mode bsd-amd64 compressed oops)
# Problematic frame:
# j  com.apple.laf.AquaUtils.fillRect(Ljava/awt/Graphics;Ljava/awt/Component;Ljava/awt/Color;IIII)V+81
#
# Failed to write core dump. Core dumps have been disabled. To enable core dumping, try "ulimit -c unlimited" before starting Java again
#
# If you would like to submit a bug report, please visit:
#   http://bugreport.java.com/bugreport/crash.jsp
#

---------------  T H R E A D  ---------------

Current thread (0x00007ff5faa8e800):  JavaThread "AWT-EventQueue-0" [_thread_in_Java, id=64067, stack(0x00007000018e8000,0x00007000019e8000)]

siginfo: si_signo: 11 (SIGSEGV), si_code: 1 (SEGV_MAPERR), si_addr: 0x0000000096f67370

Registers:
RAX=0x0000000000000000, RBX=0x0000000000000029, RCX=0x0000000096f67368, RDX=0x0000000090000001
RSP=0x00007000019e52b0, RBP=0x00007000019e5300, RSI=0x00007000019e5230, RDI=0x00000001179c0000
R8 =0x0000000000000001, R9 =0x0000000795eb17c8, R10=0x000000010af3f6f0, R11=0x000000010c2d9660
R12=0x0000000000000000, R13=0x0000000120579e91, R14=0x00007000019e5350, R15=0x00007ff5faa8e800
RIP=0x000000010c02343c, EFLAGS=0x0000000000010246, ERR=0x0000000000000004
  TRAPNO=0x000000000000000e

Top of Stack: (sp=0x00007000019e52b0)
0x00007000019e52b0:   000000010c0082bd 0000000096f67368
0x00007000019e52c0:   00007000019e52c0 0000000120579e91
0x00007000019e52d0:   00007000019e5350 000000012057a1c0
0x00007000019e52e0:   0000000000000000 0000000120579ec8
0x00007000019e52f0:   0000000000000000 00007000019e5320
0x00007000019e5300:   00007000019e5398 000000010c008201
0x00007000019e5310:   0000000000000000 0000000096f67368
0x00007000019e5320:   00000000000000d6 00000000000000ae
0x00007000019e5330:   0000000000000000 0000000000000000
0x00007000019e5340:   0000000795f52b40 0000000796148a90
0x00007000019e5350:   0000000796f67248 00007000019e5358
0x00007000019e5360:   0000000120579da8 00007000019e53b0
0x00007000019e5370:   000000012057a1c0 0000000000000000
0x00007000019e5380:   0000000120579db8 00007000019e5320
0x00007000019e5390:   00007000019e53a8 00007000019e53f8
0x00007000019e53a0:   000000010c0082bd 0000000796148a90
0x00007000019e53b0:   0000000796f67248 00007000019e53b8
0x00007000019e53c0:   0000000127988021 00007000019e5418
0x00007000019e53d0:   0000000127989e90 0000000000000000
0x00007000019e53e0:   0000000127988038 00007000019e53a8
0x00007000019e53f0:   00007000019e5408 00007000019e5460
0x00007000019e5400:   000000010c0082bd 0000000796148a90
0x00007000019e5410:   0000000796f67248 0000000795f81050
0x00007000019e5420:   00007000019e5420 000000012011af4a
0x00007000019e5430:   00007000019e5488 000000012039e878
0x00007000019e5440:   0000000000000000 000000012011af78
0x00007000019e5450:   00007000019e5408 00007000019e5480
0x00007000019e5460:   00007000019e54d0 000000010c0082bd
0x00007000019e5470:   0000000000000000 0000000796f67248
0x00007000019e5480:   0000000796f67108 0000000796148a90
0x00007000019e5490:   00007000019e5490 000000012011b616
0x00007000019e54a0:   00007000019e5558 000000012039e878 

Instructions: (pc=0x000000010c02343c)
0x000000010c02341c:   10 4c 8b 68 d8 41 83 ed 04 41 c1 e5 03 49 03 c5
0x000000010c02342c:   48 89 45 e0 4c 8d 6c 24 08 4c 89 6d f0 ff 63 50
0x000000010c02343c:   8b 41 08 48 c1 e0 03 4c 8b 75 e0 4d 85 f6 0f 84
0x000000010c02344c:   95 00 00 00 49 8b 56 10 48 3b d0 0f 85 0f 00 00 

Register to memory mapping:

RAX=0x0000000000000000 is an unknown value
RBX=0x0000000000000029 is an unknown value
RCX=0x0000000096f67368 is an unknown value
RDX=0x0000000090000001 is an unknown value
RSP=0x00007000019e52b0 is pointing into the stack for thread: 0x00007ff5faa8e800
RBP=0x00007000019e5300 is pointing into the stack for thread: 0x00007ff5faa8e800
RSI=0x00007000019e5230 is pointing into the stack for thread: 0x00007ff5faa8e800
RDI=0x00000001179c0000 is an unknown value
R8 =0x0000000000000001 is an unknown value
R9 =0x0000000795eb17c8 is an oop
java.awt.AlphaComposite 
 - klass: 'java/awt/AlphaComposite'
R10=0x000000010af3f6f0: _ZN19TemplateInterpreter20_invoke_return_entryE+0 in /Library/Java/JavaVirtualMachines/jdk1.8.0_101.jdk/Contents/Home/jre/lib/server/libjvm.dylib at 0x000000010a650000
R11=0x000000010c2d9660 is at entry_point+32 in (nmethod*)0x000000010c2d94d0
R12=0x0000000000000000 is an unknown value
R13=0x0000000120579e91 is pointing into metadata
R14=0x00007000019e5350 is pointing into the stack for thread: 0x00007ff5faa8e800
R15=0x00007ff5faa8e800 is a thread


Stack: [0x00007000018e8000,0x00007000019e8000],  sp=0x00007000019e52b0,  free space=1012k
Native frames: (J=compiled Java code, j=interpreted, Vv=VM code, C=native code)
j  com.apple.laf.AquaUtils.fillRect(Ljava/awt/Graphics;Ljava/awt/Component;Ljava/awt/Color;IIII)V+81
j  com.apple.laf.AquaUtils.fillRect(Ljava/awt/Graphics;Ljava/awt/Component;)V+16
j  com.apple.laf.AquaPanelUI.update(Ljava/awt/Graphics;Ljavax/swing/JComponent;)V+9
j  javax.swing.JComponent.paintComponent(Ljava/awt/Graphics;)V+26
j  javax.swing.JComponent.paint(Ljava/awt/Graphics;)V+286
j  javax.swing.JComponent.paintToOffscreen(Ljava/awt/Graphics;IIIIII)V+41
j  javax.swing.RepaintManager$PaintManager.paintDoubleBuffered(Ljavax/swing/JComponent;Ljava/awt/Image;Ljava/awt/Graphics;IIII)V+163
j  javax.swing.RepaintManager$PaintManager.paint(Ljavax/swing/JComponent;Ljavax/swing/JComponent;Ljava/awt/Graphics;IIII)Z+116
j  javax.swing.RepaintManager.paint(Ljavax/swing/JComponent;Ljavax/swing/JComponent;Ljava/awt/Graphics;IIII)V+51
j  javax.swing.JComponent._paintImmediately(IIII)V+683
j  javax.swing.JComponent.paintImmediately(IIII)V+138
j  javax.swing.RepaintManager$4.run()Ljava/lang/Void;+81
j  javax.swing.RepaintManager$4.run()Ljava/lang/Object;+1
v  ~StubRoutines::call_stub
V  [libjvm.dylib+0x2ecf06]
V  [libjvm.dylib+0x34d69c]
J 788  java.security.AccessController.doPrivileged(Ljava/security/PrivilegedAction;Ljava/security/AccessControlContext;)Ljava/lang/Object; (0 bytes) @ 0x000000010c108315 [0x000000010c108240+0xd5]
J 795 C1 java.security.ProtectionDomain$JavaSecurityAccessImpl.doIntersectionPrivilege(Ljava/security/PrivilegedAction;Ljava/security/AccessControlContext;Ljava/security/AccessControlContext;)Ljava/lang/Object; (22 bytes) @ 0x000000010c2e2cdc [0x000000010c2e2860+0x47c]
j  javax.swing.RepaintManager.paintDirtyRegions(Ljava/util/Map;)V+154
j  javax.swing.RepaintManager.paintDirtyRegions()V+46
j  javax.swing.RepaintManager.prePaintDirtyRegions()V+73
j  javax.swing.RepaintManager.access$1200(Ljavax/swing/RepaintManager;)V+1
j  javax.swing.RepaintManager$ProcessingRunnable.run()V+37
J 1019 C1 java.awt.event.InvocationEvent.dispatch()V (69 bytes) @ 0x000000010c35e854 [0x000000010c35e640+0x214]
J 1002 C1 java.awt.EventQueue.dispatchEventImpl(Ljava/awt/AWTEvent;Ljava/lang/Object;)V (149 bytes) @ 0x000000010c35486c [0x000000010c352d80+0x1aec]
J 1005 C1 java.awt.EventQueue$3.run()Ljava/lang/Void; (60 bytes) @ 0x000000010c356e94 [0x000000010c356c80+0x214]
J 871 C1 java.awt.EventQueue$3.run()Ljava/lang/Object; (5 bytes) @ 0x000000010c30c84c [0x000000010c30c7c0+0x8c]
v  ~StubRoutines::call_stub
V  [libjvm.dylib+0x2ecf06]
V  [libjvm.dylib+0x34d69c]
J 788  java.security.AccessController.doPrivileged(Ljava/security/PrivilegedAction;Ljava/security/AccessControlContext;)Ljava/lang/Object; (0 bytes) @ 0x000000010c108315 [0x000000010c108240+0xd5]
J 870 C1 java.awt.EventQueue.dispatchEvent(Ljava/awt/AWTEvent;)V (80 bytes) @ 0x000000010c306eec [0x000000010c306540+0x9ac]
J 872 C1 java.awt.EventDispatchThread.pumpOneEventForFilters(I)V (295 bytes) @ 0x000000010c30a1fc [0x000000010c308680+0x1b7c]
j  java.awt.EventDispatchThread.pumpEventsForFilter(ILjava/awt/Conditional;Ljava/awt/EventFilter;)V+35
j  java.awt.EventDispatchThread.pumpEventsForHierarchy(ILjava/awt/Conditional;Ljava/awt/Component;)V+11
j  java.awt.EventDispatchThread.pumpEvents(ILjava/awt/Conditional;)V+4
j  java.awt.EventDispatchThread.pumpEvents(Ljava/awt/Conditional;)V+3
j  java.awt.EventDispatchThread.run()V+9
v  ~StubRoutines::call_stub
V  [libjvm.dylib+0x2ecf06]
V  [libjvm.dylib+0x2ed694]
V  [libjvm.dylib+0x2ed840]
V  [libjvm.dylib+0x348029]
V  [libjvm.dylib+0x5695ab]
V  [libjvm.dylib+0x56ac98]
V  [libjvm.dylib+0x48933a]
C  [libsystem_pthread.dylib+0x399d]  _pthread_body+0x83
C  [libsystem_pthread.dylib+0x391a]  _pthread_body+0x0
C  [libsystem_pthread.dylib+0x1351]  thread_start+0xd
C  0x0000000000000000


---------------  P R O C E S S  ---------------

Java Threads: ( => current thread )
  0x00007ff5fab5b800 JavaThread "Thread-2" [_thread_in_vm, id=72707, stack(0x0000700001b71000,0x0000700001c71000)]
  0x00007ff5f9bc0000 JavaThread "TimerQueue" daemon [_thread_blocked, id=68503, stack(0x0000700001a6e000,0x0000700001b6e000)]
  0x00007ff5f900d800 JavaThread "DestroyJavaVM" [_thread_blocked, id=4099, stack(0x0000700000084000,0x0000700000184000)]
=>0x00007ff5faa8e800 JavaThread "AWT-EventQueue-0" [_thread_in_Java, id=64067, stack(0x00007000018e8000,0x00007000019e8000)]
  0x00007ff5f9b56800 JavaThread "AWT-Shutdown" [_thread_blocked, id=64275, stack(0x000070000155c000,0x000070000165c000)]
  0x00007ff5fa9fb800 JavaThread "Java2D Disposer" daemon [_thread_blocked, id=62987, stack(0x00007000017e5000,0x00007000018e5000)]
  0x00007ff5f91b9800 JavaThread "Java2D Queue Flusher" daemon [_thread_blocked, id=59911, stack(0x00007000016e2000,0x00007000017e2000)]
  0x00007ff5f98d9000 JavaThread "AppKit Thread" daemon [_thread_in_native, id=2571, stack(0x00007fff5502c000,0x00007fff5582c000)]
  0x00007ff5fa04d800 JavaThread "BluecoveAsynchronousShutdownThread" daemon [_thread_blocked, id=21251, stack(0x00007000012d0000,0x00007000013d0000)]
  0x00007ff5f906e800 JavaThread "Abandoned connection cleanup thread" daemon [_thread_blocked, id=20483, stack(0x00007000011cd000,0x00007000012cd000)]
  0x00007ff5f9888000 JavaThread "Thread-0" [_thread_in_native, id=19971, stack(0x00007000010ca000,0x00007000011ca000)]
  0x00007ff5fa03a800 JavaThread "Monitor Ctrl-Break" daemon [_thread_in_native, id=19459, stack(0x0000700000fc7000,0x00007000010c7000)]
  0x00007ff5f9043800 JavaThread "Service Thread" daemon [_thread_blocked, id=18435, stack(0x0000700000dc1000,0x0000700000ec1000)]
  0x00007ff5f9042800 JavaThread "C1 CompilerThread2" daemon [_thread_blocked, id=17923, stack(0x0000700000cbe000,0x0000700000dbe000)]
  0x00007ff5f9855000 JavaThread "C2 CompilerThread1" daemon [_thread_blocked, id=17411, stack(0x0000700000bbb000,0x0000700000cbb000)]
  0x00007ff5fa026000 JavaThread "C2 CompilerThread0" daemon [_thread_blocked, id=16899, stack(0x0000700000ab8000,0x0000700000bb8000)]
  0x00007ff5f9019000 JavaThread "Signal Dispatcher" daemon [_thread_blocked, id=12815, stack(0x00007000009b5000,0x0000700000ab5000)]
  0x00007ff5fa000000 JavaThread "Finalizer" daemon [_thread_blocked, id=11779, stack(0x000070000082f000,0x000070000092f000)]
  0x00007ff5fa800800 JavaThread "Reference Handler" daemon [_thread_blocked, id=11267, stack(0x000070000072c000,0x000070000082c000)]

Other Threads:
  0x00007ff5f9835000 VMThread [stack: 0x0000700000629000,0x0000700000729000] [id=10755]
  0x00007ff5fa80b000 WatcherThread [stack: 0x0000700000ec4000,0x0000700000fc4000] [id=18947]

VM state:not at safepoint (normal execution)

VM Mutex/Monitor currently owned by a thread: None

Heap:
 PSYoungGen      total 38400K, used 26581K [0x0000000795580000, 0x0000000798000000, 0x00000007c0000000)
  eden space 33280K, 79% used [0x0000000795580000,0x0000000796f75430,0x0000000797600000)
  from space 5120K, 0% used [0x0000000797b00000,0x0000000797b00000,0x0000000798000000)
  to   space 5120K, 0% used [0x0000000797600000,0x0000000797600000,0x0000000797b00000)
 ParOldGen       total 87552K, used 0K [0x0000000740000000, 0x0000000745580000, 0x0000000795580000)
  object space 87552K, 0% used [0x0000000740000000,0x0000000740000000,0x0000000745580000)
 Metaspace       used 15648K, capacity 15818K, committed 16128K, reserved 1062912K
  class space    used 1980K, capacity 2046K, committed 2048K, reserved 1048576K

Card table byte_map: [0x000000011b3c0000,0x000000011b7c1000] byte_map_base: 0x00000001179c0000

Marking Bits: (ParMarkBitMap*) 0x000000010af3dd20
 Begin Bits: [0x000000011ba6c000, 0x000000011da6c000)
 End Bits:   [0x000000011da6c000, 0x000000011fa6c000)

Polling page: 0x000000010b630000

CodeCache: size=245760Kb used=3949Kb max_used=3949Kb free=241810Kb
 bounds [0x000000010c000000, 0x000000010c3e0000, 0x000000011b000000]
 total_blobs=1780 nmethods=1199 adapters=494
 compilation: enabled

Compilation events (10 events):
Event: 13.022 Thread 0x00007ff5f9042800 1244       3       sun.java2d.pipe.BufferedContext::validate (518 bytes)
Event: 13.026 Thread 0x00007ff5f9042800 nmethod 1244 0x000000010c3d9710 code [0x000000010c3d9ac0, 0x000000010c3dcbd8]
Event: 13.026 Thread 0x00007ff5f9042800 1245       1       sun.java2d.opengl.OGLSurfaceData::getType (5 bytes)
Event: 13.027 Thread 0x00007ff5f9042800 nmethod 1245 0x000000010c3d84d0 code [0x000000010c3d8620, 0x000000010c3d8730]
Event: 13.027 Thread 0x00007ff5f9042800 1246       1       sun.java2d.SurfaceDataProxy::isValid (5 bytes)
Event: 13.027 Thread 0x00007ff5f9042800 nmethod 1246 0x000000010c3d8210 code [0x000000010c3d8360, 0x000000010c3d8470]
Event: 13.917 Thread 0x00007ff5f9042800 1247       3       java.lang.ref.ReferenceQueue::reallyPoll (66 bytes)
Event: 13.917 Thread 0x00007ff5f9042800 nmethod 1247 0x000000010c3d7b10 code [0x000000010c3d7ca0, 0x000000010c3d8130]
Event: 14.055 Thread 0x00007ff5f9042800 1248       3       java.beans.PropertyChangeSupport::firePropertyChange (81 bytes)
Event: 14.057 Thread 0x00007ff5f9042800 nmethod 1248 0x000000010c3ddf50 code [0x000000010c3de180, 0x000000010c3df128]

GC Heap History (0 events):
No events

Deoptimization events (8 events):
Event: 1.607 Thread 0x00007ff5f900d800 Uncommon trap: reason=unstable_if action=reinterpret pc=0x000000010c1a4a68 method=org.sqlite.SQLiteJDBCLoader.contentsEquals(Ljava/io/InputStream;Ljava/io/InputStream;)Z @ 39
Event: 2.679 Thread 0x00007ff5f900d800 Uncommon trap: reason=unstable_if action=reinterpret pc=0x000000010c1af014 method=sun.misc.MetaIndex.mayContain(Ljava/lang/String;)Z @ 38
Event: 5.612 Thread 0x00007ff5f900d800 Uncommon trap: reason=class_check action=maybe_recompile pc=0x000000010c1d55d8 method=java.lang.String.equals(Ljava/lang/Object;)Z @ 8
Event: 5.612 Thread 0x00007ff5f900d800 Uncommon trap: reason=class_check action=maybe_recompile pc=0x000000010c1d55d8 method=java.lang.String.equals(Ljava/lang/Object;)Z @ 8
Event: 5.612 Thread 0x00007ff5f900d800 Uncommon trap: reason=class_check action=maybe_recompile pc=0x000000010c1d55d8 method=java.lang.String.equals(Ljava/lang/Object;)Z @ 8
Event: 5.612 Thread 0x00007ff5f900d800 Uncommon trap: reason=class_check action=maybe_recompile pc=0x000000010c1d55d8 method=java.lang.String.equals(Ljava/lang/Object;)Z @ 8
Event: 10.444 Thread 0x00007ff5faa8e800 Uncommon trap: reason=unstable_if action=reinterpret pc=0x000000010c2a299c method=java.util.HashMap.getNode(ILjava/lang/Object;)Ljava/util/HashMap$Node; @ 62
Event: 10.448 Thread 0x00007ff5faa8e800 Uncommon trap: reason=unstable_if action=reinterpret pc=0x000000010c289eec method=java.util.HashMap.getNode(ILjava/lang/Object;)Ljava/util/HashMap$Node; @ 62

Internal exceptions (10 events):
Event: 0.658 Thread 0x00007ff5f900d800 Exception <a 'java/security/PrivilegedActionException'> (0x000000079573b6f8) thrown at [/HUDSON3/workspace/8-2-build-macosx-x86_64/jdk8u101/7261/hotspot/src/share/vm/prims/jvm.cpp, line 1386]
Event: 0.658 Thread 0x00007ff5f900d800 Exception <a 'java/security/PrivilegedActionException'> (0x000000079573baf0) thrown at [/HUDSON3/workspace/8-2-build-macosx-x86_64/jdk8u101/7261/hotspot/src/share/vm/prims/jvm.cpp, line 1386]
Event: 0.747 Thread 0x00007ff5f900d800 Exception <a 'java/security/PrivilegedActionException'> (0x000000079573efe0) thrown at [/HUDSON3/workspace/8-2-build-macosx-x86_64/jdk8u101/7261/hotspot/src/share/vm/prims/jvm.cpp, line 1386]
Event: 0.747 Thread 0x00007ff5f900d800 Exception <a 'java/security/PrivilegedActionException'> (0x000000079573f3d8) thrown at [/HUDSON3/workspace/8-2-build-macosx-x86_64/jdk8u101/7261/hotspot/src/share/vm/prims/jvm.cpp, line 1386]
Event: 0.762 Thread 0x00007ff5f9888000 Exception <a 'java/lang/NoClassDefFoundError': org/apache/log4j/Category> (0x00000007958c7bf0) thrown at [/HUDSON3/workspace/8-2-build-macosx-x86_64/jdk8u101/7261/hotspot/src/share/vm/classfile/systemDictionary.cpp, line 199]
Event: 0.780 Thread 0x00007ff5f9888000 Exception <a 'java/lang/UnsatisfiedLinkError': com.intel.bluetooth.BluetoothStackOSX.isNativeCodeLoaded()Z> (0x000000079591c1a8) thrown at [/HUDSON3/workspace/8-2-build-macosx-x86_64/jdk8u101/7261/hotspot/src/share/vm/prims/nativeLookup.cpp, line 378]
Event: 2.094 Thread 0x00007ff5f900d800 Exception <a 'java/lang/NoSuchFieldError': method resolution failed> (0x0000000795dc7880) thrown at [/HUDSON3/workspace/8-2-build-macosx-x86_64/jdk8u101/7261/hotspot/src/share/vm/prims/methodHandles.cpp, line 1146]
Event: 2.099 Thread 0x00007ff5f900d800 Exception <a 'java/lang/NoSuchFieldError': method resolution failed> (0x0000000795dd4f40) thrown at [/HUDSON3/workspace/8-2-build-macosx-x86_64/jdk8u101/7261/hotspot/src/share/vm/prims/methodHandles.cpp, line 1146]
Event: 2.433 Thread 0x00007ff5f900d800 Exception <a 'java/io/FileNotFoundException'> (0x0000000795e4f770) thrown at [/HUDSON3/workspace/8-2-build-macosx-x86_64/jdk8u101/7261/hotspot/src/share/vm/prims/jni.cpp, line 709]
Event: 2.433 Thread 0x00007ff5f900d800 Exception <a 'java/io/FileNotFoundException'> (0x0000000795e50318) thrown at [/HUDSON3/workspace/8-2-build-macosx-x86_64/jdk8u101/7261/hotspot/src/share/vm/prims/jni.cpp, line 709]

Events (10 events):
Event: 14.060 Executing VM operation: BulkRevokeBias
Event: 14.060 Executing VM operation: BulkRevokeBias done
Event: 14.060 Executing VM operation: RevokeBias
Event: 14.060 Executing VM operation: RevokeBias done
Event: 14.060 Executing VM operation: RevokeBias
Event: 14.060 Executing VM operation: RevokeBias done
Event: 14.060 Executing VM operation: BulkRevokeBias
Event: 14.061 Executing VM operation: BulkRevokeBias done
Event: 14.061 loading class java/awt/LightweightDispatcher$2
Event: 14.061 loading class java/awt/LightweightDispatcher$2 done


Dynamic libraries:
0x00000000026c0000 	/System/Library/Frameworks/Cocoa.framework/Versions/A/Cocoa
0x00000000026c0000 	/System/Library/Frameworks/Security.framework/Versions/A/Security
0x00000000026c0000 	/System/Library/Frameworks/ApplicationServices.framework/Versions/A/ApplicationServices
0x00000000026c0000 	/usr/lib/libz.1.dylib
0x00000000026c0000 	/usr/lib/libSystem.B.dylib
0x00000000026c0000 	/usr/lib/libobjc.A.dylib
0x00000000026c0000 	/System/Library/Frameworks/CoreFoundation.framework/Versions/A/CoreFoundation
0x00000000026c0000 	/System/Library/Frameworks/Foundation.framework/Versions/C/Foundation
0x00000000026c0000 	/System/Library/Frameworks/AppKit.framework/Versions/C/AppKit
0x00000000026c0000 	/System/Library/Frameworks/CoreData.framework/Versions/A/CoreData
0x00000000026c0000 	/System/Library/PrivateFrameworks/RemoteViewServices.framework/Versions/A/RemoteViewServices
0x00000000026c0000 	/System/Library/PrivateFrameworks/UIFoundation.framework/Versions/A/UIFoundation
0x00000000026c0000 	/usr/lib/libScreenReader.dylib
0x00000000026c0000 	/System/Library/Frameworks/Accelerate.framework/Versions/A/Accelerate
0x00000000026c0000 	/System/Library/Frameworks/IOSurface.framework/Versions/A/IOSurface
0x00000000026c0000 	/System/Library/Frameworks/AudioToolbox.framework/Versions/A/AudioToolbox
0x00000000026c0000 	/System/Library/Frameworks/AudioUnit.framework/Versions/A/AudioUnit
0x00000000026c0000 	/System/Library/PrivateFrameworks/DataDetectorsCore.framework/Versions/A/DataDetectorsCore
0x00000000026c0000 	/System/Library/PrivateFrameworks/DesktopServicesPriv.framework/Versions/A/DesktopServicesPriv
0x00000000026c0000 	/System/Library/Frameworks/Carbon.framework/Versions/A/Frameworks/HIToolbox.framework/Versions/A/HIToolbox
0x00000000026c0000 	/System/Library/Frameworks/QuartzCore.framework/Versions/A/QuartzCore
0x00000000026c0000 	/System/Library/Frameworks/Carbon.framework/Versions/A/Frameworks/SpeechRecognition.framework/Versions/A/SpeechRecognition
0x00000000026c0000 	/usr/lib/libauto.dylib
0x00000000026c0000 	/usr/lib/libicucore.A.dylib
0x00000000026c0000 	/usr/lib/libxml2.2.dylib
0x00000000026c0000 	/System/Library/PrivateFrameworks/CoreUI.framework/Versions/A/CoreUI
0x00000000026c0000 	/System/Library/Frameworks/CoreAudio.framework/Versions/A/CoreAudio
0x00000000026c0000 	/System/Library/Frameworks/DiskArbitration.framework/Versions/A/DiskArbitration
0x00000000026c0000 	/usr/lib/liblangid.dylib
0x00000000026c0000 	/System/Library/PrivateFrameworks/MultitouchSupport.framework/Versions/A/MultitouchSupport
0x00000000026c0000 	/System/Library/Frameworks/IOKit.framework/Versions/A/IOKit
0x00000000026c0000 	/usr/lib/libDiagnosticMessagesClient.dylib
0x00000000026c0000 	/System/Library/Frameworks/CoreServices.framework/Versions/A/CoreServices
0x00000000026c0000 	/System/Library/PrivateFrameworks/PerformanceAnalysis.framework/Versions/A/PerformanceAnalysis
0x00000000026c0000 	/System/Library/PrivateFrameworks/GenerationalStorage.framework/Versions/A/GenerationalStorage
0x00000000026c0000 	/System/Library/Frameworks/OpenGL.framework/Versions/A/OpenGL
0x00000000026c0000 	/System/Library/PrivateFrameworks/Sharing.framework/Versions/A/Sharing
0x00000000026c0000 	/System/Library/Frameworks/CoreGraphics.framework/Versions/A/CoreGraphics
0x00000000026c0000 	/System/Library/Frameworks/CoreImage.framework/Versions/A/CoreImage
0x00000000026c0000 	/System/Library/Frameworks/CoreText.framework/Versions/A/CoreText
0x00000000026c0000 	/System/Library/Frameworks/ImageIO.framework/Versions/A/ImageIO
0x00000000026c0000 	/System/Library/PrivateFrameworks/Backup.framework/Versions/A/Backup
0x00000000026c0000 	/usr/lib/libextension.dylib
0x00000000026c0000 	/usr/lib/libarchive.2.dylib
0x00000000026c0000 	/System/Library/Frameworks/CFNetwork.framework/Versions/A/CFNetwork
0x00000000026c0000 	/System/Library/Frameworks/SystemConfiguration.framework/Versions/A/SystemConfiguration
0x00000000026c0000 	/usr/lib/libCRFSuite.dylib
0x00000000026c0000 	/usr/lib/libc++.1.dylib
0x00000000026c0000 	/usr/lib/libc++abi.dylib
0x00000000026c0000 	/usr/lib/system/libcache.dylib
0x00000000026c0000 	/usr/lib/system/libcommonCrypto.dylib
0x00000000026c0000 	/usr/lib/system/libcompiler_rt.dylib
0x00000000026c0000 	/usr/lib/system/libcopyfile.dylib
0x00000000026c0000 	/usr/lib/system/libcorecrypto.dylib
0x00000000026c0000 	/usr/lib/system/libdispatch.dylib
0x00000000026c0000 	/usr/lib/system/libdyld.dylib
0x00000000026c0000 	/usr/lib/system/libkeymgr.dylib
0x00000000026c0000 	/usr/lib/system/liblaunch.dylib
0x00000000026c0000 	/usr/lib/system/libmacho.dylib
0x00000000026c0000 	/usr/lib/system/libquarantine.dylib
0x00000000026c0000 	/usr/lib/system/libremovefile.dylib
0x00000000026c0000 	/usr/lib/system/libsystem_asl.dylib
0x00000000026c0000 	/usr/lib/system/libsystem_blocks.dylib
0x00000000026c0000 	/usr/lib/system/libsystem_c.dylib
0x00000000026c0000 	/usr/lib/system/libsystem_configuration.dylib
0x00000000026c0000 	/usr/lib/system/libsystem_coreservices.dylib
0x00000000026c0000 	/usr/lib/system/libsystem_coretls.dylib
0x00000000026c0000 	/usr/lib/system/libsystem_dnssd.dylib
0x00000000026c0000 	/usr/lib/system/libsystem_info.dylib
0x00000000026c0000 	/usr/lib/system/libsystem_kernel.dylib
0x00000000026c0000 	/usr/lib/system/libsystem_m.dylib
0x00000000026c0000 	/usr/lib/system/libsystem_malloc.dylib
0x00000000026c0000 	/usr/lib/system/libsystem_network.dylib
0x00000000026c0000 	/usr/lib/system/libsystem_networkextension.dylib
0x00000000026c0000 	/usr/lib/system/libsystem_notify.dylib
0x00000000026c0000 	/usr/lib/system/libsystem_platform.dylib
0x00000000026c0000 	/usr/lib/system/libsystem_pthread.dylib
0x00000000026c0000 	/usr/lib/system/libsystem_sandbox.dylib
0x00000000026c0000 	/usr/lib/system/libsystem_secinit.dylib
0x00000000026c0000 	/usr/lib/system/libsystem_trace.dylib
0x00000000026c0000 	/usr/lib/system/libunc.dylib
0x00000000026c0000 	/usr/lib/system/libunwind.dylib
0x00000000026c0000 	/usr/lib/system/libxpc.dylib
0x00000000026c0000 	/usr/lib/libenergytrace.dylib
0x00000000026c0000 	/usr/lib/libbsm.0.dylib
0x00000000026c0000 	/usr/lib/system/libkxld.dylib
0x00000000026c0000 	/usr/lib/libxar.1.dylib
0x00000000026c0000 	/usr/lib/libsqlite3.dylib
0x00000000026c0000 	/usr/lib/libpam.2.dylib
0x00000000026c0000 	/usr/lib/libOpenScriptingUtil.dylib
0x00000000026c0000 	/usr/lib/libbz2.1.0.dylib
0x00000000026c0000 	/usr/lib/liblzma.5.dylib
0x00000000026c0000 	/System/Library/Frameworks/CoreServices.framework/Versions/A/Frameworks/FSEvents.framework/Versions/A/FSEvents
0x00000000026c0000 	/System/Library/Frameworks/CoreServices.framework/Versions/A/Frameworks/CarbonCore.framework/Versions/A/CarbonCore
0x00000000026c0000 	/System/Library/Frameworks/CoreServices.framework/Versions/A/Frameworks/Metadata.framework/Versions/A/Metadata
0x00000000026c0000 	/System/Library/Frameworks/CoreServices.framework/Versions/A/Frameworks/OSServices.framework/Versions/A/OSServices
0x00000000026c0000 	/System/Library/Frameworks/CoreServices.framework/Versions/A/Frameworks/SearchKit.framework/Versions/A/SearchKit
0x00000000026c0000 	/System/Library/Frameworks/CoreServices.framework/Versions/A/Frameworks/AE.framework/Versions/A/AE
0x00000000026c0000 	/System/Library/Frameworks/CoreServices.framework/Versions/A/Frameworks/LaunchServices.framework/Versions/A/LaunchServices
0x00000000026c0000 	/System/Library/Frameworks/CoreServices.framework/Versions/A/Frameworks/DictionaryServices.framework/Versions/A/DictionaryServices
0x00000000026c0000 	/System/Library/Frameworks/CoreServices.framework/Versions/A/Frameworks/SharedFileList.framework/Versions/A/SharedFileList
0x00000000026c0000 	/System/Library/Frameworks/NetFS.framework/Versions/A/NetFS
0x00000000026c0000 	/System/Library/PrivateFrameworks/NetAuth.framework/Versions/A/NetAuth
0x00000000026c0000 	/System/Library/PrivateFrameworks/login.framework/Versions/A/Frameworks/loginsupport.framework/Versions/A/loginsupport
0x00000000026c0000 	/System/Library/PrivateFrameworks/TCC.framework/Versions/A/TCC
0x00000000026c0000 	/usr/lib/libmecabra.dylib
0x00000000026c0000 	/System/Library/Frameworks/ApplicationServices.framework/Versions/A/Frameworks/ATS.framework/Versions/A/ATS
0x00000000026c0000 	/System/Library/Frameworks/ApplicationServices.framework/Versions/A/Frameworks/ColorSync.framework/Versions/A/ColorSync
0x00000000026c0000 	/System/Library/Frameworks/ApplicationServices.framework/Versions/A/Frameworks/HIServices.framework/Versions/A/HIServices
0x00000000026c0000 	/System/Library/Frameworks/ApplicationServices.framework/Versions/A/Frameworks/LangAnalysis.framework/Versions/A/LangAnalysis
0x00000000026c0000 	/System/Library/Frameworks/ApplicationServices.framework/Versions/A/Frameworks/PrintCore.framework/Versions/A/PrintCore
0x00000000026c0000 	/System/Library/Frameworks/ApplicationServices.framework/Versions/A/Frameworks/QD.framework/Versions/A/QD
0x00000000026c0000 	/System/Library/Frameworks/ApplicationServices.framework/Versions/A/Frameworks/SpeechSynthesis.framework/Versions/A/SpeechSynthesis
0x00000000026c0000 	/System/Library/Frameworks/Metal.framework/Versions/A/Metal
0x00000000026c0000 	/System/Library/Frameworks/Accelerate.framework/Versions/A/Frameworks/vImage.framework/Versions/A/vImage
0x00000000026c0000 	/System/Library/Frameworks/Accelerate.framework/Versions/A/Frameworks/vecLib.framework/Versions/A/vecLib
0x00000000026c0000 	/System/Library/Frameworks/Accelerate.framework/Versions/A/Frameworks/vecLib.framework/Versions/A/libvDSP.dylib
0x00000000026c0000 	/System/Library/Frameworks/Accelerate.framework/Versions/A/Frameworks/vecLib.framework/Versions/A/libvMisc.dylib
0x00000000026c0000 	/System/Library/Frameworks/Accelerate.framework/Versions/A/Frameworks/vecLib.framework/Versions/A/libLAPACK.dylib
0x00000000026c0000 	/System/Library/Frameworks/Accelerate.framework/Versions/A/Frameworks/vecLib.framework/Versions/A/libBLAS.dylib
0x00000000026c0000 	/System/Library/Frameworks/Accelerate.framework/Versions/A/Frameworks/vecLib.framework/Versions/A/libLinearAlgebra.dylib
0x00000000026c0000 	/System/Library/Frameworks/Accelerate.framework/Versions/A/Frameworks/vecLib.framework/Versions/A/libSparseBLAS.dylib
0x00000000026c0000 	/System/Library/PrivateFrameworks/GPUCompiler.framework/libmetal_timestamp.dylib
0x00000000026c0000 	/System/Library/Frameworks/OpenGL.framework/Versions/A/Libraries/libCoreFSCache.dylib
0x00000000026c0000 	/System/Library/PrivateFrameworks/IOAccelerator.framework/Versions/A/IOAccelerator
0x00000000026c0000 	/System/Library/Frameworks/ApplicationServices.framework/Versions/A/Frameworks/ATS.framework/Versions/A/Resources/libFontParser.dylib
0x00000000026c0000 	/System/Library/Frameworks/ApplicationServices.framework/Versions/A/Frameworks/ATS.framework/Versions/A/Resources/libFontRegistry.dylib
0x00000000026c0000 	/System/Library/PrivateFrameworks/AppleVPA.framework/Versions/A/AppleVPA
0x00000000026c0000 	/System/Library/PrivateFrameworks/AppleJPEG.framework/Versions/A/AppleJPEG
0x00000000026c0000 	/System/Library/Frameworks/ImageIO.framework/Versions/A/Resources/libJPEG.dylib
0x00000000026c0000 	/System/Library/Frameworks/ImageIO.framework/Versions/A/Resources/libTIFF.dylib
0x00000000026c0000 	/System/Library/Frameworks/ImageIO.framework/Versions/A/Resources/libPng.dylib
0x00000000026c0000 	/System/Library/Frameworks/ImageIO.framework/Versions/A/Resources/libGIF.dylib
0x00000000026c0000 	/System/Library/Frameworks/ImageIO.framework/Versions/A/Resources/libJP2.dylib
0x00000000026c0000 	/System/Library/Frameworks/ImageIO.framework/Versions/A/Resources/libRadiance.dylib
0x00000000026c0000 	/System/Library/Frameworks/CoreVideo.framework/Versions/A/CoreVideo
0x00000000026c0000 	/System/Library/Frameworks/OpenGL.framework/Versions/A/Libraries/libGLU.dylib
0x00000000026c0000 	/System/Library/Frameworks/OpenGL.framework/Versions/A/Libraries/libGFXShared.dylib
0x00000000026c0000 	/System/Library/Frameworks/OpenGL.framework/Versions/A/Libraries/libGL.dylib
0x00000000026c0000 	/System/Library/Frameworks/OpenGL.framework/Versions/A/Libraries/libGLImage.dylib
0x00000000026c0000 	/System/Library/Frameworks/OpenGL.framework/Versions/A/Libraries/libCVMSPluginSupport.dylib
0x00000000026c0000 	/System/Library/Frameworks/OpenGL.framework/Versions/A/Libraries/libCoreVMClient.dylib
0x00000000026c0000 	/usr/lib/libcompression.dylib
0x00000000026c0000 	/usr/lib/libcups.2.dylib
0x00000000026c0000 	/System/Library/Frameworks/Kerberos.framework/Versions/A/Kerberos
0x00000000026c0000 	/System/Library/Frameworks/GSS.framework/Versions/A/GSS
0x00000000026c0000 	/usr/lib/libresolv.9.dylib
0x00000000026c0000 	/usr/lib/libiconv.2.dylib
0x00000000026c0000 	/System/Library/PrivateFrameworks/Heimdal.framework/Versions/A/Heimdal
0x00000000026c0000 	/usr/lib/libheimdal-asn1.dylib
0x00000000026c0000 	/System/Library/Frameworks/OpenDirectory.framework/Versions/A/OpenDirectory
0x00000000026c0000 	/System/Library/PrivateFrameworks/CommonAuth.framework/Versions/A/CommonAuth
0x00000000026c0000 	/System/Library/Frameworks/OpenDirectory.framework/Versions/A/Frameworks/CFOpenDirectory.framework/Versions/A/CFOpenDirectory
0x00000000026c0000 	/System/Library/Frameworks/SecurityFoundation.framework/Versions/A/SecurityFoundation
0x00000000026c0000 	/System/Library/PrivateFrameworks/LanguageModeling.framework/Versions/A/LanguageModeling
0x00000000026c0000 	/usr/lib/libmarisa.dylib
0x00000000026c0000 	/usr/lib/libChineseTokenizer.dylib
0x00000000026c0000 	/usr/lib/libcmph.dylib
0x00000000026c0000 	/System/Library/Frameworks/ServiceManagement.framework/Versions/A/ServiceManagement
0x00000000026c0000 	/usr/lib/libxslt.1.dylib
0x00000000026c0000 	/System/Library/Frameworks/Carbon.framework/Versions/A/Frameworks/Ink.framework/Versions/A/Ink
0x00000000026c0000 	/usr/lib/libFosl_dynamic.dylib
0x00000000026c0000 	/System/Library/PrivateFrameworks/FaceCore.framework/Versions/A/FaceCore
0x00000000026c0000 	/System/Library/Frameworks/OpenCL.framework/Versions/A/OpenCL
0x00000000026c0000 	/System/Library/PrivateFrameworks/CrashReporterSupport.framework/Versions/A/CrashReporterSupport
0x00000000026c0000 	/System/Library/PrivateFrameworks/IconServices.framework/Versions/A/IconServices
0x00000000026c0000 	/System/Library/PrivateFrameworks/Apple80211.framework/Versions/A/Apple80211
0x00000000026c0000 	/System/Library/Frameworks/CoreWLAN.framework/Versions/A/CoreWLAN
0x00000000026c0000 	/System/Library/Frameworks/IOBluetooth.framework/Versions/A/IOBluetooth
0x00000000026c0000 	/System/Library/PrivateFrameworks/CoreWiFi.framework/Versions/A/CoreWiFi
0x00000000026c0000 	/System/Library/Frameworks/CoreBluetooth.framework/Versions/A/CoreBluetooth
0x00000000026c0000 	/System/Library/PrivateFrameworks/ChunkingLibrary.framework/Versions/A/ChunkingLibrary
0x00000000026c0000 	/System/Library/PrivateFrameworks/DebugSymbols.framework/Versions/A/DebugSymbols
0x00000000026c0000 	/System/Library/PrivateFrameworks/CoreSymbolication.framework/Versions/A/CoreSymbolication
0x00000000026c0000 	/System/Library/PrivateFrameworks/Symbolication.framework/Versions/A/Symbolication
0x00000000026c0000 	/System/Library/PrivateFrameworks/SpeechRecognitionCore.framework/Versions/A/SpeechRecognitionCore
0x000000010a650000 	/Library/Java/JavaVirtualMachines/jdk1.8.0_101.jdk/Contents/Home/jre/lib/server/libjvm.dylib
0x00000000026c0000 	/usr/lib/libstdc++.6.dylib
0x000000010b5ed000 	/Library/Java/JavaVirtualMachines/jdk1.8.0_101.jdk/Contents/Home/jre/lib/libverify.dylib
0x000000010b5fb000 	/Library/Java/JavaVirtualMachines/jdk1.8.0_101.jdk/Contents/Home/jre/lib/libjava.dylib
0x000000010b63e000 	/Library/Java/JavaVirtualMachines/jdk1.8.0_101.jdk/Contents/Home/jre/lib/libzip.dylib
0x00000001217b1000 	/System/Library/Frameworks/JavaVM.framework/Frameworks/JavaRuntimeSupport.framework/JavaRuntimeSupport
0x00000001217cc000 	/System/Library/Frameworks/JavaVM.framework/Versions/A/Frameworks/JavaNativeFoundation.framework/Versions/A/JavaNativeFoundation
0x00000001217e1000 	/System/Library/Frameworks/JavaVM.framework/Versions/A/JavaVM
0x00000000026c0000 	/System/Library/Frameworks/Carbon.framework/Versions/A/Carbon
0x00000001217ee000 	/System/Library/PrivateFrameworks/JavaLaunching.framework/Versions/A/JavaLaunching
0x00000000026c0000 	/System/Library/Frameworks/Carbon.framework/Versions/A/Frameworks/CommonPanels.framework/Versions/A/CommonPanels
0x00000000026c0000 	/System/Library/Frameworks/Carbon.framework/Versions/A/Frameworks/Help.framework/Versions/A/Help
0x00000000026c0000 	/System/Library/Frameworks/Carbon.framework/Versions/A/Frameworks/ImageCapture.framework/Versions/A/ImageCapture
0x00000000026c0000 	/System/Library/Frameworks/Carbon.framework/Versions/A/Frameworks/OpenScripting.framework/Versions/A/OpenScripting
0x00000000026c0000 	/System/Library/Frameworks/Carbon.framework/Versions/A/Frameworks/Print.framework/Versions/A/Print
0x00000000026c0000 	/System/Library/Frameworks/Carbon.framework/Versions/A/Frameworks/SecurityHI.framework/Versions/A/SecurityHI
0x000000012323f000 	/Applications/IntelliJ IDEA CE.app/Contents/bin/libbreakgen64.jnilib
0x0000000123242000 	/Library/Java/JavaVirtualMachines/jdk1.8.0_101.jdk/Contents/Home/jre/lib/libnet.dylib
0x00000001232a1000 	/private/var/folders/hx/chl3wz1s6d9g8dgpv9pfrkzw0000gn/T/bluecove_maximerichard_0/libbluecove.jnilib
0x0000000123333000 	/private/var/folders/hx/chl3wz1s6d9g8dgpv9pfrkzw0000gn/T/sqlite-3.8.11.2-5f41a533-6931-42af-a1bb-6e2e761c16fe-libsqlitejdbc.jnilib
0x00000001235ce000 	/Library/Java/JavaVirtualMachines/jdk1.8.0_101.jdk/Contents/Home/jre/lib/libawt.dylib
0x0000000123676000 	/Library/Java/JavaVirtualMachines/jdk1.8.0_101.jdk/Contents/Home/jre/lib/./libmlib_image.dylib
0x0000000123742000 	/Library/Java/JavaVirtualMachines/jdk1.8.0_101.jdk/Contents/Home/jre/lib/libawt_lwawt.dylib
0x00000001237f7000 	/Library/Java/JavaVirtualMachines/jdk1.8.0_101.jdk/Contents/Home/jre/lib/./libosxapp.dylib
0x00000000026c0000 	/System/Library/Frameworks/ExceptionHandling.framework/Versions/A/ExceptionHandling
0x00000000026c0000 	/System/Library/PrivateFrameworks/CoreServicesInternal.framework/Versions/A/CoreServicesInternal
0x00000000026c0000 	/System/Library/Frameworks/CoreGraphics.framework/Versions/A/Resources/libRIP.A.dylib
0x00000000026c0000 	/System/Library/Frameworks/Accelerate.framework/Versions/A/Frameworks/vImage.framework/Versions/A/Libraries/libCGInterfaces.dylib
0x00000000026c0000 	/System/Library/Frameworks/CoreGraphics.framework/Versions/A/Resources/libCGXType.A.dylib
0x00000000026c0000 	/System/Library/Frameworks/OpenCL.framework/Versions/A/Libraries/libcldcpuengine.dylib
0x00000000026c0000 	/System/Library/PrivateFrameworks/DiskImages.framework/Versions/A/DiskImages
0x00000000026c0000 	/System/Library/Frameworks/DiscRecording.framework/Versions/A/DiscRecording
0x00000000026c0000 	/usr/lib/libcsfde.dylib
0x00000000026c0000 	/usr/lib/libcurl.4.dylib
0x00000000026c0000 	/System/Library/PrivateFrameworks/MediaKit.framework/Versions/A/MediaKit
0x00000000026c0000 	/System/Library/PrivateFrameworks/ProtectedCloudStorage.framework/Versions/A/ProtectedCloudStorage
0x00000000026c0000 	/usr/lib/libCoreStorage.dylib
0x00000000026c0000 	/System/Library/PrivateFrameworks/EFILogin.framework/Versions/A/EFILogin
0x00000000026c0000 	/usr/lib/libutil.dylib
0x00000000026c0000 	/System/Library/PrivateFrameworks/FindMyDevice.framework/Versions/A/FindMyDevice
0x00000000026c0000 	/System/Library/Frameworks/LDAP.framework/Versions/A/LDAP
0x00000000026c0000 	/usr/lib/libsasl2.2.dylib
0x00000000026c0000 	/System/Library/PrivateFrameworks/CoreDaemon.framework/Versions/B/CoreDaemon
0x00000000026c0000 	/usr/lib/libcrypto.0.9.8.dylib
0x00000000026c0000 	/System/Library/PrivateFrameworks/AppleSRP.framework/Versions/A/AppleSRP
0x00000000026c0000 	/System/Library/PrivateFrameworks/TrustEvaluationAgent.framework/Versions/A/TrustEvaluationAgent
0x0000000124f95000 	cl_kernels
0x00000000026c0000 	/System/Library/Frameworks/OpenCL.framework/Versions/A/Libraries/ImageFormats/unorm8_bgra.dylib
0x00000000026c0000 	/System/Library/Frameworks/OpenCL.framework/Versions/A/Libraries/ImageFormats/unorm8_rgba.dylib
0x00000000026c0000 	/System/Library/PrivateFrameworks/FamilyControls.framework/Versions/A/FamilyControls
0x00000000026c0000 	/System/Library/PrivateFrameworks/CommerceKit.framework/Versions/A/Frameworks/CommerceCore.framework/Versions/A/CommerceCore
0x00000000026c0000 	/System/Library/PrivateFrameworks/SystemAdministration.framework/Versions/A/SystemAdministration
0x00000000026c0000 	/System/Library/PrivateFrameworks/AppContainer.framework/Versions/A/AppContainer
0x00000000026c0000 	/System/Library/PrivateFrameworks/SecCodeWrapper.framework/Versions/A/SecCodeWrapper
0x00000000026c0000 	/System/Library/Frameworks/DirectoryService.framework/Versions/A/DirectoryService
0x00000000026c0000 	/System/Library/PrivateFrameworks/LoginUIKit.framework/Versions/A/Frameworks/LoginUICore.framework/Versions/A/LoginUICore
0x00000000026c0000 	/usr/lib/libodfde.dylib
0x0000000125fb2000 	/Library/Java/JavaVirtualMachines/jdk1.8.0_101.jdk/Contents/Home/jre/lib/libfontmanager.dylib
0x00000001244ad000 	/Library/Java/JavaVirtualMachines/jdk1.8.0_101.jdk/Contents/Home/jre/lib/libosxui.dylib
0x00000000026c0000 	/System/Library/Frameworks/OpenGL.framework/Versions/A/Resources/GLEngine.bundle/GLEngine
0x00000000026c0000 	/System/Library/Frameworks/OpenGL.framework/Versions/A/Libraries/libGLProgrammability.dylib
0x0000000126a57000 	/System/Library/Extensions/AppleIntelBDWGraphicsGLDriver.bundle/Contents/MacOS/AppleIntelBDWGraphicsGLDriver
0x00000000026c0000 	/System/Library/PrivateFrameworks/GPUSupport.framework/Versions/A/Libraries/libGPUSupportMercury.dylib
0x00000000026c0000 	/System/Library/Frameworks/OpenGL.framework/Versions/A/Resources/GLRendererFloat.bundle/GLRendererFloat
0x0000000127c56000 	/Library/Java/JavaVirtualMachines/jdk1.8.0_101.jdk/Contents/Home/jre/lib/libnio.dylib
0x00000000026c0000 	/System/Library/Frameworks/ApplicationServices.framework/Versions/A/Frameworks/ATS.framework/Versions/A/Resources/libTrueTypeScaler.dylib
0x000000017aab4000 	/System/Library/Extensions/AppleIntelBDWGraphicsMTLDriver.bundle/Contents/MacOS/AppleIntelBDWGraphicsMTLDriver
0x00000000026c0000 	/System/Library/CoreServices/RawCamera.bundle/Contents/MacOS/RawCamera
0x000000017bdd7000 	/Library/Java/JavaVirtualMachines/jdk1.8.0_101.jdk/Contents/Home/jre/lib/libjpeg.dylib
0x000000017be04000 	/Library/Java/JavaVirtualMachines/jdk1.8.0_101.jdk/Contents/Home/jre/lib/liblcms.dylib

VM Arguments:
jvm_args: -Didea.launcher.port=7534 -Didea.launcher.bin.path=/Applications/IntelliJ IDEA CE.app/Contents/bin -Dfile.encoding=UTF-8 
java_command: com.intellij.rt.execution.application.AppMain com.sciquizapp.sciquizserver.MyServer
java_class_path (initial): /Library/Java/JavaVirtualMachines/jdk1.8.0_101.jdk/Contents/Home/jre/lib/charsets.jar:/Library/Java/JavaVirtualMachines/jdk1.8.0_101.jdk/Contents/Home/jre/lib/deploy.jar:/Library/Java/JavaVirtualMachines/jdk1.8.0_101.jdk/Contents/Home/jre/lib/ext/cldrdata.jar:/Library/Java/JavaVirtualMachines/jdk1.8.0_101.jdk/Contents/Home/jre/lib/ext/dnsns.jar:/Library/Java/JavaVirtualMachines/jdk1.8.0_101.jdk/Contents/Home/jre/lib/ext/jaccess.jar:/Library/Java/JavaVirtualMachines/jdk1.8.0_101.jdk/Contents/Home/jre/lib/ext/jfxrt.jar:/Library/Java/JavaVirtualMachines/jdk1.8.0_101.jdk/Contents/Home/jre/lib/ext/localedata.jar:/Library/Java/JavaVirtualMachines/jdk1.8.0_101.jdk/Contents/Home/jre/lib/ext/nashorn.jar:/Library/Java/JavaVirtualMachines/jdk1.8.0_101.jdk/Contents/Home/jre/lib/ext/sunec.jar:/Library/Java/JavaVirtualMachines/jdk1.8.0_101.jdk/Contents/Home/jre/lib/ext/sunjce_provider.jar:/Library/Java/JavaVirtualMachines/jdk1.8.0_101.jdk/Contents/Home/jre/lib/ext/sunpkcs11.jar:/Library/Java/JavaVirtualMachines/jdk1.8.0_101.jdk/Contents/Home/jre/lib/ext/zipfs.jar:/Library/Java/JavaVirtualMachines/jdk1.8.0_101.jdk/Contents/Home/jre/lib/javaws.jar:/Library/Java/JavaVirtualMachines/jdk1.8.0_101.jdk/Contents/Home/jre/lib/jce.jar:/Library/Java/JavaVirtualMachines/jdk1.8.0_101.jdk/Contents/Home/jre/lib/jfr.jar:/Library/Java/JavaVirtualMachines/jdk1.8.0_101.jdk/Contents/Home/jre/lib/jfxswt.jar:/Library/Java/JavaVirtualMachines/jdk1.8.0_101.jdk/Contents/Home/jre/lib/jsse.jar:/Library/Java/JavaVirtualMachines/jdk1.8.0_101.jdk/Contents/Home/jre/lib/management-agent.jar:/Library/Java/JavaVirtualMachines/jdk1.8.0_101.jdk/Contents/Home/jre/lib/plugin.jar:/Library/Java/JavaVirtualMachines/jdk1.8.0_101.jdk/Contents/Home/jre/lib/resources.jar:/Library/Java/JavaVirtualMachines/jdk1.8.0_101.jdk/Contents/Home/jre/lib/rt.jar:/Library/Java/JavaVirtualMachines/jdk1.8.0_101.jdk/Contents/Home/lib/ant-javafx.jar:/Library/Java/JavaVirtualMachines/jdk1.8.0_101.jdk/Contents/Home
Launcher Type: SUN_STANDARD

Environment Variables:
PATH=/usr/local/bin:/usr/bin:/bin:/usr/sbin:/sbin
SHELL=/bin/bash

Signal Handlers:
SIGSEGV: [libjvm.dylib+0x5af145], sa_mask[0]=11111111011111110111111111111111, sa_flags=SA_ONSTACK|SA_RESTART|SA_SIGINFO
SIGBUS: [libjvm.dylib+0x5af145], sa_mask[0]=11111111011111110111111111111111, sa_flags=SA_RESTART|SA_SIGINFO
SIGFPE: [libjvm.dylib+0x48694c], sa_mask[0]=11111111011111110111111111111111, sa_flags=SA_RESTART|SA_SIGINFO
SIGPIPE: [libjvm.dylib+0x48694c], sa_mask[0]=11111111011111110111111111111111, sa_flags=SA_RESTART|SA_SIGINFO
SIGXFSZ: [libjvm.dylib+0x48694c], sa_mask[0]=11111111011111110111111111111111, sa_flags=SA_RESTART|SA_SIGINFO
SIGILL: [libjvm.dylib+0x48694c], sa_mask[0]=11111111011111110111111111111111, sa_flags=SA_RESTART|SA_SIGINFO
SIGUSR1: SIG_DFL, sa_mask[0]=00000000000000000000000000000000, sa_flags=none
SIGUSR2: [libjvm.dylib+0x48646a], sa_mask[0]=00100000000000000000000000000000, sa_flags=SA_RESTART|SA_SIGINFO
SIGHUP: [libjvm.dylib+0x484a41], sa_mask[0]=11111111011111110111111111111111, sa_flags=SA_RESTART|SA_SIGINFO
SIGINT: [libjvm.dylib+0x484a41], sa_mask[0]=11111111011111110111111111111111, sa_flags=SA_RESTART|SA_SIGINFO
SIGTERM: [libjvm.dylib+0x484a41], sa_mask[0]=11111111011111110111111111111111, sa_flags=SA_RESTART|SA_SIGINFO
SIGQUIT: [libjvm.dylib+0x484a41], sa_mask[0]=11111111011111110111111111111111, sa_flags=SA_RESTART|SA_SIGINFO


---------------  S Y S T E M  ---------------

OS:Bsduname:Darwin 15.6.0 Darwin Kernel Version 15.6.0: Thu Jun 23 18:25:34 PDT 2016; root:xnu-3248.60.10~1/RELEASE_X86_64 x86_64
rlimit: STACK 8192k, CORE 0k, NPROC 709, NOFILE 10240, AS infinity
load average:4.88 7.66 5.75

CPU:total 4 (2 cores per cpu, 2 threads per core) family 6 model 61 stepping 4, cmov, cx8, fxsr, mmx, sse, sse2, sse3, ssse3, sse4.1, sse4.2, popcnt, avx, avx2, aes, clmul, erms, 3dnowpref, lzcnt, ht, tsc, tscinvbit, bmi1, bmi2, adx

Memory: 4k page, physical 8388608k(654540k free)

/proc/meminfo:


vm_info: Java HotSpot(TM) 64-Bit Server VM (25.101-b13) for bsd-amd64 JRE (1.8.0_101-b13), built on Jun 22 2016 02:42:15 by "java_re" with gcc 4.2.1 (Based on Apple Inc. build 5658) (LLVM build 2336.11.00)

time: Sun Feb 12 13:07:22 2017
elapsed time: 14 seconds (0d 0h 0m 14s)

