#
# A fatal error has been detected by the Java Runtime Environment:
#
#  SIGSEGV (0xb) at pc=0x000000011e14ce31, pid=16704, tid=0x0000000000000a0b
#
# JRE version: Java(TM) SE Runtime Environment (8.0_101-b13) (build 1.8.0_101-b13)
# Java VM: Java HotSpot(TM) 64-Bit Server VM (25.101-b13 mixed mode bsd-amd64 compressed oops)
# Problematic frame:
# C  [libbluecove.jnilib+0x8e31]  -[RFCOMMChannelDelegate rfcommChannelWriteComplete:refcon:status:]+0x69
#
# Failed to write core dump. Core dumps have been disabled. To enable core dumping, try "ulimit -c unlimited" before starting Java again
#
# If you would like to submit a bug report, please visit:
#   http://bugreport.java.com/bugreport/crash.jsp
# The crash happened outside the Java Virtual Machine in native code.
# See problematic frame for where to report the bug.
#

---------------  T H R E A D  ---------------

Current thread (0x00007fb9b40be000):  JavaThread "AppKit Thread" daemon [_thread_in_native, id=2571, stack(0x00007fff5ea15000,0x00007fff5f215000)]

siginfo: si_signo: 11 (SIGSEGV), si_code: 1 (SEGV_MAPERR), si_addr: 0x0000700000a3176c

Registers:
RAX=0x00007fb9b4268200, RBX=0x00007fb9b68640e0, RCX=0x0000700000a30c18, RDX=0x00007fb9b6866e30
RSP=0x00007fff5f20f270, RBP=0x00007fff5f20f2a0, RSI=0x00007fff8a1d66c4, RDI=0x00007fb9b4268200
R8 =0x0000000000000000, R9 =0x00007fb9b6866e30, R10=0x00007fb9b24cfc70, R11=0x000000011e159fc0
R12=0x00007fb9b6866e30, R13=0x0000000000000008, R14=0x0000700000a30c18, R15=0x0000000000000000
RIP=0x000000011e14ce31, EFLAGS=0x0000000000010206, ERR=0x0000000000000006
  TRAPNO=0x000000000000000e

Top of Stack: (sp=0x00007fff5f20f270)
0x00007fff5f20f270:   00007fb9b6866e30 00007fb9b6866e30
0x00007fff5f20f280:   00007fff899e04c0 00007fb9b6864580
0x00007fff5f20f290:   00007fff5f210550 0000000000000040
0x00007fff5f20f2a0:   00007fff5f20f300 00007fff8a16c26f
0x00007fff5f20f2b0:   0000000000000a00 00007fff76c8c700
0x00007fff5f20f2c0:   00007fff5f20f300 00007fff899e6fd4
0x00007fff5f20f2d0:   00007fb9b68645b0 00007fb9b6866e30
0x00007fff5f20f2e0:   00007fb9b68645b0 00007fb9b6864580
0x00007fff5f20f2f0:   00007fff5f210550 00007fff899e04c0
0x00007fff5f20f300:   00007fff5f20f330 00007fff8a16bb8c
0x00007fff5f20f310:   0000000000000001 00007fff5f210550
0x00007fff5f20f320:   00007fb9b2809060 0000000000000000
0x00007fff5f20f330:   00007fff5f20f3b0 00007fff890bea11
0x00007fff5f20f340:   b7af6f6100fff573 d1245c6fbfd7b13c
0x00007fff5f20f350:   2dc17f12bdb6e571 d7dfa6d5a7d16ba4
0x00007fff5f20f360:   7a7c9e66ebf57e8f 0000000000000000
0x00007fff5f20f370:   00007fb9b6866e30 0000000000000003
0x00007fff5f20f380:   ffff80464979ba7f 00007fb9b6864580
0x00007fff5f20f390:   0000000000011003 00007fff5f210500
0x00007fff5f20f3a0:   00007fb9b6864620 0000000000000000
0x00007fff5f20f3b0:   00007fff5f20f400 00007fff94277152
0x00007fff5f20f3c0:   0000000000000000 00007fb9b6864580
0x00007fff5f20f3d0:   0000000000000040 00007fff5f210528
0x00007fff5f20f3e0:   00007fb9b6864860 00007fb9b6864878
0x00007fff5f20f3f0:   00007fb9b25002c0 00007fb9b2500150
0x00007fff5f20f400:   00007fff5f20f420 00007fff94277019
0x00007fff5f20f410:   0000000000000000 00007fff789d5cf3
0x00007fff5f20f420:   00007fff5f2104a0 00007fff94276f89
0x00007fff5f20f430:   fcb7f5d3d900ff5a 00007fff5f210550
0x00007fff5f20f440:   0000000000000040 00007fff5f210528
0x00007fff5f20f450:   8fba3c4dd5f7fee6 d7ddafbee9d5e549
0x00007fff5f20f460:   7dfe7bd3a7d5d7aa 5b3b9675adcfd3e8 

Instructions: (pc=0x000000011e14ce31)
0x000000011e14ce11:   8b 04 2b 4c 39 a0 b0 00 01 00 74 0f 48 83 c4 08
0x000000011e14ce21:   5b 41 5c 41 5d 41 5e 41 5f 5d c3 4d 85 f6 74 1c
0x000000011e14ce31:   45 89 be 54 0b 00 00 45 85 ff 74 08 41 c7 46 20
0x000000011e14ce41:   01 00 00 00 41 c6 86 40 0b 00 00 01 48 8b 78 38 

Register to memory mapping:

RAX=0x00007fb9b4268200 is an unknown value
RBX=0x00007fb9b68640e0 is an unknown value
RCX=0x0000700000a30c18 is an unknown value
RDX=0x00007fb9b6866e30 is an unknown value
RSP=0x00007fff5f20f270 is pointing into the stack for thread: 0x00007fb9b40be000
RBP=0x00007fff5f20f2a0 is pointing into the stack for thread: 0x00007fb9b40be000
RSI=0x00007fff8a1d66c4: kBasic_Imaging_Image_Pull_Profile_UUID_Size+0x4044 in /System/Library/Frameworks/IOBluetooth.framework/Versions/A/IOBluetooth at 0x00007fff8a155000
RDI=0x00007fb9b4268200 is an unknown value
R8 =0x0000000000000000 is an unknown value
R9 =0x00007fb9b6866e30 is an unknown value
R10=0x00007fb9b24cfc70 is an unknown value
R11=0x000000011e159fc0: OBJC_CLASS_$_RFCOMMChannelDelegate+0 in /private/var/folders/hx/chl3wz1s6d9g8dgpv9pfrkzw0000gn/T/bluecove_maximerichard_0/libbluecove.jnilib at 0x000000011e144000
R12=0x00007fb9b6866e30 is an unknown value
R13=0x0000000000000008 is an unknown value
R14=0x0000700000a30c18 is an unknown value
R15=0x0000000000000000 is an unknown value


Stack: [0x00007fff5ea15000,0x00007fff5f215000],  sp=0x00007fff5f20f270,  free space=8168k
Native frames: (J=compiled Java code, j=interpreted, Vv=VM code, C=native code)
C  [libbluecove.jnilib+0x8e31]  -[RFCOMMChannelDelegate rfcommChannelWriteComplete:refcon:status:]+0x69
C  [IOBluetooth+0x1726f]  -[IOBluetoothRFCOMMChannel(IOBluetoothRFCOMMChannelPrivate) processIncomingData:]+0x34d
C  [IOBluetooth+0x16b8c]  -[IOBluetoothRFCOMMChannel(IOBluetoothRFCOMMChannelPrivate) handleMachMessage:]+0x31
C  [Foundation+0xa1a11]  __NSFireMachPort+0x5e
C  [CoreFoundation+0x92152]  __CFMachPortPerform+0x122
C  [CoreFoundation+0x92019]  __CFRUNLOOP_IS_CALLING_OUT_TO_A_SOURCE1_PERFORM_FUNCTION__+0x29
C  [CoreFoundation+0x91f89]  __CFRunLoopDoSource1+0x1d9
C  [CoreFoundation+0x899bb]  __CFRunLoopRun+0x87b
C  [CoreFoundation+0x88ed8]  CFRunLoopRunSpecific+0x128
C  [HIToolbox+0x30935]  RunCurrentEventLoopInMode+0xeb
C  [HIToolbox+0x3076f]  ReceiveNextEventCommon+0x1b0
C  [HIToolbox+0x305af]  _BlockUntilNextEventMatchingListInModeWithFilter+0x47
C  [AppKit+0x48df6]  _DPSNextEvent+0x42b
C  [AppKit+0x48226]  -[NSApplication _nextEventMatchingEventMask:untilDate:inMode:dequeue:]+0x1c6
C  [libosxapp.dylib+0x23aa]  -[NSApplicationAWT nextEventMatchingMask:untilDate:inMode:dequeue:]+0x7c
C  [AppKit+0x3cd80]  -[NSApplication run]+0x2aa
C  [libosxapp.dylib+0x214d]  +[NSApplicationAWT runAWTLoopWithApp:]+0x9c
C  [libawt_lwawt.dylib+0x444b3]  -[AWTStarter starter:]+0x389
C  [Foundation+0x76fde]  __NSThreadPerformPerform+0x117
C  [CoreFoundation+0xaa881]  __CFRUNLOOP_IS_CALLING_OUT_TO_A_SOURCE0_PERFORM_FUNCTION__+0x11
C  [CoreFoundation+0x89fbc]  __CFRunLoopDoSources0+0x22c
C  [CoreFoundation+0x894df]  __CFRunLoopRun+0x39f
C  [CoreFoundation+0x88ed8]  CFRunLoopRunSpecific+0x128
C  [java+0x6465]  CreateExecutionEnvironment+0x367
C  [java+0x218c]  JLI_Launch+0x7a0
C  [java+0x84c2]  main+0x65
C  [java+0x19e4]  start+0x34
C  0x0000000000000006


---------------  P R O C E S S  ---------------

Java Threads: ( => current thread )
  0x00007fb9b3a47000 JavaThread "TimerQueue" daemon [_thread_blocked, id=13587, stack(0x0000700001cf7000,0x0000700001df7000)]
  0x00007fb9b2803000 JavaThread "DestroyJavaVM" [_thread_blocked, id=4099, stack(0x0000700000084000,0x0000700000184000)]
  0x00007fb9b2a6f000 JavaThread "AWT-EventQueue-0" [_thread_blocked, id=32279, stack(0x000070000196b000,0x0000700001a6b000)]
  0x00007fb9b434d800 JavaThread "AWT-Shutdown" [_thread_blocked, id=56331, stack(0x00007000015df000,0x00007000016df000)]
  0x00007fb9b422c800 JavaThread "Thread-0" [_thread_in_native, id=61443, stack(0x0000700001b71000,0x0000700001c71000)]
  0x00007fb9b29de000 JavaThread "BluecoveAsynchronousShutdownThread" daemon [_thread_blocked, id=57091, stack(0x0000700001a6e000,0x0000700001b6e000)]
  0x00007fb9b3247800 JavaThread "Java2D Disposer" daemon [_thread_blocked, id=55307, stack(0x0000700001868000,0x0000700001968000)]
  0x00007fb9b38a7000 JavaThread "Java2D Queue Flusher" daemon [_thread_blocked, id=52487, stack(0x0000700001765000,0x0000700001865000)]
=>0x00007fb9b40be000 JavaThread "AppKit Thread" daemon [_thread_in_native, id=2571, stack(0x00007fff5ea15000,0x00007fff5f215000)]
  0x00007fb9b3052000 JavaThread "Abandoned connection cleanup thread" daemon [_thread_blocked, id=21251, stack(0x0000700001353000,0x0000700001453000)]
  0x00007fb9b2833800 JavaThread "Service Thread" daemon [_thread_blocked, id=20227, stack(0x000070000114d000,0x000070000124d000)]
  0x00007fb9b404b000 JavaThread "C1 CompilerThread2" daemon [_thread_blocked, id=19715, stack(0x000070000104a000,0x000070000114a000)]
  0x00007fb9b3009800 JavaThread "C2 CompilerThread1" daemon [_thread_blocked, id=19203, stack(0x0000700000f47000,0x0000700001047000)]
  0x00007fb9b2847000 JavaThread "C2 CompilerThread0" daemon [_thread_blocked, id=18691, stack(0x0000700000e44000,0x0000700000f44000)]
  0x00007fb9b404f000 JavaThread "JDWP Command Reader" daemon [_thread_in_native, id=18179, stack(0x0000700000d41000,0x0000700000e41000)]
  0x00007fb9b404e800 JavaThread "JDWP Event Helper Thread" daemon [_thread_blocked, id=17667, stack(0x0000700000c3e000,0x0000700000d3e000)]
  0x00007fb9b382c800 JavaThread "JDWP Transport Listener: dt_socket" daemon [_thread_blocked, id=17155, stack(0x0000700000b3b000,0x0000700000c3b000)]
  0x00007fb9b4039000 JavaThread "Signal Dispatcher" daemon [_thread_blocked, id=13323, stack(0x0000700000a38000,0x0000700000b38000)]
  0x00007fb9b3003000 JavaThread "Finalizer" daemon [_thread_blocked, id=12291, stack(0x000070000082f000,0x000070000092f000)]
  0x00007fb9b4026800 JavaThread "Reference Handler" daemon [_thread_blocked, id=11779, stack(0x000070000072c000,0x000070000082c000)]

Other Threads:
  0x00007fb9b282e000 VMThread [stack: 0x0000700000629000,0x0000700000729000] [id=11267]
  0x00007fb9b300f800 WatcherThread [stack: 0x0000700001250000,0x0000700001350000] [id=20739]

VM state:not at safepoint (normal execution)

VM Mutex/Monitor currently owned by a thread: None

Heap:
 PSYoungGen      total 38400K, used 26638K [0x0000000795580000, 0x0000000798000000, 0x00000007c0000000)
  eden space 33280K, 80% used [0x0000000795580000,0x0000000796f83a08,0x0000000797600000)
  from space 5120K, 0% used [0x0000000797b00000,0x0000000797b00000,0x0000000798000000)
  to   space 5120K, 0% used [0x0000000797600000,0x0000000797600000,0x0000000797b00000)
 ParOldGen       total 87552K, used 0K [0x0000000740000000, 0x0000000745580000, 0x0000000795580000)
  object space 87552K, 0% used [0x0000000740000000,0x0000000740000000,0x0000000745580000)
 Metaspace       used 15525K, capacity 15760K, committed 16128K, reserved 1062912K
  class space    used 1955K, capacity 2044K, committed 2048K, reserved 1048576K

Card table byte_map: [0x00000001119c0000,0x0000000111dc1000] byte_map_base: 0x000000010dfc0000

Marking Bits: (ParMarkBitMap*) 0x0000000101554d20
 Begin Bits: [0x000000011206c000, 0x000000011406c000)
 End Bits:   [0x000000011406c000, 0x000000011606c000)

Polling page: 0x0000000101c4b000

CodeCache: size=245760Kb used=3993Kb max_used=3993Kb free=241766Kb
 bounds [0x0000000102600000, 0x00000001029f0000, 0x0000000111600000]
 total_blobs=1706 nmethods=1135 adapters=493
 compilation: enabled

Compilation events (10 events):
Event: 33.359 Thread 0x00007fb9b404b000 1131       3       java.lang.Integer::formatUnsignedInt (48 bytes)
Event: 33.360 Thread 0x00007fb9b404b000 nmethod 1131 0x00000001029e59d0 code [0x00000001029e5b40, 0x00000001029e5dd0]
Event: 33.622 Thread 0x00007fb9b404b000 1132       3       java.lang.AbstractStringBuilder::append (62 bytes)
Event: 33.623 Thread 0x00007fb9b404b000 nmethod 1132 0x00000001029e6010 code [0x00000001029e61e0, 0x00000001029e68c8]
Event: 33.623 Thread 0x00007fb9b404b000 1133       3       java.lang.StringBuilder::append (8 bytes)
Event: 33.623 Thread 0x00007fb9b404b000 nmethod 1133 0x00000001029e6c90 code [0x00000001029e6e00, 0x00000001029e6fa8]
Event: 34.703 Thread 0x00007fb9b404b000 1134       1       sun.java2d.pipe.hw.ContextCapabilities::getCaps (5 bytes)
Event: 34.703 Thread 0x00007fb9b404b000 nmethod 1134 0x00000001029e7050 code [0x00000001029e71a0, 0x00000001029e72b0]
Event: 35.792 Thread 0x00007fb9b404b000 1135       1       sun.java2d.opengl.OGLRenderQueue::access$000 (5 bytes)
Event: 35.792 Thread 0x00007fb9b404b000 nmethod 1135 0x00000001029e7310 code [0x00000001029e7460, 0x00000001029e7550]

GC Heap History (0 events):
No events

Deoptimization events (8 events):
Event: 0.749 Thread 0x00007fb9b3805800 Uncommon trap: reason=unstable_if action=reinterpret pc=0x0000000102780538 method=org.sqlite.SQLiteJDBCLoader.contentsEquals(Ljava/io/InputStream;Ljava/io/InputStream;)Z @ 39
Event: 4.072 Thread 0x00007fb9b3805800 Uncommon trap: reason=class_check action=maybe_recompile pc=0x00000001027d2ab4 method=java.lang.String.equals(Ljava/lang/Object;)Z @ 8
Event: 4.072 Thread 0x00007fb9b3805800 Uncommon trap: reason=class_check action=maybe_recompile pc=0x00000001027d2ab4 method=java.lang.String.equals(Ljava/lang/Object;)Z @ 8
Event: 4.072 Thread 0x00007fb9b3805800 Uncommon trap: reason=class_check action=maybe_recompile pc=0x00000001027d2ab4 method=java.lang.String.equals(Ljava/lang/Object;)Z @ 8
Event: 4.072 Thread 0x00007fb9b3805800 Uncommon trap: reason=class_check action=maybe_recompile pc=0x00000001027d2ab4 method=java.lang.String.equals(Ljava/lang/Object;)Z @ 8
Event: 10.821 Thread 0x00007fb9b2a6f000 Uncommon trap: reason=unstable_if action=reinterpret pc=0x00000001028a97f4 method=java.util.HashMap.getNode(ILjava/lang/Object;)Ljava/util/HashMap$Node; @ 62
Event: 10.823 Thread 0x00007fb9b2a6f000 Uncommon trap: reason=unstable_if action=reinterpret pc=0x000000010289a470 method=java.util.HashMap.getNode(ILjava/lang/Object;)Ljava/util/HashMap$Node; @ 62
Event: 11.539 Thread 0x00007fb9b2a6f000 Uncommon trap: reason=unstable_if action=reinterpret pc=0x00000001029836ec method=sun.awt.image.OffScreenImageSource.sendPixels()V @ 663

Internal exceptions (10 events):
Event: 0.427 Thread 0x00007fb9b3805800 Exception <a 'java/security/PrivilegedActionException'> (0x00000007957be358) thrown at [/HUDSON3/workspace/8-2-build-macosx-x86_64/jdk8u101/7261/hotspot/src/share/vm/prims/jvm.cpp, line 1386]
Event: 0.427 Thread 0x00007fb9b3805800 Exception <a 'java/security/PrivilegedActionException'> (0x00000007957be568) thrown at [/HUDSON3/workspace/8-2-build-macosx-x86_64/jdk8u101/7261/hotspot/src/share/vm/prims/jvm.cpp, line 1386]
Event: 0.428 Thread 0x00007fb9b3805800 Exception <a 'java/security/PrivilegedActionException'> (0x00000007957c1a58) thrown at [/HUDSON3/workspace/8-2-build-macosx-x86_64/jdk8u101/7261/hotspot/src/share/vm/prims/jvm.cpp, line 1386]
Event: 0.428 Thread 0x00007fb9b3805800 Exception <a 'java/security/PrivilegedActionException'> (0x00000007957c1c68) thrown at [/HUDSON3/workspace/8-2-build-macosx-x86_64/jdk8u101/7261/hotspot/src/share/vm/prims/jvm.cpp, line 1386]
Event: 0.891 Thread 0x00007fb9b3805800 Exception <a 'java/lang/NoSuchFieldError': method resolution failed> (0x0000000795bb12c8) thrown at [/HUDSON3/workspace/8-2-build-macosx-x86_64/jdk8u101/7261/hotspot/src/share/vm/prims/methodHandles.cpp, line 1146]
Event: 0.894 Thread 0x00007fb9b3805800 Exception <a 'java/lang/NoSuchFieldError': method resolution failed> (0x0000000795bbea18) thrown at [/HUDSON3/workspace/8-2-build-macosx-x86_64/jdk8u101/7261/hotspot/src/share/vm/prims/methodHandles.cpp, line 1146]
Event: 1.721 Thread 0x00007fb9b3805800 Exception <a 'java/io/FileNotFoundException'> (0x0000000795c395a8) thrown at [/HUDSON3/workspace/8-2-build-macosx-x86_64/jdk8u101/7261/hotspot/src/share/vm/prims/jni.cpp, line 709]
Event: 1.721 Thread 0x00007fb9b3805800 Exception <a 'java/io/FileNotFoundException'> (0x0000000795c3a150) thrown at [/HUDSON3/workspace/8-2-build-macosx-x86_64/jdk8u101/7261/hotspot/src/share/vm/prims/jni.cpp, line 709]
Event: 2.055 Thread 0x00007fb9b3805800 Exception <a 'java/lang/NoClassDefFoundError': org/apache/log4j/Category> (0x0000000795fe3c78) thrown at [/HUDSON3/workspace/8-2-build-macosx-x86_64/jdk8u101/7261/hotspot/src/share/vm/classfile/systemDictionary.cpp, line 199]
Event: 2.070 Thread 0x00007fb9b3805800 Exception <a 'java/lang/UnsatisfiedLinkError': com.intel.bluetooth.BluetoothStackOSX.isNativeCodeLoaded()Z> (0x0000000796037e50) thrown at [/HUDSON3/workspace/8-2-build-macosx-x86_64/jdk8u101/7261/hotspot/src/share/vm/prims/nativeLookup.cpp, line 378]

Events (10 events):
Event: 34.607 Thread 0x00007fb9b2a6f000 DEOPT UNPACKING pc=0x0000000102647633 sp=0x0000700001a6a418 mode 0
Event: 34.608 Executing VM operation: ChangeSingleStep
Event: 34.608 Executing VM operation: ChangeSingleStep done
Event: 34.650 loading class javax/swing/JInternalFrame
Event: 34.651 loading class javax/swing/JInternalFrame done
Event: 34.661 loading class java/awt/LightweightDispatcher$2
Event: 34.661 loading class java/awt/LightweightDispatcher$2 done
Event: 36.135 Executing VM operation: RevokeBias
Event: 36.135 Executing VM operation: RevokeBias done
Event: 36.135 Thread 0x00007fb9b335e800 Thread exited: 0x00007fb9b335e800


Dynamic libraries:
0x0000000006024000 	/System/Library/Frameworks/Cocoa.framework/Versions/A/Cocoa
0x0000000006024000 	/System/Library/Frameworks/Security.framework/Versions/A/Security
0x0000000006024000 	/System/Library/Frameworks/ApplicationServices.framework/Versions/A/ApplicationServices
0x0000000006024000 	/usr/lib/libz.1.dylib
0x0000000006024000 	/usr/lib/libSystem.B.dylib
0x0000000006024000 	/usr/lib/libobjc.A.dylib
0x0000000006024000 	/System/Library/Frameworks/CoreFoundation.framework/Versions/A/CoreFoundation
0x0000000006024000 	/System/Library/Frameworks/Foundation.framework/Versions/C/Foundation
0x0000000006024000 	/System/Library/Frameworks/AppKit.framework/Versions/C/AppKit
0x0000000006024000 	/System/Library/Frameworks/CoreData.framework/Versions/A/CoreData
0x0000000006024000 	/System/Library/PrivateFrameworks/RemoteViewServices.framework/Versions/A/RemoteViewServices
0x0000000006024000 	/System/Library/PrivateFrameworks/UIFoundation.framework/Versions/A/UIFoundation
0x0000000006024000 	/usr/lib/libScreenReader.dylib
0x0000000006024000 	/System/Library/Frameworks/Accelerate.framework/Versions/A/Accelerate
0x0000000006024000 	/System/Library/Frameworks/IOSurface.framework/Versions/A/IOSurface
0x0000000006024000 	/System/Library/Frameworks/AudioToolbox.framework/Versions/A/AudioToolbox
0x0000000006024000 	/System/Library/Frameworks/AudioUnit.framework/Versions/A/AudioUnit
0x0000000006024000 	/System/Library/PrivateFrameworks/DataDetectorsCore.framework/Versions/A/DataDetectorsCore
0x0000000006024000 	/System/Library/PrivateFrameworks/DesktopServicesPriv.framework/Versions/A/DesktopServicesPriv
0x0000000006024000 	/System/Library/Frameworks/Carbon.framework/Versions/A/Frameworks/HIToolbox.framework/Versions/A/HIToolbox
0x0000000006024000 	/System/Library/Frameworks/QuartzCore.framework/Versions/A/QuartzCore
0x0000000006024000 	/System/Library/Frameworks/Carbon.framework/Versions/A/Frameworks/SpeechRecognition.framework/Versions/A/SpeechRecognition
0x0000000006024000 	/usr/lib/libauto.dylib
0x0000000006024000 	/usr/lib/libicucore.A.dylib
0x0000000006024000 	/usr/lib/libxml2.2.dylib
0x0000000006024000 	/System/Library/PrivateFrameworks/CoreUI.framework/Versions/A/CoreUI
0x0000000006024000 	/System/Library/Frameworks/CoreAudio.framework/Versions/A/CoreAudio
0x0000000006024000 	/System/Library/Frameworks/DiskArbitration.framework/Versions/A/DiskArbitration
0x0000000006024000 	/usr/lib/liblangid.dylib
0x0000000006024000 	/System/Library/PrivateFrameworks/MultitouchSupport.framework/Versions/A/MultitouchSupport
0x0000000006024000 	/System/Library/Frameworks/IOKit.framework/Versions/A/IOKit
0x0000000006024000 	/usr/lib/libDiagnosticMessagesClient.dylib
0x0000000006024000 	/System/Library/Frameworks/CoreServices.framework/Versions/A/CoreServices
0x0000000006024000 	/System/Library/PrivateFrameworks/PerformanceAnalysis.framework/Versions/A/PerformanceAnalysis
0x0000000006024000 	/System/Library/PrivateFrameworks/GenerationalStorage.framework/Versions/A/GenerationalStorage
0x0000000006024000 	/System/Library/Frameworks/OpenGL.framework/Versions/A/OpenGL
0x0000000006024000 	/System/Library/PrivateFrameworks/Sharing.framework/Versions/A/Sharing
0x0000000006024000 	/System/Library/Frameworks/CoreGraphics.framework/Versions/A/CoreGraphics
0x0000000006024000 	/System/Library/Frameworks/CoreImage.framework/Versions/A/CoreImage
0x0000000006024000 	/System/Library/Frameworks/CoreText.framework/Versions/A/CoreText
0x0000000006024000 	/System/Library/Frameworks/ImageIO.framework/Versions/A/ImageIO
0x0000000006024000 	/System/Library/PrivateFrameworks/Backup.framework/Versions/A/Backup
0x0000000006024000 	/usr/lib/libextension.dylib
0x0000000006024000 	/usr/lib/libarchive.2.dylib
0x0000000006024000 	/System/Library/Frameworks/CFNetwork.framework/Versions/A/CFNetwork
0x0000000006024000 	/System/Library/Frameworks/SystemConfiguration.framework/Versions/A/SystemConfiguration
0x0000000006024000 	/usr/lib/libCRFSuite.dylib
0x0000000006024000 	/usr/lib/libc++.1.dylib
0x0000000006024000 	/usr/lib/libc++abi.dylib
0x0000000006024000 	/usr/lib/system/libcache.dylib
0x0000000006024000 	/usr/lib/system/libcommonCrypto.dylib
0x0000000006024000 	/usr/lib/system/libcompiler_rt.dylib
0x0000000006024000 	/usr/lib/system/libcopyfile.dylib
0x0000000006024000 	/usr/lib/system/libcorecrypto.dylib
0x0000000006024000 	/usr/lib/system/libdispatch.dylib
0x0000000006024000 	/usr/lib/system/libdyld.dylib
0x0000000006024000 	/usr/lib/system/libkeymgr.dylib
0x0000000006024000 	/usr/lib/system/liblaunch.dylib
0x0000000006024000 	/usr/lib/system/libmacho.dylib
0x0000000006024000 	/usr/lib/system/libquarantine.dylib
0x0000000006024000 	/usr/lib/system/libremovefile.dylib
0x0000000006024000 	/usr/lib/system/libsystem_asl.dylib
0x0000000006024000 	/usr/lib/system/libsystem_blocks.dylib
0x0000000006024000 	/usr/lib/system/libsystem_c.dylib
0x0000000006024000 	/usr/lib/system/libsystem_configuration.dylib
0x0000000006024000 	/usr/lib/system/libsystem_coreservices.dylib
0x0000000006024000 	/usr/lib/system/libsystem_coretls.dylib
0x0000000006024000 	/usr/lib/system/libsystem_dnssd.dylib
0x0000000006024000 	/usr/lib/system/libsystem_info.dylib
0x0000000006024000 	/usr/lib/system/libsystem_kernel.dylib
0x0000000006024000 	/usr/lib/system/libsystem_m.dylib
0x0000000006024000 	/usr/lib/system/libsystem_malloc.dylib
0x0000000006024000 	/usr/lib/system/libsystem_network.dylib
0x0000000006024000 	/usr/lib/system/libsystem_networkextension.dylib
0x0000000006024000 	/usr/lib/system/libsystem_notify.dylib
0x0000000006024000 	/usr/lib/system/libsystem_platform.dylib
0x0000000006024000 	/usr/lib/system/libsystem_pthread.dylib
0x0000000006024000 	/usr/lib/system/libsystem_sandbox.dylib
0x0000000006024000 	/usr/lib/system/libsystem_secinit.dylib
0x0000000006024000 	/usr/lib/system/libsystem_trace.dylib
0x0000000006024000 	/usr/lib/system/libunc.dylib
0x0000000006024000 	/usr/lib/system/libunwind.dylib
0x0000000006024000 	/usr/lib/system/libxpc.dylib
0x0000000006024000 	/usr/lib/libenergytrace.dylib
0x0000000006024000 	/usr/lib/libbsm.0.dylib
0x0000000006024000 	/usr/lib/system/libkxld.dylib
0x0000000006024000 	/usr/lib/libxar.1.dylib
0x0000000006024000 	/usr/lib/libsqlite3.dylib
0x0000000006024000 	/usr/lib/libpam.2.dylib
0x0000000006024000 	/usr/lib/libOpenScriptingUtil.dylib
0x0000000006024000 	/usr/lib/libbz2.1.0.dylib
0x0000000006024000 	/usr/lib/liblzma.5.dylib
0x0000000006024000 	/System/Library/Frameworks/CoreServices.framework/Versions/A/Frameworks/FSEvents.framework/Versions/A/FSEvents
0x0000000006024000 	/System/Library/Frameworks/CoreServices.framework/Versions/A/Frameworks/CarbonCore.framework/Versions/A/CarbonCore
0x0000000006024000 	/System/Library/Frameworks/CoreServices.framework/Versions/A/Frameworks/Metadata.framework/Versions/A/Metadata
0x0000000006024000 	/System/Library/Frameworks/CoreServices.framework/Versions/A/Frameworks/OSServices.framework/Versions/A/OSServices
0x0000000006024000 	/System/Library/Frameworks/CoreServices.framework/Versions/A/Frameworks/SearchKit.framework/Versions/A/SearchKit
0x0000000006024000 	/System/Library/Frameworks/CoreServices.framework/Versions/A/Frameworks/AE.framework/Versions/A/AE
0x0000000006024000 	/System/Library/Frameworks/CoreServices.framework/Versions/A/Frameworks/LaunchServices.framework/Versions/A/LaunchServices
0x0000000006024000 	/System/Library/Frameworks/CoreServices.framework/Versions/A/Frameworks/DictionaryServices.framework/Versions/A/DictionaryServices
0x0000000006024000 	/System/Library/Frameworks/CoreServices.framework/Versions/A/Frameworks/SharedFileList.framework/Versions/A/SharedFileList
0x0000000006024000 	/System/Library/Frameworks/NetFS.framework/Versions/A/NetFS
0x0000000006024000 	/System/Library/PrivateFrameworks/NetAuth.framework/Versions/A/NetAuth
0x0000000006024000 	/System/Library/PrivateFrameworks/login.framework/Versions/A/Frameworks/loginsupport.framework/Versions/A/loginsupport
0x0000000006024000 	/System/Library/PrivateFrameworks/TCC.framework/Versions/A/TCC
0x0000000006024000 	/usr/lib/libmecabra.dylib
0x0000000006024000 	/System/Library/Frameworks/ApplicationServices.framework/Versions/A/Frameworks/ATS.framework/Versions/A/ATS
0x0000000006024000 	/System/Library/Frameworks/ApplicationServices.framework/Versions/A/Frameworks/ColorSync.framework/Versions/A/ColorSync
0x0000000006024000 	/System/Library/Frameworks/ApplicationServices.framework/Versions/A/Frameworks/HIServices.framework/Versions/A/HIServices
0x0000000006024000 	/System/Library/Frameworks/ApplicationServices.framework/Versions/A/Frameworks/LangAnalysis.framework/Versions/A/LangAnalysis
0x0000000006024000 	/System/Library/Frameworks/ApplicationServices.framework/Versions/A/Frameworks/PrintCore.framework/Versions/A/PrintCore
0x0000000006024000 	/System/Library/Frameworks/ApplicationServices.framework/Versions/A/Frameworks/QD.framework/Versions/A/QD
0x0000000006024000 	/System/Library/Frameworks/ApplicationServices.framework/Versions/A/Frameworks/SpeechSynthesis.framework/Versions/A/SpeechSynthesis
0x0000000006024000 	/System/Library/Frameworks/Metal.framework/Versions/A/Metal
0x0000000006024000 	/System/Library/Frameworks/Accelerate.framework/Versions/A/Frameworks/vImage.framework/Versions/A/vImage
0x0000000006024000 	/System/Library/Frameworks/Accelerate.framework/Versions/A/Frameworks/vecLib.framework/Versions/A/vecLib
0x0000000006024000 	/System/Library/Frameworks/Accelerate.framework/Versions/A/Frameworks/vecLib.framework/Versions/A/libvDSP.dylib
0x0000000006024000 	/System/Library/Frameworks/Accelerate.framework/Versions/A/Frameworks/vecLib.framework/Versions/A/libvMisc.dylib
0x0000000006024000 	/System/Library/Frameworks/Accelerate.framework/Versions/A/Frameworks/vecLib.framework/Versions/A/libLAPACK.dylib
0x0000000006024000 	/System/Library/Frameworks/Accelerate.framework/Versions/A/Frameworks/vecLib.framework/Versions/A/libBLAS.dylib
0x0000000006024000 	/System/Library/Frameworks/Accelerate.framework/Versions/A/Frameworks/vecLib.framework/Versions/A/libLinearAlgebra.dylib
0x0000000006024000 	/System/Library/Frameworks/Accelerate.framework/Versions/A/Frameworks/vecLib.framework/Versions/A/libSparseBLAS.dylib
0x0000000006024000 	/System/Library/PrivateFrameworks/GPUCompiler.framework/libmetal_timestamp.dylib
0x0000000006024000 	/System/Library/Frameworks/OpenGL.framework/Versions/A/Libraries/libCoreFSCache.dylib
0x0000000006024000 	/System/Library/PrivateFrameworks/IOAccelerator.framework/Versions/A/IOAccelerator
0x0000000006024000 	/System/Library/Frameworks/ApplicationServices.framework/Versions/A/Frameworks/ATS.framework/Versions/A/Resources/libFontParser.dylib
0x0000000006024000 	/System/Library/Frameworks/ApplicationServices.framework/Versions/A/Frameworks/ATS.framework/Versions/A/Resources/libFontRegistry.dylib
0x0000000006024000 	/System/Library/PrivateFrameworks/AppleVPA.framework/Versions/A/AppleVPA
0x0000000006024000 	/System/Library/PrivateFrameworks/AppleJPEG.framework/Versions/A/AppleJPEG
0x0000000006024000 	/System/Library/Frameworks/ImageIO.framework/Versions/A/Resources/libJPEG.dylib
0x0000000006024000 	/System/Library/Frameworks/ImageIO.framework/Versions/A/Resources/libTIFF.dylib
0x0000000006024000 	/System/Library/Frameworks/ImageIO.framework/Versions/A/Resources/libPng.dylib
0x0000000006024000 	/System/Library/Frameworks/ImageIO.framework/Versions/A/Resources/libGIF.dylib
0x0000000006024000 	/System/Library/Frameworks/ImageIO.framework/Versions/A/Resources/libJP2.dylib
0x0000000006024000 	/System/Library/Frameworks/ImageIO.framework/Versions/A/Resources/libRadiance.dylib
0x0000000006024000 	/System/Library/Frameworks/CoreVideo.framework/Versions/A/CoreVideo
0x0000000006024000 	/System/Library/Frameworks/OpenGL.framework/Versions/A/Libraries/libGLU.dylib
0x0000000006024000 	/System/Library/Frameworks/OpenGL.framework/Versions/A/Libraries/libGFXShared.dylib
0x0000000006024000 	/System/Library/Frameworks/OpenGL.framework/Versions/A/Libraries/libGL.dylib
0x0000000006024000 	/System/Library/Frameworks/OpenGL.framework/Versions/A/Libraries/libGLImage.dylib
0x0000000006024000 	/System/Library/Frameworks/OpenGL.framework/Versions/A/Libraries/libCVMSPluginSupport.dylib
0x0000000006024000 	/System/Library/Frameworks/OpenGL.framework/Versions/A/Libraries/libCoreVMClient.dylib
0x0000000006024000 	/usr/lib/libcompression.dylib
0x0000000006024000 	/usr/lib/libcups.2.dylib
0x0000000006024000 	/System/Library/Frameworks/Kerberos.framework/Versions/A/Kerberos
0x0000000006024000 	/System/Library/Frameworks/GSS.framework/Versions/A/GSS
0x0000000006024000 	/usr/lib/libresolv.9.dylib
0x0000000006024000 	/usr/lib/libiconv.2.dylib
0x0000000006024000 	/System/Library/PrivateFrameworks/Heimdal.framework/Versions/A/Heimdal
0x0000000006024000 	/usr/lib/libheimdal-asn1.dylib
0x0000000006024000 	/System/Library/Frameworks/OpenDirectory.framework/Versions/A/OpenDirectory
0x0000000006024000 	/System/Library/PrivateFrameworks/CommonAuth.framework/Versions/A/CommonAuth
0x0000000006024000 	/System/Library/Frameworks/OpenDirectory.framework/Versions/A/Frameworks/CFOpenDirectory.framework/Versions/A/CFOpenDirectory
0x0000000006024000 	/System/Library/Frameworks/SecurityFoundation.framework/Versions/A/SecurityFoundation
0x0000000006024000 	/System/Library/PrivateFrameworks/LanguageModeling.framework/Versions/A/LanguageModeling
0x0000000006024000 	/usr/lib/libmarisa.dylib
0x0000000006024000 	/usr/lib/libChineseTokenizer.dylib
0x0000000006024000 	/usr/lib/libcmph.dylib
0x0000000006024000 	/System/Library/Frameworks/ServiceManagement.framework/Versions/A/ServiceManagement
0x0000000006024000 	/usr/lib/libxslt.1.dylib
0x0000000006024000 	/System/Library/Frameworks/Carbon.framework/Versions/A/Frameworks/Ink.framework/Versions/A/Ink
0x0000000006024000 	/usr/lib/libFosl_dynamic.dylib
0x0000000006024000 	/System/Library/PrivateFrameworks/FaceCore.framework/Versions/A/FaceCore
0x0000000006024000 	/System/Library/Frameworks/OpenCL.framework/Versions/A/OpenCL
0x0000000006024000 	/System/Library/PrivateFrameworks/CrashReporterSupport.framework/Versions/A/CrashReporterSupport
0x0000000006024000 	/System/Library/PrivateFrameworks/IconServices.framework/Versions/A/IconServices
0x0000000006024000 	/System/Library/PrivateFrameworks/Apple80211.framework/Versions/A/Apple80211
0x0000000006024000 	/System/Library/Frameworks/CoreWLAN.framework/Versions/A/CoreWLAN
0x0000000006024000 	/System/Library/Frameworks/IOBluetooth.framework/Versions/A/IOBluetooth
0x0000000006024000 	/System/Library/PrivateFrameworks/CoreWiFi.framework/Versions/A/CoreWiFi
0x0000000006024000 	/System/Library/Frameworks/CoreBluetooth.framework/Versions/A/CoreBluetooth
0x0000000006024000 	/System/Library/PrivateFrameworks/ChunkingLibrary.framework/Versions/A/ChunkingLibrary
0x0000000006024000 	/System/Library/PrivateFrameworks/DebugSymbols.framework/Versions/A/DebugSymbols
0x0000000006024000 	/System/Library/PrivateFrameworks/CoreSymbolication.framework/Versions/A/CoreSymbolication
0x0000000006024000 	/System/Library/PrivateFrameworks/Symbolication.framework/Versions/A/Symbolication
0x0000000006024000 	/System/Library/PrivateFrameworks/SpeechRecognitionCore.framework/Versions/A/SpeechRecognitionCore
0x0000000100c67000 	/Library/Java/JavaVirtualMachines/jdk1.8.0_101.jdk/Contents/Home/jre/lib/server/libjvm.dylib
0x0000000006024000 	/usr/lib/libstdc++.6.dylib
0x0000000101c08000 	/Library/Java/JavaVirtualMachines/jdk1.8.0_101.jdk/Contents/Home/jre/lib/libverify.dylib
0x0000000101c16000 	/Library/Java/JavaVirtualMachines/jdk1.8.0_101.jdk/Contents/Home/jre/lib/libjava.dylib
0x0000000101c4c000 	/Library/Java/JavaVirtualMachines/jdk1.8.0_101.jdk/Contents/Home/jre/lib/libjdwp.dylib
0x0000000101c97000 	/Library/Java/JavaVirtualMachines/jdk1.8.0_101.jdk/Contents/Home/jre/lib/libnpt.dylib
0x0000000101ca4000 	/Library/Java/JavaVirtualMachines/jdk1.8.0_101.jdk/Contents/Home/jre/lib/libzip.dylib
0x0000000117e22000 	/System/Library/Frameworks/JavaVM.framework/Frameworks/JavaRuntimeSupport.framework/JavaRuntimeSupport
0x0000000117e3d000 	/System/Library/Frameworks/JavaVM.framework/Versions/A/Frameworks/JavaNativeFoundation.framework/Versions/A/JavaNativeFoundation
0x0000000101def000 	/System/Library/Frameworks/JavaVM.framework/Versions/A/JavaVM
0x0000000006024000 	/System/Library/Frameworks/Carbon.framework/Versions/A/Carbon
0x0000000117e52000 	/System/Library/PrivateFrameworks/JavaLaunching.framework/Versions/A/JavaLaunching
0x0000000006024000 	/System/Library/Frameworks/Carbon.framework/Versions/A/Frameworks/CommonPanels.framework/Versions/A/CommonPanels
0x0000000006024000 	/System/Library/Frameworks/Carbon.framework/Versions/A/Frameworks/Help.framework/Versions/A/Help
0x0000000006024000 	/System/Library/Frameworks/Carbon.framework/Versions/A/Frameworks/ImageCapture.framework/Versions/A/ImageCapture
0x0000000006024000 	/System/Library/Frameworks/Carbon.framework/Versions/A/Frameworks/OpenScripting.framework/Versions/A/OpenScripting
0x0000000006024000 	/System/Library/Frameworks/Carbon.framework/Versions/A/Frameworks/Print.framework/Versions/A/Print
0x0000000006024000 	/System/Library/Frameworks/Carbon.framework/Versions/A/Frameworks/SecurityHI.framework/Versions/A/SecurityHI
0x0000000119771000 	/Library/Java/JavaVirtualMachines/jdk1.8.0_101.jdk/Contents/Home/jre/lib/libdt_socket.dylib
0x00000001198b0000 	/private/var/folders/hx/chl3wz1s6d9g8dgpv9pfrkzw0000gn/T/sqlite-3.8.11.2-1dc8c559-2e03-4a72-8318-040b60c929d3-libsqlitejdbc.jnilib
0x00000001199b4000 	/Library/Java/JavaVirtualMachines/jdk1.8.0_101.jdk/Contents/Home/jre/lib/libawt.dylib
0x0000000119a5c000 	/Library/Java/JavaVirtualMachines/jdk1.8.0_101.jdk/Contents/Home/jre/lib/./libmlib_image.dylib
0x0000000119b28000 	/Library/Java/JavaVirtualMachines/jdk1.8.0_101.jdk/Contents/Home/jre/lib/libawt_lwawt.dylib
0x0000000119bdd000 	/Library/Java/JavaVirtualMachines/jdk1.8.0_101.jdk/Contents/Home/jre/lib/./libosxapp.dylib
0x0000000006024000 	/System/Library/Frameworks/ExceptionHandling.framework/Versions/A/ExceptionHandling
0x0000000006024000 	/System/Library/PrivateFrameworks/CoreServicesInternal.framework/Versions/A/CoreServicesInternal
0x0000000006024000 	/System/Library/Frameworks/CoreGraphics.framework/Versions/A/Resources/libRIP.A.dylib
0x0000000006024000 	/System/Library/Frameworks/Accelerate.framework/Versions/A/Frameworks/vImage.framework/Versions/A/Libraries/libCGInterfaces.dylib
0x0000000006024000 	/System/Library/Frameworks/CoreGraphics.framework/Versions/A/Resources/libCGXType.A.dylib
0x0000000006024000 	/System/Library/Frameworks/OpenCL.framework/Versions/A/Libraries/libcldcpuengine.dylib
0x0000000006024000 	/System/Library/PrivateFrameworks/DiskImages.framework/Versions/A/DiskImages
0x0000000006024000 	/System/Library/Frameworks/DiscRecording.framework/Versions/A/DiscRecording
0x0000000006024000 	/usr/lib/libcsfde.dylib
0x0000000006024000 	/usr/lib/libcurl.4.dylib
0x0000000006024000 	/System/Library/PrivateFrameworks/MediaKit.framework/Versions/A/MediaKit
0x0000000006024000 	/System/Library/PrivateFrameworks/ProtectedCloudStorage.framework/Versions/A/ProtectedCloudStorage
0x0000000006024000 	/usr/lib/libCoreStorage.dylib
0x0000000006024000 	/System/Library/PrivateFrameworks/EFILogin.framework/Versions/A/EFILogin
0x0000000006024000 	/usr/lib/libutil.dylib
0x0000000006024000 	/System/Library/PrivateFrameworks/FindMyDevice.framework/Versions/A/FindMyDevice
0x0000000006024000 	/System/Library/Frameworks/LDAP.framework/Versions/A/LDAP
0x0000000006024000 	/usr/lib/libsasl2.2.dylib
0x0000000006024000 	/System/Library/PrivateFrameworks/CoreDaemon.framework/Versions/B/CoreDaemon
0x0000000006024000 	/usr/lib/libcrypto.0.9.8.dylib
0x0000000006024000 	/System/Library/PrivateFrameworks/AppleSRP.framework/Versions/A/AppleSRP
0x0000000006024000 	/System/Library/PrivateFrameworks/TrustEvaluationAgent.framework/Versions/A/TrustEvaluationAgent
0x000000011b3bb000 	cl_kernels
0x0000000006024000 	/System/Library/Frameworks/OpenCL.framework/Versions/A/Libraries/ImageFormats/unorm8_bgra.dylib
0x0000000006024000 	/System/Library/Frameworks/OpenCL.framework/Versions/A/Libraries/ImageFormats/unorm8_rgba.dylib
0x0000000006024000 	/System/Library/PrivateFrameworks/FamilyControls.framework/Versions/A/FamilyControls
0x0000000006024000 	/System/Library/PrivateFrameworks/CommerceKit.framework/Versions/A/Frameworks/CommerceCore.framework/Versions/A/CommerceCore
0x0000000006024000 	/System/Library/PrivateFrameworks/SystemAdministration.framework/Versions/A/SystemAdministration
0x0000000006024000 	/System/Library/PrivateFrameworks/AppContainer.framework/Versions/A/AppContainer
0x0000000006024000 	/System/Library/PrivateFrameworks/SecCodeWrapper.framework/Versions/A/SecCodeWrapper
0x0000000006024000 	/System/Library/Frameworks/DirectoryService.framework/Versions/A/DirectoryService
0x0000000006024000 	/System/Library/PrivateFrameworks/LoginUIKit.framework/Versions/A/Frameworks/LoginUICore.framework/Versions/A/LoginUICore
0x0000000006024000 	/usr/lib/libodfde.dylib
0x000000011c3d8000 	/Library/Java/JavaVirtualMachines/jdk1.8.0_101.jdk/Contents/Home/jre/lib/libfontmanager.dylib
0x000000011a893000 	/Library/Java/JavaVirtualMachines/jdk1.8.0_101.jdk/Contents/Home/jre/lib/libosxui.dylib
0x0000000006024000 	/System/Library/Frameworks/OpenGL.framework/Versions/A/Resources/GLEngine.bundle/GLEngine
0x0000000006024000 	/System/Library/Frameworks/OpenGL.framework/Versions/A/Libraries/libGLProgrammability.dylib
0x000000011ce7d000 	/System/Library/Extensions/AppleIntelBDWGraphicsGLDriver.bundle/Contents/MacOS/AppleIntelBDWGraphicsGLDriver
0x0000000006024000 	/System/Library/PrivateFrameworks/GPUSupport.framework/Versions/A/Libraries/libGPUSupportMercury.dylib
0x0000000006024000 	/System/Library/Frameworks/OpenGL.framework/Versions/A/Resources/GLRendererFloat.bundle/GLRendererFloat
0x000000011e144000 	/private/var/folders/hx/chl3wz1s6d9g8dgpv9pfrkzw0000gn/T/bluecove_maximerichard_0/libbluecove.jnilib
0x000000011e690000 	/Library/Java/JavaVirtualMachines/jdk1.8.0_101.jdk/Contents/Home/jre/lib/libnet.dylib
0x000000011e2a4000 	/Library/Java/JavaVirtualMachines/jdk1.8.0_101.jdk/Contents/Home/jre/lib/libnio.dylib
0x0000000006024000 	/System/Library/Frameworks/ApplicationServices.framework/Versions/A/Frameworks/ATS.framework/Versions/A/Resources/libTrueTypeScaler.dylib
0x0000000171119000 	/System/Library/Extensions/AppleIntelBDWGraphicsMTLDriver.bundle/Contents/MacOS/AppleIntelBDWGraphicsMTLDriver
0x0000000006024000 	/System/Library/CoreServices/RawCamera.bundle/Contents/MacOS/RawCamera
0x00000001717b5000 	/Library/Java/JavaVirtualMachines/jdk1.8.0_101.jdk/Contents/Home/jre/lib/libjpeg.dylib
0x00000001717e2000 	/Library/Java/JavaVirtualMachines/jdk1.8.0_101.jdk/Contents/Home/jre/lib/liblcms.dylib

VM Arguments:
jvm_args: -agentlib:jdwp=transport=dt_socket,address=127.0.0.1:50688,suspend=y,server=n -Dfile.encoding=UTF-8 
java_command: com.sciquizapp.sciquizserver.MyServer
java_class_path (initial): /Library/Java/JavaVirtualMachines/jdk1.8.0_101.jdk/Contents/Home/jre/lib/charsets.jar:/Library/Java/JavaVirtualMachines/jdk1.8.0_101.jdk/Contents/Home/jre/lib/deploy.jar:/Library/Java/JavaVirtualMachines/jdk1.8.0_101.jdk/Contents/Home/jre/lib/ext/cldrdata.jar:/Library/Java/JavaVirtualMachines/jdk1.8.0_101.jdk/Contents/Home/jre/lib/ext/dnsns.jar:/Library/Java/JavaVirtualMachines/jdk1.8.0_101.jdk/Contents/Home/jre/lib/ext/jaccess.jar:/Library/Java/JavaVirtualMachines/jdk1.8.0_101.jdk/Contents/Home/jre/lib/ext/jfxrt.jar:/Library/Java/JavaVirtualMachines/jdk1.8.0_101.jdk/Contents/Home/jre/lib/ext/localedata.jar:/Library/Java/JavaVirtualMachines/jdk1.8.0_101.jdk/Contents/Home/jre/lib/ext/nashorn.jar:/Library/Java/JavaVirtualMachines/jdk1.8.0_101.jdk/Contents/Home/jre/lib/ext/sunec.jar:/Library/Java/JavaVirtualMachines/jdk1.8.0_101.jdk/Contents/Home/jre/lib/ext/sunjce_provider.jar:/Library/Java/JavaVirtualMachines/jdk1.8.0_101.jdk/Contents/Home/jre/lib/ext/sunpkcs11.jar:/Library/Java/JavaVirtualMachines/jdk1.8.0_101.jdk/Contents/Home/jre/lib/ext/zipfs.jar:/Library/Java/JavaVirtualMachines/jdk1.8.0_101.jdk/Contents/Home/jre/lib/javaws.jar:/Library/Java/JavaVirtualMachines/jdk1.8.0_101.jdk/Contents/Home/jre/lib/jce.jar:/Library/Java/JavaVirtualMachines/jdk1.8.0_101.jdk/Contents/Home/jre/lib/jfr.jar:/Library/Java/JavaVirtualMachines/jdk1.8.0_101.jdk/Contents/Home/jre/lib/jfxswt.jar:/Library/Java/JavaVirtualMachines/jdk1.8.0_101.jdk/Contents/Home/jre/lib/jsse.jar:/Library/Java/JavaVirtualMachines/jdk1.8.0_101.jdk/Contents/Home/jre/lib/management-agent.jar:/Library/Java/JavaVirtualMachines/jdk1.8.0_101.jdk/Contents/Home/jre/lib/plugin.jar:/Library/Java/JavaVirtualMachines/jdk1.8.0_101.jdk/Contents/Home/jre/lib/resources.jar:/Library/Java/JavaVirtualMachines/jdk1.8.0_101.jdk/Contents/Home/jre/lib/rt.jar:/Library/Java/JavaVirtualMachines/jdk1.8.0_101.jdk/Contents/Home/lib/ant-javafx.jar:/Library/Java/JavaVirtualMachines/jdk1.8.0_101.jdk/Contents/Home
Launcher Type: SUN_STANDARD

Environment Variables:
PATH=/usr/local/bin:/usr/bin:/bin:/usr/sbin:/sbin
SHELL=/bin/bash

Signal Handlers:
SIGSEGV: [libjvm.dylib+0x5af145], sa_mask[0]=11111111011111110111111111111111, sa_flags=SA_ONSTACK|SA_RESTART|SA_SIGINFO
SIGBUS: [libjvm.dylib+0x5af145], sa_mask[0]=11111111011111110111111111111111, sa_flags=SA_RESTART|SA_SIGINFO
SIGFPE: [libjvm.dylib+0x48694c], sa_mask[0]=11111111011111110111111111111111, sa_flags=SA_RESTART|SA_SIGINFO
SIGPIPE: [libjvm.dylib+0x48694c], sa_mask[0]=11111111011111110111111111111111, sa_flags=SA_RESTART|SA_SIGINFO
SIGXFSZ: [libjvm.dylib+0x48694c], sa_mask[0]=11111111011111110111111111111111, sa_flags=SA_RESTART|SA_SIGINFO
SIGILL: [libjvm.dylib+0x48694c], sa_mask[0]=11111111011111110111111111111111, sa_flags=SA_RESTART|SA_SIGINFO
SIGUSR1: SIG_DFL, sa_mask[0]=00000000000000000000000000000000, sa_flags=none
SIGUSR2: [libjvm.dylib+0x48646a], sa_mask[0]=00100000000000000000000000000000, sa_flags=SA_RESTART|SA_SIGINFO
SIGHUP: [libjvm.dylib+0x484a41], sa_mask[0]=11111111011111110111111111111111, sa_flags=SA_RESTART|SA_SIGINFO
SIGINT: [libjvm.dylib+0x484a41], sa_mask[0]=11111111011111110111111111111111, sa_flags=SA_RESTART|SA_SIGINFO
SIGTERM: [libjvm.dylib+0x484a41], sa_mask[0]=11111111011111110111111111111111, sa_flags=SA_RESTART|SA_SIGINFO
SIGQUIT: [libjvm.dylib+0x484a41], sa_mask[0]=11111111011111110111111111111111, sa_flags=SA_RESTART|SA_SIGINFO


---------------  S Y S T E M  ---------------

OS:Bsduname:Darwin 15.6.0 Darwin Kernel Version 15.6.0: Thu Jun 23 18:25:34 PDT 2016; root:xnu-3248.60.10~1/RELEASE_X86_64 x86_64
rlimit: STACK 8192k, CORE 0k, NPROC 709, NOFILE 10240, AS infinity
load average:1.52 1.85 1.98

CPU:total 4 (2 cores per cpu, 2 threads per core) family 6 model 61 stepping 4, cmov, cx8, fxsr, mmx, sse, sse2, sse3, ssse3, sse4.1, sse4.2, popcnt, avx, avx2, aes, clmul, erms, 3dnowpref, lzcnt, ht, tsc, tscinvbit, bmi1, bmi2, adx

Memory: 4k page, physical 8388608k(204072k free)

/proc/meminfo:


vm_info: Java HotSpot(TM) 64-Bit Server VM (25.101-b13) for bsd-amd64 JRE (1.8.0_101-b13), built on Jun 22 2016 02:42:15 by "java_re" with gcc 4.2.1 (Based on Apple Inc. build 5658) (LLVM build 2336.11.00)

time: Thu Apr 13 17:12:52 2017
elapsed time: 36 seconds (0d 0h 0m 36s)

