#
# A fatal error has been detected by the Java Runtime Environment:
#
#  SIGSEGV (0xb) at pc=0x000000010ffa52bd, pid=3301, tid=0x000000000000f903
#
# JRE version: Java(TM) SE Runtime Environment (8.0_101-b13) (build 1.8.0_101-b13)
# Java VM: Java HotSpot(TM) 64-Bit Server VM (25.101-b13 mixed mode bsd-amd64 compressed oops)
# Problematic frame:
# 
[error occurred during error reporting (printing problematic frame), id 0xb]

# Failed to write core dump. Core dumps have been disabled. To enable core dumping, try "ulimit -c unlimited" before starting Java again
#
# If you would like to submit a bug report, please visit:
#   http://bugreport.java.com/bugreport/crash.jsp
#

---------------  T H R E A D  ---------------

Current thread (0x00007fb1c2175000):  JavaThread "AWT-EventQueue-0" [_thread_in_Java, id=63747, stack(0x00007000018e8000,0x00007000019e8000)]

siginfo: si_signo: 11 (SIGSEGV), si_code: 1 (SEGV_MAPERR), si_addr: 0x00000000019e5380

Registers:
RAX=0x00000000f2de9592, RBX=0x00007000019e5318, RCX=0x0000000080000010, RDX=0x0000000000000000
RSP=0x00007000019e5318, RBP=0x00000000019e5390, RSI=0x00007000019e52b8, RDI=0x0000000000000000
R8 =0x0000000795e523b0, R9 =0x0000000000000000, R10=0x000000010f8fe830, R11=0x00000001102f87c0
R12=0x0000000000000000, R13=0x000000010ffa52bd, R14=0x00007000019e5348, R15=0x00007fb1c2175000
RIP=0x000000010ffa52bd, EFLAGS=0x0000000000010246, ERR=0x0000000000000004
  TRAPNO=0x000000000000000e

Top of Stack: (sp=0x00007000019e5318)
0x00007000019e5318:   000000000000008c 00000000000000ae
0x00007000019e5328:   0000000000000000 0000000000000000
0x00007000019e5338:   000000079623d590 0000000796f4aa30
0x00007000019e5348:   0000000795fdbf08 00007000019e5350
0x00007000019e5358:   000000012bbc0f8e 00007000019e53d8
0x00007000019e5368:   000000012bbc1188 0000000000000000
0x00007000019e5378:   000000012bbc0fa0 00007000019e5318
0x00007000019e5388:   00007000019e53e0 00007000019e55a0
0x00007000019e5398:   000000011032ab14 00000007960a7318
0x00007000019e53a8:   000000000000008c 00000007000000ae
0x00007000019e53b8:   0000000700000000 0000700000000000
0x00007000019e53c8:   0000000796f4aa30 000000079623d590
0x00007000019e53d8:   0000000795fdbb70 000000070000008c
0x00007000019e53e8:   0000000796f4ab70 000000079623eac0
0x00007000019e53f8:   0000000796f4aa30 00007000019e55a0
0x00007000019e5408:   000000011032fea4 000000079623d590
0x00007000019e5418:   000000ae00000000 0000008c00000000
0x00007000019e5428:   0000000300000002 000000079623d590
0x00007000019e5438:   0000000796f4ab70 0000000700000000
0x00007000019e5448:   0000000000000000 00007000019e55a0
0x00007000019e5458:   00000001102e6e5c 00007000019e54b0
0x00007000019e5468:   00007000019e55b0 0000000796f4a860
0x00007000019e5478:   000000000000008c 00007000019e55b0
0x00007000019e5488:   00000001102c9c84 00007000019e5548
0x00007000019e5498:   00000001102a575c 0000000795eb1e10
0x00007000019e54a8:   0000000110375de4 0000000796f4a860
0x00007000019e54b8:   0000000100000000 0000000796f4a860
0x00007000019e54c8:   0000000796f4a860 0000000796f4a860
0x00007000019e54d8:   000000079623d590 0000000796f4aa30
0x00007000019e54e8:   0000000795f80298 0000000796f4ab50
0x00007000019e54f8:   0000000000000000 0000008c000000ae
0x00007000019e5508:   0000000000000000 0000000796f4a860 

Instructions: (pc=0x000000010ffa52bd)
0x000000010ffa529d:   e3 ff 00 00 00 48 8d 24 dc 41 0f b6 5d 05 49 83
0x000000010ffa52ad:   c5 05 49 ba 30 e0 8f 0f 01 00 00 00 41 ff 24 da
0x000000010ffa52bd:   48 8b 65 f0 48 c7 45 f0 00 00 00 00 4c 8b 6d c8
0x000000010ffa52cd:   4c 8b 75 d0 41 0f b7 4d 01 48 8b 5d d8 c1 e1 02 

Register to memory mapping:

RAX=0x00000000f2de9592 is an unknown value
RBX=0x00007000019e5318 is pointing into the stack for thread: 0x00007fb1c2175000
RCX=0x0000000080000010 is an unknown value
RDX=0x0000000000000000 is an unknown value
RSP=0x00007000019e5318 is pointing into the stack for thread: 0x00007fb1c2175000
RBP=0x00000000019e5390 is an unknown value
RSI=0x00007000019e52b8 is pointing into the stack for thread: 0x00007fb1c2175000
RDI=0x0000000000000000 is an unknown value
R8 =0x0000000795e523b0 is an oop
java.util.concurrent.locks.ReentrantLock$NonfairSync 
 - klass: 'java/util/concurrent/locks/ReentrantLock$NonfairSync'
R9 =0x0000000000000000 is an unknown value
R10=0x000000010f8fe830: _ZN19TemplateInterpreter13_active_tableE+0x4800 in /Library/Java/JavaVirtualMachines/jdk1.8.0_101.jdk/Contents/Home/jre/lib/server/libjvm.dylib at 0x000000010f000000
R11=0x00000001102f87c0 is at entry_point+32 in (nmethod*)0x00000001102f8610
R12=0x0000000000000000 is an unknown value
R13=0x000000010ffa52bd is at code_begin+2301 in an Interpreter codelet
invoke return entry points  [0x000000010ffa49c0, 0x000000010ffa53a0]  2528 bytes
R14=0x00007000019e5348 is pointing into the stack for thread: 0x00007fb1c2175000
R15=0x00007fb1c2175000 is a thread


Stack: [0x00007000018e8000,0x00007000019e8000],  sp=0x00007000019e5318,  free space=1012k
Native frames: (J=compiled Java code, j=interpreted, Vv=VM code, C=native code)

[error occurred during error reporting (printing native stack), id 0xb]


---------------  P R O C E S S  ---------------

Java Threads: ( => current thread )
  0x00007fb1c30b8000 JavaThread "Thread-2" [_thread_in_vm, id=74755, stack(0x0000700001c77000,0x0000700001d77000)]
  0x00007fb1c1ad7000 JavaThread "TimerQueue" daemon [_thread_blocked, id=68727, stack(0x0000700001a6e000,0x0000700001b6e000)]
  0x00007fb1c1810800 JavaThread "DestroyJavaVM" [_thread_blocked, id=5891, stack(0x000070000011a000,0x000070000021a000)]
=>0x00007fb1c2175000 JavaThread "AWT-EventQueue-0" [_thread_in_Java, id=63747, stack(0x00007000018e8000,0x00007000019e8000)]
  0x00007fb1c19bc800 JavaThread "Java2D Disposer" daemon [_thread_blocked, id=63239, stack(0x00007000017e5000,0x00007000018e5000)]
  0x00007fb1c3127000 JavaThread "Java2D Queue Flusher" daemon [_thread_blocked, id=53823, stack(0x00007000016e2000,0x00007000017e2000)]
  0x00007fb1c191f800 JavaThread "AWT-Shutdown" [_thread_blocked, id=39955, stack(0x000070000155c000,0x000070000165c000)]
  0x00007fb1c292d800 JavaThread "AppKit Thread" daemon [_thread_in_native, id=2571, stack(0x00007fff50f35000,0x00007fff51735000)]
  0x00007fb1c2867800 JavaThread "BluecoveAsynchronousShutdownThread" daemon [_thread_blocked, id=21507, stack(0x0000700001353000,0x0000700001453000)]
  0x00007fb1c187a800 JavaThread "Abandoned connection cleanup thread" daemon [_thread_blocked, id=20739, stack(0x0000700001250000,0x0000700001350000)]
  0x00007fb1c1876800 JavaThread "Thread-0" [_thread_in_native, id=20227, stack(0x000070000114d000,0x000070000124d000)]
  0x00007fb1c1875800 JavaThread "Monitor Ctrl-Break" daemon [_thread_in_native, id=19715, stack(0x000070000104a000,0x000070000114a000)]
  0x00007fb1c2813800 JavaThread "Service Thread" daemon [_thread_blocked, id=18691, stack(0x0000700000e44000,0x0000700000f44000)]
  0x00007fb1c201e000 JavaThread "C1 CompilerThread2" daemon [_thread_blocked, id=18179, stack(0x0000700000d41000,0x0000700000e41000)]
  0x00007fb1c3027800 JavaThread "C2 CompilerThread1" daemon [_thread_blocked, id=17667, stack(0x0000700000c3e000,0x0000700000d3e000)]
  0x00007fb1c2815000 JavaThread "C2 CompilerThread0" daemon [_thread_blocked, id=17155, stack(0x0000700000b3b000,0x0000700000c3b000)]
  0x00007fb1c2801000 JavaThread "Signal Dispatcher" daemon [_thread_blocked, id=12815, stack(0x0000700000a38000,0x0000700000b38000)]
  0x00007fb1c180d000 JavaThread "Finalizer" daemon [_thread_blocked, id=12291, stack(0x000070000082f000,0x000070000092f000)]
  0x00007fb1c200d800 JavaThread "Reference Handler" daemon [_thread_blocked, id=11779, stack(0x000070000072c000,0x000070000082c000)]

Other Threads:
  0x00007fb1c280b000 VMThread [stack: 0x0000700000629000,0x0000700000729000] [id=11267]
  0x00007fb1c3028800 WatcherThread [stack: 0x0000700000f47000,0x0000700001047000] [id=19203]

VM state:not at safepoint (normal execution)

VM Mutex/Monitor currently owned by a thread: None

Heap:
 PSYoungGen      total 38400K, used 26602K [0x0000000795580000, 0x0000000798000000, 0x00000007c0000000)
  eden space 33280K, 79% used [0x0000000795580000,0x0000000796f7ab30,0x0000000797600000)
  from space 5120K, 0% used [0x0000000797b00000,0x0000000797b00000,0x0000000798000000)
  to   space 5120K, 0% used [0x0000000797600000,0x0000000797600000,0x0000000797b00000)
 ParOldGen       total 87552K, used 0K [0x0000000740000000, 0x0000000745580000, 0x0000000795580000)
  object space 87552K, 0% used [0x0000000740000000,0x0000000740000000,0x0000000745580000)
 Metaspace       used 15902K, capacity 16094K, committed 16512K, reserved 1062912K
  class space    used 1989K, capacity 2078K, committed 2176K, reserved 1048576K

Card table byte_map: [0x000000011f35d000,0x000000011f75e000] byte_map_base: 0x000000011b95d000

Marking Bits: (ParMarkBitMap*) 0x000000010f8edd20
 Begin Bits: [0x000000011fa09000, 0x0000000121a09000)
 End Bits:   [0x0000000121a09000, 0x0000000123a09000)

Polling page: 0x000000010e78e000

CodeCache: size=245760Kb used=5105Kb max_used=5105Kb free=240654Kb
 bounds [0x000000010ff9d000, 0x000000011049d000, 0x000000011ef9d000]
 total_blobs=2037 nmethods=1456 adapters=494
 compilation: enabled

Compilation events (10 events):
Event: 13.503 Thread 0x00007fb1c201e000 1452       1       javax.swing.DefaultListSelectionModel::getLeadSelectionIndex (5 bytes)
Event: 13.503 Thread 0x00007fb1c201e000 nmethod 1452 0x0000000110495e50 code [0x0000000110495fa0, 0x00000001104960b0]
Event: 13.504 Thread 0x00007fb1c201e000 1453       3       sun.java2d.pipe.Region::calcBBox (192 bytes)
Event: 13.504 Thread 0x00007fb1c201e000 nmethod 1453 0x0000000110496110 code [0x00000001104962a0, 0x0000000110496770]
Event: 13.505 Thread 0x00007fb1c201e000 1454       3       sun.java2d.loops.Blit::getFromCache (132 bytes)
Event: 13.507 Thread 0x00007fb1c201e000 nmethod 1454 0x0000000110496ad0 code [0x0000000110496f00, 0x0000000110499878]
Event: 14.376 Thread 0x00007fb1c201e000 1455       3       java.util.IdentityHashMap$IdentityHashMapIterator::hasNext (50 bytes)
Event: 14.377 Thread 0x00007fb1c201e000 nmethod 1455 0x000000011049acd0 code [0x000000011049ae40, 0x000000011049b0d0]
Event: 14.379 Thread 0x00007fb1c201e000 1456       1       sun.java2d.StateTracker$2::isCurrent (2 bytes)
Event: 14.379 Thread 0x00007fb1c201e000 nmethod 1456 0x000000011049b1d0 code [0x000000011049b320, 0x000000011049b430]

GC Heap History (0 events):
No events

Deoptimization events (9 events):
Event: 0.581 Thread 0x00007fb1c1810800 Uncommon trap: reason=unstable_if action=reinterpret pc=0x000000011015a168 method=org.sqlite.SQLiteJDBCLoader.contentsEquals(Ljava/io/InputStream;Ljava/io/InputStream;)Z @ 39
Event: 1.159 Thread 0x00007fb1c1810800 Uncommon trap: reason=unstable_if action=reinterpret pc=0x0000000110163d54 method=sun.misc.MetaIndex.mayContain(Ljava/lang/String;)Z @ 38
Event: 2.870 Thread 0x00007fb1c1810800 Uncommon trap: reason=class_check action=maybe_recompile pc=0x000000011018b558 method=java.lang.String.equals(Ljava/lang/Object;)Z @ 8
Event: 2.870 Thread 0x00007fb1c1810800 Uncommon trap: reason=class_check action=maybe_recompile pc=0x000000011018b558 method=java.lang.String.equals(Ljava/lang/Object;)Z @ 8
Event: 2.870 Thread 0x00007fb1c1810800 Uncommon trap: reason=class_check action=maybe_recompile pc=0x000000011018b558 method=java.lang.String.equals(Ljava/lang/Object;)Z @ 8
Event: 2.870 Thread 0x00007fb1c1810800 Uncommon trap: reason=class_check action=maybe_recompile pc=0x000000011018b558 method=java.lang.String.equals(Ljava/lang/Object;)Z @ 8
Event: 11.522 Thread 0x00007fb1c2175000 Uncommon trap: reason=unstable_if action=reinterpret pc=0x000000011023c240 method=java.util.HashMap.getNode(ILjava/lang/Object;)Ljava/util/HashMap$Node; @ 62
Event: 11.526 Thread 0x00007fb1c2175000 Uncommon trap: reason=unstable_if action=reinterpret pc=0x000000011022cf2c method=java.util.HashMap.getNode(ILjava/lang/Object;)Ljava/util/HashMap$Node; @ 62
Event: 12.207 Thread 0x00007fb1c2175000 Uncommon trap: reason=unstable_if action=reinterpret pc=0x00000001104334d4 method=sun.awt.image.OffScreenImageSource.sendPixels()V @ 663

Internal exceptions (10 events):
Event: 0.230 Thread 0x00007fb1c1810800 Exception <a 'java/security/PrivilegedActionException'> (0x000000079573b730) thrown at [/HUDSON3/workspace/8-2-build-macosx-x86_64/jdk8u101/7261/hotspot/src/share/vm/prims/jvm.cpp, line 1386]
Event: 0.230 Thread 0x00007fb1c1810800 Exception <a 'java/security/PrivilegedActionException'> (0x000000079573bb28) thrown at [/HUDSON3/workspace/8-2-build-macosx-x86_64/jdk8u101/7261/hotspot/src/share/vm/prims/jvm.cpp, line 1386]
Event: 0.231 Thread 0x00007fb1c1810800 Exception <a 'java/security/PrivilegedActionException'> (0x000000079573f018) thrown at [/HUDSON3/workspace/8-2-build-macosx-x86_64/jdk8u101/7261/hotspot/src/share/vm/prims/jvm.cpp, line 1386]
Event: 0.231 Thread 0x00007fb1c1810800 Exception <a 'java/security/PrivilegedActionException'> (0x000000079573f410) thrown at [/HUDSON3/workspace/8-2-build-macosx-x86_64/jdk8u101/7261/hotspot/src/share/vm/prims/jvm.cpp, line 1386]
Event: 0.236 Thread 0x00007fb1c1876800 Exception <a 'java/lang/NoClassDefFoundError': org/apache/log4j/Category> (0x00000007958c7b78) thrown at [/HUDSON3/workspace/8-2-build-macosx-x86_64/jdk8u101/7261/hotspot/src/share/vm/classfile/systemDictionary.cpp, line 199]
Event: 0.252 Thread 0x00007fb1c1876800 Exception <a 'java/lang/UnsatisfiedLinkError': com.intel.bluetooth.BluetoothStackOSX.isNativeCodeLoaded()Z> (0x000000079591c580) thrown at [/HUDSON3/workspace/8-2-build-macosx-x86_64/jdk8u101/7261/hotspot/src/share/vm/prims/nativeLookup.cpp, line 378]
Event: 0.762 Thread 0x00007fb1c1810800 Exception <a 'java/lang/NoSuchFieldError': method resolution failed> (0x0000000795dc5bd8) thrown at [/HUDSON3/workspace/8-2-build-macosx-x86_64/jdk8u101/7261/hotspot/src/share/vm/prims/methodHandles.cpp, line 1146]
Event: 0.765 Thread 0x00007fb1c1810800 Exception <a 'java/lang/NoSuchFieldError': method resolution failed> (0x0000000795dd32c8) thrown at [/HUDSON3/workspace/8-2-build-macosx-x86_64/jdk8u101/7261/hotspot/src/share/vm/prims/methodHandles.cpp, line 1146]
Event: 0.981 Thread 0x00007fb1c1810800 Exception <a 'java/io/FileNotFoundException'> (0x0000000795e4dc40) thrown at [/HUDSON3/workspace/8-2-build-macosx-x86_64/jdk8u101/7261/hotspot/src/share/vm/prims/jni.cpp, line 709]
Event: 0.981 Thread 0x00007fb1c1810800 Exception <a 'java/io/FileNotFoundException'> (0x0000000795e4e7e8) thrown at [/HUDSON3/workspace/8-2-build-macosx-x86_64/jdk8u101/7261/hotspot/src/share/vm/prims/jni.cpp, line 709]

Events (10 events):
Event: 12.208 loading class java/awt/ImageMediaEntry done
Event: 12.210 loading class sun/lwawt/macosx/CDropTargetContextPeer$1
Event: 12.210 loading class sun/lwawt/macosx/CDropTargetContextPeer$1 done
Event: 12.239 loading class java/awt/dnd/DragSourceDropEvent
Event: 12.239 loading class java/awt/dnd/DragSourceDropEvent done
Event: 12.242 Executing VM operation: RevokeBias
Event: 12.242 Executing VM operation: RevokeBias done
Event: 12.242 Thread 0x00007fb1c3048800 Thread exited: 0x00007fb1c3048800
Event: 14.375 loading class javax/swing/JInternalFrame
Event: 14.376 loading class javax/swing/JInternalFrame done


Dynamic libraries:
0x0000000002c22000 	/System/Library/Frameworks/Cocoa.framework/Versions/A/Cocoa
0x0000000002c22000 	/System/Library/Frameworks/Security.framework/Versions/A/Security
0x0000000002c22000 	/System/Library/Frameworks/ApplicationServices.framework/Versions/A/ApplicationServices
0x0000000002c22000 	/usr/lib/libz.1.dylib
0x0000000002c22000 	/usr/lib/libSystem.B.dylib
0x0000000002c22000 	/usr/lib/libobjc.A.dylib
0x0000000002c22000 	/System/Library/Frameworks/CoreFoundation.framework/Versions/A/CoreFoundation
0x0000000002c22000 	/System/Library/Frameworks/Foundation.framework/Versions/C/Foundation
0x0000000002c22000 	/System/Library/Frameworks/AppKit.framework/Versions/C/AppKit
0x0000000002c22000 	/System/Library/Frameworks/CoreData.framework/Versions/A/CoreData
0x0000000002c22000 	/System/Library/PrivateFrameworks/RemoteViewServices.framework/Versions/A/RemoteViewServices
0x0000000002c22000 	/System/Library/PrivateFrameworks/UIFoundation.framework/Versions/A/UIFoundation
0x0000000002c22000 	/usr/lib/libScreenReader.dylib
0x0000000002c22000 	/System/Library/Frameworks/Accelerate.framework/Versions/A/Accelerate
0x0000000002c22000 	/System/Library/Frameworks/IOSurface.framework/Versions/A/IOSurface
0x0000000002c22000 	/System/Library/Frameworks/AudioToolbox.framework/Versions/A/AudioToolbox
0x0000000002c22000 	/System/Library/Frameworks/AudioUnit.framework/Versions/A/AudioUnit
0x0000000002c22000 	/System/Library/PrivateFrameworks/DataDetectorsCore.framework/Versions/A/DataDetectorsCore
0x0000000002c22000 	/System/Library/PrivateFrameworks/DesktopServicesPriv.framework/Versions/A/DesktopServicesPriv
0x0000000002c22000 	/System/Library/Frameworks/Carbon.framework/Versions/A/Frameworks/HIToolbox.framework/Versions/A/HIToolbox
0x0000000002c22000 	/System/Library/Frameworks/QuartzCore.framework/Versions/A/QuartzCore
0x0000000002c22000 	/System/Library/Frameworks/Carbon.framework/Versions/A/Frameworks/SpeechRecognition.framework/Versions/A/SpeechRecognition
0x0000000002c22000 	/usr/lib/libauto.dylib
0x0000000002c22000 	/usr/lib/libicucore.A.dylib
0x0000000002c22000 	/usr/lib/libxml2.2.dylib
0x0000000002c22000 	/System/Library/PrivateFrameworks/CoreUI.framework/Versions/A/CoreUI
0x0000000002c22000 	/System/Library/Frameworks/CoreAudio.framework/Versions/A/CoreAudio
0x0000000002c22000 	/System/Library/Frameworks/DiskArbitration.framework/Versions/A/DiskArbitration
0x0000000002c22000 	/usr/lib/liblangid.dylib
0x0000000002c22000 	/System/Library/PrivateFrameworks/MultitouchSupport.framework/Versions/A/MultitouchSupport
0x0000000002c22000 	/System/Library/Frameworks/IOKit.framework/Versions/A/IOKit
0x0000000002c22000 	/usr/lib/libDiagnosticMessagesClient.dylib
0x0000000002c22000 	/System/Library/Frameworks/CoreServices.framework/Versions/A/CoreServices
0x0000000002c22000 	/System/Library/PrivateFrameworks/PerformanceAnalysis.framework/Versions/A/PerformanceAnalysis
0x0000000002c22000 	/System/Library/PrivateFrameworks/GenerationalStorage.framework/Versions/A/GenerationalStorage
0x0000000002c22000 	/System/Library/Frameworks/OpenGL.framework/Versions/A/OpenGL
0x0000000002c22000 	/System/Library/PrivateFrameworks/Sharing.framework/Versions/A/Sharing
0x0000000002c22000 	/System/Library/Frameworks/CoreGraphics.framework/Versions/A/CoreGraphics
0x0000000002c22000 	/System/Library/Frameworks/CoreImage.framework/Versions/A/CoreImage
0x0000000002c22000 	/System/Library/Frameworks/CoreText.framework/Versions/A/CoreText
0x0000000002c22000 	/System/Library/Frameworks/ImageIO.framework/Versions/A/ImageIO
0x0000000002c22000 	/System/Library/PrivateFrameworks/Backup.framework/Versions/A/Backup
0x0000000002c22000 	/usr/lib/libextension.dylib
0x0000000002c22000 	/usr/lib/libarchive.2.dylib
0x0000000002c22000 	/System/Library/Frameworks/CFNetwork.framework/Versions/A/CFNetwork
0x0000000002c22000 	/System/Library/Frameworks/SystemConfiguration.framework/Versions/A/SystemConfiguration
0x0000000002c22000 	/usr/lib/libCRFSuite.dylib
0x0000000002c22000 	/usr/lib/libc++.1.dylib
0x0000000002c22000 	/usr/lib/libc++abi.dylib
0x0000000002c22000 	/usr/lib/system/libcache.dylib
0x0000000002c22000 	/usr/lib/system/libcommonCrypto.dylib
0x0000000002c22000 	/usr/lib/system/libcompiler_rt.dylib
0x0000000002c22000 	/usr/lib/system/libcopyfile.dylib
0x0000000002c22000 	/usr/lib/system/libcorecrypto.dylib
0x0000000002c22000 	/usr/lib/system/libdispatch.dylib
0x0000000002c22000 	/usr/lib/system/libdyld.dylib
0x0000000002c22000 	/usr/lib/system/libkeymgr.dylib
0x0000000002c22000 	/usr/lib/system/liblaunch.dylib
0x0000000002c22000 	/usr/lib/system/libmacho.dylib
0x0000000002c22000 	/usr/lib/system/libquarantine.dylib
0x0000000002c22000 	/usr/lib/system/libremovefile.dylib
0x0000000002c22000 	/usr/lib/system/libsystem_asl.dylib
0x0000000002c22000 	/usr/lib/system/libsystem_blocks.dylib
0x0000000002c22000 	/usr/lib/system/libsystem_c.dylib
0x0000000002c22000 	/usr/lib/system/libsystem_configuration.dylib
0x0000000002c22000 	/usr/lib/system/libsystem_coreservices.dylib
0x0000000002c22000 	/usr/lib/system/libsystem_coretls.dylib
0x0000000002c22000 	/usr/lib/system/libsystem_dnssd.dylib
0x0000000002c22000 	/usr/lib/system/libsystem_info.dylib
0x0000000002c22000 	/usr/lib/system/libsystem_kernel.dylib
0x0000000002c22000 	/usr/lib/system/libsystem_m.dylib
0x0000000002c22000 	/usr/lib/system/libsystem_malloc.dylib
0x0000000002c22000 	/usr/lib/system/libsystem_network.dylib
0x0000000002c22000 	/usr/lib/system/libsystem_networkextension.dylib
0x0000000002c22000 	/usr/lib/system/libsystem_notify.dylib
0x0000000002c22000 	/usr/lib/system/libsystem_platform.dylib
0x0000000002c22000 	/usr/lib/system/libsystem_pthread.dylib
0x0000000002c22000 	/usr/lib/system/libsystem_sandbox.dylib
0x0000000002c22000 	/usr/lib/system/libsystem_secinit.dylib
0x0000000002c22000 	/usr/lib/system/libsystem_trace.dylib
0x0000000002c22000 	/usr/lib/system/libunc.dylib
0x0000000002c22000 	/usr/lib/system/libunwind.dylib
0x0000000002c22000 	/usr/lib/system/libxpc.dylib
0x0000000002c22000 	/usr/lib/libenergytrace.dylib
0x0000000002c22000 	/usr/lib/libbsm.0.dylib
0x0000000002c22000 	/usr/lib/system/libkxld.dylib
0x0000000002c22000 	/usr/lib/libxar.1.dylib
0x0000000002c22000 	/usr/lib/libsqlite3.dylib
0x0000000002c22000 	/usr/lib/libpam.2.dylib
0x0000000002c22000 	/usr/lib/libOpenScriptingUtil.dylib
0x0000000002c22000 	/usr/lib/libbz2.1.0.dylib
0x0000000002c22000 	/usr/lib/liblzma.5.dylib
0x0000000002c22000 	/System/Library/Frameworks/CoreServices.framework/Versions/A/Frameworks/FSEvents.framework/Versions/A/FSEvents
0x0000000002c22000 	/System/Library/Frameworks/CoreServices.framework/Versions/A/Frameworks/CarbonCore.framework/Versions/A/CarbonCore
0x0000000002c22000 	/System/Library/Frameworks/CoreServices.framework/Versions/A/Frameworks/Metadata.framework/Versions/A/Metadata
0x0000000002c22000 	/System/Library/Frameworks/CoreServices.framework/Versions/A/Frameworks/OSServices.framework/Versions/A/OSServices
0x0000000002c22000 	/System/Library/Frameworks/CoreServices.framework/Versions/A/Frameworks/SearchKit.framework/Versions/A/SearchKit
0x0000000002c22000 	/System/Library/Frameworks/CoreServices.framework/Versions/A/Frameworks/AE.framework/Versions/A/AE
0x0000000002c22000 	/System/Library/Frameworks/CoreServices.framework/Versions/A/Frameworks/LaunchServices.framework/Versions/A/LaunchServices
0x0000000002c22000 	/System/Library/Frameworks/CoreServices.framework/Versions/A/Frameworks/DictionaryServices.framework/Versions/A/DictionaryServices
0x0000000002c22000 	/System/Library/Frameworks/CoreServices.framework/Versions/A/Frameworks/SharedFileList.framework/Versions/A/SharedFileList
0x0000000002c22000 	/System/Library/Frameworks/NetFS.framework/Versions/A/NetFS
0x0000000002c22000 	/System/Library/PrivateFrameworks/NetAuth.framework/Versions/A/NetAuth
0x0000000002c22000 	/System/Library/PrivateFrameworks/login.framework/Versions/A/Frameworks/loginsupport.framework/Versions/A/loginsupport
0x0000000002c22000 	/System/Library/PrivateFrameworks/TCC.framework/Versions/A/TCC
0x0000000002c22000 	/usr/lib/libmecabra.dylib
0x0000000002c22000 	/System/Library/Frameworks/ApplicationServices.framework/Versions/A/Frameworks/ATS.framework/Versions/A/ATS
0x0000000002c22000 	/System/Library/Frameworks/ApplicationServices.framework/Versions/A/Frameworks/ColorSync.framework/Versions/A/ColorSync
0x0000000002c22000 	/System/Library/Frameworks/ApplicationServices.framework/Versions/A/Frameworks/HIServices.framework/Versions/A/HIServices
0x0000000002c22000 	/System/Library/Frameworks/ApplicationServices.framework/Versions/A/Frameworks/LangAnalysis.framework/Versions/A/LangAnalysis
0x0000000002c22000 	/System/Library/Frameworks/ApplicationServices.framework/Versions/A/Frameworks/PrintCore.framework/Versions/A/PrintCore
0x0000000002c22000 	/System/Library/Frameworks/ApplicationServices.framework/Versions/A/Frameworks/QD.framework/Versions/A/QD
0x0000000002c22000 	/System/Library/Frameworks/ApplicationServices.framework/Versions/A/Frameworks/SpeechSynthesis.framework/Versions/A/SpeechSynthesis
0x0000000002c22000 	/System/Library/Frameworks/Metal.framework/Versions/A/Metal
0x0000000002c22000 	/System/Library/Frameworks/Accelerate.framework/Versions/A/Frameworks/vImage.framework/Versions/A/vImage
0x0000000002c22000 	/System/Library/Frameworks/Accelerate.framework/Versions/A/Frameworks/vecLib.framework/Versions/A/vecLib
0x0000000002c22000 	/System/Library/Frameworks/Accelerate.framework/Versions/A/Frameworks/vecLib.framework/Versions/A/libvDSP.dylib
0x0000000002c22000 	/System/Library/Frameworks/Accelerate.framework/Versions/A/Frameworks/vecLib.framework/Versions/A/libvMisc.dylib
0x0000000002c22000 	/System/Library/Frameworks/Accelerate.framework/Versions/A/Frameworks/vecLib.framework/Versions/A/libLAPACK.dylib
0x0000000002c22000 	/System/Library/Frameworks/Accelerate.framework/Versions/A/Frameworks/vecLib.framework/Versions/A/libBLAS.dylib
0x0000000002c22000 	/System/Library/Frameworks/Accelerate.framework/Versions/A/Frameworks/vecLib.framework/Versions/A/libLinearAlgebra.dylib
0x0000000002c22000 	/System/Library/Frameworks/Accelerate.framework/Versions/A/Frameworks/vecLib.framework/Versions/A/libSparseBLAS.dylib
0x0000000002c22000 	/System/Library/PrivateFrameworks/GPUCompiler.framework/libmetal_timestamp.dylib
0x0000000002c22000 	/System/Library/Frameworks/OpenGL.framework/Versions/A/Libraries/libCoreFSCache.dylib
0x0000000002c22000 	/System/Library/PrivateFrameworks/IOAccelerator.framework/Versions/A/IOAccelerator
0x0000000002c22000 	/System/Library/Frameworks/ApplicationServices.framework/Versions/A/Frameworks/ATS.framework/Versions/A/Resources/libFontParser.dylib
0x0000000002c22000 	/System/Library/Frameworks/ApplicationServices.framework/Versions/A/Frameworks/ATS.framework/Versions/A/Resources/libFontRegistry.dylib
0x0000000002c22000 	/System/Library/PrivateFrameworks/AppleVPA.framework/Versions/A/AppleVPA
0x0000000002c22000 	/System/Library/PrivateFrameworks/AppleJPEG.framework/Versions/A/AppleJPEG
0x0000000002c22000 	/System/Library/Frameworks/ImageIO.framework/Versions/A/Resources/libJPEG.dylib
0x0000000002c22000 	/System/Library/Frameworks/ImageIO.framework/Versions/A/Resources/libTIFF.dylib
0x0000000002c22000 	/System/Library/Frameworks/ImageIO.framework/Versions/A/Resources/libPng.dylib
0x0000000002c22000 	/System/Library/Frameworks/ImageIO.framework/Versions/A/Resources/libGIF.dylib
0x0000000002c22000 	/System/Library/Frameworks/ImageIO.framework/Versions/A/Resources/libJP2.dylib
0x0000000002c22000 	/System/Library/Frameworks/ImageIO.framework/Versions/A/Resources/libRadiance.dylib
0x0000000002c22000 	/System/Library/Frameworks/CoreVideo.framework/Versions/A/CoreVideo
0x0000000002c22000 	/System/Library/Frameworks/OpenGL.framework/Versions/A/Libraries/libGLU.dylib
0x0000000002c22000 	/System/Library/Frameworks/OpenGL.framework/Versions/A/Libraries/libGFXShared.dylib
0x0000000002c22000 	/System/Library/Frameworks/OpenGL.framework/Versions/A/Libraries/libGL.dylib
0x0000000002c22000 	/System/Library/Frameworks/OpenGL.framework/Versions/A/Libraries/libGLImage.dylib
0x0000000002c22000 	/System/Library/Frameworks/OpenGL.framework/Versions/A/Libraries/libCVMSPluginSupport.dylib
0x0000000002c22000 	/System/Library/Frameworks/OpenGL.framework/Versions/A/Libraries/libCoreVMClient.dylib
0x0000000002c22000 	/usr/lib/libcompression.dylib
0x0000000002c22000 	/usr/lib/libcups.2.dylib
0x0000000002c22000 	/System/Library/Frameworks/Kerberos.framework/Versions/A/Kerberos
0x0000000002c22000 	/System/Library/Frameworks/GSS.framework/Versions/A/GSS
0x0000000002c22000 	/usr/lib/libresolv.9.dylib
0x0000000002c22000 	/usr/lib/libiconv.2.dylib
0x0000000002c22000 	/System/Library/PrivateFrameworks/Heimdal.framework/Versions/A/Heimdal
0x0000000002c22000 	/usr/lib/libheimdal-asn1.dylib
0x0000000002c22000 	/System/Library/Frameworks/OpenDirectory.framework/Versions/A/OpenDirectory
0x0000000002c22000 	/System/Library/PrivateFrameworks/CommonAuth.framework/Versions/A/CommonAuth
0x0000000002c22000 	/System/Library/Frameworks/OpenDirectory.framework/Versions/A/Frameworks/CFOpenDirectory.framework/Versions/A/CFOpenDirectory
0x0000000002c22000 	/System/Library/Frameworks/SecurityFoundation.framework/Versions/A/SecurityFoundation
0x0000000002c22000 	/System/Library/PrivateFrameworks/LanguageModeling.framework/Versions/A/LanguageModeling
0x0000000002c22000 	/usr/lib/libmarisa.dylib
0x0000000002c22000 	/usr/lib/libChineseTokenizer.dylib
0x0000000002c22000 	/usr/lib/libcmph.dylib
0x0000000002c22000 	/System/Library/Frameworks/ServiceManagement.framework/Versions/A/ServiceManagement
0x0000000002c22000 	/usr/lib/libxslt.1.dylib
0x0000000002c22000 	/System/Library/Frameworks/Carbon.framework/Versions/A/Frameworks/Ink.framework/Versions/A/Ink
0x0000000002c22000 	/usr/lib/libFosl_dynamic.dylib
0x0000000002c22000 	/System/Library/PrivateFrameworks/FaceCore.framework/Versions/A/FaceCore
0x0000000002c22000 	/System/Library/Frameworks/OpenCL.framework/Versions/A/OpenCL
0x0000000002c22000 	/System/Library/PrivateFrameworks/CrashReporterSupport.framework/Versions/A/CrashReporterSupport
0x0000000002c22000 	/System/Library/PrivateFrameworks/IconServices.framework/Versions/A/IconServices
0x0000000002c22000 	/System/Library/PrivateFrameworks/Apple80211.framework/Versions/A/Apple80211
0x0000000002c22000 	/System/Library/Frameworks/CoreWLAN.framework/Versions/A/CoreWLAN
0x0000000002c22000 	/System/Library/Frameworks/IOBluetooth.framework/Versions/A/IOBluetooth
0x0000000002c22000 	/System/Library/PrivateFrameworks/CoreWiFi.framework/Versions/A/CoreWiFi
0x0000000002c22000 	/System/Library/Frameworks/CoreBluetooth.framework/Versions/A/CoreBluetooth
0x0000000002c22000 	/System/Library/PrivateFrameworks/ChunkingLibrary.framework/Versions/A/ChunkingLibrary
0x0000000002c22000 	/System/Library/PrivateFrameworks/DebugSymbols.framework/Versions/A/DebugSymbols
0x0000000002c22000 	/System/Library/PrivateFrameworks/CoreSymbolication.framework/Versions/A/CoreSymbolication
0x0000000002c22000 	/System/Library/PrivateFrameworks/Symbolication.framework/Versions/A/Symbolication
0x0000000002c22000 	/System/Library/PrivateFrameworks/SpeechRecognitionCore.framework/Versions/A/SpeechRecognitionCore
0x000000010f000000 	/Library/Java/JavaVirtualMachines/jdk1.8.0_101.jdk/Contents/Home/jre/lib/server/libjvm.dylib
0x0000000002c22000 	/usr/lib/libstdc++.6.dylib
0x000000010e74b000 	/Library/Java/JavaVirtualMachines/jdk1.8.0_101.jdk/Contents/Home/jre/lib/libverify.dylib
0x000000010e759000 	/Library/Java/JavaVirtualMachines/jdk1.8.0_101.jdk/Contents/Home/jre/lib/libjava.dylib
0x000000010e798000 	/Library/Java/JavaVirtualMachines/jdk1.8.0_101.jdk/Contents/Home/jre/lib/libzip.dylib
0x00000001258b0000 	/System/Library/Frameworks/JavaVM.framework/Frameworks/JavaRuntimeSupport.framework/JavaRuntimeSupport
0x00000001258cb000 	/System/Library/Frameworks/JavaVM.framework/Versions/A/Frameworks/JavaNativeFoundation.framework/Versions/A/JavaNativeFoundation
0x000000010e7f2000 	/System/Library/Frameworks/JavaVM.framework/Versions/A/JavaVM
0x0000000002c22000 	/System/Library/Frameworks/Carbon.framework/Versions/A/Carbon
0x00000001258e0000 	/System/Library/PrivateFrameworks/JavaLaunching.framework/Versions/A/JavaLaunching
0x0000000002c22000 	/System/Library/Frameworks/Carbon.framework/Versions/A/Frameworks/CommonPanels.framework/Versions/A/CommonPanels
0x0000000002c22000 	/System/Library/Frameworks/Carbon.framework/Versions/A/Frameworks/Help.framework/Versions/A/Help
0x0000000002c22000 	/System/Library/Frameworks/Carbon.framework/Versions/A/Frameworks/ImageCapture.framework/Versions/A/ImageCapture
0x0000000002c22000 	/System/Library/Frameworks/Carbon.framework/Versions/A/Frameworks/OpenScripting.framework/Versions/A/OpenScripting
0x0000000002c22000 	/System/Library/Frameworks/Carbon.framework/Versions/A/Frameworks/Print.framework/Versions/A/Print
0x0000000002c22000 	/System/Library/Frameworks/Carbon.framework/Versions/A/Frameworks/SecurityHI.framework/Versions/A/SecurityHI
0x0000000127336000 	/Applications/IntelliJ IDEA CE.app/Contents/bin/libbreakgen64.jnilib
0x0000000127339000 	/Library/Java/JavaVirtualMachines/jdk1.8.0_101.jdk/Contents/Home/jre/lib/libnet.dylib
0x0000000127398000 	/private/var/folders/hx/chl3wz1s6d9g8dgpv9pfrkzw0000gn/T/bluecove_maximerichard_0/libbluecove.jnilib
0x000000012742b000 	/private/var/folders/hx/chl3wz1s6d9g8dgpv9pfrkzw0000gn/T/sqlite-3.8.11.2-ebbb4da7-591a-41ec-a9a8-726bf9dd2002-libsqlitejdbc.jnilib
0x00000001276c6000 	/Library/Java/JavaVirtualMachines/jdk1.8.0_101.jdk/Contents/Home/jre/lib/libawt.dylib
0x000000012776e000 	/Library/Java/JavaVirtualMachines/jdk1.8.0_101.jdk/Contents/Home/jre/lib/./libmlib_image.dylib
0x000000012783a000 	/Library/Java/JavaVirtualMachines/jdk1.8.0_101.jdk/Contents/Home/jre/lib/libawt_lwawt.dylib
0x00000001278ef000 	/Library/Java/JavaVirtualMachines/jdk1.8.0_101.jdk/Contents/Home/jre/lib/./libosxapp.dylib
0x0000000002c22000 	/System/Library/Frameworks/ExceptionHandling.framework/Versions/A/ExceptionHandling
0x0000000002c22000 	/System/Library/PrivateFrameworks/CoreServicesInternal.framework/Versions/A/CoreServicesInternal
0x0000000002c22000 	/System/Library/Frameworks/CoreGraphics.framework/Versions/A/Resources/libRIP.A.dylib
0x0000000002c22000 	/System/Library/Frameworks/Accelerate.framework/Versions/A/Frameworks/vImage.framework/Versions/A/Libraries/libCGInterfaces.dylib
0x0000000002c22000 	/System/Library/Frameworks/CoreGraphics.framework/Versions/A/Resources/libCGXType.A.dylib
0x0000000002c22000 	/System/Library/Frameworks/OpenCL.framework/Versions/A/Libraries/libcldcpuengine.dylib
0x0000000002c22000 	/System/Library/PrivateFrameworks/DiskImages.framework/Versions/A/DiskImages
0x0000000002c22000 	/System/Library/Frameworks/DiscRecording.framework/Versions/A/DiscRecording
0x0000000002c22000 	/usr/lib/libcsfde.dylib
0x0000000002c22000 	/usr/lib/libcurl.4.dylib
0x0000000002c22000 	/System/Library/PrivateFrameworks/MediaKit.framework/Versions/A/MediaKit
0x0000000002c22000 	/System/Library/PrivateFrameworks/ProtectedCloudStorage.framework/Versions/A/ProtectedCloudStorage
0x0000000002c22000 	/usr/lib/libCoreStorage.dylib
0x0000000002c22000 	/System/Library/PrivateFrameworks/EFILogin.framework/Versions/A/EFILogin
0x0000000002c22000 	/usr/lib/libutil.dylib
0x0000000002c22000 	/System/Library/PrivateFrameworks/FindMyDevice.framework/Versions/A/FindMyDevice
0x0000000002c22000 	/System/Library/Frameworks/LDAP.framework/Versions/A/LDAP
0x0000000002c22000 	/usr/lib/libsasl2.2.dylib
0x0000000002c22000 	/System/Library/PrivateFrameworks/CoreDaemon.framework/Versions/B/CoreDaemon
0x0000000002c22000 	/usr/lib/libcrypto.0.9.8.dylib
0x0000000002c22000 	/System/Library/PrivateFrameworks/AppleSRP.framework/Versions/A/AppleSRP
0x0000000002c22000 	/System/Library/PrivateFrameworks/TrustEvaluationAgent.framework/Versions/A/TrustEvaluationAgent
0x000000012908d000 	cl_kernels
0x0000000002c22000 	/System/Library/Frameworks/OpenCL.framework/Versions/A/Libraries/ImageFormats/unorm8_bgra.dylib
0x0000000002c22000 	/System/Library/Frameworks/OpenCL.framework/Versions/A/Libraries/ImageFormats/unorm8_rgba.dylib
0x0000000002c22000 	/System/Library/PrivateFrameworks/FamilyControls.framework/Versions/A/FamilyControls
0x0000000002c22000 	/System/Library/PrivateFrameworks/CommerceKit.framework/Versions/A/Frameworks/CommerceCore.framework/Versions/A/CommerceCore
0x0000000002c22000 	/System/Library/PrivateFrameworks/SystemAdministration.framework/Versions/A/SystemAdministration
0x0000000002c22000 	/System/Library/PrivateFrameworks/AppContainer.framework/Versions/A/AppContainer
0x0000000002c22000 	/System/Library/PrivateFrameworks/SecCodeWrapper.framework/Versions/A/SecCodeWrapper
0x0000000002c22000 	/System/Library/Frameworks/DirectoryService.framework/Versions/A/DirectoryService
0x0000000002c22000 	/System/Library/PrivateFrameworks/LoginUIKit.framework/Versions/A/Frameworks/LoginUICore.framework/Versions/A/LoginUICore
0x0000000002c22000 	/usr/lib/libodfde.dylib
0x000000012a0aa000 	/Library/Java/JavaVirtualMachines/jdk1.8.0_101.jdk/Contents/Home/jre/lib/libfontmanager.dylib
0x00000001285a5000 	/Library/Java/JavaVirtualMachines/jdk1.8.0_101.jdk/Contents/Home/jre/lib/libosxui.dylib
0x0000000002c22000 	/System/Library/Frameworks/OpenGL.framework/Versions/A/Resources/GLEngine.bundle/GLEngine
0x0000000002c22000 	/System/Library/Frameworks/OpenGL.framework/Versions/A/Libraries/libGLProgrammability.dylib
0x000000012ab4f000 	/System/Library/Extensions/AppleIntelBDWGraphicsGLDriver.bundle/Contents/MacOS/AppleIntelBDWGraphicsGLDriver
0x0000000002c22000 	/System/Library/PrivateFrameworks/GPUSupport.framework/Versions/A/Libraries/libGPUSupportMercury.dylib
0x0000000002c22000 	/System/Library/Frameworks/OpenGL.framework/Versions/A/Resources/GLRendererFloat.bundle/GLRendererFloat
0x000000012bd4e000 	/Library/Java/JavaVirtualMachines/jdk1.8.0_101.jdk/Contents/Home/jre/lib/libnio.dylib
0x0000000002c22000 	/System/Library/Frameworks/ApplicationServices.framework/Versions/A/Frameworks/ATS.framework/Versions/A/Resources/libTrueTypeScaler.dylib
0x000000017e71b000 	/System/Library/Extensions/AppleIntelBDWGraphicsMTLDriver.bundle/Contents/MacOS/AppleIntelBDWGraphicsMTLDriver
0x0000000002c22000 	/System/Library/CoreServices/RawCamera.bundle/Contents/MacOS/RawCamera
0x000000017d291000 	/Library/Java/JavaVirtualMachines/jdk1.8.0_101.jdk/Contents/Home/jre/lib/libjpeg.dylib
0x000000017d724000 	/Library/Java/JavaVirtualMachines/jdk1.8.0_101.jdk/Contents/Home/jre/lib/liblcms.dylib

VM Arguments:
jvm_args: -Didea.launcher.port=7539 -Didea.launcher.bin.path=/Applications/IntelliJ IDEA CE.app/Contents/bin -Dfile.encoding=UTF-8 
java_command: com.intellij.rt.execution.application.AppMain com.sciquizapp.sciquizserver.MyServer
java_class_path (initial): /Library/Java/JavaVirtualMachines/jdk1.8.0_101.jdk/Contents/Home/jre/lib/charsets.jar:/Library/Java/JavaVirtualMachines/jdk1.8.0_101.jdk/Contents/Home/jre/lib/deploy.jar:/Library/Java/JavaVirtualMachines/jdk1.8.0_101.jdk/Contents/Home/jre/lib/ext/cldrdata.jar:/Library/Java/JavaVirtualMachines/jdk1.8.0_101.jdk/Contents/Home/jre/lib/ext/dnsns.jar:/Library/Java/JavaVirtualMachines/jdk1.8.0_101.jdk/Contents/Home/jre/lib/ext/jaccess.jar:/Library/Java/JavaVirtualMachines/jdk1.8.0_101.jdk/Contents/Home/jre/lib/ext/jfxrt.jar:/Library/Java/JavaVirtualMachines/jdk1.8.0_101.jdk/Contents/Home/jre/lib/ext/localedata.jar:/Library/Java/JavaVirtualMachines/jdk1.8.0_101.jdk/Contents/Home/jre/lib/ext/nashorn.jar:/Library/Java/JavaVirtualMachines/jdk1.8.0_101.jdk/Contents/Home/jre/lib/ext/sunec.jar:/Library/Java/JavaVirtualMachines/jdk1.8.0_101.jdk/Contents/Home/jre/lib/ext/sunjce_provider.jar:/Library/Java/JavaVirtualMachines/jdk1.8.0_101.jdk/Contents/Home/jre/lib/ext/sunpkcs11.jar:/Library/Java/JavaVirtualMachines/jdk1.8.0_101.jdk/Contents/Home/jre/lib/ext/zipfs.jar:/Library/Java/JavaVirtualMachines/jdk1.8.0_101.jdk/Contents/Home/jre/lib/javaws.jar:/Library/Java/JavaVirtualMachines/jdk1.8.0_101.jdk/Contents/Home/jre/lib/jce.jar:/Library/Java/JavaVirtualMachines/jdk1.8.0_101.jdk/Contents/Home/jre/lib/jfr.jar:/Library/Java/JavaVirtualMachines/jdk1.8.0_101.jdk/Contents/Home/jre/lib/jfxswt.jar:/Library/Java/JavaVirtualMachines/jdk1.8.0_101.jdk/Contents/Home/jre/lib/jsse.jar:/Library/Java/JavaVirtualMachines/jdk1.8.0_101.jdk/Contents/Home/jre/lib/management-agent.jar:/Library/Java/JavaVirtualMachines/jdk1.8.0_101.jdk/Contents/Home/jre/lib/plugin.jar:/Library/Java/JavaVirtualMachines/jdk1.8.0_101.jdk/Contents/Home/jre/lib/resources.jar:/Library/Java/JavaVirtualMachines/jdk1.8.0_101.jdk/Contents/Home/jre/lib/rt.jar:/Library/Java/JavaVirtualMachines/jdk1.8.0_101.jdk/Contents/Home/lib/ant-javafx.jar:/Library/Java/JavaVirtualMachines/jdk1.8.0_101.jdk/Contents/Home
Launcher Type: SUN_STANDARD

Environment Variables:
PATH=/usr/local/bin:/usr/bin:/bin:/usr/sbin:/sbin
SHELL=/bin/bash

Signal Handlers:
SIGSEGV: [libjvm.dylib+0x5af145], sa_mask[0]=11111111011111110111111111111111, sa_flags=SA_ONSTACK|SA_RESTART|SA_SIGINFO
SIGBUS: [libjvm.dylib+0x5af145], sa_mask[0]=11111111011111110111111111111111, sa_flags=SA_RESTART|SA_SIGINFO
SIGFPE: [libjvm.dylib+0x48694c], sa_mask[0]=11111111011111110111111111111111, sa_flags=SA_RESTART|SA_SIGINFO
SIGPIPE: [libjvm.dylib+0x48694c], sa_mask[0]=11111111011111110111111111111111, sa_flags=SA_RESTART|SA_SIGINFO
SIGXFSZ: [libjvm.dylib+0x48694c], sa_mask[0]=11111111011111110111111111111111, sa_flags=SA_RESTART|SA_SIGINFO
SIGILL: [libjvm.dylib+0x48694c], sa_mask[0]=11111111011111110111111111111111, sa_flags=SA_RESTART|SA_SIGINFO
SIGUSR1: SIG_DFL, sa_mask[0]=00000000000000000000000000000000, sa_flags=none
SIGUSR2: [libjvm.dylib+0x48646a], sa_mask[0]=00100000000000000000000000000000, sa_flags=SA_RESTART|SA_SIGINFO
SIGHUP: [libjvm.dylib+0x484a41], sa_mask[0]=11111111011111110111111111111111, sa_flags=SA_RESTART|SA_SIGINFO
SIGINT: [libjvm.dylib+0x484a41], sa_mask[0]=11111111011111110111111111111111, sa_flags=SA_RESTART|SA_SIGINFO
SIGTERM: [libjvm.dylib+0x484a41], sa_mask[0]=11111111011111110111111111111111, sa_flags=SA_RESTART|SA_SIGINFO
SIGQUIT: [libjvm.dylib+0x484a41], sa_mask[0]=11111111011111110111111111111111, sa_flags=SA_RESTART|SA_SIGINFO


---------------  S Y S T E M  ---------------

OS:Bsduname:Darwin 15.6.0 Darwin Kernel Version 15.6.0: Thu Jun 23 18:25:34 PDT 2016; root:xnu-3248.60.10~1/RELEASE_X86_64 x86_64
rlimit: STACK 8192k, CORE 0k, NPROC 709, NOFILE 10240, AS infinity
load average:4.42 8.32 7.98

CPU:total 4 (2 cores per cpu, 2 threads per core) family 6 model 61 stepping 4, cmov, cx8, fxsr, mmx, sse, sse2, sse3, ssse3, sse4.1, sse4.2, popcnt, avx, avx2, aes, clmul, erms, 3dnowpref, lzcnt, ht, tsc, tscinvbit, bmi1, bmi2, adx

Memory: 4k page, physical 8388608k(345772k free)

/proc/meminfo:


vm_info: Java HotSpot(TM) 64-Bit Server VM (25.101-b13) for bsd-amd64 JRE (1.8.0_101-b13), built on Jun 22 2016 02:42:15 by "java_re" with gcc 4.2.1 (Based on Apple Inc. build 5658) (LLVM build 2336.11.00)

time: Sat Feb 11 02:25:11 2017
elapsed time: 14 seconds (0d 0h 0m 14s)

