#
# A fatal error has been detected by the Java Runtime Environment:
#
#  SIGSEGV (0xb) at pc=0x000000010c82343c, pid=2923, tid=0x000000000000fd13
#
# JRE version: Java(TM) SE Runtime Environment (8.0_101-b13) (build 1.8.0_101-b13)
# Java VM: Java HotSpot(TM) 64-Bit Server VM (25.101-b13 mixed mode bsd-amd64 compressed oops)
# Problematic frame:
# j  javax.swing.JComponent.paint(Ljava/awt/Graphics;)V+292
#
# Failed to write core dump. Core dumps have been disabled. To enable core dumping, try "ulimit -c unlimited" before starting Java again
#
# If you would like to submit a bug report, please visit:
#   http://bugreport.java.com/bugreport/crash.jsp
#

---------------  T H R E A D  ---------------

Current thread (0x00007ff94c977800):  JavaThread "AWT-EventQueue-0" [_thread_in_Java, id=64787, stack(0x000070000196b000,0x0000700001a6b000)]

siginfo: si_signo: 11 (SIGSEGV), si_code: 1 (SEGV_MAPERR), si_addr: 0x00000000010c808a

Registers:
RAX=0x0000000000000000, RBX=0x0000000000000197, RCX=0x00000000010c8082, RDX=0x0000000090000002
RSP=0x0000700001a682a0, RBP=0x0000700001a682f8, RSI=0x0000700001a68248, RDI=0x0000000003cb79a5
R8 =0x0000000000000000, R9 =0x00007ff94c207e20, R10=0x000000010b8f16f0, R11=0x000000010cb1fc60
R12=0x0000000000000000, R13=0x0000000120934d2c, R14=0x0000700001a68301, R15=0x00007ff94c977800
RIP=0x000000010c82343c, EFLAGS=0x0000000000010246, ERR=0x0000000000000004
  TRAPNO=0x000000000000000e

Top of Stack: (sp=0x0000700001a682a0)
0x0000700001a682a0:   000000010c8082bd 000000000120934e
0x0000700001a682b0:   00000000010c8082 0000700001a682b8
0x0000700001a682c0:   0000000120934d2c 0000700001a68301
0x0000700001a682d0:   0000000120bc5c70 0000000000000000
0x0000700001a682e0:   0000000120934e48 0000000000000000
0x0000700001a682f0:   0000700001a68378 0000700001a683d8
0x0000700001a68300:   000000010c8082bd 0000000000000000
0x0000700001a68310:   0000000000000000 0000000000000000
0x0000700001a68320:   0000000000000000 0000000000000000
0x0000700001a68330:   000000000000001d 00000000000000ae
0x0000700001a68340:   0000000000000000 0000000000000000
0x0000700001a68350:   0000000796f349e0 0000000795f81e60
0x0000700001a68360:   0000000796f348c0 0000000796f34718
0x0000700001a68370:   0000000000000000 0000000796f34718
0x0000700001a68380:   0000000796241630 0000000000000001
0x0000700001a68390:   0000000795cfbba0 0000700001a68388
0x0000700001a683a0:   00000001209348cd 0000700001a68488
0x0000700001a683b0:   0000000120bc5c70 0000000000000000
0x0000700001a683c0:   0000000120934a00 0000700001a68378
0x0000700001a683d0:   0000700001a68480 0000700001a684d0
0x0000700001a683e0:   000000010c8082bd 0000000000000000
0x0000700001a683f0:   0000000000000000 0000000000000000
0x0000700001a68400:   0000000000000000 0000000000000001
0x0000700001a68410:   0000000796f34718 0000000000000001
0x0000700001a68420:   000000079633bfc8 0000000000000001
0x0000700001a68430:   0000000796241630 0000000000000001
0x0000700001a68440:   0000000795f83ea8 0000000000000000
0x0000700001a68450:   0000000000000000 0000000000000000
0x0000700001a68460:   000000079633bfc8 0000000000000002
0x0000700001a68470:   0000000795cfbba0 0000000796f34398
0x0000700001a68480:   0000000796f34398 0000000796148dd8
0x0000700001a68490:   0000700001a68490 0000000120934d46 

Instructions: (pc=0x000000010c82343c)
0x000000010c82341c:   10 4c 8b 68 d8 41 83 ed 04 41 c1 e5 03 49 03 c5
0x000000010c82342c:   48 89 45 e0 4c 8d 6c 24 08 4c 89 6d f0 ff 63 50
0x000000010c82343c:   8b 41 08 48 c1 e0 03 4c 8b 75 e0 4d 85 f6 0f 84
0x000000010c82344c:   95 00 00 00 49 8b 56 10 48 3b d0 0f 85 0f 00 00 

Register to memory mapping:

RAX=0x0000000000000000 is an unknown value
RBX=0x0000000000000197 is an unknown value
RCX=0x00000000010c8082 is an unknown value
RDX=0x0000000090000002 is an unknown value
RSP=0x0000700001a682a0 is pointing into the stack for thread: 0x00007ff94c977800
RBP=0x0000700001a682f8 is pointing into the stack for thread: 0x00007ff94c977800
RSI=0x0000700001a68248 is pointing into the stack for thread: 0x00007ff94c977800
RDI=0x0000000003cb79a5 is an unknown value
R8 =0x0000000000000000 is an unknown value
R9 =0x00007ff94c207e20 is an unknown value
R10=0x000000010b8f16f0: _ZN19TemplateInterpreter20_invoke_return_entryE+0 in /Library/Java/JavaVirtualMachines/jdk1.8.0_101.jdk/Contents/Home/jre/lib/server/libjvm.dylib at 0x000000010b002000
R11=0x000000010cb1fc60 is at entry_point+32 in (nmethod*)0x000000010cb1fad0
R12=0x0000000000000000 is an unknown value
R13=0x0000000120934d2c is pointing into metadata
R14=0x0000700001a68301 is pointing into the stack for thread: 0x00007ff94c977800
R15=0x00007ff94c977800 is a thread


Stack: [0x000070000196b000,0x0000700001a6b000],  sp=0x0000700001a682a0,  free space=1012k
Native frames: (J=compiled Java code, j=interpreted, Vv=VM code, C=native code)
j  javax.swing.JComponent.paint(Ljava/awt/Graphics;)V+292
j  javax.swing.JComponent.paintChildren(Ljava/awt/Graphics;)V+501
j  javax.swing.JComponent.paint(Ljava/awt/Graphics;)V+318
j  javax.swing.JComponent.paintToOffscreen(Ljava/awt/Graphics;IIIIII)V+41
j  javax.swing.RepaintManager$PaintManager.paintDoubleBuffered(Ljavax/swing/JComponent;Ljava/awt/Image;Ljava/awt/Graphics;IIII)V+163
j  javax.swing.RepaintManager$PaintManager.paint(Ljavax/swing/JComponent;Ljavax/swing/JComponent;Ljava/awt/Graphics;IIII)Z+116
j  javax.swing.RepaintManager.paint(Ljavax/swing/JComponent;Ljavax/swing/JComponent;Ljava/awt/Graphics;IIII)V+51
j  javax.swing.JComponent._paintImmediately(IIII)V+683
j  javax.swing.JComponent.paintImmediately(IIII)V+138
j  javax.swing.RepaintManager$4.run()Ljava/lang/Void;+81
j  javax.swing.RepaintManager$4.run()Ljava/lang/Object;+1
v  ~StubRoutines::call_stub
V  [libjvm.dylib+0x2ecf06]  JavaCalls::call_helper(JavaValue*, methodHandle*, JavaCallArguments*, Thread*)+0x6ae
V  [libjvm.dylib+0x34d69c]  JVM_DoPrivileged+0x4b8
J 792  java.security.AccessController.doPrivileged(Ljava/security/PrivilegedAction;Ljava/security/AccessControlContext;)Ljava/lang/Object; (0 bytes) @ 0x000000010cae4955 [0x000000010cae4880+0xd5]
J 798 C1 java.security.ProtectionDomain$JavaSecurityAccessImpl.doIntersectionPrivilege(Ljava/security/PrivilegedAction;Ljava/security/AccessControlContext;Ljava/security/AccessControlContext;)Ljava/lang/Object; (22 bytes) @ 0x000000010cae951c [0x000000010cae90a0+0x47c]
j  javax.swing.RepaintManager.paintDirtyRegions(Ljava/util/Map;)V+154
j  javax.swing.RepaintManager.paintDirtyRegions()V+46
j  javax.swing.RepaintManager.prePaintDirtyRegions()V+73
j  javax.swing.RepaintManager.access$1200(Ljavax/swing/RepaintManager;)V+1
j  javax.swing.RepaintManager$ProcessingRunnable.run()V+37
j  java.awt.event.InvocationEvent.dispatch()V+47
j  java.awt.EventQueue.dispatchEventImpl(Ljava/awt/AWTEvent;Ljava/lang/Object;)V+21
j  java.awt.EventQueue.access$500(Ljava/awt/EventQueue;Ljava/awt/AWTEvent;Ljava/lang/Object;)V+3
j  java.awt.EventQueue$3.run()Ljava/lang/Void;+32
J 1140 C1 java.awt.EventQueue$3.run()Ljava/lang/Object; (5 bytes) @ 0x000000010cbc3bcc [0x000000010cbc3b40+0x8c]
v  ~StubRoutines::call_stub
V  [libjvm.dylib+0x2ecf06]  JavaCalls::call_helper(JavaValue*, methodHandle*, JavaCallArguments*, Thread*)+0x6ae
V  [libjvm.dylib+0x34d69c]  JVM_DoPrivileged+0x4b8
J 792  java.security.AccessController.doPrivileged(Ljava/security/PrivilegedAction;Ljava/security/AccessControlContext;)Ljava/lang/Object; (0 bytes) @ 0x000000010cae4955 [0x000000010cae4880+0xd5]
J 1137 C1 java.awt.EventQueue.dispatchEvent(Ljava/awt/AWTEvent;)V (80 bytes) @ 0x000000010cbc592c [0x000000010cbc4f80+0x9ac]
j  java.awt.EventDispatchThread.pumpOneEventForFilters(I)V+245
j  java.awt.EventDispatchThread.pumpEventsForFilter(ILjava/awt/Conditional;Ljava/awt/EventFilter;)V+35
j  java.awt.EventDispatchThread.pumpEventsForHierarchy(ILjava/awt/Conditional;Ljava/awt/Component;)V+11
j  java.awt.EventDispatchThread.pumpEvents(ILjava/awt/Conditional;)V+4
j  java.awt.EventDispatchThread.pumpEvents(Ljava/awt/Conditional;)V+3
j  java.awt.EventDispatchThread.run()V+9
v  ~StubRoutines::call_stub
V  [libjvm.dylib+0x2ecf06]  JavaCalls::call_helper(JavaValue*, methodHandle*, JavaCallArguments*, Thread*)+0x6ae
V  [libjvm.dylib+0x2ed694]  JavaCalls::call_virtual(JavaValue*, KlassHandle, Symbol*, Symbol*, JavaCallArguments*, Thread*)+0x164
V  [libjvm.dylib+0x2ed840]  JavaCalls::call_virtual(JavaValue*, Handle, KlassHandle, Symbol*, Symbol*, Thread*)+0x4a
V  [libjvm.dylib+0x348029]  thread_entry(JavaThread*, Thread*)+0x7c
V  [libjvm.dylib+0x5695ab]  JavaThread::thread_main_inner()+0x9b
V  [libjvm.dylib+0x56ac98]  JavaThread::run()+0x1c2
V  [libjvm.dylib+0x48933a]  java_start(Thread*)+0xf6
C  [libsystem_pthread.dylib+0x399d]  _pthread_body+0x83
C  [libsystem_pthread.dylib+0x391a]  _pthread_body+0x0
C  [libsystem_pthread.dylib+0x1351]  thread_start+0xd
C  0x0000000000000000


---------------  P R O C E S S  ---------------

Java Threads: ( => current thread )
  0x00007ff94b257000 JavaThread "Thread-2" [_thread_in_native, id=73475, stack(0x0000700001bf4000,0x0000700001cf4000)]
  0x00007ff94c3d1000 JavaThread "TimerQueue" daemon [_thread_blocked, id=71471, stack(0x0000700001af1000,0x0000700001bf1000)]
  0x00007ff94c9a5800 JavaThread "DestroyJavaVM" [_thread_blocked, id=4099, stack(0x0000700000084000,0x0000700000184000)]
=>0x00007ff94c977800 JavaThread "AWT-EventQueue-0" [_thread_in_Java, id=64787, stack(0x000070000196b000,0x0000700001a6b000)]
  0x00007ff94bbd2800 JavaThread "AWT-Shutdown" [_thread_blocked, id=65043, stack(0x00007000015df000,0x00007000016df000)]
  0x00007ff94b16d800 JavaThread "Java2D Disposer" daemon [_thread_blocked, id=63747, stack(0x0000700001868000,0x0000700001968000)]
  0x00007ff94c1ff000 JavaThread "Java2D Queue Flusher" daemon [_thread_blocked, id=60423, stack(0x0000700001765000,0x0000700001865000)]
  0x00007ff94c1a8800 JavaThread "AppKit Thread" daemon [_thread_in_native, id=2571, stack(0x00007fff5467a000,0x00007fff54e7a000)]
  0x00007ff94b013800 JavaThread "BluecoveAsynchronousShutdownThread" daemon [_thread_blocked, id=21251, stack(0x0000700001353000,0x0000700001453000)]
  0x00007ff94b081800 JavaThread "Abandoned connection cleanup thread" daemon [_thread_blocked, id=20483, stack(0x0000700001250000,0x0000700001350000)]
  0x00007ff94b010800 JavaThread "Thread-0" [_thread_in_native, id=19971, stack(0x000070000114d000,0x000070000124d000)]
  0x00007ff94c069800 JavaThread "Monitor Ctrl-Break" daemon [_thread_in_native, id=19459, stack(0x000070000104a000,0x000070000114a000)]
  0x00007ff94b03f800 JavaThread "Service Thread" daemon [_thread_blocked, id=18435, stack(0x0000700000e44000,0x0000700000f44000)]
  0x00007ff94b812000 JavaThread "C1 CompilerThread2" daemon [_thread_blocked, id=17923, stack(0x0000700000d41000,0x0000700000e41000)]
  0x00007ff94c81a000 JavaThread "C2 CompilerThread1" daemon [_thread_blocked, id=17411, stack(0x0000700000c3e000,0x0000700000d3e000)]
  0x00007ff94b03e800 JavaThread "C2 CompilerThread0" daemon [_thread_blocked, id=16899, stack(0x0000700000b3b000,0x0000700000c3b000)]
  0x00007ff94b80f000 JavaThread "Signal Dispatcher" daemon [_thread_blocked, id=12815, stack(0x0000700000a38000,0x0000700000b38000)]
  0x00007ff94c03d800 JavaThread "Finalizer" daemon [_thread_blocked, id=12291, stack(0x000070000082f000,0x000070000092f000)]
  0x00007ff94c807800 JavaThread "Reference Handler" daemon [_thread_blocked, id=11779, stack(0x000070000072c000,0x000070000082c000)]

Other Threads:
  0x00007ff94b007000 VMThread [stack: 0x0000700000629000,0x0000700000729000] [id=11267]
  0x00007ff94b80e000 WatcherThread [stack: 0x0000700000f47000,0x0000700001047000] [id=18947]

VM state:not at safepoint (normal execution)

VM Mutex/Monitor currently owned by a thread: None

Heap:
 PSYoungGen      total 38400K, used 26579K [0x0000000795580000, 0x0000000798000000, 0x00000007c0000000)
  eden space 33280K, 79% used [0x0000000795580000,0x0000000796f74fc8,0x0000000797600000)
  from space 5120K, 0% used [0x0000000797b00000,0x0000000797b00000,0x0000000798000000)
  to   space 5120K, 0% used [0x0000000797600000,0x0000000797600000,0x0000000797b00000)
 ParOldGen       total 87552K, used 0K [0x0000000740000000, 0x0000000745580000, 0x0000000795580000)
  object space 87552K, 0% used [0x0000000740000000,0x0000000740000000,0x0000000745580000)
 Metaspace       used 15598K, capacity 15786K, committed 16000K, reserved 1062912K
  class space    used 1989K, capacity 2078K, committed 2176K, reserved 1048576K

Card table byte_map: [0x000000011bbc0000,0x000000011bfc1000] byte_map_base: 0x00000001181c0000

Marking Bits: (ParMarkBitMap*) 0x000000010b8efd20
 Begin Bits: [0x000000011c26c000, 0x000000011e26c000)
 End Bits:   [0x000000011e26c000, 0x000000012026c000)

Polling page: 0x000000010bfe2000

CodeCache: size=245760Kb used=3951Kb max_used=3951Kb free=241808Kb
 bounds [0x000000010c800000, 0x000000010cbe0000, 0x000000011b800000]
 total_blobs=1758 nmethods=1178 adapters=494
 compilation: enabled

Compilation events (10 events):
Event: 10.467 Thread 0x00007ff94b812000 1175       1       java.awt.color.ColorSpace::getType (5 bytes)
Event: 10.468 Thread 0x00007ff94b812000 nmethod 1175 0x000000010cbdbb10 code [0x000000010cbdbc60, 0x000000010cbdbd70]
Event: 10.468 Thread 0x00007ff94b812000 1172       3       sun.awt.SunToolkit::targetToPeer (20 bytes)
Event: 10.468 Thread 0x00007ff94b812000 nmethod 1172 0x000000010cbdbdd0 code [0x000000010cbdbfa0, 0x000000010cbdc5f8]
Event: 10.468 Thread 0x00007ff94b812000 1176       1       java.awt.image.SinglePixelPackedSampleModel::getNumDataElements (2 bytes)
Event: 10.469 Thread 0x00007ff94b812000 nmethod 1176 0x000000010cbdc810 code [0x000000010cbdc960, 0x000000010cbdca70]
Event: 10.469 Thread 0x00007ff94b812000 1177       3       sun.java2d.SunGraphics2D::setColor (108 bytes)
Event: 10.470 Thread 0x00007ff94b812000 nmethod 1177 0x000000010cbdcad0 code [0x000000010cbdcc60, 0x000000010cbdd198]
Event: 10.470 Thread 0x00007ff94b812000 1178       3       java.util.concurrent.locks.ReentrantReadWriteLock::readLock (5 bytes)
Event: 10.470 Thread 0x00007ff94b812000 nmethod 1178 0x000000010cbdd250 code [0x000000010cbdd3c0, 0x000000010cbdd530]

GC Heap History (0 events):
No events

Deoptimization events (8 events):
Event: 0.623 Thread 0x00007ff94c00a000 Uncommon trap: reason=unstable_if action=reinterpret pc=0x000000010c9b45a8 method=org.sqlite.SQLiteJDBCLoader.contentsEquals(Ljava/io/InputStream;Ljava/io/InputStream;)Z @ 39
Event: 1.264 Thread 0x00007ff94c00a000 Uncommon trap: reason=unstable_if action=reinterpret pc=0x000000010c9bbfd4 method=sun.misc.MetaIndex.mayContain(Ljava/lang/String;)Z @ 38
Event: 2.809 Thread 0x00007ff94c00a000 Uncommon trap: reason=class_check action=maybe_recompile pc=0x000000010c9e7858 method=java.lang.String.equals(Ljava/lang/Object;)Z @ 8
Event: 2.809 Thread 0x00007ff94c00a000 Uncommon trap: reason=class_check action=maybe_recompile pc=0x000000010c9e7858 method=java.lang.String.equals(Ljava/lang/Object;)Z @ 8
Event: 2.809 Thread 0x00007ff94c00a000 Uncommon trap: reason=class_check action=maybe_recompile pc=0x000000010c9e7858 method=java.lang.String.equals(Ljava/lang/Object;)Z @ 8
Event: 2.809 Thread 0x00007ff94c00a000 Uncommon trap: reason=class_check action=maybe_recompile pc=0x000000010c9e7858 method=java.lang.String.equals(Ljava/lang/Object;)Z @ 8
Event: 6.614 Thread 0x00007ff94c977800 Uncommon trap: reason=unstable_if action=reinterpret pc=0x000000010caa46dc method=java.util.HashMap.getNode(ILjava/lang/Object;)Ljava/util/HashMap$Node; @ 62
Event: 6.618 Thread 0x00007ff94c977800 Uncommon trap: reason=unstable_if action=reinterpret pc=0x000000010ca9502c method=java.util.HashMap.getNode(ILjava/lang/Object;)Ljava/util/HashMap$Node; @ 62

Internal exceptions (10 events):
Event: 0.267 Thread 0x00007ff94c00a000 Exception <a 'java/security/PrivilegedActionException'> (0x000000079573b6d0) thrown at [/HUDSON3/workspace/8-2-build-macosx-x86_64/jdk8u101/7261/hotspot/src/share/vm/prims/jvm.cpp, line 1386]
Event: 0.267 Thread 0x00007ff94c00a000 Exception <a 'java/security/PrivilegedActionException'> (0x000000079573bac8) thrown at [/HUDSON3/workspace/8-2-build-macosx-x86_64/jdk8u101/7261/hotspot/src/share/vm/prims/jvm.cpp, line 1386]
Event: 0.267 Thread 0x00007ff94c00a000 Exception <a 'java/security/PrivilegedActionException'> (0x000000079573efb8) thrown at [/HUDSON3/workspace/8-2-build-macosx-x86_64/jdk8u101/7261/hotspot/src/share/vm/prims/jvm.cpp, line 1386]
Event: 0.267 Thread 0x00007ff94c00a000 Exception <a 'java/security/PrivilegedActionException'> (0x000000079573f3b0) thrown at [/HUDSON3/workspace/8-2-build-macosx-x86_64/jdk8u101/7261/hotspot/src/share/vm/prims/jvm.cpp, line 1386]
Event: 0.279 Thread 0x00007ff94b010800 Exception <a 'java/lang/NoClassDefFoundError': org/apache/log4j/Category> (0x00000007958c7b78) thrown at [/HUDSON3/workspace/8-2-build-macosx-x86_64/jdk8u101/7261/hotspot/src/share/vm/classfile/systemDictionary.cpp, line 199]
Event: 0.291 Thread 0x00007ff94b010800 Exception <a 'java/lang/UnsatisfiedLinkError': com.intel.bluetooth.BluetoothStackOSX.isNativeCodeLoaded()Z> (0x000000079591c0d0) thrown at [/HUDSON3/workspace/8-2-build-macosx-x86_64/jdk8u101/7261/hotspot/src/share/vm/prims/nativeLookup.cpp, line 378]
Event: 0.825 Thread 0x00007ff94c00a000 Exception <a 'java/lang/NoSuchFieldError': method resolution failed> (0x0000000795dc7988) thrown at [/HUDSON3/workspace/8-2-build-macosx-x86_64/jdk8u101/7261/hotspot/src/share/vm/prims/methodHandles.cpp, line 1146]
Event: 0.828 Thread 0x00007ff94c00a000 Exception <a 'java/lang/NoSuchFieldError': method resolution failed> (0x0000000795dd5078) thrown at [/HUDSON3/workspace/8-2-build-macosx-x86_64/jdk8u101/7261/hotspot/src/share/vm/prims/methodHandles.cpp, line 1146]
Event: 1.041 Thread 0x00007ff94c00a000 Exception <a 'java/io/FileNotFoundException'> (0x0000000795e4faf0) thrown at [/HUDSON3/workspace/8-2-build-macosx-x86_64/jdk8u101/7261/hotspot/src/share/vm/prims/jni.cpp, line 709]
Event: 1.041 Thread 0x00007ff94c00a000 Exception <a 'java/io/FileNotFoundException'> (0x0000000795e50698) thrown at [/HUDSON3/workspace/8-2-build-macosx-x86_64/jdk8u101/7261/hotspot/src/share/vm/prims/jni.cpp, line 709]

Events (10 events):
Event: 7.236 loading class java/awt/ImageMediaEntry done
Event: 7.238 loading class sun/lwawt/macosx/CDropTargetContextPeer$1
Event: 7.238 loading class sun/lwawt/macosx/CDropTargetContextPeer$1 done
Event: 7.265 loading class java/awt/dnd/DragSourceDropEvent
Event: 7.265 loading class java/awt/dnd/DragSourceDropEvent done
Event: 7.270 Executing VM operation: RevokeBias
Event: 7.270 Executing VM operation: RevokeBias done
Event: 7.270 Thread 0x00007ff94c87c000 Thread exited: 0x00007ff94c87c000
Event: 10.463 loading class javax/swing/JInternalFrame
Event: 10.463 loading class javax/swing/JInternalFrame done


Dynamic libraries:
0x000000000a923000 	/System/Library/Frameworks/Cocoa.framework/Versions/A/Cocoa
0x000000000a923000 	/System/Library/Frameworks/Security.framework/Versions/A/Security
0x000000000a923000 	/System/Library/Frameworks/ApplicationServices.framework/Versions/A/ApplicationServices
0x000000000a923000 	/usr/lib/libz.1.dylib
0x000000000a923000 	/usr/lib/libSystem.B.dylib
0x000000000a923000 	/usr/lib/libobjc.A.dylib
0x000000000a923000 	/System/Library/Frameworks/CoreFoundation.framework/Versions/A/CoreFoundation
0x000000000a923000 	/System/Library/Frameworks/Foundation.framework/Versions/C/Foundation
0x000000000a923000 	/System/Library/Frameworks/AppKit.framework/Versions/C/AppKit
0x000000000a923000 	/System/Library/Frameworks/CoreData.framework/Versions/A/CoreData
0x000000000a923000 	/System/Library/PrivateFrameworks/RemoteViewServices.framework/Versions/A/RemoteViewServices
0x000000000a923000 	/System/Library/PrivateFrameworks/UIFoundation.framework/Versions/A/UIFoundation
0x000000000a923000 	/usr/lib/libScreenReader.dylib
0x000000000a923000 	/System/Library/Frameworks/Accelerate.framework/Versions/A/Accelerate
0x000000000a923000 	/System/Library/Frameworks/IOSurface.framework/Versions/A/IOSurface
0x000000000a923000 	/System/Library/Frameworks/AudioToolbox.framework/Versions/A/AudioToolbox
0x000000000a923000 	/System/Library/Frameworks/AudioUnit.framework/Versions/A/AudioUnit
0x000000000a923000 	/System/Library/PrivateFrameworks/DataDetectorsCore.framework/Versions/A/DataDetectorsCore
0x000000000a923000 	/System/Library/PrivateFrameworks/DesktopServicesPriv.framework/Versions/A/DesktopServicesPriv
0x000000000a923000 	/System/Library/Frameworks/Carbon.framework/Versions/A/Frameworks/HIToolbox.framework/Versions/A/HIToolbox
0x000000000a923000 	/System/Library/Frameworks/QuartzCore.framework/Versions/A/QuartzCore
0x000000000a923000 	/System/Library/Frameworks/Carbon.framework/Versions/A/Frameworks/SpeechRecognition.framework/Versions/A/SpeechRecognition
0x000000000a923000 	/usr/lib/libauto.dylib
0x000000000a923000 	/usr/lib/libicucore.A.dylib
0x000000000a923000 	/usr/lib/libxml2.2.dylib
0x000000000a923000 	/System/Library/PrivateFrameworks/CoreUI.framework/Versions/A/CoreUI
0x000000000a923000 	/System/Library/Frameworks/CoreAudio.framework/Versions/A/CoreAudio
0x000000000a923000 	/System/Library/Frameworks/DiskArbitration.framework/Versions/A/DiskArbitration
0x000000000a923000 	/usr/lib/liblangid.dylib
0x000000000a923000 	/System/Library/PrivateFrameworks/MultitouchSupport.framework/Versions/A/MultitouchSupport
0x000000000a923000 	/System/Library/Frameworks/IOKit.framework/Versions/A/IOKit
0x000000000a923000 	/usr/lib/libDiagnosticMessagesClient.dylib
0x000000000a923000 	/System/Library/Frameworks/CoreServices.framework/Versions/A/CoreServices
0x000000000a923000 	/System/Library/PrivateFrameworks/PerformanceAnalysis.framework/Versions/A/PerformanceAnalysis
0x000000000a923000 	/System/Library/PrivateFrameworks/GenerationalStorage.framework/Versions/A/GenerationalStorage
0x000000000a923000 	/System/Library/Frameworks/OpenGL.framework/Versions/A/OpenGL
0x000000000a923000 	/System/Library/PrivateFrameworks/Sharing.framework/Versions/A/Sharing
0x000000000a923000 	/System/Library/Frameworks/CoreGraphics.framework/Versions/A/CoreGraphics
0x000000000a923000 	/System/Library/Frameworks/CoreImage.framework/Versions/A/CoreImage
0x000000000a923000 	/System/Library/Frameworks/CoreText.framework/Versions/A/CoreText
0x000000000a923000 	/System/Library/Frameworks/ImageIO.framework/Versions/A/ImageIO
0x000000000a923000 	/System/Library/PrivateFrameworks/Backup.framework/Versions/A/Backup
0x000000000a923000 	/usr/lib/libextension.dylib
0x000000000a923000 	/usr/lib/libarchive.2.dylib
0x000000000a923000 	/System/Library/Frameworks/CFNetwork.framework/Versions/A/CFNetwork
0x000000000a923000 	/System/Library/Frameworks/SystemConfiguration.framework/Versions/A/SystemConfiguration
0x000000000a923000 	/usr/lib/libCRFSuite.dylib
0x000000000a923000 	/usr/lib/libc++.1.dylib
0x000000000a923000 	/usr/lib/libc++abi.dylib
0x000000000a923000 	/usr/lib/system/libcache.dylib
0x000000000a923000 	/usr/lib/system/libcommonCrypto.dylib
0x000000000a923000 	/usr/lib/system/libcompiler_rt.dylib
0x000000000a923000 	/usr/lib/system/libcopyfile.dylib
0x000000000a923000 	/usr/lib/system/libcorecrypto.dylib
0x000000000a923000 	/usr/lib/system/libdispatch.dylib
0x000000000a923000 	/usr/lib/system/libdyld.dylib
0x000000000a923000 	/usr/lib/system/libkeymgr.dylib
0x000000000a923000 	/usr/lib/system/liblaunch.dylib
0x000000000a923000 	/usr/lib/system/libmacho.dylib
0x000000000a923000 	/usr/lib/system/libquarantine.dylib
0x000000000a923000 	/usr/lib/system/libremovefile.dylib
0x000000000a923000 	/usr/lib/system/libsystem_asl.dylib
0x000000000a923000 	/usr/lib/system/libsystem_blocks.dylib
0x000000000a923000 	/usr/lib/system/libsystem_c.dylib
0x000000000a923000 	/usr/lib/system/libsystem_configuration.dylib
0x000000000a923000 	/usr/lib/system/libsystem_coreservices.dylib
0x000000000a923000 	/usr/lib/system/libsystem_coretls.dylib
0x000000000a923000 	/usr/lib/system/libsystem_dnssd.dylib
0x000000000a923000 	/usr/lib/system/libsystem_info.dylib
0x000000000a923000 	/usr/lib/system/libsystem_kernel.dylib
0x000000000a923000 	/usr/lib/system/libsystem_m.dylib
0x000000000a923000 	/usr/lib/system/libsystem_malloc.dylib
0x000000000a923000 	/usr/lib/system/libsystem_network.dylib
0x000000000a923000 	/usr/lib/system/libsystem_networkextension.dylib
0x000000000a923000 	/usr/lib/system/libsystem_notify.dylib
0x000000000a923000 	/usr/lib/system/libsystem_platform.dylib
0x000000000a923000 	/usr/lib/system/libsystem_pthread.dylib
0x000000000a923000 	/usr/lib/system/libsystem_sandbox.dylib
0x000000000a923000 	/usr/lib/system/libsystem_secinit.dylib
0x000000000a923000 	/usr/lib/system/libsystem_trace.dylib
0x000000000a923000 	/usr/lib/system/libunc.dylib
0x000000000a923000 	/usr/lib/system/libunwind.dylib
0x000000000a923000 	/usr/lib/system/libxpc.dylib
0x000000000a923000 	/usr/lib/libenergytrace.dylib
0x000000000a923000 	/usr/lib/libbsm.0.dylib
0x000000000a923000 	/usr/lib/system/libkxld.dylib
0x000000000a923000 	/usr/lib/libxar.1.dylib
0x000000000a923000 	/usr/lib/libsqlite3.dylib
0x000000000a923000 	/usr/lib/libpam.2.dylib
0x000000000a923000 	/usr/lib/libOpenScriptingUtil.dylib
0x000000000a923000 	/usr/lib/libbz2.1.0.dylib
0x000000000a923000 	/usr/lib/liblzma.5.dylib
0x000000000a923000 	/System/Library/Frameworks/CoreServices.framework/Versions/A/Frameworks/FSEvents.framework/Versions/A/FSEvents
0x000000000a923000 	/System/Library/Frameworks/CoreServices.framework/Versions/A/Frameworks/CarbonCore.framework/Versions/A/CarbonCore
0x000000000a923000 	/System/Library/Frameworks/CoreServices.framework/Versions/A/Frameworks/Metadata.framework/Versions/A/Metadata
0x000000000a923000 	/System/Library/Frameworks/CoreServices.framework/Versions/A/Frameworks/OSServices.framework/Versions/A/OSServices
0x000000000a923000 	/System/Library/Frameworks/CoreServices.framework/Versions/A/Frameworks/SearchKit.framework/Versions/A/SearchKit
0x000000000a923000 	/System/Library/Frameworks/CoreServices.framework/Versions/A/Frameworks/AE.framework/Versions/A/AE
0x000000000a923000 	/System/Library/Frameworks/CoreServices.framework/Versions/A/Frameworks/LaunchServices.framework/Versions/A/LaunchServices
0x000000000a923000 	/System/Library/Frameworks/CoreServices.framework/Versions/A/Frameworks/DictionaryServices.framework/Versions/A/DictionaryServices
0x000000000a923000 	/System/Library/Frameworks/CoreServices.framework/Versions/A/Frameworks/SharedFileList.framework/Versions/A/SharedFileList
0x000000000a923000 	/System/Library/Frameworks/NetFS.framework/Versions/A/NetFS
0x000000000a923000 	/System/Library/PrivateFrameworks/NetAuth.framework/Versions/A/NetAuth
0x000000000a923000 	/System/Library/PrivateFrameworks/login.framework/Versions/A/Frameworks/loginsupport.framework/Versions/A/loginsupport
0x000000000a923000 	/System/Library/PrivateFrameworks/TCC.framework/Versions/A/TCC
0x000000000a923000 	/usr/lib/libmecabra.dylib
0x000000000a923000 	/System/Library/Frameworks/ApplicationServices.framework/Versions/A/Frameworks/ATS.framework/Versions/A/ATS
0x000000000a923000 	/System/Library/Frameworks/ApplicationServices.framework/Versions/A/Frameworks/ColorSync.framework/Versions/A/ColorSync
0x000000000a923000 	/System/Library/Frameworks/ApplicationServices.framework/Versions/A/Frameworks/HIServices.framework/Versions/A/HIServices
0x000000000a923000 	/System/Library/Frameworks/ApplicationServices.framework/Versions/A/Frameworks/LangAnalysis.framework/Versions/A/LangAnalysis
0x000000000a923000 	/System/Library/Frameworks/ApplicationServices.framework/Versions/A/Frameworks/PrintCore.framework/Versions/A/PrintCore
0x000000000a923000 	/System/Library/Frameworks/ApplicationServices.framework/Versions/A/Frameworks/QD.framework/Versions/A/QD
0x000000000a923000 	/System/Library/Frameworks/ApplicationServices.framework/Versions/A/Frameworks/SpeechSynthesis.framework/Versions/A/SpeechSynthesis
0x000000000a923000 	/System/Library/Frameworks/Metal.framework/Versions/A/Metal
0x000000000a923000 	/System/Library/Frameworks/Accelerate.framework/Versions/A/Frameworks/vImage.framework/Versions/A/vImage
0x000000000a923000 	/System/Library/Frameworks/Accelerate.framework/Versions/A/Frameworks/vecLib.framework/Versions/A/vecLib
0x000000000a923000 	/System/Library/Frameworks/Accelerate.framework/Versions/A/Frameworks/vecLib.framework/Versions/A/libvDSP.dylib
0x000000000a923000 	/System/Library/Frameworks/Accelerate.framework/Versions/A/Frameworks/vecLib.framework/Versions/A/libvMisc.dylib
0x000000000a923000 	/System/Library/Frameworks/Accelerate.framework/Versions/A/Frameworks/vecLib.framework/Versions/A/libLAPACK.dylib
0x000000000a923000 	/System/Library/Frameworks/Accelerate.framework/Versions/A/Frameworks/vecLib.framework/Versions/A/libBLAS.dylib
0x000000000a923000 	/System/Library/Frameworks/Accelerate.framework/Versions/A/Frameworks/vecLib.framework/Versions/A/libLinearAlgebra.dylib
0x000000000a923000 	/System/Library/Frameworks/Accelerate.framework/Versions/A/Frameworks/vecLib.framework/Versions/A/libSparseBLAS.dylib
0x000000000a923000 	/System/Library/PrivateFrameworks/GPUCompiler.framework/libmetal_timestamp.dylib
0x000000000a923000 	/System/Library/Frameworks/OpenGL.framework/Versions/A/Libraries/libCoreFSCache.dylib
0x000000000a923000 	/System/Library/PrivateFrameworks/IOAccelerator.framework/Versions/A/IOAccelerator
0x000000000a923000 	/System/Library/Frameworks/ApplicationServices.framework/Versions/A/Frameworks/ATS.framework/Versions/A/Resources/libFontParser.dylib
0x000000000a923000 	/System/Library/Frameworks/ApplicationServices.framework/Versions/A/Frameworks/ATS.framework/Versions/A/Resources/libFontRegistry.dylib
0x000000000a923000 	/System/Library/PrivateFrameworks/AppleVPA.framework/Versions/A/AppleVPA
0x000000000a923000 	/System/Library/PrivateFrameworks/AppleJPEG.framework/Versions/A/AppleJPEG
0x000000000a923000 	/System/Library/Frameworks/ImageIO.framework/Versions/A/Resources/libJPEG.dylib
0x000000000a923000 	/System/Library/Frameworks/ImageIO.framework/Versions/A/Resources/libTIFF.dylib
0x000000000a923000 	/System/Library/Frameworks/ImageIO.framework/Versions/A/Resources/libPng.dylib
0x000000000a923000 	/System/Library/Frameworks/ImageIO.framework/Versions/A/Resources/libGIF.dylib
0x000000000a923000 	/System/Library/Frameworks/ImageIO.framework/Versions/A/Resources/libJP2.dylib
0x000000000a923000 	/System/Library/Frameworks/ImageIO.framework/Versions/A/Resources/libRadiance.dylib
0x000000000a923000 	/System/Library/Frameworks/CoreVideo.framework/Versions/A/CoreVideo
0x000000000a923000 	/System/Library/Frameworks/OpenGL.framework/Versions/A/Libraries/libGLU.dylib
0x000000000a923000 	/System/Library/Frameworks/OpenGL.framework/Versions/A/Libraries/libGFXShared.dylib
0x000000000a923000 	/System/Library/Frameworks/OpenGL.framework/Versions/A/Libraries/libGL.dylib
0x000000000a923000 	/System/Library/Frameworks/OpenGL.framework/Versions/A/Libraries/libGLImage.dylib
0x000000000a923000 	/System/Library/Frameworks/OpenGL.framework/Versions/A/Libraries/libCVMSPluginSupport.dylib
0x000000000a923000 	/System/Library/Frameworks/OpenGL.framework/Versions/A/Libraries/libCoreVMClient.dylib
0x000000000a923000 	/usr/lib/libcompression.dylib
0x000000000a923000 	/usr/lib/libcups.2.dylib
0x000000000a923000 	/System/Library/Frameworks/Kerberos.framework/Versions/A/Kerberos
0x000000000a923000 	/System/Library/Frameworks/GSS.framework/Versions/A/GSS
0x000000000a923000 	/usr/lib/libresolv.9.dylib
0x000000000a923000 	/usr/lib/libiconv.2.dylib
0x000000000a923000 	/System/Library/PrivateFrameworks/Heimdal.framework/Versions/A/Heimdal
0x000000000a923000 	/usr/lib/libheimdal-asn1.dylib
0x000000000a923000 	/System/Library/Frameworks/OpenDirectory.framework/Versions/A/OpenDirectory
0x000000000a923000 	/System/Library/PrivateFrameworks/CommonAuth.framework/Versions/A/CommonAuth
0x000000000a923000 	/System/Library/Frameworks/OpenDirectory.framework/Versions/A/Frameworks/CFOpenDirectory.framework/Versions/A/CFOpenDirectory
0x000000000a923000 	/System/Library/Frameworks/SecurityFoundation.framework/Versions/A/SecurityFoundation
0x000000000a923000 	/System/Library/PrivateFrameworks/LanguageModeling.framework/Versions/A/LanguageModeling
0x000000000a923000 	/usr/lib/libmarisa.dylib
0x000000000a923000 	/usr/lib/libChineseTokenizer.dylib
0x000000000a923000 	/usr/lib/libcmph.dylib
0x000000000a923000 	/System/Library/Frameworks/ServiceManagement.framework/Versions/A/ServiceManagement
0x000000000a923000 	/usr/lib/libxslt.1.dylib
0x000000000a923000 	/System/Library/Frameworks/Carbon.framework/Versions/A/Frameworks/Ink.framework/Versions/A/Ink
0x000000000a923000 	/usr/lib/libFosl_dynamic.dylib
0x000000000a923000 	/System/Library/PrivateFrameworks/FaceCore.framework/Versions/A/FaceCore
0x000000000a923000 	/System/Library/Frameworks/OpenCL.framework/Versions/A/OpenCL
0x000000000a923000 	/System/Library/PrivateFrameworks/CrashReporterSupport.framework/Versions/A/CrashReporterSupport
0x000000000a923000 	/System/Library/PrivateFrameworks/IconServices.framework/Versions/A/IconServices
0x000000000a923000 	/System/Library/PrivateFrameworks/Apple80211.framework/Versions/A/Apple80211
0x000000000a923000 	/System/Library/Frameworks/CoreWLAN.framework/Versions/A/CoreWLAN
0x000000000a923000 	/System/Library/Frameworks/IOBluetooth.framework/Versions/A/IOBluetooth
0x000000000a923000 	/System/Library/PrivateFrameworks/CoreWiFi.framework/Versions/A/CoreWiFi
0x000000000a923000 	/System/Library/Frameworks/CoreBluetooth.framework/Versions/A/CoreBluetooth
0x000000000a923000 	/System/Library/PrivateFrameworks/ChunkingLibrary.framework/Versions/A/ChunkingLibrary
0x000000000a923000 	/System/Library/PrivateFrameworks/DebugSymbols.framework/Versions/A/DebugSymbols
0x000000000a923000 	/System/Library/PrivateFrameworks/CoreSymbolication.framework/Versions/A/CoreSymbolication
0x000000000a923000 	/System/Library/PrivateFrameworks/Symbolication.framework/Versions/A/Symbolication
0x000000000a923000 	/System/Library/PrivateFrameworks/SpeechRecognitionCore.framework/Versions/A/SpeechRecognitionCore
0x000000010b002000 	/Library/Java/JavaVirtualMachines/jdk1.8.0_101.jdk/Contents/Home/jre/lib/server/libjvm.dylib
0x000000000a923000 	/usr/lib/libstdc++.6.dylib
0x000000010bf9f000 	/Library/Java/JavaVirtualMachines/jdk1.8.0_101.jdk/Contents/Home/jre/lib/libverify.dylib
0x000000010bfad000 	/Library/Java/JavaVirtualMachines/jdk1.8.0_101.jdk/Contents/Home/jre/lib/libjava.dylib
0x000000010bff0000 	/Library/Java/JavaVirtualMachines/jdk1.8.0_101.jdk/Contents/Home/jre/lib/libzip.dylib
0x0000000122163000 	/System/Library/Frameworks/JavaVM.framework/Frameworks/JavaRuntimeSupport.framework/JavaRuntimeSupport
0x000000012217e000 	/System/Library/Frameworks/JavaVM.framework/Versions/A/Frameworks/JavaNativeFoundation.framework/Versions/A/JavaNativeFoundation
0x0000000122193000 	/System/Library/Frameworks/JavaVM.framework/Versions/A/JavaVM
0x000000000a923000 	/System/Library/Frameworks/Carbon.framework/Versions/A/Carbon
0x00000001221a0000 	/System/Library/PrivateFrameworks/JavaLaunching.framework/Versions/A/JavaLaunching
0x000000000a923000 	/System/Library/Frameworks/Carbon.framework/Versions/A/Frameworks/CommonPanels.framework/Versions/A/CommonPanels
0x000000000a923000 	/System/Library/Frameworks/Carbon.framework/Versions/A/Frameworks/Help.framework/Versions/A/Help
0x000000000a923000 	/System/Library/Frameworks/Carbon.framework/Versions/A/Frameworks/ImageCapture.framework/Versions/A/ImageCapture
0x000000000a923000 	/System/Library/Frameworks/Carbon.framework/Versions/A/Frameworks/OpenScripting.framework/Versions/A/OpenScripting
0x000000000a923000 	/System/Library/Frameworks/Carbon.framework/Versions/A/Frameworks/Print.framework/Versions/A/Print
0x000000000a923000 	/System/Library/Frameworks/Carbon.framework/Versions/A/Frameworks/SecurityHI.framework/Versions/A/SecurityHI
0x0000000123bf1000 	/Applications/IntelliJ IDEA CE.app/Contents/bin/libbreakgen64.jnilib
0x0000000123bf4000 	/Library/Java/JavaVirtualMachines/jdk1.8.0_101.jdk/Contents/Home/jre/lib/libnet.dylib
0x0000000123c53000 	/private/var/folders/hx/chl3wz1s6d9g8dgpv9pfrkzw0000gn/T/bluecove_maximerichard_0/libbluecove.jnilib
0x0000000123ce5000 	/private/var/folders/hx/chl3wz1s6d9g8dgpv9pfrkzw0000gn/T/sqlite-3.8.11.2-5c506a73-ca4d-4c58-8e0b-c1c62a44552b-libsqlitejdbc.jnilib
0x0000000123f80000 	/Library/Java/JavaVirtualMachines/jdk1.8.0_101.jdk/Contents/Home/jre/lib/libawt.dylib
0x0000000124028000 	/Library/Java/JavaVirtualMachines/jdk1.8.0_101.jdk/Contents/Home/jre/lib/./libmlib_image.dylib
0x00000001240f4000 	/Library/Java/JavaVirtualMachines/jdk1.8.0_101.jdk/Contents/Home/jre/lib/libawt_lwawt.dylib
0x00000001241a9000 	/Library/Java/JavaVirtualMachines/jdk1.8.0_101.jdk/Contents/Home/jre/lib/./libosxapp.dylib
0x000000000a923000 	/System/Library/Frameworks/ExceptionHandling.framework/Versions/A/ExceptionHandling
0x000000000a923000 	/System/Library/PrivateFrameworks/CoreServicesInternal.framework/Versions/A/CoreServicesInternal
0x000000000a923000 	/System/Library/Frameworks/CoreGraphics.framework/Versions/A/Resources/libRIP.A.dylib
0x000000000a923000 	/System/Library/Frameworks/Accelerate.framework/Versions/A/Frameworks/vImage.framework/Versions/A/Libraries/libCGInterfaces.dylib
0x000000000a923000 	/System/Library/Frameworks/CoreGraphics.framework/Versions/A/Resources/libCGXType.A.dylib
0x000000000a923000 	/System/Library/Frameworks/OpenCL.framework/Versions/A/Libraries/libcldcpuengine.dylib
0x000000000a923000 	/System/Library/PrivateFrameworks/DiskImages.framework/Versions/A/DiskImages
0x000000000a923000 	/System/Library/Frameworks/DiscRecording.framework/Versions/A/DiscRecording
0x000000000a923000 	/usr/lib/libcsfde.dylib
0x000000000a923000 	/usr/lib/libcurl.4.dylib
0x000000000a923000 	/System/Library/PrivateFrameworks/MediaKit.framework/Versions/A/MediaKit
0x000000000a923000 	/System/Library/PrivateFrameworks/ProtectedCloudStorage.framework/Versions/A/ProtectedCloudStorage
0x000000000a923000 	/usr/lib/libCoreStorage.dylib
0x000000000a923000 	/System/Library/PrivateFrameworks/EFILogin.framework/Versions/A/EFILogin
0x000000000a923000 	/usr/lib/libutil.dylib
0x000000000a923000 	/System/Library/PrivateFrameworks/FindMyDevice.framework/Versions/A/FindMyDevice
0x000000000a923000 	/System/Library/Frameworks/LDAP.framework/Versions/A/LDAP
0x000000000a923000 	/usr/lib/libsasl2.2.dylib
0x000000000a923000 	/System/Library/PrivateFrameworks/CoreDaemon.framework/Versions/B/CoreDaemon
0x000000000a923000 	/usr/lib/libcrypto.0.9.8.dylib
0x000000000a923000 	/System/Library/PrivateFrameworks/AppleSRP.framework/Versions/A/AppleSRP
0x000000000a923000 	/System/Library/PrivateFrameworks/TrustEvaluationAgent.framework/Versions/A/TrustEvaluationAgent
0x0000000125947000 	cl_kernels
0x000000000a923000 	/System/Library/Frameworks/OpenCL.framework/Versions/A/Libraries/ImageFormats/unorm8_bgra.dylib
0x000000000a923000 	/System/Library/Frameworks/OpenCL.framework/Versions/A/Libraries/ImageFormats/unorm8_rgba.dylib
0x000000000a923000 	/System/Library/PrivateFrameworks/FamilyControls.framework/Versions/A/FamilyControls
0x000000000a923000 	/System/Library/PrivateFrameworks/CommerceKit.framework/Versions/A/Frameworks/CommerceCore.framework/Versions/A/CommerceCore
0x000000000a923000 	/System/Library/PrivateFrameworks/SystemAdministration.framework/Versions/A/SystemAdministration
0x000000000a923000 	/System/Library/PrivateFrameworks/AppContainer.framework/Versions/A/AppContainer
0x000000000a923000 	/System/Library/PrivateFrameworks/SecCodeWrapper.framework/Versions/A/SecCodeWrapper
0x000000000a923000 	/System/Library/Frameworks/DirectoryService.framework/Versions/A/DirectoryService
0x000000000a923000 	/System/Library/PrivateFrameworks/LoginUIKit.framework/Versions/A/Frameworks/LoginUICore.framework/Versions/A/LoginUICore
0x000000000a923000 	/usr/lib/libodfde.dylib
0x0000000126964000 	/Library/Java/JavaVirtualMachines/jdk1.8.0_101.jdk/Contents/Home/jre/lib/libfontmanager.dylib
0x0000000124e5f000 	/Library/Java/JavaVirtualMachines/jdk1.8.0_101.jdk/Contents/Home/jre/lib/libosxui.dylib
0x000000000a923000 	/System/Library/Frameworks/OpenGL.framework/Versions/A/Resources/GLEngine.bundle/GLEngine
0x000000000a923000 	/System/Library/Frameworks/OpenGL.framework/Versions/A/Libraries/libGLProgrammability.dylib
0x0000000127409000 	/System/Library/Extensions/AppleIntelBDWGraphicsGLDriver.bundle/Contents/MacOS/AppleIntelBDWGraphicsGLDriver
0x000000000a923000 	/System/Library/PrivateFrameworks/GPUSupport.framework/Versions/A/Libraries/libGPUSupportMercury.dylib
0x000000000a923000 	/System/Library/Frameworks/OpenGL.framework/Versions/A/Resources/GLRendererFloat.bundle/GLRendererFloat
0x0000000128608000 	/Library/Java/JavaVirtualMachines/jdk1.8.0_101.jdk/Contents/Home/jre/lib/libnio.dylib
0x000000000a923000 	/System/Library/Frameworks/ApplicationServices.framework/Versions/A/Frameworks/ATS.framework/Versions/A/Resources/libTrueTypeScaler.dylib
0x000000017b466000 	/System/Library/Extensions/AppleIntelBDWGraphicsMTLDriver.bundle/Contents/MacOS/AppleIntelBDWGraphicsMTLDriver
0x000000000a923000 	/System/Library/CoreServices/RawCamera.bundle/Contents/MacOS/RawCamera
0x000000017caf0000 	/Library/Java/JavaVirtualMachines/jdk1.8.0_101.jdk/Contents/Home/jre/lib/libjpeg.dylib
0x000000017cb1d000 	/Library/Java/JavaVirtualMachines/jdk1.8.0_101.jdk/Contents/Home/jre/lib/liblcms.dylib

VM Arguments:
jvm_args: -Didea.launcher.port=7540 -Didea.launcher.bin.path=/Applications/IntelliJ IDEA CE.app/Contents/bin -Dfile.encoding=UTF-8 
java_command: com.intellij.rt.execution.application.AppMain com.sciquizapp.sciquizserver.MyServer
java_class_path (initial): /Library/Java/JavaVirtualMachines/jdk1.8.0_101.jdk/Contents/Home/jre/lib/charsets.jar:/Library/Java/JavaVirtualMachines/jdk1.8.0_101.jdk/Contents/Home/jre/lib/deploy.jar:/Library/Java/JavaVirtualMachines/jdk1.8.0_101.jdk/Contents/Home/jre/lib/ext/cldrdata.jar:/Library/Java/JavaVirtualMachines/jdk1.8.0_101.jdk/Contents/Home/jre/lib/ext/dnsns.jar:/Library/Java/JavaVirtualMachines/jdk1.8.0_101.jdk/Contents/Home/jre/lib/ext/jaccess.jar:/Library/Java/JavaVirtualMachines/jdk1.8.0_101.jdk/Contents/Home/jre/lib/ext/jfxrt.jar:/Library/Java/JavaVirtualMachines/jdk1.8.0_101.jdk/Contents/Home/jre/lib/ext/localedata.jar:/Library/Java/JavaVirtualMachines/jdk1.8.0_101.jdk/Contents/Home/jre/lib/ext/nashorn.jar:/Library/Java/JavaVirtualMachines/jdk1.8.0_101.jdk/Contents/Home/jre/lib/ext/sunec.jar:/Library/Java/JavaVirtualMachines/jdk1.8.0_101.jdk/Contents/Home/jre/lib/ext/sunjce_provider.jar:/Library/Java/JavaVirtualMachines/jdk1.8.0_101.jdk/Contents/Home/jre/lib/ext/sunpkcs11.jar:/Library/Java/JavaVirtualMachines/jdk1.8.0_101.jdk/Contents/Home/jre/lib/ext/zipfs.jar:/Library/Java/JavaVirtualMachines/jdk1.8.0_101.jdk/Contents/Home/jre/lib/javaws.jar:/Library/Java/JavaVirtualMachines/jdk1.8.0_101.jdk/Contents/Home/jre/lib/jce.jar:/Library/Java/JavaVirtualMachines/jdk1.8.0_101.jdk/Contents/Home/jre/lib/jfr.jar:/Library/Java/JavaVirtualMachines/jdk1.8.0_101.jdk/Contents/Home/jre/lib/jfxswt.jar:/Library/Java/JavaVirtualMachines/jdk1.8.0_101.jdk/Contents/Home/jre/lib/jsse.jar:/Library/Java/JavaVirtualMachines/jdk1.8.0_101.jdk/Contents/Home/jre/lib/management-agent.jar:/Library/Java/JavaVirtualMachines/jdk1.8.0_101.jdk/Contents/Home/jre/lib/plugin.jar:/Library/Java/JavaVirtualMachines/jdk1.8.0_101.jdk/Contents/Home/jre/lib/resources.jar:/Library/Java/JavaVirtualMachines/jdk1.8.0_101.jdk/Contents/Home/jre/lib/rt.jar:/Library/Java/JavaVirtualMachines/jdk1.8.0_101.jdk/Contents/Home/lib/ant-javafx.jar:/Library/Java/JavaVirtualMachines/jdk1.8.0_101.jdk/Contents/Home
Launcher Type: SUN_STANDARD

Environment Variables:
PATH=/usr/local/bin:/usr/bin:/bin:/usr/sbin:/sbin
SHELL=/bin/bash

Signal Handlers:
SIGSEGV: [libjvm.dylib+0x5af145], sa_mask[0]=11111111011111110111111111111111, sa_flags=SA_ONSTACK|SA_RESTART|SA_SIGINFO
SIGBUS: [libjvm.dylib+0x5af145], sa_mask[0]=11111111011111110111111111111111, sa_flags=SA_RESTART|SA_SIGINFO
SIGFPE: [libjvm.dylib+0x48694c], sa_mask[0]=11111111011111110111111111111111, sa_flags=SA_RESTART|SA_SIGINFO
SIGPIPE: [libjvm.dylib+0x48694c], sa_mask[0]=11111111011111110111111111111111, sa_flags=SA_RESTART|SA_SIGINFO
SIGXFSZ: [libjvm.dylib+0x48694c], sa_mask[0]=11111111011111110111111111111111, sa_flags=SA_RESTART|SA_SIGINFO
SIGILL: [libjvm.dylib+0x48694c], sa_mask[0]=11111111011111110111111111111111, sa_flags=SA_RESTART|SA_SIGINFO
SIGUSR1: SIG_DFL, sa_mask[0]=00000000000000000000000000000000, sa_flags=none
SIGUSR2: [libjvm.dylib+0x48646a], sa_mask[0]=00100000000000000000000000000000, sa_flags=SA_RESTART|SA_SIGINFO
SIGHUP: [libjvm.dylib+0x484a41], sa_mask[0]=11111111011111110111111111111111, sa_flags=SA_RESTART|SA_SIGINFO
SIGINT: [libjvm.dylib+0x484a41], sa_mask[0]=11111111011111110111111111111111, sa_flags=SA_RESTART|SA_SIGINFO
SIGTERM: [libjvm.dylib+0x484a41], sa_mask[0]=11111111011111110111111111111111, sa_flags=SA_RESTART|SA_SIGINFO
SIGQUIT: [libjvm.dylib+0x484a41], sa_mask[0]=11111111011111110111111111111111, sa_flags=SA_RESTART|SA_SIGINFO


---------------  S Y S T E M  ---------------

OS:Bsduname:Darwin 15.6.0 Darwin Kernel Version 15.6.0: Thu Jun 23 18:25:34 PDT 2016; root:xnu-3248.60.10~1/RELEASE_X86_64 x86_64
rlimit: STACK 8192k, CORE 0k, NPROC 709, NOFILE 10240, AS infinity
load average:2.34 2.44 3.01

CPU:total 4 (2 cores per cpu, 2 threads per core) family 6 model 61 stepping 4, cmov, cx8, fxsr, mmx, sse, sse2, sse3, ssse3, sse4.1, sse4.2, popcnt, avx, avx2, aes, clmul, erms, 3dnowpref, lzcnt, ht, tsc, tscinvbit, bmi1, bmi2, adx

Memory: 4k page, physical 8388608k(279616k free)

/proc/meminfo:


vm_info: Java HotSpot(TM) 64-Bit Server VM (25.101-b13) for bsd-amd64 JRE (1.8.0_101-b13), built on Jun 22 2016 02:42:15 by "java_re" with gcc 4.2.1 (Based on Apple Inc. build 5658) (LLVM build 2336.11.00)

time: Sat Feb 11 22:22:14 2017
elapsed time: 10 seconds (0d 0h 0m 10s)

