#
# A fatal error has been detected by the Java Runtime Environment:
#
#  SIGSEGV (0xb) at pc=0x00000001253a8e31, pid=16697, tid=0x0000000000000a0b
#
# JRE version: Java(TM) SE Runtime Environment (8.0_101-b13) (build 1.8.0_101-b13)
# Java VM: Java HotSpot(TM) 64-Bit Server VM (25.101-b13 mixed mode bsd-amd64 compressed oops)
# Problematic frame:
# C  [libbluecove.jnilib+0x8e31]  -[RFCOMMChannelDelegate rfcommChannelWriteComplete:refcon:status:]+0x69
#
# Failed to write core dump. Core dumps have been disabled. To enable core dumping, try "ulimit -c unlimited" before starting Java again
#
# If you would like to submit a bug report, please visit:
#   http://bugreport.java.com/bugreport/crash.jsp
# The crash happened outside the Java Virtual Machine in native code.
# See problematic frame for where to report the bug.
#

---------------  T H R E A D  ---------------

Current thread (0x00007f9fe1a63000):  JavaThread "AppKit Thread" daemon [_thread_in_native, id=2571, stack(0x00007fff571a1000,0x00007fff579a1000)]

siginfo: si_signo: 11 (SIGSEGV), si_code: 1 (SEGV_MAPERR), si_addr: 0x0000700001c7076c

Registers:
RAX=0x00007f9fe23a3600, RBX=0x00007f9fe58d1250, RCX=0x0000700001c6fc18, RDX=0x00007f9fe58d0f60
RSP=0x00007fff5799b220, RBP=0x00007fff5799b250, RSI=0x00007fff8a1d66c4, RDI=0x00007f9fe23a3600
R8 =0x0000000000000000, R9 =0x00007f9fe58d0f60, R10=0x00007f9fe593a650, R11=0x00000001253b5fc0
R12=0x00007f9fe58d0f60, R13=0x0000000000000008, R14=0x0000700001c6fc18, R15=0x0000000000000000
RIP=0x00000001253a8e31, EFLAGS=0x0000000000010206, ERR=0x0000000000000006
  TRAPNO=0x000000000000000e

Top of Stack: (sp=0x00007fff5799b220)
0x00007fff5799b220:   00007f9fe58d0f60 00007f9fe58d0f60
0x00007fff5799b230:   00007fff899e04c0 00007f9fe58ce6d0
0x00007fff5799b240:   00007fff5799c500 0000000000000040
0x00007fff5799b250:   00007fff5799b2b0 00007fff8a16c26f
0x00007fff5799b260:   0000000000001880 00007fff76c8d580
0x00007fff5799b270:   00007fff5799b2b0 00007fff899e6fd4
0x00007fff5799b280:   00007f9fe58ce700 00007f9fe58d0f60
0x00007fff5799b290:   00007f9fe58ce700 00007f9fe58ce6d0
0x00007fff5799b2a0:   00007fff5799c500 00007fff899e04c0
0x00007fff5799b2b0:   00007fff5799b2e0 00007fff8a16bb8c
0x00007fff5799b2c0:   0000000000000001 00007fff5799c500
0x00007fff5799b2d0:   00007f9fe1009060 0000000000000000
0x00007fff5799b2e0:   00007fff5799b360 00007fff890bea11
0x00007fff5799b2f0:   b7af6f6100fff573 d1245c6fbfd7b13c
0x00007fff5799b300:   2dc17f12bdb6e571 d7dfa6d5a7d16ba4
0x00007fff5799b310:   7a7c9e66ebf57e8f 0000000000000000
0x00007fff5799b320:   00007f9fe58d0f60 0000000000000003
0x00007fff5799b330:   ffff80601a73192f 00007f9fe58ce6d0
0x00007fff5799b340:   000000000000ff03 00007fff5799c400
0x00007fff5799b350:   00007f9fe58ce770 0000000000000000
0x00007fff5799b360:   00007fff5799b3b0 00007fff94277152
0x00007fff5799b370:   0000000000000000 00007f9fe58ce6d0
0x00007fff5799b380:   0000000000000040 00007fff5799c4d8
0x00007fff5799b390:   00007f9fe58ce9b0 00007f9fe58ce9c8
0x00007fff5799b3a0:   00007f9fe0f01010 00007f9fe0f00ea0
0x00007fff5799b3b0:   00007fff5799b3d0 00007fff94277019
0x00007fff5799b3c0:   0000000000000000 00007fff789d5cf3
0x00007fff5799b3d0:   00007fff5799c450 00007fff94276f89
0x00007fff5799b3e0:   fcb7f5d3d900ff5a 00007fff5799c500
0x00007fff5799b3f0:   0000000000000040 00007fff5799c4d8
0x00007fff5799b400:   8fba3c4dd5f7fee6 d7ddafbee9d5e549
0x00007fff5799b410:   7dfe7bd3a7d5d7aa 5b3b9675adcfd3e8 

Instructions: (pc=0x00000001253a8e31)
0x00000001253a8e11:   8b 04 2b 4c 39 a0 b0 00 01 00 74 0f 48 83 c4 08
0x00000001253a8e21:   5b 41 5c 41 5d 41 5e 41 5f 5d c3 4d 85 f6 74 1c
0x00000001253a8e31:   45 89 be 54 0b 00 00 45 85 ff 74 08 41 c7 46 20
0x00000001253a8e41:   01 00 00 00 41 c6 86 40 0b 00 00 01 48 8b 78 38 

Register to memory mapping:

RAX=0x00007f9fe23a3600 is an unknown value
RBX=0x00007f9fe58d1250 is an unknown value
RCX=0x0000700001c6fc18 is an unknown value
RDX=0x00007f9fe58d0f60 is an unknown value
RSP=0x00007fff5799b220 is pointing into the stack for thread: 0x00007f9fe1a63000
RBP=0x00007fff5799b250 is pointing into the stack for thread: 0x00007f9fe1a63000
RSI=0x00007fff8a1d66c4: kBasic_Imaging_Image_Pull_Profile_UUID_Size+0x4044 in /System/Library/Frameworks/IOBluetooth.framework/Versions/A/IOBluetooth at 0x00007fff8a155000
RDI=0x00007f9fe23a3600 is an unknown value
R8 =0x0000000000000000 is an unknown value
R9 =0x00007f9fe58d0f60 is an unknown value
R10=0x00007f9fe593a650 is an unknown value
R11=0x00000001253b5fc0: OBJC_CLASS_$_RFCOMMChannelDelegate+0 in /private/var/folders/hx/chl3wz1s6d9g8dgpv9pfrkzw0000gn/T/bluecove_maximerichard_0/libbluecove.jnilib at 0x00000001253a0000
R12=0x00007f9fe58d0f60 is an unknown value
R13=0x0000000000000008 is an unknown value
R14=0x0000700001c6fc18 is an unknown value
R15=0x0000000000000000 is an unknown value


Stack: [0x00007fff571a1000,0x00007fff579a1000],  sp=0x00007fff5799b220,  free space=8168k
Native frames: (J=compiled Java code, j=interpreted, Vv=VM code, C=native code)
C  [libbluecove.jnilib+0x8e31]  -[RFCOMMChannelDelegate rfcommChannelWriteComplete:refcon:status:]+0x69
C  [IOBluetooth+0x1726f]  -[IOBluetoothRFCOMMChannel(IOBluetoothRFCOMMChannelPrivate) processIncomingData:]+0x34d
C  [IOBluetooth+0x16b8c]  -[IOBluetoothRFCOMMChannel(IOBluetoothRFCOMMChannelPrivate) handleMachMessage:]+0x31
C  [Foundation+0xa1a11]  __NSFireMachPort+0x5e
C  [CoreFoundation+0x92152]  __CFMachPortPerform+0x122
C  [CoreFoundation+0x92019]  __CFRUNLOOP_IS_CALLING_OUT_TO_A_SOURCE1_PERFORM_FUNCTION__+0x29
C  [CoreFoundation+0x91f89]  __CFRunLoopDoSource1+0x1d9
C  [CoreFoundation+0x899bb]  __CFRunLoopRun+0x87b
C  [CoreFoundation+0x88ed8]  CFRunLoopRunSpecific+0x128
C  [HIToolbox+0x30935]  RunCurrentEventLoopInMode+0xeb
C  [HIToolbox+0x3076f]  ReceiveNextEventCommon+0x1b0
C  [HIToolbox+0x305af]  _BlockUntilNextEventMatchingListInModeWithFilter+0x47
C  [AppKit+0x48df6]  _DPSNextEvent+0x42b
C  [AppKit+0x48226]  -[NSApplication _nextEventMatchingEventMask:untilDate:inMode:dequeue:]+0x1c6
C  [libosxapp.dylib+0x23aa]  -[NSApplicationAWT nextEventMatchingMask:untilDate:inMode:dequeue:]+0x7c
C  [AppKit+0x3cd80]  -[NSApplication run]+0x2aa
C  [libosxapp.dylib+0x214d]  +[NSApplicationAWT runAWTLoopWithApp:]+0x9c
C  [libawt_lwawt.dylib+0x444b3]  -[AWTStarter starter:]+0x389
C  [Foundation+0x76fde]  __NSThreadPerformPerform+0x117
C  [CoreFoundation+0xaa881]  __CFRUNLOOP_IS_CALLING_OUT_TO_A_SOURCE0_PERFORM_FUNCTION__+0x11
C  [CoreFoundation+0x89fbc]  __CFRunLoopDoSources0+0x22c
C  [CoreFoundation+0x894df]  __CFRunLoopRun+0x39f
C  [CoreFoundation+0x88ed8]  CFRunLoopRunSpecific+0x128
C  [java+0x6465]  CreateExecutionEnvironment+0x367
C  [java+0x218c]  JLI_Launch+0x7a0
C  [java+0x84c2]  main+0x65
C  [java+0x19e4]  start+0x34
C  0x0000000000000008


---------------  P R O C E S S  ---------------

Java Threads: ( => current thread )
  0x00007f9fe1293800 JavaThread "TimerQueue" daemon [_thread_blocked, id=65799, stack(0x0000700001a6e000,0x0000700001b6e000)]
  0x00007f9fe100d000 JavaThread "DestroyJavaVM" [_thread_blocked, id=4099, stack(0x0000700000084000,0x0000700000184000)]
  0x00007f9fe2288000 JavaThread "AWT-EventQueue-0" [_thread_blocked, id=30743, stack(0x00007000016e2000,0x00007000017e2000)]
  0x00007f9fe1154000 JavaThread "AWT-Shutdown" [_thread_blocked, id=51207, stack(0x0000700001356000,0x0000700001456000)]
  0x00007f9fe1ad2000 JavaThread "Thread-0" [_thread_in_native, id=56323, stack(0x00007000018e8000,0x00007000019e8000)]
  0x00007f9fe2165800 JavaThread "BluecoveAsynchronousShutdownThread" daemon [_thread_blocked, id=51971, stack(0x00007000017e5000,0x00007000018e5000)]
  0x00007f9fe215b800 JavaThread "Java2D Disposer" daemon [_thread_blocked, id=50711, stack(0x00007000015df000,0x00007000016df000)]
  0x00007f9fe2988000 JavaThread "Java2D Queue Flusher" daemon [_thread_blocked, id=46871, stack(0x00007000014dc000,0x00007000015dc000)]
=>0x00007f9fe1a63000 JavaThread "AppKit Thread" daemon [_thread_in_native, id=2571, stack(0x00007fff571a1000,0x00007fff579a1000)]
  0x00007f9fe2070000 JavaThread "Abandoned connection cleanup thread" daemon [_thread_blocked, id=20227, stack(0x000070000114d000,0x000070000124d000)]
  0x00007f9fe10cc000 JavaThread "Monitor Ctrl-Break" daemon [_thread_in_native, id=19715, stack(0x000070000104a000,0x000070000114a000)]
  0x00007f9fe281b800 JavaThread "Service Thread" daemon [_thread_blocked, id=18691, stack(0x0000700000e44000,0x0000700000f44000)]
  0x00007f9fe204e000 JavaThread "C1 CompilerThread2" daemon [_thread_blocked, id=18179, stack(0x0000700000d41000,0x0000700000e41000)]
  0x00007f9fe204d800 JavaThread "C2 CompilerThread1" daemon [_thread_blocked, id=17667, stack(0x0000700000c3e000,0x0000700000d3e000)]
  0x00007f9fe2062800 JavaThread "C2 CompilerThread0" daemon [_thread_blocked, id=17155, stack(0x0000700000b3b000,0x0000700000c3b000)]
  0x00007f9fe1025000 JavaThread "Signal Dispatcher" daemon [_thread_blocked, id=12815, stack(0x0000700000a38000,0x0000700000b38000)]
  0x00007f9fe2036000 JavaThread "Finalizer" daemon [_thread_blocked, id=11779, stack(0x000070000082f000,0x000070000092f000)]
  0x00007f9fe100f000 JavaThread "Reference Handler" daemon [_thread_blocked, id=11267, stack(0x000070000072c000,0x000070000082c000)]

Other Threads:
  0x00007f9fe2033000 VMThread [stack: 0x0000700000629000,0x0000700000729000] [id=10755]
  0x00007f9fe2051000 WatcherThread [stack: 0x0000700000f47000,0x0000700001047000] [id=19203]

VM state:not at safepoint (normal execution)

VM Mutex/Monitor currently owned by a thread: None

Heap:
 PSYoungGen      total 38400K, used 26572K [0x0000000795580000, 0x0000000798000000, 0x00000007c0000000)
  eden space 33280K, 79% used [0x0000000795580000,0x0000000796f73030,0x0000000797600000)
  from space 5120K, 0% used [0x0000000797b00000,0x0000000797b00000,0x0000000798000000)
  to   space 5120K, 0% used [0x0000000797600000,0x0000000797600000,0x0000000797b00000)
 ParOldGen       total 87552K, used 0K [0x0000000740000000, 0x0000000745580000, 0x0000000795580000)
  object space 87552K, 0% used [0x0000000740000000,0x0000000740000000,0x0000000745580000)
 Metaspace       used 15615K, capacity 15880K, committed 16128K, reserved 1062912K
  class space    used 1976K, capacity 2044K, committed 2048K, reserved 1048576K

Card table byte_map: [0x00000001191c0000,0x00000001195c1000] byte_map_base: 0x00000001157c0000

Marking Bits: (ParMarkBitMap*) 0x0000000108dc8d20
 Begin Bits: [0x000000011986c000, 0x000000011b86c000)
 End Bits:   [0x000000011b86c000, 0x000000011d86c000)

Polling page: 0x00000001094bb000

CodeCache: size=245760Kb used=3943Kb max_used=3943Kb free=241816Kb
 bounds [0x0000000109e00000, 0x000000010a1e0000, 0x0000000118e00000]
 total_blobs=1759 nmethods=1179 adapters=494
 compilation: enabled

Compilation events (10 events):
Event: 14.401 Thread 0x00007f9fe204e000 1174       3       sun.lwawt.LWWindowPeer::getWindowPeerOrSelf (2 bytes)
Event: 14.401 Thread 0x00007f9fe204e000 nmethod 1174 0x000000010a1d9590 code [0x000000010a1d96e0, 0x000000010a1d9830]
Event: 14.465 Thread 0x00007f9fe204e000 1175       3       java.util.concurrent.locks.AbstractQueuedSynchronizer::compareAndSetTail (13 bytes)
Event: 14.465 Thread 0x00007f9fe204e000 nmethod 1175 0x000000010a1d9250 code [0x000000010a1d93a0, 0x000000010a1d9530]
Event: 14.465 Thread 0x00007f9fe204e000 1176       3       java.util.concurrent.locks.AbstractQueuedSynchronizer::setHead (16 bytes)
Event: 14.465 Thread 0x00007f9fe204e000 nmethod 1176 0x000000010a1d8e50 code [0x000000010a1d8fc0, 0x000000010a1d9190]
Event: 14.500 Thread 0x00007f9fe204e000 1177   !   3       java.util.concurrent.locks.AbstractQueuedSynchronizer::acquireQueued (93 bytes)
Event: 14.501 Thread 0x00007f9fe204e000 nmethod 1177 0x000000010a1d7a90 code [0x000000010a1d7cc0, 0x000000010a1d87d8]
Event: 14.502 Thread 0x00007f9fe204e000 1178       3       java.security.ProtectionDomain$JavaSecurityAccessImpl::getCombinedACC (30 bytes)
Event: 14.503 Thread 0x00007f9fe204e000 nmethod 1178 0x000000010a1da750 code [0x000000010a1da8e0, 0x000000010a1dadf8]

GC Heap History (0 events):
No events

Deoptimization events (7 events):
Event: 0.557 Thread 0x00007f9fe100d000 Uncommon trap: reason=unstable_if action=reinterpret pc=0x0000000109f8c4e8 method=org.sqlite.SQLiteJDBCLoader.contentsEquals(Ljava/io/InputStream;Ljava/io/InputStream;)Z @ 39
Event: 3.832 Thread 0x00007f9fe2288000 Uncommon trap: reason=class_check action=maybe_recompile pc=0x0000000109fe0f98 method=java.lang.String.equals(Ljava/lang/Object;)Z @ 8
Event: 3.832 Thread 0x00007f9fe2288000 Uncommon trap: reason=class_check action=maybe_recompile pc=0x0000000109fe0f98 method=java.lang.String.equals(Ljava/lang/Object;)Z @ 8
Event: 3.836 Thread 0x00007f9fe100d000 Uncommon trap: reason=class_check action=maybe_recompile pc=0x0000000109fe0f98 method=java.lang.String.equals(Ljava/lang/Object;)Z @ 8
Event: 3.836 Thread 0x00007f9fe100d000 Uncommon trap: reason=class_check action=maybe_recompile pc=0x0000000109fe0f98 method=java.lang.String.equals(Ljava/lang/Object;)Z @ 8
Event: 11.345 Thread 0x00007f9fe2288000 Uncommon trap: reason=unstable_if action=reinterpret pc=0x000000010a0a6b44 method=java.util.HashMap.getNode(ILjava/lang/Object;)Ljava/util/HashMap$Node; @ 62
Event: 11.348 Thread 0x00007f9fe2288000 Uncommon trap: reason=unstable_if action=reinterpret pc=0x000000010a099570 method=java.util.HashMap.getNode(ILjava/lang/Object;)Ljava/util/HashMap$Node; @ 62

Internal exceptions (10 events):
Event: 0.271 Thread 0x00007f9fe100d000 Exception <a 'java/security/PrivilegedActionException'> (0x000000079572bc80) thrown at [/HUDSON3/workspace/8-2-build-macosx-x86_64/jdk8u101/7261/hotspot/src/share/vm/prims/jvm.cpp, line 1386]
Event: 0.271 Thread 0x00007f9fe100d000 Exception <a 'java/security/PrivilegedActionException'> (0x000000079572c078) thrown at [/HUDSON3/workspace/8-2-build-macosx-x86_64/jdk8u101/7261/hotspot/src/share/vm/prims/jvm.cpp, line 1386]
Event: 0.272 Thread 0x00007f9fe100d000 Exception <a 'java/security/PrivilegedActionException'> (0x000000079572f568) thrown at [/HUDSON3/workspace/8-2-build-macosx-x86_64/jdk8u101/7261/hotspot/src/share/vm/prims/jvm.cpp, line 1386]
Event: 0.272 Thread 0x00007f9fe100d000 Exception <a 'java/security/PrivilegedActionException'> (0x000000079572f960) thrown at [/HUDSON3/workspace/8-2-build-macosx-x86_64/jdk8u101/7261/hotspot/src/share/vm/prims/jvm.cpp, line 1386]
Event: 0.741 Thread 0x00007f9fe100d000 Exception <a 'java/lang/NoSuchFieldError': method resolution failed> (0x0000000795bc4c70) thrown at [/HUDSON3/workspace/8-2-build-macosx-x86_64/jdk8u101/7261/hotspot/src/share/vm/prims/methodHandles.cpp, line 1146]
Event: 0.743 Thread 0x00007f9fe100d000 Exception <a 'java/lang/NoSuchFieldError': method resolution failed> (0x0000000795bd23c0) thrown at [/HUDSON3/workspace/8-2-build-macosx-x86_64/jdk8u101/7261/hotspot/src/share/vm/prims/methodHandles.cpp, line 1146]
Event: 1.738 Thread 0x00007f9fe100d000 Exception <a 'java/io/FileNotFoundException'> (0x0000000795c4cd10) thrown at [/HUDSON3/workspace/8-2-build-macosx-x86_64/jdk8u101/7261/hotspot/src/share/vm/prims/jni.cpp, line 709]
Event: 1.738 Thread 0x00007f9fe100d000 Exception <a 'java/io/FileNotFoundException'> (0x0000000795c4d8b8) thrown at [/HUDSON3/workspace/8-2-build-macosx-x86_64/jdk8u101/7261/hotspot/src/share/vm/prims/jni.cpp, line 709]
Event: 2.080 Thread 0x00007f9fe100d000 Exception <a 'java/lang/NoClassDefFoundError': org/apache/log4j/Category> (0x0000000795ff4f68) thrown at [/HUDSON3/workspace/8-2-build-macosx-x86_64/jdk8u101/7261/hotspot/src/share/vm/classfile/systemDictionary.cpp, line 199]
Event: 2.096 Thread 0x00007f9fe100d000 Exception <a 'java/lang/UnsatisfiedLinkError': com.intel.bluetooth.BluetoothStackOSX.isNativeCodeLoaded()Z> (0x0000000796048ed0) thrown at [/HUDSON3/workspace/8-2-build-macosx-x86_64/jdk8u101/7261/hotspot/src/share/vm/prims/nativeLookup.cpp, line 378]

Events (10 events):
Event: 12.220 loading class sun/lwawt/macosx/CDropTargetContextPeer$1 done
Event: 12.250 loading class java/awt/dnd/DragSourceDropEvent
Event: 12.250 loading class java/awt/dnd/DragSourceDropEvent done
Event: 12.253 Executing VM operation: RevokeBias
Event: 12.254 Executing VM operation: RevokeBias done
Event: 12.255 Thread 0x00007f9fe1819800 Thread exited: 0x00007f9fe1819800
Event: 13.461 Thread 0x00007f9fe19b6000 Thread added: 0x00007f9fe19b6000
Event: 14.557 Executing VM operation: RevokeBias
Event: 14.557 Executing VM operation: RevokeBias done
Event: 14.557 Thread 0x00007f9fe19b6000 Thread exited: 0x00007f9fe19b6000


Dynamic libraries:
0x0000000006024000 	/System/Library/Frameworks/Cocoa.framework/Versions/A/Cocoa
0x0000000006024000 	/System/Library/Frameworks/Security.framework/Versions/A/Security
0x0000000006024000 	/System/Library/Frameworks/ApplicationServices.framework/Versions/A/ApplicationServices
0x0000000006024000 	/usr/lib/libz.1.dylib
0x0000000006024000 	/usr/lib/libSystem.B.dylib
0x0000000006024000 	/usr/lib/libobjc.A.dylib
0x0000000006024000 	/System/Library/Frameworks/CoreFoundation.framework/Versions/A/CoreFoundation
0x0000000006024000 	/System/Library/Frameworks/Foundation.framework/Versions/C/Foundation
0x0000000006024000 	/System/Library/Frameworks/AppKit.framework/Versions/C/AppKit
0x0000000006024000 	/System/Library/Frameworks/CoreData.framework/Versions/A/CoreData
0x0000000006024000 	/System/Library/PrivateFrameworks/RemoteViewServices.framework/Versions/A/RemoteViewServices
0x0000000006024000 	/System/Library/PrivateFrameworks/UIFoundation.framework/Versions/A/UIFoundation
0x0000000006024000 	/usr/lib/libScreenReader.dylib
0x0000000006024000 	/System/Library/Frameworks/Accelerate.framework/Versions/A/Accelerate
0x0000000006024000 	/System/Library/Frameworks/IOSurface.framework/Versions/A/IOSurface
0x0000000006024000 	/System/Library/Frameworks/AudioToolbox.framework/Versions/A/AudioToolbox
0x0000000006024000 	/System/Library/Frameworks/AudioUnit.framework/Versions/A/AudioUnit
0x0000000006024000 	/System/Library/PrivateFrameworks/DataDetectorsCore.framework/Versions/A/DataDetectorsCore
0x0000000006024000 	/System/Library/PrivateFrameworks/DesktopServicesPriv.framework/Versions/A/DesktopServicesPriv
0x0000000006024000 	/System/Library/Frameworks/Carbon.framework/Versions/A/Frameworks/HIToolbox.framework/Versions/A/HIToolbox
0x0000000006024000 	/System/Library/Frameworks/QuartzCore.framework/Versions/A/QuartzCore
0x0000000006024000 	/System/Library/Frameworks/Carbon.framework/Versions/A/Frameworks/SpeechRecognition.framework/Versions/A/SpeechRecognition
0x0000000006024000 	/usr/lib/libauto.dylib
0x0000000006024000 	/usr/lib/libicucore.A.dylib
0x0000000006024000 	/usr/lib/libxml2.2.dylib
0x0000000006024000 	/System/Library/PrivateFrameworks/CoreUI.framework/Versions/A/CoreUI
0x0000000006024000 	/System/Library/Frameworks/CoreAudio.framework/Versions/A/CoreAudio
0x0000000006024000 	/System/Library/Frameworks/DiskArbitration.framework/Versions/A/DiskArbitration
0x0000000006024000 	/usr/lib/liblangid.dylib
0x0000000006024000 	/System/Library/PrivateFrameworks/MultitouchSupport.framework/Versions/A/MultitouchSupport
0x0000000006024000 	/System/Library/Frameworks/IOKit.framework/Versions/A/IOKit
0x0000000006024000 	/usr/lib/libDiagnosticMessagesClient.dylib
0x0000000006024000 	/System/Library/Frameworks/CoreServices.framework/Versions/A/CoreServices
0x0000000006024000 	/System/Library/PrivateFrameworks/PerformanceAnalysis.framework/Versions/A/PerformanceAnalysis
0x0000000006024000 	/System/Library/PrivateFrameworks/GenerationalStorage.framework/Versions/A/GenerationalStorage
0x0000000006024000 	/System/Library/Frameworks/OpenGL.framework/Versions/A/OpenGL
0x0000000006024000 	/System/Library/PrivateFrameworks/Sharing.framework/Versions/A/Sharing
0x0000000006024000 	/System/Library/Frameworks/CoreGraphics.framework/Versions/A/CoreGraphics
0x0000000006024000 	/System/Library/Frameworks/CoreImage.framework/Versions/A/CoreImage
0x0000000006024000 	/System/Library/Frameworks/CoreText.framework/Versions/A/CoreText
0x0000000006024000 	/System/Library/Frameworks/ImageIO.framework/Versions/A/ImageIO
0x0000000006024000 	/System/Library/PrivateFrameworks/Backup.framework/Versions/A/Backup
0x0000000006024000 	/usr/lib/libextension.dylib
0x0000000006024000 	/usr/lib/libarchive.2.dylib
0x0000000006024000 	/System/Library/Frameworks/CFNetwork.framework/Versions/A/CFNetwork
0x0000000006024000 	/System/Library/Frameworks/SystemConfiguration.framework/Versions/A/SystemConfiguration
0x0000000006024000 	/usr/lib/libCRFSuite.dylib
0x0000000006024000 	/usr/lib/libc++.1.dylib
0x0000000006024000 	/usr/lib/libc++abi.dylib
0x0000000006024000 	/usr/lib/system/libcache.dylib
0x0000000006024000 	/usr/lib/system/libcommonCrypto.dylib
0x0000000006024000 	/usr/lib/system/libcompiler_rt.dylib
0x0000000006024000 	/usr/lib/system/libcopyfile.dylib
0x0000000006024000 	/usr/lib/system/libcorecrypto.dylib
0x0000000006024000 	/usr/lib/system/libdispatch.dylib
0x0000000006024000 	/usr/lib/system/libdyld.dylib
0x0000000006024000 	/usr/lib/system/libkeymgr.dylib
0x0000000006024000 	/usr/lib/system/liblaunch.dylib
0x0000000006024000 	/usr/lib/system/libmacho.dylib
0x0000000006024000 	/usr/lib/system/libquarantine.dylib
0x0000000006024000 	/usr/lib/system/libremovefile.dylib
0x0000000006024000 	/usr/lib/system/libsystem_asl.dylib
0x0000000006024000 	/usr/lib/system/libsystem_blocks.dylib
0x0000000006024000 	/usr/lib/system/libsystem_c.dylib
0x0000000006024000 	/usr/lib/system/libsystem_configuration.dylib
0x0000000006024000 	/usr/lib/system/libsystem_coreservices.dylib
0x0000000006024000 	/usr/lib/system/libsystem_coretls.dylib
0x0000000006024000 	/usr/lib/system/libsystem_dnssd.dylib
0x0000000006024000 	/usr/lib/system/libsystem_info.dylib
0x0000000006024000 	/usr/lib/system/libsystem_kernel.dylib
0x0000000006024000 	/usr/lib/system/libsystem_m.dylib
0x0000000006024000 	/usr/lib/system/libsystem_malloc.dylib
0x0000000006024000 	/usr/lib/system/libsystem_network.dylib
0x0000000006024000 	/usr/lib/system/libsystem_networkextension.dylib
0x0000000006024000 	/usr/lib/system/libsystem_notify.dylib
0x0000000006024000 	/usr/lib/system/libsystem_platform.dylib
0x0000000006024000 	/usr/lib/system/libsystem_pthread.dylib
0x0000000006024000 	/usr/lib/system/libsystem_sandbox.dylib
0x0000000006024000 	/usr/lib/system/libsystem_secinit.dylib
0x0000000006024000 	/usr/lib/system/libsystem_trace.dylib
0x0000000006024000 	/usr/lib/system/libunc.dylib
0x0000000006024000 	/usr/lib/system/libunwind.dylib
0x0000000006024000 	/usr/lib/system/libxpc.dylib
0x0000000006024000 	/usr/lib/libenergytrace.dylib
0x0000000006024000 	/usr/lib/libbsm.0.dylib
0x0000000006024000 	/usr/lib/system/libkxld.dylib
0x0000000006024000 	/usr/lib/libxar.1.dylib
0x0000000006024000 	/usr/lib/libsqlite3.dylib
0x0000000006024000 	/usr/lib/libpam.2.dylib
0x0000000006024000 	/usr/lib/libOpenScriptingUtil.dylib
0x0000000006024000 	/usr/lib/libbz2.1.0.dylib
0x0000000006024000 	/usr/lib/liblzma.5.dylib
0x0000000006024000 	/System/Library/Frameworks/CoreServices.framework/Versions/A/Frameworks/FSEvents.framework/Versions/A/FSEvents
0x0000000006024000 	/System/Library/Frameworks/CoreServices.framework/Versions/A/Frameworks/CarbonCore.framework/Versions/A/CarbonCore
0x0000000006024000 	/System/Library/Frameworks/CoreServices.framework/Versions/A/Frameworks/Metadata.framework/Versions/A/Metadata
0x0000000006024000 	/System/Library/Frameworks/CoreServices.framework/Versions/A/Frameworks/OSServices.framework/Versions/A/OSServices
0x0000000006024000 	/System/Library/Frameworks/CoreServices.framework/Versions/A/Frameworks/SearchKit.framework/Versions/A/SearchKit
0x0000000006024000 	/System/Library/Frameworks/CoreServices.framework/Versions/A/Frameworks/AE.framework/Versions/A/AE
0x0000000006024000 	/System/Library/Frameworks/CoreServices.framework/Versions/A/Frameworks/LaunchServices.framework/Versions/A/LaunchServices
0x0000000006024000 	/System/Library/Frameworks/CoreServices.framework/Versions/A/Frameworks/DictionaryServices.framework/Versions/A/DictionaryServices
0x0000000006024000 	/System/Library/Frameworks/CoreServices.framework/Versions/A/Frameworks/SharedFileList.framework/Versions/A/SharedFileList
0x0000000006024000 	/System/Library/Frameworks/NetFS.framework/Versions/A/NetFS
0x0000000006024000 	/System/Library/PrivateFrameworks/NetAuth.framework/Versions/A/NetAuth
0x0000000006024000 	/System/Library/PrivateFrameworks/login.framework/Versions/A/Frameworks/loginsupport.framework/Versions/A/loginsupport
0x0000000006024000 	/System/Library/PrivateFrameworks/TCC.framework/Versions/A/TCC
0x0000000006024000 	/usr/lib/libmecabra.dylib
0x0000000006024000 	/System/Library/Frameworks/ApplicationServices.framework/Versions/A/Frameworks/ATS.framework/Versions/A/ATS
0x0000000006024000 	/System/Library/Frameworks/ApplicationServices.framework/Versions/A/Frameworks/ColorSync.framework/Versions/A/ColorSync
0x0000000006024000 	/System/Library/Frameworks/ApplicationServices.framework/Versions/A/Frameworks/HIServices.framework/Versions/A/HIServices
0x0000000006024000 	/System/Library/Frameworks/ApplicationServices.framework/Versions/A/Frameworks/LangAnalysis.framework/Versions/A/LangAnalysis
0x0000000006024000 	/System/Library/Frameworks/ApplicationServices.framework/Versions/A/Frameworks/PrintCore.framework/Versions/A/PrintCore
0x0000000006024000 	/System/Library/Frameworks/ApplicationServices.framework/Versions/A/Frameworks/QD.framework/Versions/A/QD
0x0000000006024000 	/System/Library/Frameworks/ApplicationServices.framework/Versions/A/Frameworks/SpeechSynthesis.framework/Versions/A/SpeechSynthesis
0x0000000006024000 	/System/Library/Frameworks/Metal.framework/Versions/A/Metal
0x0000000006024000 	/System/Library/Frameworks/Accelerate.framework/Versions/A/Frameworks/vImage.framework/Versions/A/vImage
0x0000000006024000 	/System/Library/Frameworks/Accelerate.framework/Versions/A/Frameworks/vecLib.framework/Versions/A/vecLib
0x0000000006024000 	/System/Library/Frameworks/Accelerate.framework/Versions/A/Frameworks/vecLib.framework/Versions/A/libvDSP.dylib
0x0000000006024000 	/System/Library/Frameworks/Accelerate.framework/Versions/A/Frameworks/vecLib.framework/Versions/A/libvMisc.dylib
0x0000000006024000 	/System/Library/Frameworks/Accelerate.framework/Versions/A/Frameworks/vecLib.framework/Versions/A/libLAPACK.dylib
0x0000000006024000 	/System/Library/Frameworks/Accelerate.framework/Versions/A/Frameworks/vecLib.framework/Versions/A/libBLAS.dylib
0x0000000006024000 	/System/Library/Frameworks/Accelerate.framework/Versions/A/Frameworks/vecLib.framework/Versions/A/libLinearAlgebra.dylib
0x0000000006024000 	/System/Library/Frameworks/Accelerate.framework/Versions/A/Frameworks/vecLib.framework/Versions/A/libSparseBLAS.dylib
0x0000000006024000 	/System/Library/PrivateFrameworks/GPUCompiler.framework/libmetal_timestamp.dylib
0x0000000006024000 	/System/Library/Frameworks/OpenGL.framework/Versions/A/Libraries/libCoreFSCache.dylib
0x0000000006024000 	/System/Library/PrivateFrameworks/IOAccelerator.framework/Versions/A/IOAccelerator
0x0000000006024000 	/System/Library/Frameworks/ApplicationServices.framework/Versions/A/Frameworks/ATS.framework/Versions/A/Resources/libFontParser.dylib
0x0000000006024000 	/System/Library/Frameworks/ApplicationServices.framework/Versions/A/Frameworks/ATS.framework/Versions/A/Resources/libFontRegistry.dylib
0x0000000006024000 	/System/Library/PrivateFrameworks/AppleVPA.framework/Versions/A/AppleVPA
0x0000000006024000 	/System/Library/PrivateFrameworks/AppleJPEG.framework/Versions/A/AppleJPEG
0x0000000006024000 	/System/Library/Frameworks/ImageIO.framework/Versions/A/Resources/libJPEG.dylib
0x0000000006024000 	/System/Library/Frameworks/ImageIO.framework/Versions/A/Resources/libTIFF.dylib
0x0000000006024000 	/System/Library/Frameworks/ImageIO.framework/Versions/A/Resources/libPng.dylib
0x0000000006024000 	/System/Library/Frameworks/ImageIO.framework/Versions/A/Resources/libGIF.dylib
0x0000000006024000 	/System/Library/Frameworks/ImageIO.framework/Versions/A/Resources/libJP2.dylib
0x0000000006024000 	/System/Library/Frameworks/ImageIO.framework/Versions/A/Resources/libRadiance.dylib
0x0000000006024000 	/System/Library/Frameworks/CoreVideo.framework/Versions/A/CoreVideo
0x0000000006024000 	/System/Library/Frameworks/OpenGL.framework/Versions/A/Libraries/libGLU.dylib
0x0000000006024000 	/System/Library/Frameworks/OpenGL.framework/Versions/A/Libraries/libGFXShared.dylib
0x0000000006024000 	/System/Library/Frameworks/OpenGL.framework/Versions/A/Libraries/libGL.dylib
0x0000000006024000 	/System/Library/Frameworks/OpenGL.framework/Versions/A/Libraries/libGLImage.dylib
0x0000000006024000 	/System/Library/Frameworks/OpenGL.framework/Versions/A/Libraries/libCVMSPluginSupport.dylib
0x0000000006024000 	/System/Library/Frameworks/OpenGL.framework/Versions/A/Libraries/libCoreVMClient.dylib
0x0000000006024000 	/usr/lib/libcompression.dylib
0x0000000006024000 	/usr/lib/libcups.2.dylib
0x0000000006024000 	/System/Library/Frameworks/Kerberos.framework/Versions/A/Kerberos
0x0000000006024000 	/System/Library/Frameworks/GSS.framework/Versions/A/GSS
0x0000000006024000 	/usr/lib/libresolv.9.dylib
0x0000000006024000 	/usr/lib/libiconv.2.dylib
0x0000000006024000 	/System/Library/PrivateFrameworks/Heimdal.framework/Versions/A/Heimdal
0x0000000006024000 	/usr/lib/libheimdal-asn1.dylib
0x0000000006024000 	/System/Library/Frameworks/OpenDirectory.framework/Versions/A/OpenDirectory
0x0000000006024000 	/System/Library/PrivateFrameworks/CommonAuth.framework/Versions/A/CommonAuth
0x0000000006024000 	/System/Library/Frameworks/OpenDirectory.framework/Versions/A/Frameworks/CFOpenDirectory.framework/Versions/A/CFOpenDirectory
0x0000000006024000 	/System/Library/Frameworks/SecurityFoundation.framework/Versions/A/SecurityFoundation
0x0000000006024000 	/System/Library/PrivateFrameworks/LanguageModeling.framework/Versions/A/LanguageModeling
0x0000000006024000 	/usr/lib/libmarisa.dylib
0x0000000006024000 	/usr/lib/libChineseTokenizer.dylib
0x0000000006024000 	/usr/lib/libcmph.dylib
0x0000000006024000 	/System/Library/Frameworks/ServiceManagement.framework/Versions/A/ServiceManagement
0x0000000006024000 	/usr/lib/libxslt.1.dylib
0x0000000006024000 	/System/Library/Frameworks/Carbon.framework/Versions/A/Frameworks/Ink.framework/Versions/A/Ink
0x0000000006024000 	/usr/lib/libFosl_dynamic.dylib
0x0000000006024000 	/System/Library/PrivateFrameworks/FaceCore.framework/Versions/A/FaceCore
0x0000000006024000 	/System/Library/Frameworks/OpenCL.framework/Versions/A/OpenCL
0x0000000006024000 	/System/Library/PrivateFrameworks/CrashReporterSupport.framework/Versions/A/CrashReporterSupport
0x0000000006024000 	/System/Library/PrivateFrameworks/IconServices.framework/Versions/A/IconServices
0x0000000006024000 	/System/Library/PrivateFrameworks/Apple80211.framework/Versions/A/Apple80211
0x0000000006024000 	/System/Library/Frameworks/CoreWLAN.framework/Versions/A/CoreWLAN
0x0000000006024000 	/System/Library/Frameworks/IOBluetooth.framework/Versions/A/IOBluetooth
0x0000000006024000 	/System/Library/PrivateFrameworks/CoreWiFi.framework/Versions/A/CoreWiFi
0x0000000006024000 	/System/Library/Frameworks/CoreBluetooth.framework/Versions/A/CoreBluetooth
0x0000000006024000 	/System/Library/PrivateFrameworks/ChunkingLibrary.framework/Versions/A/ChunkingLibrary
0x0000000006024000 	/System/Library/PrivateFrameworks/DebugSymbols.framework/Versions/A/DebugSymbols
0x0000000006024000 	/System/Library/PrivateFrameworks/CoreSymbolication.framework/Versions/A/CoreSymbolication
0x0000000006024000 	/System/Library/PrivateFrameworks/Symbolication.framework/Versions/A/Symbolication
0x0000000006024000 	/System/Library/PrivateFrameworks/SpeechRecognitionCore.framework/Versions/A/SpeechRecognitionCore
0x00000001084db000 	/Library/Java/JavaVirtualMachines/jdk1.8.0_101.jdk/Contents/Home/jre/lib/server/libjvm.dylib
0x0000000006024000 	/usr/lib/libstdc++.6.dylib
0x0000000109478000 	/Library/Java/JavaVirtualMachines/jdk1.8.0_101.jdk/Contents/Home/jre/lib/libverify.dylib
0x0000000109486000 	/Library/Java/JavaVirtualMachines/jdk1.8.0_101.jdk/Contents/Home/jre/lib/libjava.dylib
0x00000001094c9000 	/Library/Java/JavaVirtualMachines/jdk1.8.0_101.jdk/Contents/Home/jre/lib/libzip.dylib
0x000000011f642000 	/System/Library/Frameworks/JavaVM.framework/Frameworks/JavaRuntimeSupport.framework/JavaRuntimeSupport
0x000000011f65d000 	/System/Library/Frameworks/JavaVM.framework/Versions/A/Frameworks/JavaNativeFoundation.framework/Versions/A/JavaNativeFoundation
0x000000011f672000 	/System/Library/Frameworks/JavaVM.framework/Versions/A/JavaVM
0x0000000006024000 	/System/Library/Frameworks/Carbon.framework/Versions/A/Carbon
0x00000001095f4000 	/System/Library/PrivateFrameworks/JavaLaunching.framework/Versions/A/JavaLaunching
0x0000000006024000 	/System/Library/Frameworks/Carbon.framework/Versions/A/Frameworks/CommonPanels.framework/Versions/A/CommonPanels
0x0000000006024000 	/System/Library/Frameworks/Carbon.framework/Versions/A/Frameworks/Help.framework/Versions/A/Help
0x0000000006024000 	/System/Library/Frameworks/Carbon.framework/Versions/A/Frameworks/ImageCapture.framework/Versions/A/ImageCapture
0x0000000006024000 	/System/Library/Frameworks/Carbon.framework/Versions/A/Frameworks/OpenScripting.framework/Versions/A/OpenScripting
0x0000000006024000 	/System/Library/Frameworks/Carbon.framework/Versions/A/Frameworks/Print.framework/Versions/A/Print
0x0000000006024000 	/System/Library/Frameworks/Carbon.framework/Versions/A/Frameworks/SecurityHI.framework/Versions/A/SecurityHI
0x00000001210ca000 	/Applications/IntelliJ IDEA CE.app/Contents/bin/libbreakgen64.jnilib
0x00000001210cd000 	/Library/Java/JavaVirtualMachines/jdk1.8.0_101.jdk/Contents/Home/jre/lib/libnet.dylib
0x0000000121130000 	/private/var/folders/hx/chl3wz1s6d9g8dgpv9pfrkzw0000gn/T/sqlite-3.8.11.2-9bc39a93-0d1d-4e95-a11d-5df24102dfc9-libsqlitejdbc.jnilib
0x0000000121234000 	/Library/Java/JavaVirtualMachines/jdk1.8.0_101.jdk/Contents/Home/jre/lib/libawt.dylib
0x00000001212dc000 	/Library/Java/JavaVirtualMachines/jdk1.8.0_101.jdk/Contents/Home/jre/lib/./libmlib_image.dylib
0x00000001213a8000 	/Library/Java/JavaVirtualMachines/jdk1.8.0_101.jdk/Contents/Home/jre/lib/libawt_lwawt.dylib
0x000000012145d000 	/Library/Java/JavaVirtualMachines/jdk1.8.0_101.jdk/Contents/Home/jre/lib/./libosxapp.dylib
0x0000000006024000 	/System/Library/Frameworks/ExceptionHandling.framework/Versions/A/ExceptionHandling
0x0000000006024000 	/System/Library/PrivateFrameworks/CoreServicesInternal.framework/Versions/A/CoreServicesInternal
0x0000000006024000 	/System/Library/Frameworks/CoreGraphics.framework/Versions/A/Resources/libRIP.A.dylib
0x0000000006024000 	/System/Library/Frameworks/Accelerate.framework/Versions/A/Frameworks/vImage.framework/Versions/A/Libraries/libCGInterfaces.dylib
0x0000000006024000 	/System/Library/PrivateFrameworks/FamilyControls.framework/Versions/A/FamilyControls
0x0000000006024000 	/System/Library/PrivateFrameworks/CommerceKit.framework/Versions/A/Frameworks/CommerceCore.framework/Versions/A/CommerceCore
0x0000000006024000 	/System/Library/PrivateFrameworks/SystemAdministration.framework/Versions/A/SystemAdministration
0x0000000006024000 	/System/Library/PrivateFrameworks/AppContainer.framework/Versions/A/AppContainer
0x0000000006024000 	/System/Library/PrivateFrameworks/SecCodeWrapper.framework/Versions/A/SecCodeWrapper
0x0000000006024000 	/System/Library/Frameworks/DirectoryService.framework/Versions/A/DirectoryService
0x0000000006024000 	/System/Library/PrivateFrameworks/DiskImages.framework/Versions/A/DiskImages
0x0000000006024000 	/System/Library/PrivateFrameworks/LoginUIKit.framework/Versions/A/Frameworks/LoginUICore.framework/Versions/A/LoginUICore
0x0000000006024000 	/usr/lib/libCoreStorage.dylib
0x0000000006024000 	/usr/lib/libcsfde.dylib
0x0000000006024000 	/usr/lib/libodfde.dylib
0x0000000006024000 	/System/Library/Frameworks/DiscRecording.framework/Versions/A/DiscRecording
0x0000000006024000 	/usr/lib/libcurl.4.dylib
0x0000000006024000 	/System/Library/PrivateFrameworks/MediaKit.framework/Versions/A/MediaKit
0x0000000006024000 	/System/Library/PrivateFrameworks/ProtectedCloudStorage.framework/Versions/A/ProtectedCloudStorage
0x0000000006024000 	/System/Library/PrivateFrameworks/EFILogin.framework/Versions/A/EFILogin
0x0000000006024000 	/usr/lib/libutil.dylib
0x0000000006024000 	/System/Library/PrivateFrameworks/FindMyDevice.framework/Versions/A/FindMyDevice
0x0000000006024000 	/System/Library/Frameworks/LDAP.framework/Versions/A/LDAP
0x0000000006024000 	/usr/lib/libsasl2.2.dylib
0x0000000006024000 	/System/Library/PrivateFrameworks/CoreDaemon.framework/Versions/B/CoreDaemon
0x0000000006024000 	/usr/lib/libcrypto.0.9.8.dylib
0x0000000006024000 	/System/Library/PrivateFrameworks/AppleSRP.framework/Versions/A/AppleSRP
0x0000000006024000 	/System/Library/PrivateFrameworks/TrustEvaluationAgent.framework/Versions/A/TrustEvaluationAgent
0x000000012315d000 	/Library/Java/JavaVirtualMachines/jdk1.8.0_101.jdk/Contents/Home/jre/lib/libfontmanager.dylib
0x0000000122113000 	/Library/Java/JavaVirtualMachines/jdk1.8.0_101.jdk/Contents/Home/jre/lib/libosxui.dylib
0x0000000006024000 	/System/Library/Frameworks/OpenGL.framework/Versions/A/Resources/GLEngine.bundle/GLEngine
0x0000000006024000 	/System/Library/Frameworks/OpenGL.framework/Versions/A/Libraries/libGLProgrammability.dylib
0x000000012412f000 	/System/Library/Extensions/AppleIntelBDWGraphicsGLDriver.bundle/Contents/MacOS/AppleIntelBDWGraphicsGLDriver
0x0000000006024000 	/System/Library/PrivateFrameworks/GPUSupport.framework/Versions/A/Libraries/libGPUSupportMercury.dylib
0x0000000006024000 	/System/Library/Frameworks/OpenGL.framework/Versions/A/Resources/GLRendererFloat.bundle/GLRendererFloat
0x0000000006024000 	/System/Library/Frameworks/OpenCL.framework/Versions/A/Libraries/libcldcpuengine.dylib
0x00000001253a0000 	/private/var/folders/hx/chl3wz1s6d9g8dgpv9pfrkzw0000gn/T/bluecove_maximerichard_0/libbluecove.jnilib
0x0000000006024000 	/System/Library/Frameworks/CoreGraphics.framework/Versions/A/Resources/libCGXType.A.dylib
0x000000012556a000 	/Library/Java/JavaVirtualMachines/jdk1.8.0_101.jdk/Contents/Home/jre/lib/libnio.dylib
0x0000000006024000 	/System/Library/Frameworks/ApplicationServices.framework/Versions/A/Frameworks/ATS.framework/Versions/A/Resources/libTrueTypeScaler.dylib
0x000000017882d000 	/System/Library/Extensions/AppleIntelBDWGraphicsMTLDriver.bundle/Contents/MacOS/AppleIntelBDWGraphicsMTLDriver
0x0000000179560000 	cl_kernels
0x0000000006024000 	/System/Library/Frameworks/OpenCL.framework/Versions/A/Libraries/ImageFormats/unorm8_bgra.dylib
0x0000000006024000 	/System/Library/Frameworks/OpenCL.framework/Versions/A/Libraries/ImageFormats/unorm8_rgba.dylib
0x0000000006024000 	/System/Library/CoreServices/RawCamera.bundle/Contents/MacOS/RawCamera
0x0000000178e50000 	/Library/Java/JavaVirtualMachines/jdk1.8.0_101.jdk/Contents/Home/jre/lib/libjpeg.dylib
0x0000000178e7d000 	/Library/Java/JavaVirtualMachines/jdk1.8.0_101.jdk/Contents/Home/jre/lib/liblcms.dylib

VM Arguments:
jvm_args: -Didea.launcher.port=7542 -Didea.launcher.bin.path=/Applications/IntelliJ IDEA CE.app/Contents/bin -Dfile.encoding=UTF-8 
java_command: com.intellij.rt.execution.application.AppMain com.sciquizapp.sciquizserver.MyServer
java_class_path (initial): /Library/Java/JavaVirtualMachines/jdk1.8.0_101.jdk/Contents/Home/jre/lib/charsets.jar:/Library/Java/JavaVirtualMachines/jdk1.8.0_101.jdk/Contents/Home/jre/lib/deploy.jar:/Library/Java/JavaVirtualMachines/jdk1.8.0_101.jdk/Contents/Home/jre/lib/ext/cldrdata.jar:/Library/Java/JavaVirtualMachines/jdk1.8.0_101.jdk/Contents/Home/jre/lib/ext/dnsns.jar:/Library/Java/JavaVirtualMachines/jdk1.8.0_101.jdk/Contents/Home/jre/lib/ext/jaccess.jar:/Library/Java/JavaVirtualMachines/jdk1.8.0_101.jdk/Contents/Home/jre/lib/ext/jfxrt.jar:/Library/Java/JavaVirtualMachines/jdk1.8.0_101.jdk/Contents/Home/jre/lib/ext/localedata.jar:/Library/Java/JavaVirtualMachines/jdk1.8.0_101.jdk/Contents/Home/jre/lib/ext/nashorn.jar:/Library/Java/JavaVirtualMachines/jdk1.8.0_101.jdk/Contents/Home/jre/lib/ext/sunec.jar:/Library/Java/JavaVirtualMachines/jdk1.8.0_101.jdk/Contents/Home/jre/lib/ext/sunjce_provider.jar:/Library/Java/JavaVirtualMachines/jdk1.8.0_101.jdk/Contents/Home/jre/lib/ext/sunpkcs11.jar:/Library/Java/JavaVirtualMachines/jdk1.8.0_101.jdk/Contents/Home/jre/lib/ext/zipfs.jar:/Library/Java/JavaVirtualMachines/jdk1.8.0_101.jdk/Contents/Home/jre/lib/javaws.jar:/Library/Java/JavaVirtualMachines/jdk1.8.0_101.jdk/Contents/Home/jre/lib/jce.jar:/Library/Java/JavaVirtualMachines/jdk1.8.0_101.jdk/Contents/Home/jre/lib/jfr.jar:/Library/Java/JavaVirtualMachines/jdk1.8.0_101.jdk/Contents/Home/jre/lib/jfxswt.jar:/Library/Java/JavaVirtualMachines/jdk1.8.0_101.jdk/Contents/Home/jre/lib/jsse.jar:/Library/Java/JavaVirtualMachines/jdk1.8.0_101.jdk/Contents/Home/jre/lib/management-agent.jar:/Library/Java/JavaVirtualMachines/jdk1.8.0_101.jdk/Contents/Home/jre/lib/plugin.jar:/Library/Java/JavaVirtualMachines/jdk1.8.0_101.jdk/Contents/Home/jre/lib/resources.jar:/Library/Java/JavaVirtualMachines/jdk1.8.0_101.jdk/Contents/Home/jre/lib/rt.jar:/Library/Java/JavaVirtualMachines/jdk1.8.0_101.jdk/Contents/Home/lib/ant-javafx.jar:/Library/Java/JavaVirtualMachines/jdk1.8.0_101.jdk/Contents/Home
Launcher Type: SUN_STANDARD

Environment Variables:
PATH=/usr/local/bin:/usr/bin:/bin:/usr/sbin:/sbin
SHELL=/bin/bash

Signal Handlers:
SIGSEGV: [libjvm.dylib+0x5af145], sa_mask[0]=11111111011111110111111111111111, sa_flags=SA_ONSTACK|SA_RESTART|SA_SIGINFO
SIGBUS: [libjvm.dylib+0x5af145], sa_mask[0]=11111111011111110111111111111111, sa_flags=SA_RESTART|SA_SIGINFO
SIGFPE: [libjvm.dylib+0x48694c], sa_mask[0]=11111111011111110111111111111111, sa_flags=SA_RESTART|SA_SIGINFO
SIGPIPE: [libjvm.dylib+0x48694c], sa_mask[0]=11111111011111110111111111111111, sa_flags=SA_RESTART|SA_SIGINFO
SIGXFSZ: [libjvm.dylib+0x48694c], sa_mask[0]=11111111011111110111111111111111, sa_flags=SA_RESTART|SA_SIGINFO
SIGILL: [libjvm.dylib+0x48694c], sa_mask[0]=11111111011111110111111111111111, sa_flags=SA_RESTART|SA_SIGINFO
SIGUSR1: SIG_DFL, sa_mask[0]=00000000000000000000000000000000, sa_flags=none
SIGUSR2: [libjvm.dylib+0x48646a], sa_mask[0]=00100000000000000000000000000000, sa_flags=SA_RESTART|SA_SIGINFO
SIGHUP: [libjvm.dylib+0x484a41], sa_mask[0]=11111111011111110111111111111111, sa_flags=SA_RESTART|SA_SIGINFO
SIGINT: [libjvm.dylib+0x484a41], sa_mask[0]=11111111011111110111111111111111, sa_flags=SA_RESTART|SA_SIGINFO
SIGTERM: [libjvm.dylib+0x484a41], sa_mask[0]=11111111011111110111111111111111, sa_flags=SA_RESTART|SA_SIGINFO
SIGQUIT: [libjvm.dylib+0x484a41], sa_mask[0]=11111111011111110111111111111111, sa_flags=SA_RESTART|SA_SIGINFO


---------------  S Y S T E M  ---------------

OS:Bsduname:Darwin 15.6.0 Darwin Kernel Version 15.6.0: Thu Jun 23 18:25:34 PDT 2016; root:xnu-3248.60.10~1/RELEASE_X86_64 x86_64
rlimit: STACK 8192k, CORE 0k, NPROC 709, NOFILE 10240, AS infinity
load average:2.05 1.96 2.03

CPU:total 4 (2 cores per cpu, 2 threads per core) family 6 model 61 stepping 4, cmov, cx8, fxsr, mmx, sse, sse2, sse3, ssse3, sse4.1, sse4.2, popcnt, avx, avx2, aes, clmul, erms, 3dnowpref, lzcnt, ht, tsc, tscinvbit, bmi1, bmi2, adx

Memory: 4k page, physical 8388608k(63292k free)

/proc/meminfo:


vm_info: Java HotSpot(TM) 64-Bit Server VM (25.101-b13) for bsd-amd64 JRE (1.8.0_101-b13), built on Jun 22 2016 02:42:15 by "java_re" with gcc 4.2.1 (Based on Apple Inc. build 5658) (LLVM build 2336.11.00)

time: Thu Apr 13 17:10:05 2017
elapsed time: 14 seconds (0d 0h 0m 14s)

