#
# A fatal error has been detected by the Java Runtime Environment:
#
#  SIGSEGV (0xb) at pc=0x00000000079a52bd, pid=1124, tid=0x0000000000010727
#
# JRE version: Java(TM) SE Runtime Environment (8.0_101-b13) (build 1.8.0_101-b13)
# Java VM: Java HotSpot(TM) 64-Bit Server VM (25.101-b13 mixed mode bsd-amd64 compressed oops)
# Problematic frame:
# C  0x00000000079a52bd
#
# Failed to write core dump. Core dumps have been disabled. To enable core dumping, try "ulimit -c unlimited" before starting Java again
#
# If you would like to submit a bug report, please visit:
#   http://bugreport.java.com/bugreport/crash.jsp
#

---------------  T H R E A D  ---------------

Current thread (0x00007ff04b13e800):  JavaThread "AWT-EventQueue-0" [_thread_in_Java, id=67367, stack(0x00007000018e8000,0x00007000019e8000)]

siginfo: si_signo: 11 (SIGSEGV), si_code: 1 (SEGV_MAPERR), si_addr: 0x00000000079a52bd

Registers:
RAX=0x00007fff7c151420, RBX=0x000000011b942ee8, RCX=0x0000000000000001, RDX=0x0000000105f05a00
RSP=0x00007000019e5201, RBP=0x00007000019e52c8, RSI=0x00007ff04fea2890, RDI=0x00000000079a52bd
R8 =0x0000000000000000, R9 =0x0000000000000000, R10=0x0000000000000000, R11=0x00007000019e5201
R12=0x0000000000000000, R13=0x000000011b942ee0, R14=0x00007000019e5280, R15=0x00007ff04b13e800
RIP=0x00000000079a52bd, EFLAGS=0x0000000000010206, ERR=0x0000000000000014
  TRAPNO=0x000000000000000e

Top of Stack: (sp=0x00007000019e5201)
0x00007000019e5201:   3000007000019e52 1000007000019e52
0x00007000019e5211:   0000007000019e52 8000000000000000
0x00007000019e5221:   2800007000019e52 00000000011b9441
0x00007000019e5231:   e800000000000000 00000000011b942e
0x00007000019e5241:   0100000000000000 c800007000019e52
0x00007000019e5251:   bd00007000019e52 0000000000079a52
0x00007000019e5261:   3800000000000000 0000000001079ae5
0x00007000019e5271:   b000000000000000 e80000000796fb64
0x00007000019e5281:   880000000796fb66 8300007000019e52
0x00007000019e5291:   e8000000011b942f 2800007000019e52
0x00007000019e52a1:   00000000011b9441 9800000000000000
0x00007000019e52b1:   70000000011b942f d800007000019e52
0x00007000019e52c1:   3000007000019e52 bd00007000019e53
0x00007000019e52d1:   0000000001079a52 b000000000000000
0x00007000019e52e1:   e80000000796fb64 f00000000796fb66
0x00007000019e52f1:   4600007000019e52 60000000011b942d
0x00007000019e5301:   2800007000019e53 00000000011b9441
0x00007000019e5311:   7000000000000000 d8000000011b942d
0x00007000019e5321:   5000007000019e52 a800007000019e53
0x00007000019e5331:   bd00007000019e53 0000000001079a52
0x00007000019e5341:   b000000000000000 000000000796fb64
0x00007000019e5351:   9000000000000000 e80000000796fb64
0x00007000019e5361:   680000000796fb66 3b00007000019e53
0x00007000019e5371:   c0000000011b942c 2800007000019e53
0x00007000019e5381:   00000000011b9441 5000000000000000
0x00007000019e5391:   50000000011b942c b800007000019e53
0x00007000019e53a1:   2000007000019e53 bd00007000019e54
0x00007000019e53b1:   9000000001079a52 e80000000796fb64
0x00007000019e53c1:   e80000000796fb66 d00000000796fb66
0x00007000019e53d1:   d00000000796fb66 e00000000796fb66
0x00007000019e53e1:   0a00007000019e53 90000000011bc0e6
0x00007000019e53f1:   7800007000019e54 00000000011bc0f5 

Instructions: (pc=0x00000000079a52bd)
0x00000000079a529d:   
[error occurred during error reporting (printing registers, top of stack, instructions near pc), id 0xb]

Register to memory mapping:

RAX=0x00007fff7c151420: _os_lock_type_spin+0 in /usr/lib/system/libsystem_platform.dylib at 0x00007fff901bb000
RBX={method} {0x000000011b942ee8} 'open0' '(Ljava/lang/String;Z)V' in 'java/io/FileOutputStream'
RCX=0x0000000000000001 is an unknown value
RDX=0x0000000105f05a00 is an unknown value
RSP=0x00007000019e5201 is pointing into the stack for thread: 0x00007ff04b13e800
RBP=0x00007000019e52c8 is pointing into the stack for thread: 0x00007ff04b13e800
RSI=0x00007ff04fea2890 is an unknown value
RDI=0x00000000079a52bd is an unknown value
R8 =0x0000000000000000 is an unknown value
R9 =0x0000000000000000 is an unknown value
R10=0x0000000000000000 is an unknown value
R11=0x00007000019e5201 is pointing into the stack for thread: 0x00007ff04b13e800
R12=0x0000000000000000 is an unknown value
R13=0x000000011b942ee0 is pointing into metadata
R14=0x00007000019e5280 is pointing into the stack for thread: 0x00007ff04b13e800
R15=0x00007ff04b13e800 is a thread


Stack: [0x00007000018e8000,0x00007000019e8000],  sp=0x00007000019e5201,  free space=1012k
Native frames: (J=compiled Java code, j=interpreted, Vv=VM code, C=native code)
C  0x00000000079a52bd
j  java.io.FileOutputStream.<init>(Ljava/io/File;Z)V+110
j  java.io.FileOutputStream.<init>(Ljava/io/File;)V+3
j  com.sciquizapp.sciquizserver.NetworkCommunication.SendQuestion(Lcom/sciquizapp/sciquizserver/Question;)V+562
j  com.sciquizapp.sciquizserver.ChooseDropActionDemo$4.actionPerformed(Ljava/awt/event/ActionEvent;)V+36
j  javax.swing.AbstractButton.fireActionPerformed(Ljava/awt/event/ActionEvent;)V+83
j  javax.swing.AbstractButton$Handler.actionPerformed(Ljava/awt/event/ActionEvent;)V+5
j  javax.swing.DefaultButtonModel.fireActionPerformed(Ljava/awt/event/ActionEvent;)V+34
j  javax.swing.DefaultButtonModel.setPressed(Z)V+117
j  javax.swing.plaf.basic.BasicButtonListener.mouseReleased(Ljava/awt/event/MouseEvent;)V+35
j  java.awt.Component.processMouseEvent(Ljava/awt/event/MouseEvent;)V+64
j  javax.swing.JComponent.processMouseEvent(Ljava/awt/event/MouseEvent;)V+23
j  java.awt.Component.processEvent(Ljava/awt/AWTEvent;)V+81
j  java.awt.Container.processEvent(Ljava/awt/AWTEvent;)V+18
J 1321 C1 java.awt.Component.dispatchEventImpl(Ljava/awt/AWTEvent;)V (883 bytes) @ 0x0000000107dcd01c [0x0000000107dc7920+0x56fc]
J 1169 C1 java.awt.Container.dispatchEventImpl(Ljava/awt/AWTEvent;)V (129 bytes) @ 0x0000000107d65b6c [0x0000000107d65a20+0x14c]
J 1153 C1 java.awt.Component.dispatchEvent(Ljava/awt/AWTEvent;)V (6 bytes) @ 0x0000000107d627c4 [0x0000000107d626c0+0x104]
j  java.awt.LightweightDispatcher.retargetMouseEvent(Ljava/awt/Component;ILjava/awt/event/MouseEvent;)V+327
j  java.awt.LightweightDispatcher.processMouseEvent(Ljava/awt/event/MouseEvent;)Z+155
J 1328 C1 java.awt.LightweightDispatcher.dispatchEvent(Ljava/awt/AWTEvent;)Z (73 bytes) @ 0x0000000107dd7a34 [0x0000000107dd7600+0x434]
J 1169 C1 java.awt.Container.dispatchEventImpl(Ljava/awt/AWTEvent;)V (129 bytes) @ 0x0000000107d65b0c [0x0000000107d65a20+0xec]
j  java.awt.Window.dispatchEventImpl(Ljava/awt/AWTEvent;)V+19
J 1201 C1 java.awt.EventQueue.dispatchEventImpl(Ljava/awt/AWTEvent;Ljava/lang/Object;)V (149 bytes) @ 0x0000000107b515e4 [0x0000000107b4fd80+0x1864]
J 1199 C1 java.awt.EventQueue$3.run()Ljava/lang/Void; (60 bytes) @ 0x0000000107aa8494 [0x0000000107aa8280+0x214]
J 1198 C1 java.awt.EventQueue$3.run()Ljava/lang/Object; (5 bytes) @ 0x0000000107aa92bc [0x0000000107aa9240+0x7c]
v  ~StubRoutines::call_stub
V  [libjvm.dylib+0x2ecf06]
V  [libjvm.dylib+0x34d69c]
J 794  java.security.AccessController.doPrivileged(Ljava/security/PrivilegedAction;Ljava/security/AccessControlContext;)Ljava/lang/Object; (0 bytes) @ 0x0000000107c7f255 [0x0000000107c7f180+0xd5]
J 939 C1 java.awt.EventQueue$4.run()Ljava/lang/Object; (5 bytes) @ 0x0000000107ccc6ac [0x0000000107ccc280+0x42c]
v  ~StubRoutines::call_stub
V  [libjvm.dylib+0x2ecf06]
V  [libjvm.dylib+0x34d69c]
J 794  java.security.AccessController.doPrivileged(Ljava/security/PrivilegedAction;Ljava/security/AccessControlContext;)Ljava/lang/Object; (0 bytes) @ 0x0000000107c7f255 [0x0000000107c7f180+0xd5]
J 1125 C1 java.awt.EventQueue.dispatchEvent(Ljava/awt/AWTEvent;)V (80 bytes) @ 0x0000000107d4f4b4 [0x0000000107d4e600+0xeb4]
J 1128 C1 java.awt.EventDispatchThread.pumpOneEventForFilters(I)V (295 bytes) @ 0x0000000107d4b47c [0x0000000107d49900+0x1b7c]
j  java.awt.EventDispatchThread.pumpEventsForFilter(ILjava/awt/Conditional;Ljava/awt/EventFilter;)V+35
j  java.awt.EventDispatchThread.pumpEventsForHierarchy(ILjava/awt/Conditional;Ljava/awt/Component;)V+11
j  java.awt.EventDispatchThread.pumpEvents(ILjava/awt/Conditional;)V+4
j  java.awt.EventDispatchThread.pumpEvents(Ljava/awt/Conditional;)V+3
j  java.awt.EventDispatchThread.run()V+9
v  ~StubRoutines::call_stub
V  [libjvm.dylib+0x2ecf06]
V  [libjvm.dylib+0x2ed694]
V  [libjvm.dylib+0x2ed840]
V  [libjvm.dylib+0x348029]
V  [libjvm.dylib+0x5695ab]
V  [libjvm.dylib+0x56ac98]
V  [libjvm.dylib+0x48933a]
C  [libsystem_pthread.dylib+0x399d]  _pthread_body+0x83
C  [libsystem_pthread.dylib+0x391a]  _pthread_body+0x0
C  [libsystem_pthread.dylib+0x1351]  thread_start+0xd
C  0x0000000000000000


---------------  P R O C E S S  ---------------

Java Threads: ( => current thread )
  0x00007ff04c06b800 JavaThread "Thread-3" [_thread_in_vm, id=48687, stack(0x0000700001456000,0x0000700001556000)]
  0x00007ff04b447800 JavaThread "TimerQueue" daemon [_thread_blocked, id=71587, stack(0x0000700001a6e000,0x0000700001b6e000)]
  0x00007ff04baae800 JavaThread "DestroyJavaVM" [_thread_blocked, id=6403, stack(0x000070000011a000,0x000070000021a000)]
=>0x00007ff04b13e800 JavaThread "AWT-EventQueue-0" [_thread_in_Java, id=67367, stack(0x00007000018e8000,0x00007000019e8000)]
  0x00007ff04b21e800 JavaThread "AWT-Shutdown" [_thread_blocked, id=65035, stack(0x000070000155c000,0x000070000165c000)]
  0x00007ff04c1ec000 JavaThread "Java2D Disposer" daemon [_thread_blocked, id=62743, stack(0x00007000017e5000,0x00007000018e5000)]
  0x00007ff04a93b000 JavaThread "Java2D Queue Flusher" daemon [_thread_blocked, id=61703, stack(0x00007000016e2000,0x00007000017e2000)]
  0x00007ff04b164000 JavaThread "AppKit Thread" daemon [_thread_in_native, id=2571, stack(0x00007fff59519000,0x00007fff59d19000)]
  0x00007ff04c074000 JavaThread "BluecoveAsynchronousShutdownThread" daemon [_thread_blocked, id=21763, stack(0x0000700001353000,0x0000700001453000)]
  0x00007ff04b926800 JavaThread "Abandoned connection cleanup thread" daemon [_thread_blocked, id=20995, stack(0x0000700001250000,0x0000700001350000)]
  0x00007ff04b08d800 JavaThread "Thread-0" [_thread_in_native, id=20483, stack(0x000070000114d000,0x000070000124d000)]
  0x00007ff04c08a000 JavaThread "Monitor Ctrl-Break" daemon [_thread_in_native, id=19971, stack(0x000070000104a000,0x000070000114a000)]
  0x00007ff04b813000 JavaThread "Service Thread" daemon [_thread_blocked, id=18947, stack(0x0000700000e44000,0x0000700000f44000)]
  0x00007ff04b001000 JavaThread "C1 CompilerThread2" daemon [_thread_blocked, id=18435, stack(0x0000700000d41000,0x0000700000e41000)]
  0x00007ff04b812000 JavaThread "C2 CompilerThread1" daemon [_thread_blocked, id=17923, stack(0x0000700000c3e000,0x0000700000d3e000)]
  0x00007ff04b039800 JavaThread "C2 CompilerThread0" daemon [_thread_blocked, id=17411, stack(0x0000700000b3b000,0x0000700000c3b000)]
  0x00007ff04a830000 JavaThread "Signal Dispatcher" daemon [_thread_blocked, id=14859, stack(0x0000700000a38000,0x0000700000b38000)]
  0x00007ff04a80f800 JavaThread "Finalizer" daemon [_thread_blocked, id=12803, stack(0x000070000082f000,0x000070000092f000)]
  0x00007ff04b822000 JavaThread "Reference Handler" daemon [_thread_blocked, id=12291, stack(0x000070000072c000,0x000070000082c000)]

Other Threads:
  0x00007ff04b821800 VMThread [stack: 0x0000700000629000,0x0000700000729000] [id=11779]
  0x00007ff04b03a800 WatcherThread [stack: 0x0000700000f47000,0x0000700001047000] [id=19459]

VM state:not at safepoint (normal execution)

VM Mutex/Monitor currently owned by a thread: None

Heap:
 PSYoungGen      total 38400K, used 27288K [0x0000000795580000, 0x0000000798000000, 0x00000007c0000000)
  eden space 33280K, 81% used [0x0000000795580000,0x0000000797026158,0x0000000797600000)
  from space 5120K, 0% used [0x0000000797b00000,0x0000000797b00000,0x0000000798000000)
  to   space 5120K, 0% used [0x0000000797600000,0x0000000797600000,0x0000000797b00000)
 ParOldGen       total 87552K, used 0K [0x0000000740000000, 0x0000000745580000, 0x0000000795580000)
  object space 87552K, 0% used [0x0000000740000000,0x0000000740000000,0x0000000745580000)
 Metaspace       used 15766K, capacity 15946K, committed 16128K, reserved 1062912K
  class space    used 1980K, capacity 2046K, committed 2048K, reserved 1048576K

Card table byte_map: [0x0000000116d5d000,0x000000011715e000] byte_map_base: 0x000000011335d000

Marking Bits: (ParMarkBitMap*) 0x00000001072edd20
 Begin Bits: [0x0000000117409000, 0x0000000119409000)
 End Bits:   [0x0000000119409000, 0x000000011b409000)

Polling page: 0x00000001061aa000

CodeCache: size=245760Kb used=4343Kb max_used=4343Kb free=241416Kb
 bounds [0x000000010799d000, 0x0000000107ddd000, 0x000000011699d000]
 total_blobs=1867 nmethods=1286 adapters=494
 compilation: enabled

Compilation events (10 events):
Event: 62.988 Thread 0x00007ff04b001000 1332       3       java.lang.invoke.LambdaForm$MH/1496724653::identity_L (8 bytes)
Event: 62.988 Thread 0x00007ff04b001000 nmethod 1332 0x0000000107dd9e50 code [0x0000000107dd9fc0, 0x0000000107dda230]
Event: 62.990 Thread 0x00007ff04b001000 1333       3       java.awt.Component::getGraphics (124 bytes)
Event: 62.991 Thread 0x00007ff04b001000 nmethod 1333 0x0000000107dda310 code [0x0000000107dda540, 0x0000000107ddb3c8]
Event: 62.991 Thread 0x00007ff04b001000 1336       3       java.awt.Image$1::getSurfaceManager (5 bytes)
Event: 62.991 Thread 0x00007ff04b001000 nmethod 1336 0x0000000107ddb710 code [0x0000000107ddb880, 0x0000000107ddb9d0]
Event: 62.991 Thread 0x00007ff04b001000 1334       3       sun.java2d.SunGraphics2D::setComposite (223 bytes)
Event: 62.993 Thread 0x00007ff04b001000 nmethod 1334 0x0000000107ddba90 code [0x0000000107ddbcc0, 0x0000000107ddcaa8]
Event: 62.993 Thread 0x00007ff04b001000 1335       1       sun.java2d.SunGraphics2D::getBackground (5 bytes)
Event: 62.993 Thread 0x00007ff04b001000 nmethod 1335 0x0000000107ddcd10 code [0x0000000107ddce60, 0x0000000107ddcf70]

GC Heap History (0 events):
No events

Deoptimization events (9 events):
Event: 1.903 Thread 0x00007ff04b00a800 Uncommon trap: reason=unstable_if action=reinterpret pc=0x0000000107b41c28 method=org.sqlite.SQLiteJDBCLoader.contentsEquals(Ljava/io/InputStream;Ljava/io/InputStream;)Z @ 39
Event: 3.254 Thread 0x00007ff04b00a800 Uncommon trap: reason=unstable_if action=reinterpret pc=0x0000000107b50014 method=sun.misc.MetaIndex.mayContain(Ljava/lang/String;)Z @ 38
Event: 7.724 Thread 0x00007ff04b00a800 Uncommon trap: reason=class_check action=maybe_recompile pc=0x0000000107b88758 method=java.lang.String.equals(Ljava/lang/Object;)Z @ 8
Event: 7.724 Thread 0x00007ff04b00a800 Uncommon trap: reason=class_check action=maybe_recompile pc=0x0000000107b88758 method=java.lang.String.equals(Ljava/lang/Object;)Z @ 8
Event: 7.724 Thread 0x00007ff04b00a800 Uncommon trap: reason=class_check action=maybe_recompile pc=0x0000000107b88758 method=java.lang.String.equals(Ljava/lang/Object;)Z @ 8
Event: 7.724 Thread 0x00007ff04b00a800 Uncommon trap: reason=class_check action=maybe_recompile pc=0x0000000107b88758 method=java.lang.String.equals(Ljava/lang/Object;)Z @ 8
Event: 9.766 Thread 0x00007ff04b13e800 Uncommon trap: reason=unstable_if action=reinterpret pc=0x0000000107c3c5dc method=java.util.HashMap.getNode(ILjava/lang/Object;)Ljava/util/HashMap$Node; @ 62
Event: 9.773 Thread 0x00007ff04b13e800 Uncommon trap: reason=unstable_if action=reinterpret pc=0x0000000107c236ec method=java.util.HashMap.getNode(ILjava/lang/Object;)Ljava/util/HashMap$Node; @ 62
Event: 10.909 Thread 0x00007ff04b13e800 Uncommon trap: reason=unstable_if action=reinterpret pc=0x0000000107d34214 method=sun.awt.image.OffScreenImageSource.sendPixels()V @ 663

Internal exceptions (10 events):
Event: 0.936 Thread 0x00007ff04b00a800 Exception <a 'java/security/PrivilegedActionException'> (0x000000079573bc10) thrown at [/HUDSON3/workspace/8-2-build-macosx-x86_64/jdk8u101/7261/hotspot/src/share/vm/prims/jvm.cpp, line 1386]
Event: 0.936 Thread 0x00007ff04b00a800 Exception <a 'java/security/PrivilegedActionException'> (0x000000079573c008) thrown at [/HUDSON3/workspace/8-2-build-macosx-x86_64/jdk8u101/7261/hotspot/src/share/vm/prims/jvm.cpp, line 1386]
Event: 0.937 Thread 0x00007ff04b00a800 Exception <a 'java/security/PrivilegedActionException'> (0x000000079573f4f8) thrown at [/HUDSON3/workspace/8-2-build-macosx-x86_64/jdk8u101/7261/hotspot/src/share/vm/prims/jvm.cpp, line 1386]
Event: 0.937 Thread 0x00007ff04b00a800 Exception <a 'java/security/PrivilegedActionException'> (0x000000079573f8f0) thrown at [/HUDSON3/workspace/8-2-build-macosx-x86_64/jdk8u101/7261/hotspot/src/share/vm/prims/jvm.cpp, line 1386]
Event: 0.964 Thread 0x00007ff04b08d800 Exception <a 'java/lang/NoClassDefFoundError': org/apache/log4j/Category> (0x00000007958c7bf0) thrown at [/HUDSON3/workspace/8-2-build-macosx-x86_64/jdk8u101/7261/hotspot/src/share/vm/classfile/systemDictionary.cpp, line 199]
Event: 0.993 Thread 0x00007ff04b08d800 Exception <a 'java/lang/UnsatisfiedLinkError': com.intel.bluetooth.BluetoothStackOSX.isNativeCodeLoaded()Z> (0x000000079591c598) thrown at [/HUDSON3/workspace/8-2-build-macosx-x86_64/jdk8u101/7261/hotspot/src/share/vm/prims/nativeLookup.cpp, line 378]
Event: 2.369 Thread 0x00007ff04b00a800 Exception <a 'java/lang/NoSuchFieldError': method resolution failed> (0x0000000795dc7a10) thrown at [/HUDSON3/workspace/8-2-build-macosx-x86_64/jdk8u101/7261/hotspot/src/share/vm/prims/methodHandles.cpp, line 1146]
Event: 2.374 Thread 0x00007ff04b00a800 Exception <a 'java/lang/NoSuchFieldError': method resolution failed> (0x0000000795dd50d0) thrown at [/HUDSON3/workspace/8-2-build-macosx-x86_64/jdk8u101/7261/hotspot/src/share/vm/prims/methodHandles.cpp, line 1146]
Event: 2.868 Thread 0x00007ff04b00a800 Exception <a 'java/io/FileNotFoundException'> (0x0000000795e4fde0) thrown at [/HUDSON3/workspace/8-2-build-macosx-x86_64/jdk8u101/7261/hotspot/src/share/vm/prims/jni.cpp, line 709]
Event: 2.868 Thread 0x00007ff04b00a800 Exception <a 'java/io/FileNotFoundException'> (0x0000000795e50988) thrown at [/HUDSON3/workspace/8-2-build-macosx-x86_64/jdk8u101/7261/hotspot/src/share/vm/prims/jni.cpp, line 709]

Events (10 events):
Event: 59.888 loading class com/intel/bluetooth/BluetoothRFCommInputStream done
Event: 59.890 loading class com/intel/bluetooth/WeakVectorFactory
Event: 59.890 loading class com/intel/bluetooth/WeakVectorFactory done
Event: 59.894 loading class com/intel/bluetooth/WeakVectorFactory$WeakVector
Event: 59.894 loading class com/intel/bluetooth/WeakVectorFactory$WeakVector done
Event: 59.895 loading class com/intel/bluetooth/WeakVectorFactory$WeakVectorOnWeakHashMapImpl
Event: 59.895 loading class com/intel/bluetooth/WeakVectorFactory$WeakVectorOnWeakHashMapImpl done
Event: 59.896 Thread 0x00007ff04c06b800 Thread added: 0x00007ff04c06b800
Event: 59.896 Executing VM operation: RevokeBias
Event: 59.896 Executing VM operation: RevokeBias done


Dynamic libraries:
0x000000000b271000 	/System/Library/Frameworks/Cocoa.framework/Versions/A/Cocoa
0x000000000b271000 	/System/Library/Frameworks/Security.framework/Versions/A/Security
0x000000000b271000 	/System/Library/Frameworks/ApplicationServices.framework/Versions/A/ApplicationServices
0x000000000b271000 	/usr/lib/libz.1.dylib
0x000000000b271000 	/usr/lib/libSystem.B.dylib
0x000000000b271000 	/usr/lib/libobjc.A.dylib
0x000000000b271000 	/System/Library/Frameworks/CoreFoundation.framework/Versions/A/CoreFoundation
0x000000000b271000 	/System/Library/Frameworks/Foundation.framework/Versions/C/Foundation
0x000000000b271000 	/System/Library/Frameworks/AppKit.framework/Versions/C/AppKit
0x000000000b271000 	/System/Library/Frameworks/CoreData.framework/Versions/A/CoreData
0x000000000b271000 	/System/Library/PrivateFrameworks/RemoteViewServices.framework/Versions/A/RemoteViewServices
0x000000000b271000 	/System/Library/PrivateFrameworks/UIFoundation.framework/Versions/A/UIFoundation
0x000000000b271000 	/usr/lib/libScreenReader.dylib
0x000000000b271000 	/System/Library/Frameworks/Accelerate.framework/Versions/A/Accelerate
0x000000000b271000 	/System/Library/Frameworks/IOSurface.framework/Versions/A/IOSurface
0x000000000b271000 	/System/Library/Frameworks/AudioToolbox.framework/Versions/A/AudioToolbox
0x000000000b271000 	/System/Library/Frameworks/AudioUnit.framework/Versions/A/AudioUnit
0x000000000b271000 	/System/Library/PrivateFrameworks/DataDetectorsCore.framework/Versions/A/DataDetectorsCore
0x000000000b271000 	/System/Library/PrivateFrameworks/DesktopServicesPriv.framework/Versions/A/DesktopServicesPriv
0x000000000b271000 	/System/Library/Frameworks/Carbon.framework/Versions/A/Frameworks/HIToolbox.framework/Versions/A/HIToolbox
0x000000000b271000 	/System/Library/Frameworks/QuartzCore.framework/Versions/A/QuartzCore
0x000000000b271000 	/System/Library/Frameworks/Carbon.framework/Versions/A/Frameworks/SpeechRecognition.framework/Versions/A/SpeechRecognition
0x000000000b271000 	/usr/lib/libauto.dylib
0x000000000b271000 	/usr/lib/libicucore.A.dylib
0x000000000b271000 	/usr/lib/libxml2.2.dylib
0x000000000b271000 	/System/Library/PrivateFrameworks/CoreUI.framework/Versions/A/CoreUI
0x000000000b271000 	/System/Library/Frameworks/CoreAudio.framework/Versions/A/CoreAudio
0x000000000b271000 	/System/Library/Frameworks/DiskArbitration.framework/Versions/A/DiskArbitration
0x000000000b271000 	/usr/lib/liblangid.dylib
0x000000000b271000 	/System/Library/PrivateFrameworks/MultitouchSupport.framework/Versions/A/MultitouchSupport
0x000000000b271000 	/System/Library/Frameworks/IOKit.framework/Versions/A/IOKit
0x000000000b271000 	/usr/lib/libDiagnosticMessagesClient.dylib
0x000000000b271000 	/System/Library/Frameworks/CoreServices.framework/Versions/A/CoreServices
0x000000000b271000 	/System/Library/PrivateFrameworks/PerformanceAnalysis.framework/Versions/A/PerformanceAnalysis
0x000000000b271000 	/System/Library/PrivateFrameworks/GenerationalStorage.framework/Versions/A/GenerationalStorage
0x000000000b271000 	/System/Library/Frameworks/OpenGL.framework/Versions/A/OpenGL
0x000000000b271000 	/System/Library/PrivateFrameworks/Sharing.framework/Versions/A/Sharing
0x000000000b271000 	/System/Library/Frameworks/CoreGraphics.framework/Versions/A/CoreGraphics
0x000000000b271000 	/System/Library/Frameworks/CoreImage.framework/Versions/A/CoreImage
0x000000000b271000 	/System/Library/Frameworks/CoreText.framework/Versions/A/CoreText
0x000000000b271000 	/System/Library/Frameworks/ImageIO.framework/Versions/A/ImageIO
0x000000000b271000 	/System/Library/PrivateFrameworks/Backup.framework/Versions/A/Backup
0x000000000b271000 	/usr/lib/libextension.dylib
0x000000000b271000 	/usr/lib/libarchive.2.dylib
0x000000000b271000 	/System/Library/Frameworks/CFNetwork.framework/Versions/A/CFNetwork
0x000000000b271000 	/System/Library/Frameworks/SystemConfiguration.framework/Versions/A/SystemConfiguration
0x000000000b271000 	/usr/lib/libCRFSuite.dylib
0x000000000b271000 	/usr/lib/libc++.1.dylib
0x000000000b271000 	/usr/lib/libc++abi.dylib
0x000000000b271000 	/usr/lib/system/libcache.dylib
0x000000000b271000 	/usr/lib/system/libcommonCrypto.dylib
0x000000000b271000 	/usr/lib/system/libcompiler_rt.dylib
0x000000000b271000 	/usr/lib/system/libcopyfile.dylib
0x000000000b271000 	/usr/lib/system/libcorecrypto.dylib
0x000000000b271000 	/usr/lib/system/libdispatch.dylib
0x000000000b271000 	/usr/lib/system/libdyld.dylib
0x000000000b271000 	/usr/lib/system/libkeymgr.dylib
0x000000000b271000 	/usr/lib/system/liblaunch.dylib
0x000000000b271000 	/usr/lib/system/libmacho.dylib
0x000000000b271000 	/usr/lib/system/libquarantine.dylib
0x000000000b271000 	/usr/lib/system/libremovefile.dylib
0x000000000b271000 	/usr/lib/system/libsystem_asl.dylib
0x000000000b271000 	/usr/lib/system/libsystem_blocks.dylib
0x000000000b271000 	/usr/lib/system/libsystem_c.dylib
0x000000000b271000 	/usr/lib/system/libsystem_configuration.dylib
0x000000000b271000 	/usr/lib/system/libsystem_coreservices.dylib
0x000000000b271000 	/usr/lib/system/libsystem_coretls.dylib
0x000000000b271000 	/usr/lib/system/libsystem_dnssd.dylib
0x000000000b271000 	/usr/lib/system/libsystem_info.dylib
0x000000000b271000 	/usr/lib/system/libsystem_kernel.dylib
0x000000000b271000 	/usr/lib/system/libsystem_m.dylib
0x000000000b271000 	/usr/lib/system/libsystem_malloc.dylib
0x000000000b271000 	/usr/lib/system/libsystem_network.dylib
0x000000000b271000 	/usr/lib/system/libsystem_networkextension.dylib
0x000000000b271000 	/usr/lib/system/libsystem_notify.dylib
0x000000000b271000 	/usr/lib/system/libsystem_platform.dylib
0x000000000b271000 	/usr/lib/system/libsystem_pthread.dylib
0x000000000b271000 	/usr/lib/system/libsystem_sandbox.dylib
0x000000000b271000 	/usr/lib/system/libsystem_secinit.dylib
0x000000000b271000 	/usr/lib/system/libsystem_trace.dylib
0x000000000b271000 	/usr/lib/system/libunc.dylib
0x000000000b271000 	/usr/lib/system/libunwind.dylib
0x000000000b271000 	/usr/lib/system/libxpc.dylib
0x000000000b271000 	/usr/lib/libenergytrace.dylib
0x000000000b271000 	/usr/lib/libbsm.0.dylib
0x000000000b271000 	/usr/lib/system/libkxld.dylib
0x000000000b271000 	/usr/lib/libxar.1.dylib
0x000000000b271000 	/usr/lib/libsqlite3.dylib
0x000000000b271000 	/usr/lib/libpam.2.dylib
0x000000000b271000 	/usr/lib/libOpenScriptingUtil.dylib
0x000000000b271000 	/usr/lib/libbz2.1.0.dylib
0x000000000b271000 	/usr/lib/liblzma.5.dylib
0x000000000b271000 	/System/Library/Frameworks/CoreServices.framework/Versions/A/Frameworks/FSEvents.framework/Versions/A/FSEvents
0x000000000b271000 	/System/Library/Frameworks/CoreServices.framework/Versions/A/Frameworks/CarbonCore.framework/Versions/A/CarbonCore
0x000000000b271000 	/System/Library/Frameworks/CoreServices.framework/Versions/A/Frameworks/Metadata.framework/Versions/A/Metadata
0x000000000b271000 	/System/Library/Frameworks/CoreServices.framework/Versions/A/Frameworks/OSServices.framework/Versions/A/OSServices
0x000000000b271000 	/System/Library/Frameworks/CoreServices.framework/Versions/A/Frameworks/SearchKit.framework/Versions/A/SearchKit
0x000000000b271000 	/System/Library/Frameworks/CoreServices.framework/Versions/A/Frameworks/AE.framework/Versions/A/AE
0x000000000b271000 	/System/Library/Frameworks/CoreServices.framework/Versions/A/Frameworks/LaunchServices.framework/Versions/A/LaunchServices
0x000000000b271000 	/System/Library/Frameworks/CoreServices.framework/Versions/A/Frameworks/DictionaryServices.framework/Versions/A/DictionaryServices
0x000000000b271000 	/System/Library/Frameworks/CoreServices.framework/Versions/A/Frameworks/SharedFileList.framework/Versions/A/SharedFileList
0x000000000b271000 	/System/Library/Frameworks/NetFS.framework/Versions/A/NetFS
0x000000000b271000 	/System/Library/PrivateFrameworks/NetAuth.framework/Versions/A/NetAuth
0x000000000b271000 	/System/Library/PrivateFrameworks/login.framework/Versions/A/Frameworks/loginsupport.framework/Versions/A/loginsupport
0x000000000b271000 	/System/Library/PrivateFrameworks/TCC.framework/Versions/A/TCC
0x000000000b271000 	/usr/lib/libmecabra.dylib
0x000000000b271000 	/System/Library/Frameworks/ApplicationServices.framework/Versions/A/Frameworks/ATS.framework/Versions/A/ATS
0x000000000b271000 	/System/Library/Frameworks/ApplicationServices.framework/Versions/A/Frameworks/ColorSync.framework/Versions/A/ColorSync
0x000000000b271000 	/System/Library/Frameworks/ApplicationServices.framework/Versions/A/Frameworks/HIServices.framework/Versions/A/HIServices
0x000000000b271000 	/System/Library/Frameworks/ApplicationServices.framework/Versions/A/Frameworks/LangAnalysis.framework/Versions/A/LangAnalysis
0x000000000b271000 	/System/Library/Frameworks/ApplicationServices.framework/Versions/A/Frameworks/PrintCore.framework/Versions/A/PrintCore
0x000000000b271000 	/System/Library/Frameworks/ApplicationServices.framework/Versions/A/Frameworks/QD.framework/Versions/A/QD
0x000000000b271000 	/System/Library/Frameworks/ApplicationServices.framework/Versions/A/Frameworks/SpeechSynthesis.framework/Versions/A/SpeechSynthesis
0x000000000b271000 	/System/Library/Frameworks/Metal.framework/Versions/A/Metal
0x000000000b271000 	/System/Library/Frameworks/Accelerate.framework/Versions/A/Frameworks/vImage.framework/Versions/A/vImage
0x000000000b271000 	/System/Library/Frameworks/Accelerate.framework/Versions/A/Frameworks/vecLib.framework/Versions/A/vecLib
0x000000000b271000 	/System/Library/Frameworks/Accelerate.framework/Versions/A/Frameworks/vecLib.framework/Versions/A/libvDSP.dylib
0x000000000b271000 	/System/Library/Frameworks/Accelerate.framework/Versions/A/Frameworks/vecLib.framework/Versions/A/libvMisc.dylib
0x000000000b271000 	/System/Library/Frameworks/Accelerate.framework/Versions/A/Frameworks/vecLib.framework/Versions/A/libLAPACK.dylib
0x000000000b271000 	/System/Library/Frameworks/Accelerate.framework/Versions/A/Frameworks/vecLib.framework/Versions/A/libBLAS.dylib
0x000000000b271000 	/System/Library/Frameworks/Accelerate.framework/Versions/A/Frameworks/vecLib.framework/Versions/A/libLinearAlgebra.dylib
0x000000000b271000 	/System/Library/Frameworks/Accelerate.framework/Versions/A/Frameworks/vecLib.framework/Versions/A/libSparseBLAS.dylib
0x000000000b271000 	/System/Library/PrivateFrameworks/GPUCompiler.framework/libmetal_timestamp.dylib
0x000000000b271000 	/System/Library/Frameworks/OpenGL.framework/Versions/A/Libraries/libCoreFSCache.dylib
0x000000000b271000 	/System/Library/PrivateFrameworks/IOAccelerator.framework/Versions/A/IOAccelerator
0x000000000b271000 	/System/Library/Frameworks/ApplicationServices.framework/Versions/A/Frameworks/ATS.framework/Versions/A/Resources/libFontParser.dylib
0x000000000b271000 	/System/Library/Frameworks/ApplicationServices.framework/Versions/A/Frameworks/ATS.framework/Versions/A/Resources/libFontRegistry.dylib
0x000000000b271000 	/System/Library/PrivateFrameworks/AppleVPA.framework/Versions/A/AppleVPA
0x000000000b271000 	/System/Library/PrivateFrameworks/AppleJPEG.framework/Versions/A/AppleJPEG
0x000000000b271000 	/System/Library/Frameworks/ImageIO.framework/Versions/A/Resources/libJPEG.dylib
0x000000000b271000 	/System/Library/Frameworks/ImageIO.framework/Versions/A/Resources/libTIFF.dylib
0x000000000b271000 	/System/Library/Frameworks/ImageIO.framework/Versions/A/Resources/libPng.dylib
0x000000000b271000 	/System/Library/Frameworks/ImageIO.framework/Versions/A/Resources/libGIF.dylib
0x000000000b271000 	/System/Library/Frameworks/ImageIO.framework/Versions/A/Resources/libJP2.dylib
0x000000000b271000 	/System/Library/Frameworks/ImageIO.framework/Versions/A/Resources/libRadiance.dylib
0x000000000b271000 	/System/Library/Frameworks/CoreVideo.framework/Versions/A/CoreVideo
0x000000000b271000 	/System/Library/Frameworks/OpenGL.framework/Versions/A/Libraries/libGLU.dylib
0x000000000b271000 	/System/Library/Frameworks/OpenGL.framework/Versions/A/Libraries/libGFXShared.dylib
0x000000000b271000 	/System/Library/Frameworks/OpenGL.framework/Versions/A/Libraries/libGL.dylib
0x000000000b271000 	/System/Library/Frameworks/OpenGL.framework/Versions/A/Libraries/libGLImage.dylib
0x000000000b271000 	/System/Library/Frameworks/OpenGL.framework/Versions/A/Libraries/libCVMSPluginSupport.dylib
0x000000000b271000 	/System/Library/Frameworks/OpenGL.framework/Versions/A/Libraries/libCoreVMClient.dylib
0x000000000b271000 	/usr/lib/libcompression.dylib
0x000000000b271000 	/usr/lib/libcups.2.dylib
0x000000000b271000 	/System/Library/Frameworks/Kerberos.framework/Versions/A/Kerberos
0x000000000b271000 	/System/Library/Frameworks/GSS.framework/Versions/A/GSS
0x000000000b271000 	/usr/lib/libresolv.9.dylib
0x000000000b271000 	/usr/lib/libiconv.2.dylib
0x000000000b271000 	/System/Library/PrivateFrameworks/Heimdal.framework/Versions/A/Heimdal
0x000000000b271000 	/usr/lib/libheimdal-asn1.dylib
0x000000000b271000 	/System/Library/Frameworks/OpenDirectory.framework/Versions/A/OpenDirectory
0x000000000b271000 	/System/Library/PrivateFrameworks/CommonAuth.framework/Versions/A/CommonAuth
0x000000000b271000 	/System/Library/Frameworks/OpenDirectory.framework/Versions/A/Frameworks/CFOpenDirectory.framework/Versions/A/CFOpenDirectory
0x000000000b271000 	/System/Library/Frameworks/SecurityFoundation.framework/Versions/A/SecurityFoundation
0x000000000b271000 	/System/Library/PrivateFrameworks/LanguageModeling.framework/Versions/A/LanguageModeling
0x000000000b271000 	/usr/lib/libmarisa.dylib
0x000000000b271000 	/usr/lib/libChineseTokenizer.dylib
0x000000000b271000 	/usr/lib/libcmph.dylib
0x000000000b271000 	/System/Library/Frameworks/ServiceManagement.framework/Versions/A/ServiceManagement
0x000000000b271000 	/usr/lib/libxslt.1.dylib
0x000000000b271000 	/System/Library/Frameworks/Carbon.framework/Versions/A/Frameworks/Ink.framework/Versions/A/Ink
0x000000000b271000 	/usr/lib/libFosl_dynamic.dylib
0x000000000b271000 	/System/Library/PrivateFrameworks/FaceCore.framework/Versions/A/FaceCore
0x000000000b271000 	/System/Library/Frameworks/OpenCL.framework/Versions/A/OpenCL
0x000000000b271000 	/System/Library/PrivateFrameworks/CrashReporterSupport.framework/Versions/A/CrashReporterSupport
0x000000000b271000 	/System/Library/PrivateFrameworks/IconServices.framework/Versions/A/IconServices
0x000000000b271000 	/System/Library/PrivateFrameworks/Apple80211.framework/Versions/A/Apple80211
0x000000000b271000 	/System/Library/Frameworks/CoreWLAN.framework/Versions/A/CoreWLAN
0x000000000b271000 	/System/Library/Frameworks/IOBluetooth.framework/Versions/A/IOBluetooth
0x000000000b271000 	/System/Library/PrivateFrameworks/CoreWiFi.framework/Versions/A/CoreWiFi
0x000000000b271000 	/System/Library/Frameworks/CoreBluetooth.framework/Versions/A/CoreBluetooth
0x000000000b271000 	/System/Library/PrivateFrameworks/ChunkingLibrary.framework/Versions/A/ChunkingLibrary
0x000000000b271000 	/System/Library/PrivateFrameworks/DebugSymbols.framework/Versions/A/DebugSymbols
0x000000000b271000 	/System/Library/PrivateFrameworks/CoreSymbolication.framework/Versions/A/CoreSymbolication
0x000000000b271000 	/System/Library/PrivateFrameworks/Symbolication.framework/Versions/A/Symbolication
0x000000000b271000 	/System/Library/PrivateFrameworks/SpeechRecognitionCore.framework/Versions/A/SpeechRecognitionCore
0x0000000106a00000 	/Library/Java/JavaVirtualMachines/jdk1.8.0_101.jdk/Contents/Home/jre/lib/server/libjvm.dylib
0x000000000b271000 	/usr/lib/libstdc++.6.dylib
0x0000000106167000 	/Library/Java/JavaVirtualMachines/jdk1.8.0_101.jdk/Contents/Home/jre/lib/libverify.dylib
0x0000000106175000 	/Library/Java/JavaVirtualMachines/jdk1.8.0_101.jdk/Contents/Home/jre/lib/libjava.dylib
0x00000001061b4000 	/Library/Java/JavaVirtualMachines/jdk1.8.0_101.jdk/Contents/Home/jre/lib/libzip.dylib
0x000000011d2d8000 	/System/Library/Frameworks/JavaVM.framework/Frameworks/JavaRuntimeSupport.framework/JavaRuntimeSupport
0x00000001061e6000 	/System/Library/Frameworks/JavaVM.framework/Versions/A/Frameworks/JavaNativeFoundation.framework/Versions/A/JavaNativeFoundation
0x000000011d2f3000 	/System/Library/Frameworks/JavaVM.framework/Versions/A/JavaVM
0x000000000b271000 	/System/Library/Frameworks/Carbon.framework/Versions/A/Carbon
0x000000011d300000 	/System/Library/PrivateFrameworks/JavaLaunching.framework/Versions/A/JavaLaunching
0x000000000b271000 	/System/Library/Frameworks/Carbon.framework/Versions/A/Frameworks/CommonPanels.framework/Versions/A/CommonPanels
0x000000000b271000 	/System/Library/Frameworks/Carbon.framework/Versions/A/Frameworks/Help.framework/Versions/A/Help
0x000000000b271000 	/System/Library/Frameworks/Carbon.framework/Versions/A/Frameworks/ImageCapture.framework/Versions/A/ImageCapture
0x000000000b271000 	/System/Library/Frameworks/Carbon.framework/Versions/A/Frameworks/OpenScripting.framework/Versions/A/OpenScripting
0x000000000b271000 	/System/Library/Frameworks/Carbon.framework/Versions/A/Frameworks/Print.framework/Versions/A/Print
0x000000000b271000 	/System/Library/Frameworks/Carbon.framework/Versions/A/Frameworks/SecurityHI.framework/Versions/A/SecurityHI
0x000000011ed52000 	/Applications/IntelliJ IDEA CE.app/Contents/bin/libbreakgen64.jnilib
0x000000011ed55000 	/Library/Java/JavaVirtualMachines/jdk1.8.0_101.jdk/Contents/Home/jre/lib/libnet.dylib
0x000000011edb4000 	/private/var/folders/hx/chl3wz1s6d9g8dgpv9pfrkzw0000gn/T/bluecove_maximerichard_0/libbluecove.jnilib
0x000000011ee47000 	/private/var/folders/hx/chl3wz1s6d9g8dgpv9pfrkzw0000gn/T/sqlite-3.8.11.2-bc9f4365-ff1c-4199-a4d4-47acd5fd349f-libsqlitejdbc.jnilib
0x000000011f0e2000 	/Library/Java/JavaVirtualMachines/jdk1.8.0_101.jdk/Contents/Home/jre/lib/libawt.dylib
0x000000011f18a000 	/Library/Java/JavaVirtualMachines/jdk1.8.0_101.jdk/Contents/Home/jre/lib/./libmlib_image.dylib
0x000000011f256000 	/Library/Java/JavaVirtualMachines/jdk1.8.0_101.jdk/Contents/Home/jre/lib/libawt_lwawt.dylib
0x000000011f30b000 	/Library/Java/JavaVirtualMachines/jdk1.8.0_101.jdk/Contents/Home/jre/lib/./libosxapp.dylib
0x000000000b271000 	/System/Library/Frameworks/ExceptionHandling.framework/Versions/A/ExceptionHandling
0x000000000b271000 	/System/Library/PrivateFrameworks/CoreServicesInternal.framework/Versions/A/CoreServicesInternal
0x000000000b271000 	/System/Library/Frameworks/CoreGraphics.framework/Versions/A/Resources/libRIP.A.dylib
0x000000000b271000 	/System/Library/Frameworks/Accelerate.framework/Versions/A/Frameworks/vImage.framework/Versions/A/Libraries/libCGInterfaces.dylib
0x000000000b271000 	/System/Library/Frameworks/CoreGraphics.framework/Versions/A/Resources/libCGXType.A.dylib
0x000000000b271000 	/System/Library/Frameworks/OpenCL.framework/Versions/A/Libraries/libcldcpuengine.dylib
0x000000000b271000 	/System/Library/PrivateFrameworks/DiskImages.framework/Versions/A/DiskImages
0x000000000b271000 	/System/Library/Frameworks/DiscRecording.framework/Versions/A/DiscRecording
0x000000000b271000 	/usr/lib/libcsfde.dylib
0x000000000b271000 	/usr/lib/libcurl.4.dylib
0x000000000b271000 	/System/Library/PrivateFrameworks/MediaKit.framework/Versions/A/MediaKit
0x000000000b271000 	/System/Library/PrivateFrameworks/ProtectedCloudStorage.framework/Versions/A/ProtectedCloudStorage
0x000000000b271000 	/usr/lib/libCoreStorage.dylib
0x000000000b271000 	/System/Library/PrivateFrameworks/EFILogin.framework/Versions/A/EFILogin
0x000000000b271000 	/usr/lib/libutil.dylib
0x000000000b271000 	/System/Library/PrivateFrameworks/FindMyDevice.framework/Versions/A/FindMyDevice
0x000000000b271000 	/System/Library/Frameworks/LDAP.framework/Versions/A/LDAP
0x000000000b271000 	/usr/lib/libsasl2.2.dylib
0x000000000b271000 	/System/Library/PrivateFrameworks/CoreDaemon.framework/Versions/B/CoreDaemon
0x000000000b271000 	/usr/lib/libcrypto.0.9.8.dylib
0x000000000b271000 	/System/Library/PrivateFrameworks/AppleSRP.framework/Versions/A/AppleSRP
0x000000000b271000 	/System/Library/PrivateFrameworks/TrustEvaluationAgent.framework/Versions/A/TrustEvaluationAgent
0x0000000120aa9000 	cl_kernels
0x000000000b271000 	/System/Library/Frameworks/OpenCL.framework/Versions/A/Libraries/ImageFormats/unorm8_bgra.dylib
0x000000000b271000 	/System/Library/Frameworks/OpenCL.framework/Versions/A/Libraries/ImageFormats/unorm8_rgba.dylib
0x000000000b271000 	/System/Library/PrivateFrameworks/FamilyControls.framework/Versions/A/FamilyControls
0x000000000b271000 	/System/Library/PrivateFrameworks/CommerceKit.framework/Versions/A/Frameworks/CommerceCore.framework/Versions/A/CommerceCore
0x000000000b271000 	/System/Library/PrivateFrameworks/SystemAdministration.framework/Versions/A/SystemAdministration
0x000000000b271000 	/System/Library/PrivateFrameworks/AppContainer.framework/Versions/A/AppContainer
0x000000000b271000 	/System/Library/PrivateFrameworks/SecCodeWrapper.framework/Versions/A/SecCodeWrapper
0x000000000b271000 	/System/Library/Frameworks/DirectoryService.framework/Versions/A/DirectoryService
0x000000000b271000 	/System/Library/PrivateFrameworks/LoginUIKit.framework/Versions/A/Frameworks/LoginUICore.framework/Versions/A/LoginUICore
0x000000000b271000 	/usr/lib/libodfde.dylib
0x0000000121ac6000 	/Library/Java/JavaVirtualMachines/jdk1.8.0_101.jdk/Contents/Home/jre/lib/libfontmanager.dylib
0x000000011ffc1000 	/Library/Java/JavaVirtualMachines/jdk1.8.0_101.jdk/Contents/Home/jre/lib/libosxui.dylib
0x000000000b271000 	/System/Library/Frameworks/OpenGL.framework/Versions/A/Resources/GLEngine.bundle/GLEngine
0x000000000b271000 	/System/Library/Frameworks/OpenGL.framework/Versions/A/Libraries/libGLProgrammability.dylib
0x000000012256b000 	/System/Library/Extensions/AppleIntelBDWGraphicsGLDriver.bundle/Contents/MacOS/AppleIntelBDWGraphicsGLDriver
0x000000000b271000 	/System/Library/PrivateFrameworks/GPUSupport.framework/Versions/A/Libraries/libGPUSupportMercury.dylib
0x000000000b271000 	/System/Library/Frameworks/OpenGL.framework/Versions/A/Resources/GLRendererFloat.bundle/GLRendererFloat
0x000000012376a000 	/Library/Java/JavaVirtualMachines/jdk1.8.0_101.jdk/Contents/Home/jre/lib/libnio.dylib
0x000000000b271000 	/System/Library/Frameworks/ApplicationServices.framework/Versions/A/Frameworks/ATS.framework/Versions/A/Resources/libTrueTypeScaler.dylib
0x00000001765c8000 	/System/Library/Extensions/AppleIntelBDWGraphicsMTLDriver.bundle/Contents/MacOS/AppleIntelBDWGraphicsMTLDriver
0x000000000b271000 	/System/Library/CoreServices/RawCamera.bundle/Contents/MacOS/RawCamera
0x0000000176e8b000 	/Library/Java/JavaVirtualMachines/jdk1.8.0_101.jdk/Contents/Home/jre/lib/libjpeg.dylib
0x0000000176eb8000 	/Library/Java/JavaVirtualMachines/jdk1.8.0_101.jdk/Contents/Home/jre/lib/liblcms.dylib

VM Arguments:
jvm_args: -Didea.launcher.port=7532 -Didea.launcher.bin.path=/Applications/IntelliJ IDEA CE.app/Contents/bin -Dfile.encoding=UTF-8 
java_command: com.intellij.rt.execution.application.AppMain com.sciquizapp.sciquizserver.MyServer
java_class_path (initial): /Library/Java/JavaVirtualMachines/jdk1.8.0_101.jdk/Contents/Home/jre/lib/charsets.jar:/Library/Java/JavaVirtualMachines/jdk1.8.0_101.jdk/Contents/Home/jre/lib/deploy.jar:/Library/Java/JavaVirtualMachines/jdk1.8.0_101.jdk/Contents/Home/jre/lib/ext/cldrdata.jar:/Library/Java/JavaVirtualMachines/jdk1.8.0_101.jdk/Contents/Home/jre/lib/ext/dnsns.jar:/Library/Java/JavaVirtualMachines/jdk1.8.0_101.jdk/Contents/Home/jre/lib/ext/jaccess.jar:/Library/Java/JavaVirtualMachines/jdk1.8.0_101.jdk/Contents/Home/jre/lib/ext/jfxrt.jar:/Library/Java/JavaVirtualMachines/jdk1.8.0_101.jdk/Contents/Home/jre/lib/ext/localedata.jar:/Library/Java/JavaVirtualMachines/jdk1.8.0_101.jdk/Contents/Home/jre/lib/ext/nashorn.jar:/Library/Java/JavaVirtualMachines/jdk1.8.0_101.jdk/Contents/Home/jre/lib/ext/sunec.jar:/Library/Java/JavaVirtualMachines/jdk1.8.0_101.jdk/Contents/Home/jre/lib/ext/sunjce_provider.jar:/Library/Java/JavaVirtualMachines/jdk1.8.0_101.jdk/Contents/Home/jre/lib/ext/sunpkcs11.jar:/Library/Java/JavaVirtualMachines/jdk1.8.0_101.jdk/Contents/Home/jre/lib/ext/zipfs.jar:/Library/Java/JavaVirtualMachines/jdk1.8.0_101.jdk/Contents/Home/jre/lib/javaws.jar:/Library/Java/JavaVirtualMachines/jdk1.8.0_101.jdk/Contents/Home/jre/lib/jce.jar:/Library/Java/JavaVirtualMachines/jdk1.8.0_101.jdk/Contents/Home/jre/lib/jfr.jar:/Library/Java/JavaVirtualMachines/jdk1.8.0_101.jdk/Contents/Home/jre/lib/jfxswt.jar:/Library/Java/JavaVirtualMachines/jdk1.8.0_101.jdk/Contents/Home/jre/lib/jsse.jar:/Library/Java/JavaVirtualMachines/jdk1.8.0_101.jdk/Contents/Home/jre/lib/management-agent.jar:/Library/Java/JavaVirtualMachines/jdk1.8.0_101.jdk/Contents/Home/jre/lib/plugin.jar:/Library/Java/JavaVirtualMachines/jdk1.8.0_101.jdk/Contents/Home/jre/lib/resources.jar:/Library/Java/JavaVirtualMachines/jdk1.8.0_101.jdk/Contents/Home/jre/lib/rt.jar:/Library/Java/JavaVirtualMachines/jdk1.8.0_101.jdk/Contents/Home/lib/ant-javafx.jar:/Library/Java/JavaVirtualMachines/jdk1.8.0_101.jdk/Contents/Home
Launcher Type: SUN_STANDARD

Environment Variables:
PATH=/usr/local/bin:/usr/bin:/bin:/usr/sbin:/sbin
SHELL=/bin/bash

Signal Handlers:
SIGSEGV: [libjvm.dylib+0x5af145], sa_mask[0]=11111111011111110111111111111111, sa_flags=SA_ONSTACK|SA_RESTART|SA_SIGINFO
SIGBUS: [libjvm.dylib+0x5af145], sa_mask[0]=11111111011111110111111111111111, sa_flags=SA_RESTART|SA_SIGINFO
SIGFPE: [libjvm.dylib+0x48694c], sa_mask[0]=11111111011111110111111111111111, sa_flags=SA_RESTART|SA_SIGINFO
SIGPIPE: [libjvm.dylib+0x48694c], sa_mask[0]=11111111011111110111111111111111, sa_flags=SA_RESTART|SA_SIGINFO
SIGXFSZ: [libjvm.dylib+0x48694c], sa_mask[0]=11111111011111110111111111111111, sa_flags=SA_RESTART|SA_SIGINFO
SIGILL: [libjvm.dylib+0x48694c], sa_mask[0]=11111111011111110111111111111111, sa_flags=SA_RESTART|SA_SIGINFO
SIGUSR1: SIG_DFL, sa_mask[0]=00000000000000000000000000000000, sa_flags=none
SIGUSR2: [libjvm.dylib+0x48646a], sa_mask[0]=00100000000000000000000000000000, sa_flags=SA_RESTART|SA_SIGINFO
SIGHUP: [libjvm.dylib+0x484a41], sa_mask[0]=11111111011111110111111111111111, sa_flags=SA_RESTART|SA_SIGINFO
SIGINT: [libjvm.dylib+0x484a41], sa_mask[0]=11111111011111110111111111111111, sa_flags=SA_RESTART|SA_SIGINFO
SIGTERM: [libjvm.dylib+0x484a41], sa_mask[0]=11111111011111110111111111111111, sa_flags=SA_RESTART|SA_SIGINFO
SIGQUIT: [libjvm.dylib+0x484a41], sa_mask[0]=11111111011111110111111111111111, sa_flags=SA_RESTART|SA_SIGINFO


---------------  S Y S T E M  ---------------

OS:Bsduname:Darwin 15.6.0 Darwin Kernel Version 15.6.0: Thu Jun 23 18:25:34 PDT 2016; root:xnu-3248.60.10~1/RELEASE_X86_64 x86_64
rlimit: STACK 8192k, CORE 0k, NPROC 709, NOFILE 10240, AS infinity
load average:6.44 3.96 2.97

CPU:total 4 (2 cores per cpu, 2 threads per core) family 6 model 61 stepping 4, cmov, cx8, fxsr, mmx, sse, sse2, sse3, ssse3, sse4.1, sse4.2, popcnt, avx, avx2, aes, clmul, erms, 3dnowpref, lzcnt, ht, tsc, tscinvbit, bmi1, bmi2, adx

Memory: 4k page, physical 8388608k(673912k free)

/proc/meminfo:


vm_info: Java HotSpot(TM) 64-Bit Server VM (25.101-b13) for bsd-amd64 JRE (1.8.0_101-b13), built on Jun 22 2016 02:42:15 by "java_re" with gcc 4.2.1 (Based on Apple Inc. build 5658) (LLVM build 2336.11.00)

time: Mon Feb 13 12:01:50 2017
elapsed time: 63 seconds (0d 0h 1m 3s)

