#
# A fatal error has been detected by the Java Runtime Environment:
#
#  SIGSEGV (0xb) at pc=0x00000001078226b9, pid=22352, tid=0x000000000000d707
#
# JRE version: Java(TM) SE Runtime Environment (8.0_101-b13) (build 1.8.0_101-b13)
# Java VM: Java HotSpot(TM) 64-Bit Server VM (25.101-b13 mixed mode bsd-amd64 compressed oops)
# Problematic frame:
# j  javax.swing.plaf.basic.BasicTableUI.paint(Ljava/awt/Graphics;Ljavax/swing/JComponent;)V+254
#
# Failed to write core dump. Core dumps have been disabled. To enable core dumping, try "ulimit -c unlimited" before starting Java again
#
# If you would like to submit a bug report, please visit:
#   http://bugreport.java.com/bugreport/crash.jsp
#

---------------  T H R E A D  ---------------

Current thread (0x00007fb573987800):  JavaThread "AWT-EventQueue-0" [_thread_in_Java, id=55047, stack(0x0000700001765000,0x0000700001865000)]

siginfo: si_signo: 11 (SIGSEGV), si_code: 1 (SEGV_MAPERR), si_addr: 0x0000000001862310

Registers:
RAX=0x0000000000000000, RBX=0x0000700001862308, RCX=0x0000000000000001, RDX=0x0000000000000200
RSP=0x0000700001862308, RBP=0x0000700001862348, RSI=0x0000000001862308, RDI=0x00000007c0130ec0
R8 =0x0000000000000000, R9 =0x0000000000000000, R10=0x0000000106892830, R11=0x0000000107a885a0
R12=0x0000000000000000, R13=0x0000000122fc79c1, R14=0x00007000018623b0, R15=0x00007fb573987800
RIP=0x00000001078226b9, EFLAGS=0x0000000000010287, ERR=0x0000000000000004
  TRAPNO=0x000000000000000e

Top of Stack: (sp=0x0000700001862308)
0x0000700001862308:   0000000001862308 0000000122fc79be
0x0000700001862318:   00007000018623b0 0000000122fc9088
0x0000700001862328:   0000000000000000 0000000122fc79e0
0x0000700001862338:   0000000000000000 00007000018623a0
0x0000700001862348:   00007000018623f8 00000001078082bd
0x0000700001862358:   0000000000000003 0000000000000000
0x0000700001862368:   0000000000000002 0000000000000000
0x0000700001862378:   0000000796d5ee20 0000000796d5ee08
0x0000700001862388:   0000000000000001 0000000796d5ede8
0x0000700001862398:   0000000796d5edc8 0000000795da8fa8
0x00007000018623a8:   0000000796d5eca8 0000000795dcacf0
0x00007000018623b8:   00007000018623b8 000000011be46938
0x00007000018623c8:   0000700001862418 000000011be46f38
0x00007000018623d8:   0000000000000000 000000011be46948
0x00007000018623e8:   00007000018623a0 0000700001862408
0x00007000018623f8:   0000700001862460 00000001078082bd
0x0000700001862408:   0000000795da8fa8 0000000796d5eca8
0x0000700001862418:   0000000795dcacf0 0000700001862420
0x0000700001862428:   000000011b901ce2 0000700001862488
0x0000700001862438:   000000011bb40d20 0000000000000000
0x0000700001862448:   000000011b901d10 0000700001862408
0x0000700001862458:   0000700001862480 00007000018624d0
0x0000700001862468:   00000001078082bd 0000000000000000
0x0000700001862478:   0000000796d5eca8 0000000796d5eb68
0x0000700001862488:   0000000795da8fa8 0000700001862490
0x0000700001862498:   000000011b9023ae 0000700001862558
0x00007000018624a8:   000000011bb40d20 0000000000000000
0x00007000018624b8:   000000011b902490 0000700001862480
0x00007000018624c8:   0000700001862550 00007000018625a0
0x00007000018624d8:   00000001078082bd 0000000000000000
0x00007000018624e8:   0000000000000000 0000000000000000
0x00007000018624f8:   0000000000000000 0000000000000000 

Instructions: (pc=0x00000001078226b9)
0x0000000107822699:   bf 93 9e 56 06 01 00 00 00 48 be 42 26 82 07 01
0x00000001078226a9:   00 00 00 48 8b d4 48 83 e4 f0 e8 e2 3d b7 fe f4
0x00000001078226b9:   48 81 7e 08 00 00 00 00 0f 85 f6 fe ff ff 48 83
0x00000001078226c9:   c6 10 48 3b f3 75 e9 80 3d e3 5b 05 ff 00 0f 84 

Register to memory mapping:

RAX=0x0000000000000000 is an unknown value
RBX=0x0000700001862308 is pointing into the stack for thread: 0x00007fb573987800
RCX=0x0000000000000001 is an unknown value
RDX=0x0000000000000200 is an unknown value
RSP=0x0000700001862308 is pointing into the stack for thread: 0x00007fb573987800
RBP=0x0000700001862348 is pointing into the stack for thread: 0x00007fb573987800
RSI=0x0000000001862308 is an unknown value
RDI=0x00000007c0130ec0 is pointing into metadata
R8 =0x0000000000000000 is an unknown value
R9 =0x0000000000000000 is an unknown value
R10=0x0000000106892830: _ZN19TemplateInterpreter13_active_tableE+0x4800 in /Library/Java/JavaVirtualMachines/jdk1.8.0_101.jdk/Contents/Home/jre/lib/server/libjvm.dylib at 0x0000000105f94000
R11=0x0000000107a885a0 is at entry_point+32 in (nmethod*)0x0000000107a88410
R12=0x0000000000000000 is an unknown value
R13=0x0000000122fc79c1 is pointing into metadata
R14=0x00007000018623b0 is pointing into the stack for thread: 0x00007fb573987800
R15=0x00007fb573987800 is a thread


Stack: [0x0000700001765000,0x0000700001865000],  sp=0x0000700001862308,  free space=1012k
Native frames: (J=compiled Java code, j=interpreted, Vv=VM code, C=native code)
j  javax.swing.plaf.basic.BasicTableUI.paint(Ljava/awt/Graphics;Ljavax/swing/JComponent;)V+254
j  javax.swing.plaf.ComponentUI.update(Ljava/awt/Graphics;Ljavax/swing/JComponent;)V+32
j  javax.swing.JComponent.paintComponent(Ljava/awt/Graphics;)V+26
j  javax.swing.JComponent.paint(Ljava/awt/Graphics;)V+286
j  javax.swing.JComponent.paintToOffscreen(Ljava/awt/Graphics;IIIIII)V+41
j  javax.swing.RepaintManager$PaintManager.paintDoubleBuffered(Ljavax/swing/JComponent;Ljava/awt/Image;Ljava/awt/Graphics;IIII)V+163
j  javax.swing.RepaintManager$PaintManager.paint(Ljavax/swing/JComponent;Ljavax/swing/JComponent;Ljava/awt/Graphics;IIII)Z+116
j  javax.swing.RepaintManager.paint(Ljavax/swing/JComponent;Ljavax/swing/JComponent;Ljava/awt/Graphics;IIII)V+51
j  javax.swing.JComponent._paintImmediately(IIII)V+683
j  javax.swing.JComponent.paintImmediately(IIII)V+138
j  javax.swing.RepaintManager$4.run()Ljava/lang/Void;+81
j  javax.swing.RepaintManager$4.run()Ljava/lang/Object;+1
v  ~StubRoutines::call_stub
V  [libjvm.dylib+0x2ecf06]
V  [libjvm.dylib+0x34d69c]
J 765  java.security.AccessController.doPrivileged(Ljava/security/PrivilegedAction;Ljava/security/AccessControlContext;)Ljava/lang/Object; (0 bytes) @ 0x0000000107ac5955 [0x0000000107ac5880+0xd5]
J 767 C1 java.security.ProtectionDomain$JavaSecurityAccessImpl.doIntersectionPrivilege(Ljava/security/PrivilegedAction;Ljava/security/AccessControlContext;Ljava/security/AccessControlContext;)Ljava/lang/Object; (22 bytes) @ 0x0000000107ac645c [0x0000000107ac5fe0+0x47c]
j  javax.swing.RepaintManager.paintDirtyRegions(Ljava/util/Map;)V+154
j  javax.swing.RepaintManager.paintDirtyRegions()V+46
j  javax.swing.RepaintManager.prePaintDirtyRegions()V+73
j  javax.swing.RepaintManager.access$1200(Ljavax/swing/RepaintManager;)V+1
j  javax.swing.RepaintManager$ProcessingRunnable.run()V+37
J 1100 C1 java.awt.event.InvocationEvent.dispatch()V (69 bytes) @ 0x0000000107b8ed54 [0x0000000107b8eb40+0x214]
J 1159 C1 java.awt.EventQueue.dispatchEventImpl(Ljava/awt/AWTEvent;Ljava/lang/Object;)V (149 bytes) @ 0x0000000107baff6c [0x0000000107bae480+0x1aec]
J 1157 C1 java.awt.EventQueue$3.run()Ljava/lang/Void; (60 bytes) @ 0x0000000107bad854 [0x0000000107bad640+0x214]
J 1156 C1 java.awt.EventQueue$3.run()Ljava/lang/Object; (5 bytes) @ 0x0000000107bac24c [0x0000000107bac1c0+0x8c]
v  ~StubRoutines::call_stub
V  [libjvm.dylib+0x2ecf06]
V  [libjvm.dylib+0x34d69c]
J 765  java.security.AccessController.doPrivileged(Ljava/security/PrivilegedAction;Ljava/security/AccessControlContext;)Ljava/lang/Object; (0 bytes) @ 0x0000000107ac5955 [0x0000000107ac5880+0xd5]
J 1103 C1 java.awt.EventQueue.dispatchEvent(Ljava/awt/AWTEvent;)V (80 bytes) @ 0x0000000107b90a14 [0x0000000107b90080+0x994]
J 882 C1 java.awt.EventDispatchThread.pumpOneEventForFilters(I)V (295 bytes) @ 0x0000000107b040bc [0x0000000107b02540+0x1b7c]
j  java.awt.EventDispatchThread.pumpEventsForFilter(ILjava/awt/Conditional;Ljava/awt/EventFilter;)V+35
j  java.awt.EventDispatchThread.pumpEventsForHierarchy(ILjava/awt/Conditional;Ljava/awt/Component;)V+11
j  java.awt.EventDispatchThread.pumpEvents(ILjava/awt/Conditional;)V+4
j  java.awt.EventDispatchThread.pumpEvents(Ljava/awt/Conditional;)V+3
j  java.awt.EventDispatchThread.run()V+9
v  ~StubRoutines::call_stub
V  [libjvm.dylib+0x2ecf06]
V  [libjvm.dylib+0x2ed694]
V  [libjvm.dylib+0x2ed840]
V  [libjvm.dylib+0x348029]
V  [libjvm.dylib+0x5695ab]
V  [libjvm.dylib+0x56ac98]
V  [libjvm.dylib+0x48933a]
C  [libsystem_pthread.dylib+0x399d]  _pthread_body+0x83
C  [libsystem_pthread.dylib+0x391a]  _pthread_body+0x0
C  [libsystem_pthread.dylib+0x1351]  thread_start+0xd
C  0x0000000000000000


---------------  P R O C E S S  ---------------

Java Threads: ( => current thread )
  0x00007fb5738f1800 JavaThread "Thread-2" [_thread_in_native, id=25351, stack(0x0000700000932000,0x0000700000a32000)]
  0x00007fb574455800 JavaThread "TimerQueue" daemon [_thread_blocked, id=65367, stack(0x0000700001af1000,0x0000700001bf1000)]
  0x00007fb573464000 JavaThread "DestroyJavaVM" [_thread_blocked, id=4099, stack(0x0000700000084000,0x0000700000184000)]
  0x00007fb5729b2800 JavaThread "Thread-0" [_thread_in_native, id=60167, stack(0x000070000196b000,0x0000700001a6b000)]
  0x00007fb573975000 JavaThread "BluecoveAsynchronousShutdownThread" daemon [_thread_blocked, id=55811, stack(0x0000700001868000,0x0000700001968000)]
=>0x00007fb573987800 JavaThread "AWT-EventQueue-0" [_thread_in_Java, id=55047, stack(0x0000700001765000,0x0000700001865000)]
  0x00007fb5741bc000 JavaThread "Java2D Disposer" daemon [_thread_blocked, id=54027, stack(0x0000700001662000,0x0000700001762000)]
  0x00007fb5731c8000 JavaThread "Java2D Queue Flusher" daemon [_thread_blocked, id=50951, stack(0x000070000155f000,0x000070000165f000)]
  0x00007fb572943800 JavaThread "AWT-Shutdown" [_thread_blocked, id=30739, stack(0x00007000013d9000,0x00007000014d9000)]
  0x00007fb57292d000 JavaThread "AppKit Thread" daemon [_thread_in_native, id=2571, stack(0x00007fff596e8000,0x00007fff59ee8000)]
  0x00007fb57401e800 JavaThread "Abandoned connection cleanup thread" daemon [_thread_blocked, id=20227, stack(0x000070000114d000,0x000070000124d000)]
  0x00007fb572844000 JavaThread "Monitor Ctrl-Break" daemon [_thread_in_native, id=19715, stack(0x000070000104a000,0x000070000114a000)]
  0x00007fb574016000 JavaThread "Service Thread" daemon [_thread_blocked, id=18691, stack(0x0000700000e44000,0x0000700000f44000)]
  0x00007fb573039000 JavaThread "C1 CompilerThread2" daemon [_thread_blocked, id=18179, stack(0x0000700000d41000,0x0000700000e41000)]
  0x00007fb573038000 JavaThread "C2 CompilerThread1" daemon [_thread_blocked, id=17667, stack(0x0000700000c3e000,0x0000700000d3e000)]
  0x00007fb574017000 JavaThread "C2 CompilerThread0" daemon [_thread_blocked, id=17155, stack(0x0000700000b3b000,0x0000700000c3b000)]
  0x00007fb573048000 JavaThread "Signal Dispatcher" daemon [_thread_blocked, id=12815, stack(0x0000700000a38000,0x0000700000b38000)]
  0x00007fb573025000 JavaThread "Finalizer" daemon [_thread_blocked, id=12291, stack(0x000070000082f000,0x000070000092f000)]
  0x00007fb57381d800 JavaThread "Reference Handler" daemon [_thread_blocked, id=11779, stack(0x000070000072c000,0x000070000082c000)]

Other Threads:
  0x00007fb574010000 VMThread [stack: 0x0000700000629000,0x0000700000729000] [id=11267]
  0x00007fb573049000 WatcherThread [stack: 0x0000700000f47000,0x0000700001047000] [id=19203]

VM state:not at safepoint (normal execution)

VM Mutex/Monitor currently owned by a thread: None

Heap:
 PSYoungGen      total 38400K, used 24576K [0x0000000795580000, 0x0000000798000000, 0x00000007c0000000)
  eden space 33280K, 73% used [0x0000000795580000,0x0000000796d80090,0x0000000797600000)
  from space 5120K, 0% used [0x0000000797b00000,0x0000000797b00000,0x0000000798000000)
  to   space 5120K, 0% used [0x0000000797600000,0x0000000797600000,0x0000000797b00000)
 ParOldGen       total 87552K, used 0K [0x0000000740000000, 0x0000000745580000, 0x0000000795580000)
  object space 87552K, 0% used [0x0000000740000000,0x0000000740000000,0x0000000745580000)
 Metaspace       used 15441K, capacity 15720K, committed 16128K, reserved 1062912K
  class space    used 1912K, capacity 2012K, committed 2048K, reserved 1048576K

Card table byte_map: [0x0000000116bc0000,0x0000000116fc1000] byte_map_base: 0x00000001131c0000

Marking Bits: (ParMarkBitMap*) 0x0000000106881d20
 Begin Bits: [0x000000011726c000, 0x000000011926c000)
 End Bits:   [0x000000011926c000, 0x000000011b26c000)

Polling page: 0x0000000106f78000

CodeCache: size=245760Kb used=3887Kb max_used=3887Kb free=241873Kb
 bounds [0x0000000107800000, 0x0000000107bd0000, 0x0000000116800000]
 total_blobs=1786 nmethods=1206 adapters=494
 compilation: enabled

Compilation events (10 events):
Event: 29.375 Thread 0x00007fb573039000 nmethod 1199 0x0000000107bc4850 code [0x0000000107bc49e0, 0x0000000107bc4d48]
Event: 29.375 Thread 0x00007fb573039000 1200       3       sun.awt.SunToolkit::awtTryLock (7 bytes)
Event: 29.375 Thread 0x00007fb573039000 nmethod 1200 0x0000000107bc42d0 code [0x0000000107bc4440, 0x0000000107bc4728]
Event: 30.871 Thread 0x00007fb573039000 1201       1       javax.swing.table.TableColumn::getPreferredWidth (5 bytes)
Event: 30.871 Thread 0x00007fb573039000 nmethod 1201 0x0000000107bc4010 code [0x0000000107bc4160, 0x0000000107bc4270]
Event: 30.871 Thread 0x00007fb573039000 1202       3       javax.swing.table.DefaultTableColumnModel::getColumn (12 bytes)
Event: 30.872 Thread 0x00007fb573039000 nmethod 1202 0x0000000107bc9ad0 code [0x0000000107bc9c40, 0x0000000107bc9f48]
Event: 30.872 Thread 0x00007fb573039000 1203       3       sun.font.FontDesignMetrics::getHeight (35 bytes)
Event: 30.873 Thread 0x00007fb573039000 nmethod 1203 0x0000000107bca050 code [0x0000000107bca1c0, 0x0000000107bca4b0]
Event: 30.873 Thread 0x00007fb573039000 1204       3       sun.font.FontDesignMetrics::stringWidth (154 bytes)

GC Heap History (0 events):
No events

Deoptimization events (3 events):
Event: 0.577 Thread 0x00007fb574002000 Uncommon trap: reason=unstable_if action=reinterpret pc=0x000000010798afe8 method=org.sqlite.SQLiteJDBCLoader.contentsEquals(Ljava/io/InputStream;Ljava/io/InputStream;)Z @ 39
Event: 6.460 Thread 0x00007fb573987800 Uncommon trap: reason=unstable_if action=reinterpret pc=0x0000000107a9341c method=java.util.HashMap.getNode(ILjava/lang/Object;)Ljava/util/HashMap$Node; @ 62
Event: 6.463 Thread 0x00007fb573987800 Uncommon trap: reason=unstable_if action=reinterpret pc=0x0000000107a828ec method=java.util.HashMap.getNode(ILjava/lang/Object;)Ljava/util/HashMap$Node; @ 62

Internal exceptions (10 events):
Event: 0.243 Thread 0x00007fb574002000 Exception <a 'java/security/PrivilegedActionException'> (0x000000079572bbd8) thrown at [/HUDSON3/workspace/8-2-build-macosx-x86_64/jdk8u101/7261/hotspot/src/share/vm/prims/jvm.cpp, line 1386]
Event: 0.243 Thread 0x00007fb574002000 Exception <a 'java/security/PrivilegedActionException'> (0x000000079572bfd0) thrown at [/HUDSON3/workspace/8-2-build-macosx-x86_64/jdk8u101/7261/hotspot/src/share/vm/prims/jvm.cpp, line 1386]
Event: 0.244 Thread 0x00007fb574002000 Exception <a 'java/security/PrivilegedActionException'> (0x000000079572f4c0) thrown at [/HUDSON3/workspace/8-2-build-macosx-x86_64/jdk8u101/7261/hotspot/src/share/vm/prims/jvm.cpp, line 1386]
Event: 0.244 Thread 0x00007fb574002000 Exception <a 'java/security/PrivilegedActionException'> (0x000000079572f8b8) thrown at [/HUDSON3/workspace/8-2-build-macosx-x86_64/jdk8u101/7261/hotspot/src/share/vm/prims/jvm.cpp, line 1386]
Event: 0.782 Thread 0x00007fb574002000 Exception <a 'java/lang/NoSuchFieldError': method resolution failed> (0x0000000795bc4b40) thrown at [/HUDSON3/workspace/8-2-build-macosx-x86_64/jdk8u101/7261/hotspot/src/share/vm/prims/methodHandles.cpp, line 1146]
Event: 0.785 Thread 0x00007fb574002000 Exception <a 'java/lang/NoSuchFieldError': method resolution failed> (0x0000000795bd2290) thrown at [/HUDSON3/workspace/8-2-build-macosx-x86_64/jdk8u101/7261/hotspot/src/share/vm/prims/methodHandles.cpp, line 1146]
Event: 1.839 Thread 0x00007fb574002000 Exception <a 'java/io/FileNotFoundException'> (0x0000000795c4cec0) thrown at [/HUDSON3/workspace/8-2-build-macosx-x86_64/jdk8u101/7261/hotspot/src/share/vm/prims/jni.cpp, line 709]
Event: 1.839 Thread 0x00007fb574002000 Exception <a 'java/io/FileNotFoundException'> (0x0000000795c4da68) thrown at [/HUDSON3/workspace/8-2-build-macosx-x86_64/jdk8u101/7261/hotspot/src/share/vm/prims/jni.cpp, line 709]
Event: 2.190 Thread 0x00007fb574002000 Exception <a 'java/lang/NoClassDefFoundError': org/apache/log4j/Category> (0x0000000795fef630) thrown at [/HUDSON3/workspace/8-2-build-macosx-x86_64/jdk8u101/7261/hotspot/src/share/vm/classfile/systemDictionary.cpp, line 199]
Event: 2.214 Thread 0x00007fb574002000 Exception <a 'java/lang/UnsatisfiedLinkError': com.intel.bluetooth.BluetoothStackOSX.isNativeCodeLoaded()Z> (0x0000000796043598) thrown at [/HUDSON3/workspace/8-2-build-macosx-x86_64/jdk8u101/7261/hotspot/src/share/vm/prims/nativeLookup.cpp, line 378]

Events (10 events):
Event: 15.038 loading class com/intel/bluetooth/BluetoothRFCommInputStream done
Event: 15.041 loading class com/intel/bluetooth/WeakVectorFactory
Event: 15.041 loading class com/intel/bluetooth/WeakVectorFactory done
Event: 15.042 loading class com/intel/bluetooth/WeakVectorFactory$WeakVector
Event: 15.042 loading class com/intel/bluetooth/WeakVectorFactory$WeakVector done
Event: 15.043 loading class com/intel/bluetooth/WeakVectorFactory$WeakVectorOnWeakHashMapImpl
Event: 15.043 loading class com/intel/bluetooth/WeakVectorFactory$WeakVectorOnWeakHashMapImpl done
Event: 15.047 Executing VM operation: RevokeBias
Event: 15.047 Executing VM operation: RevokeBias done
Event: 15.050 Thread 0x00007fb5738f1800 Thread added: 0x00007fb5738f1800


Dynamic libraries:
0x0000000006024000 	/System/Library/Frameworks/Cocoa.framework/Versions/A/Cocoa
0x0000000006024000 	/System/Library/Frameworks/Security.framework/Versions/A/Security
0x0000000006024000 	/System/Library/Frameworks/ApplicationServices.framework/Versions/A/ApplicationServices
0x0000000006024000 	/usr/lib/libz.1.dylib
0x0000000006024000 	/usr/lib/libSystem.B.dylib
0x0000000006024000 	/usr/lib/libobjc.A.dylib
0x0000000006024000 	/System/Library/Frameworks/CoreFoundation.framework/Versions/A/CoreFoundation
0x0000000006024000 	/System/Library/Frameworks/Foundation.framework/Versions/C/Foundation
0x0000000006024000 	/System/Library/Frameworks/AppKit.framework/Versions/C/AppKit
0x0000000006024000 	/System/Library/Frameworks/CoreData.framework/Versions/A/CoreData
0x0000000006024000 	/System/Library/PrivateFrameworks/RemoteViewServices.framework/Versions/A/RemoteViewServices
0x0000000006024000 	/System/Library/PrivateFrameworks/UIFoundation.framework/Versions/A/UIFoundation
0x0000000006024000 	/usr/lib/libScreenReader.dylib
0x0000000006024000 	/System/Library/Frameworks/Accelerate.framework/Versions/A/Accelerate
0x0000000006024000 	/System/Library/Frameworks/IOSurface.framework/Versions/A/IOSurface
0x0000000006024000 	/System/Library/Frameworks/AudioToolbox.framework/Versions/A/AudioToolbox
0x0000000006024000 	/System/Library/Frameworks/AudioUnit.framework/Versions/A/AudioUnit
0x0000000006024000 	/System/Library/PrivateFrameworks/DataDetectorsCore.framework/Versions/A/DataDetectorsCore
0x0000000006024000 	/System/Library/PrivateFrameworks/DesktopServicesPriv.framework/Versions/A/DesktopServicesPriv
0x0000000006024000 	/System/Library/Frameworks/Carbon.framework/Versions/A/Frameworks/HIToolbox.framework/Versions/A/HIToolbox
0x0000000006024000 	/System/Library/Frameworks/QuartzCore.framework/Versions/A/QuartzCore
0x0000000006024000 	/System/Library/Frameworks/Carbon.framework/Versions/A/Frameworks/SpeechRecognition.framework/Versions/A/SpeechRecognition
0x0000000006024000 	/usr/lib/libauto.dylib
0x0000000006024000 	/usr/lib/libicucore.A.dylib
0x0000000006024000 	/usr/lib/libxml2.2.dylib
0x0000000006024000 	/System/Library/PrivateFrameworks/CoreUI.framework/Versions/A/CoreUI
0x0000000006024000 	/System/Library/Frameworks/CoreAudio.framework/Versions/A/CoreAudio
0x0000000006024000 	/System/Library/Frameworks/DiskArbitration.framework/Versions/A/DiskArbitration
0x0000000006024000 	/usr/lib/liblangid.dylib
0x0000000006024000 	/System/Library/PrivateFrameworks/MultitouchSupport.framework/Versions/A/MultitouchSupport
0x0000000006024000 	/System/Library/Frameworks/IOKit.framework/Versions/A/IOKit
0x0000000006024000 	/usr/lib/libDiagnosticMessagesClient.dylib
0x0000000006024000 	/System/Library/Frameworks/CoreServices.framework/Versions/A/CoreServices
0x0000000006024000 	/System/Library/PrivateFrameworks/PerformanceAnalysis.framework/Versions/A/PerformanceAnalysis
0x0000000006024000 	/System/Library/PrivateFrameworks/GenerationalStorage.framework/Versions/A/GenerationalStorage
0x0000000006024000 	/System/Library/Frameworks/OpenGL.framework/Versions/A/OpenGL
0x0000000006024000 	/System/Library/PrivateFrameworks/Sharing.framework/Versions/A/Sharing
0x0000000006024000 	/System/Library/Frameworks/CoreGraphics.framework/Versions/A/CoreGraphics
0x0000000006024000 	/System/Library/Frameworks/CoreImage.framework/Versions/A/CoreImage
0x0000000006024000 	/System/Library/Frameworks/CoreText.framework/Versions/A/CoreText
0x0000000006024000 	/System/Library/Frameworks/ImageIO.framework/Versions/A/ImageIO
0x0000000006024000 	/System/Library/PrivateFrameworks/Backup.framework/Versions/A/Backup
0x0000000006024000 	/usr/lib/libextension.dylib
0x0000000006024000 	/usr/lib/libarchive.2.dylib
0x0000000006024000 	/System/Library/Frameworks/CFNetwork.framework/Versions/A/CFNetwork
0x0000000006024000 	/System/Library/Frameworks/SystemConfiguration.framework/Versions/A/SystemConfiguration
0x0000000006024000 	/usr/lib/libCRFSuite.dylib
0x0000000006024000 	/usr/lib/libc++.1.dylib
0x0000000006024000 	/usr/lib/libc++abi.dylib
0x0000000006024000 	/usr/lib/system/libcache.dylib
0x0000000006024000 	/usr/lib/system/libcommonCrypto.dylib
0x0000000006024000 	/usr/lib/system/libcompiler_rt.dylib
0x0000000006024000 	/usr/lib/system/libcopyfile.dylib
0x0000000006024000 	/usr/lib/system/libcorecrypto.dylib
0x0000000006024000 	/usr/lib/system/libdispatch.dylib
0x0000000006024000 	/usr/lib/system/libdyld.dylib
0x0000000006024000 	/usr/lib/system/libkeymgr.dylib
0x0000000006024000 	/usr/lib/system/liblaunch.dylib
0x0000000006024000 	/usr/lib/system/libmacho.dylib
0x0000000006024000 	/usr/lib/system/libquarantine.dylib
0x0000000006024000 	/usr/lib/system/libremovefile.dylib
0x0000000006024000 	/usr/lib/system/libsystem_asl.dylib
0x0000000006024000 	/usr/lib/system/libsystem_blocks.dylib
0x0000000006024000 	/usr/lib/system/libsystem_c.dylib
0x0000000006024000 	/usr/lib/system/libsystem_configuration.dylib
0x0000000006024000 	/usr/lib/system/libsystem_coreservices.dylib
0x0000000006024000 	/usr/lib/system/libsystem_coretls.dylib
0x0000000006024000 	/usr/lib/system/libsystem_dnssd.dylib
0x0000000006024000 	/usr/lib/system/libsystem_info.dylib
0x0000000006024000 	/usr/lib/system/libsystem_kernel.dylib
0x0000000006024000 	/usr/lib/system/libsystem_m.dylib
0x0000000006024000 	/usr/lib/system/libsystem_malloc.dylib
0x0000000006024000 	/usr/lib/system/libsystem_network.dylib
0x0000000006024000 	/usr/lib/system/libsystem_networkextension.dylib
0x0000000006024000 	/usr/lib/system/libsystem_notify.dylib
0x0000000006024000 	/usr/lib/system/libsystem_platform.dylib
0x0000000006024000 	/usr/lib/system/libsystem_pthread.dylib
0x0000000006024000 	/usr/lib/system/libsystem_sandbox.dylib
0x0000000006024000 	/usr/lib/system/libsystem_secinit.dylib
0x0000000006024000 	/usr/lib/system/libsystem_trace.dylib
0x0000000006024000 	/usr/lib/system/libunc.dylib
0x0000000006024000 	/usr/lib/system/libunwind.dylib
0x0000000006024000 	/usr/lib/system/libxpc.dylib
0x0000000006024000 	/usr/lib/libenergytrace.dylib
0x0000000006024000 	/usr/lib/libbsm.0.dylib
0x0000000006024000 	/usr/lib/system/libkxld.dylib
0x0000000006024000 	/usr/lib/libxar.1.dylib
0x0000000006024000 	/usr/lib/libsqlite3.dylib
0x0000000006024000 	/usr/lib/libpam.2.dylib
0x0000000006024000 	/usr/lib/libOpenScriptingUtil.dylib
0x0000000006024000 	/usr/lib/libbz2.1.0.dylib
0x0000000006024000 	/usr/lib/liblzma.5.dylib
0x0000000006024000 	/System/Library/Frameworks/CoreServices.framework/Versions/A/Frameworks/FSEvents.framework/Versions/A/FSEvents
0x0000000006024000 	/System/Library/Frameworks/CoreServices.framework/Versions/A/Frameworks/CarbonCore.framework/Versions/A/CarbonCore
0x0000000006024000 	/System/Library/Frameworks/CoreServices.framework/Versions/A/Frameworks/Metadata.framework/Versions/A/Metadata
0x0000000006024000 	/System/Library/Frameworks/CoreServices.framework/Versions/A/Frameworks/OSServices.framework/Versions/A/OSServices
0x0000000006024000 	/System/Library/Frameworks/CoreServices.framework/Versions/A/Frameworks/SearchKit.framework/Versions/A/SearchKit
0x0000000006024000 	/System/Library/Frameworks/CoreServices.framework/Versions/A/Frameworks/AE.framework/Versions/A/AE
0x0000000006024000 	/System/Library/Frameworks/CoreServices.framework/Versions/A/Frameworks/LaunchServices.framework/Versions/A/LaunchServices
0x0000000006024000 	/System/Library/Frameworks/CoreServices.framework/Versions/A/Frameworks/DictionaryServices.framework/Versions/A/DictionaryServices
0x0000000006024000 	/System/Library/Frameworks/CoreServices.framework/Versions/A/Frameworks/SharedFileList.framework/Versions/A/SharedFileList
0x0000000006024000 	/System/Library/Frameworks/NetFS.framework/Versions/A/NetFS
0x0000000006024000 	/System/Library/PrivateFrameworks/NetAuth.framework/Versions/A/NetAuth
0x0000000006024000 	/System/Library/PrivateFrameworks/login.framework/Versions/A/Frameworks/loginsupport.framework/Versions/A/loginsupport
0x0000000006024000 	/System/Library/PrivateFrameworks/TCC.framework/Versions/A/TCC
0x0000000006024000 	/usr/lib/libmecabra.dylib
0x0000000006024000 	/System/Library/Frameworks/ApplicationServices.framework/Versions/A/Frameworks/ATS.framework/Versions/A/ATS
0x0000000006024000 	/System/Library/Frameworks/ApplicationServices.framework/Versions/A/Frameworks/ColorSync.framework/Versions/A/ColorSync
0x0000000006024000 	/System/Library/Frameworks/ApplicationServices.framework/Versions/A/Frameworks/HIServices.framework/Versions/A/HIServices
0x0000000006024000 	/System/Library/Frameworks/ApplicationServices.framework/Versions/A/Frameworks/LangAnalysis.framework/Versions/A/LangAnalysis
0x0000000006024000 	/System/Library/Frameworks/ApplicationServices.framework/Versions/A/Frameworks/PrintCore.framework/Versions/A/PrintCore
0x0000000006024000 	/System/Library/Frameworks/ApplicationServices.framework/Versions/A/Frameworks/QD.framework/Versions/A/QD
0x0000000006024000 	/System/Library/Frameworks/ApplicationServices.framework/Versions/A/Frameworks/SpeechSynthesis.framework/Versions/A/SpeechSynthesis
0x0000000006024000 	/System/Library/Frameworks/Metal.framework/Versions/A/Metal
0x0000000006024000 	/System/Library/Frameworks/Accelerate.framework/Versions/A/Frameworks/vImage.framework/Versions/A/vImage
0x0000000006024000 	/System/Library/Frameworks/Accelerate.framework/Versions/A/Frameworks/vecLib.framework/Versions/A/vecLib
0x0000000006024000 	/System/Library/Frameworks/Accelerate.framework/Versions/A/Frameworks/vecLib.framework/Versions/A/libvDSP.dylib
0x0000000006024000 	/System/Library/Frameworks/Accelerate.framework/Versions/A/Frameworks/vecLib.framework/Versions/A/libvMisc.dylib
0x0000000006024000 	/System/Library/Frameworks/Accelerate.framework/Versions/A/Frameworks/vecLib.framework/Versions/A/libLAPACK.dylib
0x0000000006024000 	/System/Library/Frameworks/Accelerate.framework/Versions/A/Frameworks/vecLib.framework/Versions/A/libBLAS.dylib
0x0000000006024000 	/System/Library/Frameworks/Accelerate.framework/Versions/A/Frameworks/vecLib.framework/Versions/A/libLinearAlgebra.dylib
0x0000000006024000 	/System/Library/Frameworks/Accelerate.framework/Versions/A/Frameworks/vecLib.framework/Versions/A/libSparseBLAS.dylib
0x0000000006024000 	/System/Library/PrivateFrameworks/GPUCompiler.framework/libmetal_timestamp.dylib
0x0000000006024000 	/System/Library/Frameworks/OpenGL.framework/Versions/A/Libraries/libCoreFSCache.dylib
0x0000000006024000 	/System/Library/PrivateFrameworks/IOAccelerator.framework/Versions/A/IOAccelerator
0x0000000006024000 	/System/Library/Frameworks/ApplicationServices.framework/Versions/A/Frameworks/ATS.framework/Versions/A/Resources/libFontParser.dylib
0x0000000006024000 	/System/Library/Frameworks/ApplicationServices.framework/Versions/A/Frameworks/ATS.framework/Versions/A/Resources/libFontRegistry.dylib
0x0000000006024000 	/System/Library/PrivateFrameworks/AppleVPA.framework/Versions/A/AppleVPA
0x0000000006024000 	/System/Library/PrivateFrameworks/AppleJPEG.framework/Versions/A/AppleJPEG
0x0000000006024000 	/System/Library/Frameworks/ImageIO.framework/Versions/A/Resources/libJPEG.dylib
0x0000000006024000 	/System/Library/Frameworks/ImageIO.framework/Versions/A/Resources/libTIFF.dylib
0x0000000006024000 	/System/Library/Frameworks/ImageIO.framework/Versions/A/Resources/libPng.dylib
0x0000000006024000 	/System/Library/Frameworks/ImageIO.framework/Versions/A/Resources/libGIF.dylib
0x0000000006024000 	/System/Library/Frameworks/ImageIO.framework/Versions/A/Resources/libJP2.dylib
0x0000000006024000 	/System/Library/Frameworks/ImageIO.framework/Versions/A/Resources/libRadiance.dylib
0x0000000006024000 	/System/Library/Frameworks/CoreVideo.framework/Versions/A/CoreVideo
0x0000000006024000 	/System/Library/Frameworks/OpenGL.framework/Versions/A/Libraries/libGLU.dylib
0x0000000006024000 	/System/Library/Frameworks/OpenGL.framework/Versions/A/Libraries/libGFXShared.dylib
0x0000000006024000 	/System/Library/Frameworks/OpenGL.framework/Versions/A/Libraries/libGL.dylib
0x0000000006024000 	/System/Library/Frameworks/OpenGL.framework/Versions/A/Libraries/libGLImage.dylib
0x0000000006024000 	/System/Library/Frameworks/OpenGL.framework/Versions/A/Libraries/libCVMSPluginSupport.dylib
0x0000000006024000 	/System/Library/Frameworks/OpenGL.framework/Versions/A/Libraries/libCoreVMClient.dylib
0x0000000006024000 	/usr/lib/libcompression.dylib
0x0000000006024000 	/usr/lib/libcups.2.dylib
0x0000000006024000 	/System/Library/Frameworks/Kerberos.framework/Versions/A/Kerberos
0x0000000006024000 	/System/Library/Frameworks/GSS.framework/Versions/A/GSS
0x0000000006024000 	/usr/lib/libresolv.9.dylib
0x0000000006024000 	/usr/lib/libiconv.2.dylib
0x0000000006024000 	/System/Library/PrivateFrameworks/Heimdal.framework/Versions/A/Heimdal
0x0000000006024000 	/usr/lib/libheimdal-asn1.dylib
0x0000000006024000 	/System/Library/Frameworks/OpenDirectory.framework/Versions/A/OpenDirectory
0x0000000006024000 	/System/Library/PrivateFrameworks/CommonAuth.framework/Versions/A/CommonAuth
0x0000000006024000 	/System/Library/Frameworks/OpenDirectory.framework/Versions/A/Frameworks/CFOpenDirectory.framework/Versions/A/CFOpenDirectory
0x0000000006024000 	/System/Library/Frameworks/SecurityFoundation.framework/Versions/A/SecurityFoundation
0x0000000006024000 	/System/Library/PrivateFrameworks/LanguageModeling.framework/Versions/A/LanguageModeling
0x0000000006024000 	/usr/lib/libmarisa.dylib
0x0000000006024000 	/usr/lib/libChineseTokenizer.dylib
0x0000000006024000 	/usr/lib/libcmph.dylib
0x0000000006024000 	/System/Library/Frameworks/ServiceManagement.framework/Versions/A/ServiceManagement
0x0000000006024000 	/usr/lib/libxslt.1.dylib
0x0000000006024000 	/System/Library/Frameworks/Carbon.framework/Versions/A/Frameworks/Ink.framework/Versions/A/Ink
0x0000000006024000 	/usr/lib/libFosl_dynamic.dylib
0x0000000006024000 	/System/Library/PrivateFrameworks/FaceCore.framework/Versions/A/FaceCore
0x0000000006024000 	/System/Library/Frameworks/OpenCL.framework/Versions/A/OpenCL
0x0000000006024000 	/System/Library/PrivateFrameworks/CrashReporterSupport.framework/Versions/A/CrashReporterSupport
0x0000000006024000 	/System/Library/PrivateFrameworks/IconServices.framework/Versions/A/IconServices
0x0000000006024000 	/System/Library/PrivateFrameworks/Apple80211.framework/Versions/A/Apple80211
0x0000000006024000 	/System/Library/Frameworks/CoreWLAN.framework/Versions/A/CoreWLAN
0x0000000006024000 	/System/Library/Frameworks/IOBluetooth.framework/Versions/A/IOBluetooth
0x0000000006024000 	/System/Library/PrivateFrameworks/CoreWiFi.framework/Versions/A/CoreWiFi
0x0000000006024000 	/System/Library/Frameworks/CoreBluetooth.framework/Versions/A/CoreBluetooth
0x0000000006024000 	/System/Library/PrivateFrameworks/ChunkingLibrary.framework/Versions/A/ChunkingLibrary
0x0000000006024000 	/System/Library/PrivateFrameworks/DebugSymbols.framework/Versions/A/DebugSymbols
0x0000000006024000 	/System/Library/PrivateFrameworks/CoreSymbolication.framework/Versions/A/CoreSymbolication
0x0000000006024000 	/System/Library/PrivateFrameworks/Symbolication.framework/Versions/A/Symbolication
0x0000000006024000 	/System/Library/PrivateFrameworks/SpeechRecognitionCore.framework/Versions/A/SpeechRecognitionCore
0x0000000105f94000 	/Library/Java/JavaVirtualMachines/jdk1.8.0_101.jdk/Contents/Home/jre/lib/server/libjvm.dylib
0x0000000006024000 	/usr/lib/libstdc++.6.dylib
0x0000000106f35000 	/Library/Java/JavaVirtualMachines/jdk1.8.0_101.jdk/Contents/Home/jre/lib/libverify.dylib
0x0000000106f43000 	/Library/Java/JavaVirtualMachines/jdk1.8.0_101.jdk/Contents/Home/jre/lib/libjava.dylib
0x0000000106f82000 	/Library/Java/JavaVirtualMachines/jdk1.8.0_101.jdk/Contents/Home/jre/lib/libzip.dylib
0x000000011d0f3000 	/System/Library/Frameworks/JavaVM.framework/Frameworks/JavaRuntimeSupport.framework/JavaRuntimeSupport
0x000000011d10e000 	/System/Library/Frameworks/JavaVM.framework/Versions/A/Frameworks/JavaNativeFoundation.framework/Versions/A/JavaNativeFoundation
0x000000011d123000 	/System/Library/Frameworks/JavaVM.framework/Versions/A/JavaVM
0x0000000006024000 	/System/Library/Frameworks/Carbon.framework/Versions/A/Carbon
0x000000011d130000 	/System/Library/PrivateFrameworks/JavaLaunching.framework/Versions/A/JavaLaunching
0x0000000006024000 	/System/Library/Frameworks/Carbon.framework/Versions/A/Frameworks/CommonPanels.framework/Versions/A/CommonPanels
0x0000000006024000 	/System/Library/Frameworks/Carbon.framework/Versions/A/Frameworks/Help.framework/Versions/A/Help
0x0000000006024000 	/System/Library/Frameworks/Carbon.framework/Versions/A/Frameworks/ImageCapture.framework/Versions/A/ImageCapture
0x0000000006024000 	/System/Library/Frameworks/Carbon.framework/Versions/A/Frameworks/OpenScripting.framework/Versions/A/OpenScripting
0x0000000006024000 	/System/Library/Frameworks/Carbon.framework/Versions/A/Frameworks/Print.framework/Versions/A/Print
0x0000000006024000 	/System/Library/Frameworks/Carbon.framework/Versions/A/Frameworks/SecurityHI.framework/Versions/A/SecurityHI
0x000000011eb83000 	/Applications/IntelliJ IDEA CE.app/Contents/bin/libbreakgen64.jnilib
0x000000011eb86000 	/Library/Java/JavaVirtualMachines/jdk1.8.0_101.jdk/Contents/Home/jre/lib/libnet.dylib
0x000000011ebe9000 	/private/var/folders/hx/chl3wz1s6d9g8dgpv9pfrkzw0000gn/T/sqlite-3.8.11.2-8a47df3d-fa5e-43ea-8ba6-907988300674-libsqlitejdbc.jnilib
0x000000011eced000 	/Library/Java/JavaVirtualMachines/jdk1.8.0_101.jdk/Contents/Home/jre/lib/libawt.dylib
0x000000011ed95000 	/Library/Java/JavaVirtualMachines/jdk1.8.0_101.jdk/Contents/Home/jre/lib/./libmlib_image.dylib
0x000000011ee61000 	/Library/Java/JavaVirtualMachines/jdk1.8.0_101.jdk/Contents/Home/jre/lib/libawt_lwawt.dylib
0x000000011ef16000 	/Library/Java/JavaVirtualMachines/jdk1.8.0_101.jdk/Contents/Home/jre/lib/./libosxapp.dylib
0x0000000006024000 	/System/Library/Frameworks/ExceptionHandling.framework/Versions/A/ExceptionHandling
0x0000000006024000 	/System/Library/PrivateFrameworks/CoreServicesInternal.framework/Versions/A/CoreServicesInternal
0x0000000006024000 	/System/Library/Frameworks/CoreGraphics.framework/Versions/A/Resources/libRIP.A.dylib
0x0000000006024000 	/System/Library/Frameworks/Accelerate.framework/Versions/A/Frameworks/vImage.framework/Versions/A/Libraries/libCGInterfaces.dylib
0x0000000006024000 	/System/Library/Frameworks/CoreGraphics.framework/Versions/A/Resources/libCGXType.A.dylib
0x0000000006024000 	/System/Library/Frameworks/OpenCL.framework/Versions/A/Libraries/libcldcpuengine.dylib
0x0000000006024000 	/System/Library/PrivateFrameworks/DiskImages.framework/Versions/A/DiskImages
0x0000000006024000 	/System/Library/Frameworks/DiscRecording.framework/Versions/A/DiscRecording
0x0000000006024000 	/usr/lib/libcsfde.dylib
0x0000000006024000 	/usr/lib/libcurl.4.dylib
0x0000000006024000 	/System/Library/PrivateFrameworks/MediaKit.framework/Versions/A/MediaKit
0x0000000006024000 	/System/Library/PrivateFrameworks/ProtectedCloudStorage.framework/Versions/A/ProtectedCloudStorage
0x0000000006024000 	/usr/lib/libCoreStorage.dylib
0x0000000006024000 	/System/Library/PrivateFrameworks/EFILogin.framework/Versions/A/EFILogin
0x0000000006024000 	/usr/lib/libutil.dylib
0x0000000006024000 	/System/Library/PrivateFrameworks/FindMyDevice.framework/Versions/A/FindMyDevice
0x0000000006024000 	/System/Library/Frameworks/LDAP.framework/Versions/A/LDAP
0x0000000006024000 	/usr/lib/libsasl2.2.dylib
0x0000000006024000 	/System/Library/PrivateFrameworks/CoreDaemon.framework/Versions/B/CoreDaemon
0x0000000006024000 	/usr/lib/libcrypto.0.9.8.dylib
0x0000000006024000 	/System/Library/PrivateFrameworks/AppleSRP.framework/Versions/A/AppleSRP
0x0000000006024000 	/System/Library/PrivateFrameworks/TrustEvaluationAgent.framework/Versions/A/TrustEvaluationAgent
0x00000001204c8000 	cl_kernels
0x0000000006024000 	/System/Library/Frameworks/OpenCL.framework/Versions/A/Libraries/ImageFormats/unorm8_bgra.dylib
0x0000000006024000 	/System/Library/Frameworks/OpenCL.framework/Versions/A/Libraries/ImageFormats/unorm8_rgba.dylib
0x0000000006024000 	/System/Library/PrivateFrameworks/FamilyControls.framework/Versions/A/FamilyControls
0x0000000006024000 	/System/Library/PrivateFrameworks/CommerceKit.framework/Versions/A/Frameworks/CommerceCore.framework/Versions/A/CommerceCore
0x0000000006024000 	/System/Library/PrivateFrameworks/SystemAdministration.framework/Versions/A/SystemAdministration
0x0000000006024000 	/System/Library/PrivateFrameworks/AppContainer.framework/Versions/A/AppContainer
0x0000000006024000 	/System/Library/PrivateFrameworks/SecCodeWrapper.framework/Versions/A/SecCodeWrapper
0x0000000006024000 	/System/Library/Frameworks/DirectoryService.framework/Versions/A/DirectoryService
0x0000000006024000 	/System/Library/PrivateFrameworks/LoginUIKit.framework/Versions/A/Frameworks/LoginUICore.framework/Versions/A/LoginUICore
0x0000000006024000 	/usr/lib/libodfde.dylib
0x00000001214e5000 	/Library/Java/JavaVirtualMachines/jdk1.8.0_101.jdk/Contents/Home/jre/lib/libfontmanager.dylib
0x000000011fbcc000 	/Library/Java/JavaVirtualMachines/jdk1.8.0_101.jdk/Contents/Home/jre/lib/libosxui.dylib
0x0000000006024000 	/System/Library/Frameworks/OpenGL.framework/Versions/A/Resources/GLEngine.bundle/GLEngine
0x0000000006024000 	/System/Library/Frameworks/OpenGL.framework/Versions/A/Libraries/libGLProgrammability.dylib
0x0000000121f8a000 	/System/Library/Extensions/AppleIntelBDWGraphicsGLDriver.bundle/Contents/MacOS/AppleIntelBDWGraphicsGLDriver
0x0000000006024000 	/System/Library/PrivateFrameworks/GPUSupport.framework/Versions/A/Libraries/libGPUSupportMercury.dylib
0x0000000006024000 	/System/Library/Frameworks/OpenGL.framework/Versions/A/Resources/GLRendererFloat.bundle/GLRendererFloat
0x00000001232dd000 	/private/var/folders/hx/chl3wz1s6d9g8dgpv9pfrkzw0000gn/T/bluecove_maximerichard_0/libbluecove.jnilib
0x00000001233b1000 	/Library/Java/JavaVirtualMachines/jdk1.8.0_101.jdk/Contents/Home/jre/lib/libnio.dylib
0x0000000006024000 	/System/Library/Frameworks/ApplicationServices.framework/Versions/A/Frameworks/ATS.framework/Versions/A/Resources/libTrueTypeScaler.dylib
0x000000017641a000 	/System/Library/Extensions/AppleIntelBDWGraphicsMTLDriver.bundle/Contents/MacOS/AppleIntelBDWGraphicsMTLDriver
0x0000000006024000 	/System/Library/CoreServices/RawCamera.bundle/Contents/MacOS/RawCamera
0x00000001770d0000 	/Library/Java/JavaVirtualMachines/jdk1.8.0_101.jdk/Contents/Home/jre/lib/libjpeg.dylib
0x00000001770fd000 	/Library/Java/JavaVirtualMachines/jdk1.8.0_101.jdk/Contents/Home/jre/lib/liblcms.dylib

VM Arguments:
jvm_args: -Didea.launcher.port=7542 -Didea.launcher.bin.path=/Applications/IntelliJ IDEA CE.app/Contents/bin -Dfile.encoding=UTF-8 
java_command: com.intellij.rt.execution.application.AppMain com.sciquizapp.sciquizserver.MyServer
java_class_path (initial): /Library/Java/JavaVirtualMachines/jdk1.8.0_101.jdk/Contents/Home/jre/lib/charsets.jar:/Library/Java/JavaVirtualMachines/jdk1.8.0_101.jdk/Contents/Home/jre/lib/deploy.jar:/Library/Java/JavaVirtualMachines/jdk1.8.0_101.jdk/Contents/Home/jre/lib/ext/cldrdata.jar:/Library/Java/JavaVirtualMachines/jdk1.8.0_101.jdk/Contents/Home/jre/lib/ext/dnsns.jar:/Library/Java/JavaVirtualMachines/jdk1.8.0_101.jdk/Contents/Home/jre/lib/ext/jaccess.jar:/Library/Java/JavaVirtualMachines/jdk1.8.0_101.jdk/Contents/Home/jre/lib/ext/jfxrt.jar:/Library/Java/JavaVirtualMachines/jdk1.8.0_101.jdk/Contents/Home/jre/lib/ext/localedata.jar:/Library/Java/JavaVirtualMachines/jdk1.8.0_101.jdk/Contents/Home/jre/lib/ext/nashorn.jar:/Library/Java/JavaVirtualMachines/jdk1.8.0_101.jdk/Contents/Home/jre/lib/ext/sunec.jar:/Library/Java/JavaVirtualMachines/jdk1.8.0_101.jdk/Contents/Home/jre/lib/ext/sunjce_provider.jar:/Library/Java/JavaVirtualMachines/jdk1.8.0_101.jdk/Contents/Home/jre/lib/ext/sunpkcs11.jar:/Library/Java/JavaVirtualMachines/jdk1.8.0_101.jdk/Contents/Home/jre/lib/ext/zipfs.jar:/Library/Java/JavaVirtualMachines/jdk1.8.0_101.jdk/Contents/Home/jre/lib/javaws.jar:/Library/Java/JavaVirtualMachines/jdk1.8.0_101.jdk/Contents/Home/jre/lib/jce.jar:/Library/Java/JavaVirtualMachines/jdk1.8.0_101.jdk/Contents/Home/jre/lib/jfr.jar:/Library/Java/JavaVirtualMachines/jdk1.8.0_101.jdk/Contents/Home/jre/lib/jfxswt.jar:/Library/Java/JavaVirtualMachines/jdk1.8.0_101.jdk/Contents/Home/jre/lib/jsse.jar:/Library/Java/JavaVirtualMachines/jdk1.8.0_101.jdk/Contents/Home/jre/lib/management-agent.jar:/Library/Java/JavaVirtualMachines/jdk1.8.0_101.jdk/Contents/Home/jre/lib/plugin.jar:/Library/Java/JavaVirtualMachines/jdk1.8.0_101.jdk/Contents/Home/jre/lib/resources.jar:/Library/Java/JavaVirtualMachines/jdk1.8.0_101.jdk/Contents/Home/jre/lib/rt.jar:/Library/Java/JavaVirtualMachines/jdk1.8.0_101.jdk/Contents/Home/lib/ant-javafx.jar:/Library/Java/JavaVirtualMachines/jdk1.8.0_101.jdk/Contents/Home
Launcher Type: SUN_STANDARD

Environment Variables:
PATH=/usr/local/bin:/usr/bin:/bin:/usr/sbin:/sbin
SHELL=/bin/bash

Signal Handlers:
SIGSEGV: [libjvm.dylib+0x5af145], sa_mask[0]=11111111011111110111111111111111, sa_flags=SA_ONSTACK|SA_RESTART|SA_SIGINFO
SIGBUS: [libjvm.dylib+0x5af145], sa_mask[0]=11111111011111110111111111111111, sa_flags=SA_RESTART|SA_SIGINFO
SIGFPE: [libjvm.dylib+0x48694c], sa_mask[0]=11111111011111110111111111111111, sa_flags=SA_RESTART|SA_SIGINFO
SIGPIPE: [libjvm.dylib+0x48694c], sa_mask[0]=11111111011111110111111111111111, sa_flags=SA_RESTART|SA_SIGINFO
SIGXFSZ: [libjvm.dylib+0x48694c], sa_mask[0]=11111111011111110111111111111111, sa_flags=SA_RESTART|SA_SIGINFO
SIGILL: [libjvm.dylib+0x48694c], sa_mask[0]=11111111011111110111111111111111, sa_flags=SA_RESTART|SA_SIGINFO
SIGUSR1: SIG_DFL, sa_mask[0]=00000000000000000000000000000000, sa_flags=none
SIGUSR2: [libjvm.dylib+0x48646a], sa_mask[0]=00100000000000000000000000000000, sa_flags=SA_RESTART|SA_SIGINFO
SIGHUP: [libjvm.dylib+0x484a41], sa_mask[0]=11111111011111110111111111111111, sa_flags=SA_RESTART|SA_SIGINFO
SIGINT: [libjvm.dylib+0x484a41], sa_mask[0]=11111111011111110111111111111111, sa_flags=SA_RESTART|SA_SIGINFO
SIGTERM: [libjvm.dylib+0x484a41], sa_mask[0]=11111111011111110111111111111111, sa_flags=SA_RESTART|SA_SIGINFO
SIGQUIT: [libjvm.dylib+0x484a41], sa_mask[0]=11111111011111110111111111111111, sa_flags=SA_RESTART|SA_SIGINFO


---------------  S Y S T E M  ---------------

OS:Bsduname:Darwin 15.6.0 Darwin Kernel Version 15.6.0: Thu Jun 23 18:25:34 PDT 2016; root:xnu-3248.60.10~1/RELEASE_X86_64 x86_64
rlimit: STACK 8192k, CORE 0k, NPROC 709, NOFILE 10240, AS infinity
load average:3.07 3.06 2.84

CPU:total 4 (2 cores per cpu, 2 threads per core) family 6 model 61 stepping 4, cmov, cx8, fxsr, mmx, sse, sse2, sse3, ssse3, sse4.1, sse4.2, popcnt, avx, avx2, aes, clmul, erms, 3dnowpref, lzcnt, ht, tsc, tscinvbit, bmi1, bmi2, adx

Memory: 4k page, physical 8388608k(186292k free)

/proc/meminfo:


vm_info: Java HotSpot(TM) 64-Bit Server VM (25.101-b13) for bsd-amd64 JRE (1.8.0_101-b13), built on Jun 22 2016 02:42:15 by "java_re" with gcc 4.2.1 (Based on Apple Inc. build 5658) (LLVM build 2336.11.00)

time: Wed Apr 19 15:49:56 2017
elapsed time: 30 seconds (0d 0h 0m 30s)

