#
# A fatal error has been detected by the Java Runtime Environment:
#
#  SIGSEGV (0xb) at pc=0x000000011082343c, pid=5244, tid=0x000000000000fb3f
#
# JRE version: Java(TM) SE Runtime Environment (8.0_101-b13) (build 1.8.0_101-b13)
# Java VM: Java HotSpot(TM) 64-Bit Server VM (25.101-b13 mixed mode bsd-amd64 compressed oops)
# Problematic frame:
# j  com.apple.laf.AquaImageFactory$SlicedImageControl.paint(Ljava/awt/Graphics;IIII)V+3
#
# Failed to write core dump. Core dumps have been disabled. To enable core dumping, try "ulimit -c unlimited" before starting Java again
#
# If you would like to submit a bug report, please visit:
#   http://bugreport.java.com/bugreport/crash.jsp
#

---------------  T H R E A D  ---------------

Current thread (0x00007f8673950000):  JavaThread "AWT-EventQueue-0" [_thread_in_Java, id=64319, stack(0x00007000018e8000,0x00007000019e8000)]

siginfo: si_signo: 11 (SIGSEGV), si_code: 1 (SEGV_MAPERR), si_addr: 0x0000000096f70100

Registers:
RAX=0x0000000000000000, RBX=0x0000000000000016, RCX=0x0000000096f700f8, RDX=0x0000000090000003
RSP=0x00007000019e51a0, RBP=0x00007000019e5200, RSI=0x00007000019e51e0, RDI=0x00000001248a5550
R8 =0x0000000000000ab5, R9 =0x000000000000008c, R10=0x000000010f8cb6f0, R11=0x000000011091a2a0
R12=0x0000000000000000, R13=0x000000012c9c97d3, R14=0x00007000019e5238, R15=0x00007f8673950000
RIP=0x000000011082343c, EFLAGS=0x0000000000010246, ERR=0x0000000000000004
  TRAPNO=0x000000000000000e

Top of Stack: (sp=0x00007000019e51a0)
0x00007000019e51a0:   00000001108082bd 0000000000000000
0x00007000019e51b0:   0000000000000000 0000000096f700f8
0x00007000019e51c0:   00007000019e51c0 000000012c9c97d3
0x00007000019e51d0:   00007000019e5238 000000012c9c9d48
0x00007000019e51e0:   0000000000000000 000000012c9c9810
0x00007000019e51f0:   0000000000000000 00007000019e5210
0x00007000019e5200:   00007000019e5280 00000001108082bd
0x00007000019e5210:   000000000000008c 00000000000000ae
0x00007000019e5220:   0000000000000000 0000000000000000
0x00007000019e5230:   0000000096f700f8 000000079659ded0
0x00007000019e5240:   00007000019e5240 000000012c480b1d
0x00007000019e5250:   00007000019e52b0 000000012c480bf0
0x00007000019e5260:   0000000000000000 000000012c480b38
0x00007000019e5270:   00007000019e5210 00007000019e52a0
0x00007000019e5280:   00007000019e52f8 00000001108082bd
0x00007000019e5290:   000000079659ded0 000000079659de90
0x00007000019e52a0:   0000000796f6d9f8 0000000096f700f8
0x00007000019e52b0:   0000000795fcfdc0 00007000019e52b8
0x00007000019e52c0:   0000000124d7d9e8 00007000019e5348
0x00007000019e52d0:   0000000124d7dba0 0000000000000000
0x00007000019e52e0:   0000000124d7da00 00007000019e52a0
0x00007000019e52f0:   00007000019e5318 00007000019e5390
0x00007000019e5300:   00000001108082bd 0000000796f700f8
0x00007000019e5310:   0000000796f6d9f8 000000000000008c
0x00007000019e5320:   00000000000000ae 0000000000000000
0x00007000019e5330:   0000000000000000 0000000796231418
0x00007000019e5340:   0000000796f700f8 0000000795fcfdc0
0x00007000019e5350:   00007000019e5350 000000012c47e28e
0x00007000019e5360:   00007000019e53d8 000000012c47e4c8
0x00007000019e5370:   0000000000000000 000000012c47e2a0
0x00007000019e5380:   00007000019e5318 00007000019e53e0
0x00007000019e5390:   00007000019e55a0 0000000110c54814 

Instructions: (pc=0x000000011082343c)
0x000000011082341c:   10 4c 8b 68 d8 41 83 ed 04 41 c1 e5 03 49 03 c5
0x000000011082342c:   48 89 45 e0 4c 8d 6c 24 08 4c 89 6d f0 ff 63 50
0x000000011082343c:   8b 41 08 48 c1 e0 03 4c 8b 75 e0 4d 85 f6 0f 84
0x000000011082344c:   95 00 00 00 49 8b 56 10 48 3b d0 0f 85 0f 00 00 

Register to memory mapping:

RAX=0x0000000000000000 is an unknown value
RBX=0x0000000000000016 is an unknown value
RCX=0x0000000096f700f8 is an unknown value
RDX=0x0000000090000003 is an unknown value
RSP=0x00007000019e51a0 is pointing into the stack for thread: 0x00007f8673950000
RBP=0x00007000019e5200 is pointing into the stack for thread: 0x00007f8673950000
RSI=0x00007000019e51e0 is pointing into the stack for thread: 0x00007f8673950000
RDI=0x00000001248a5550 is pointing into metadata
R8 =0x0000000000000ab5 is an unknown value
R9 =0x000000000000008c is an unknown value
R10=0x000000010f8cb6f0: _ZN19TemplateInterpreter20_invoke_return_entryE+0 in /Library/Java/JavaVirtualMachines/jdk1.8.0_101.jdk/Contents/Home/jre/lib/server/libjvm.dylib at 0x000000010efdc000
R11=0x000000011091a2a0 is at entry_point+32 in (nmethod*)0x000000011091a110
R12=0x0000000000000000 is an unknown value
R13=0x000000012c9c97d3 is pointing into metadata
R14=0x00007000019e5238 is pointing into the stack for thread: 0x00007f8673950000
R15=0x00007f8673950000 is a thread


Stack: [0x00007000018e8000,0x00007000019e8000],  sp=0x00007000019e51a0,  free space=1012k
Native frames: (J=compiled Java code, j=interpreted, Vv=VM code, C=native code)
j  com.apple.laf.AquaImageFactory$SlicedImageControl.paint(Ljava/awt/Graphics;IIII)V+3
j  com.apple.laf.AquaPainter$AquaNineSlicingImagePainter.paint(Ljava/awt/Graphics2D;Lapple/laf/JRSUIState;)V+133
j  com.apple.laf.AquaPainter.paint(Ljava/awt/Graphics;Ljava/awt/Component;IIII)V+40
j  com.apple.laf.AquaScrollRegionBorder.paintBorder(Ljava/awt/Component;Ljava/awt/Graphics;IIII)V+70
J 1357 C1 javax.swing.JComponent.paintBorder(Ljava/awt/Graphics;)V (28 bytes) @ 0x0000000110c54814 [0x0000000110c54460+0x3b4]
J 1410 C1 javax.swing.JComponent.paint(Ljava/awt/Graphics;)V (409 bytes) @ 0x0000000110c8f01c [0x0000000110c8d600+0x1a1c]
j  javax.swing.JComponent.paintToOffscreen(Ljava/awt/Graphics;IIIIII)V+41
j  javax.swing.RepaintManager$PaintManager.paintDoubleBuffered(Ljavax/swing/JComponent;Ljava/awt/Image;Ljava/awt/Graphics;IIII)V+163
j  javax.swing.RepaintManager$PaintManager.paint(Ljavax/swing/JComponent;Ljavax/swing/JComponent;Ljava/awt/Graphics;IIII)Z+116
j  javax.swing.RepaintManager.paint(Ljavax/swing/JComponent;Ljavax/swing/JComponent;Ljava/awt/Graphics;IIII)V+51
j  javax.swing.JComponent._paintImmediately(IIII)V+683
j  javax.swing.JComponent.paintImmediately(IIII)V+138
j  javax.swing.RepaintManager$4.run()Ljava/lang/Void;+81
j  javax.swing.RepaintManager$4.run()Ljava/lang/Object;+1
v  ~StubRoutines::call_stub
V  [libjvm.dylib+0x2ecf06]
V  [libjvm.dylib+0x34d69c]
J 789  java.security.AccessController.doPrivileged(Ljava/security/PrivilegedAction;Ljava/security/AccessControlContext;)Ljava/lang/Object; (0 bytes) @ 0x0000000110adb1d5 [0x0000000110adb100+0xd5]
J 796 C1 java.security.ProtectionDomain$JavaSecurityAccessImpl.doIntersectionPrivilege(Ljava/security/PrivilegedAction;Ljava/security/AccessControlContext;Ljava/security/AccessControlContext;)Ljava/lang/Object; (22 bytes) @ 0x0000000110ae069c [0x0000000110ae0220+0x47c]
j  javax.swing.RepaintManager.paintDirtyRegions(Ljava/util/Map;)V+154
j  javax.swing.RepaintManager.paintDirtyRegions()V+46
j  javax.swing.RepaintManager.prePaintDirtyRegions()V+73
j  javax.swing.RepaintManager.access$1200(Ljavax/swing/RepaintManager;)V+1
j  javax.swing.RepaintManager$ProcessingRunnable.run()V+37
J 1318 C1 java.awt.event.InvocationEvent.dispatch()V (69 bytes) @ 0x0000000110c3bc54 [0x0000000110c3ba40+0x214]
J 1084 C1 java.awt.EventQueue.dispatchEventImpl(Ljava/awt/AWTEvent;Ljava/lang/Object;)V (149 bytes) @ 0x0000000110b6116c [0x0000000110b5f680+0x1aec]
J 1082 C1 java.awt.EventQueue$3.run()Ljava/lang/Void; (60 bytes) @ 0x0000000110b5ea54 [0x0000000110b5e840+0x214]
J 1081 C1 java.awt.EventQueue$3.run()Ljava/lang/Object; (5 bytes) @ 0x0000000110b5e4cc [0x0000000110b5e440+0x8c]
v  ~StubRoutines::call_stub
V  [libjvm.dylib+0x2ecf06]
V  [libjvm.dylib+0x34d69c]
J 789  java.security.AccessController.doPrivileged(Ljava/security/PrivilegedAction;Ljava/security/AccessControlContext;)Ljava/lang/Object; (0 bytes) @ 0x0000000110adb1d5 [0x0000000110adb100+0xd5]
J 979 C1 java.awt.EventQueue.dispatchEvent(Ljava/awt/AWTEvent;)V (80 bytes) @ 0x0000000110b3822c [0x0000000110b37880+0x9ac]
J 981 C1 java.awt.EventDispatchThread.pumpOneEventForFilters(I)V (295 bytes) @ 0x0000000110b3bfbc [0x0000000110b3a440+0x1b7c]
j  java.awt.EventDispatchThread.pumpEventsForFilter(ILjava/awt/Conditional;Ljava/awt/EventFilter;)V+35
j  java.awt.EventDispatchThread.pumpEventsForHierarchy(ILjava/awt/Conditional;Ljava/awt/Component;)V+11
j  java.awt.EventDispatchThread.pumpEvents(ILjava/awt/Conditional;)V+4
j  java.awt.EventDispatchThread.pumpEvents(Ljava/awt/Conditional;)V+3
j  java.awt.EventDispatchThread.run()V+9
v  ~StubRoutines::call_stub
V  [libjvm.dylib+0x2ecf06]
V  [libjvm.dylib+0x2ed694]
V  [libjvm.dylib+0x2ed840]
V  [libjvm.dylib+0x348029]
V  [libjvm.dylib+0x5695ab]
V  [libjvm.dylib+0x56ac98]
V  [libjvm.dylib+0x48933a]
C  [libsystem_pthread.dylib+0x399d]  _pthread_body+0x83
C  [libsystem_pthread.dylib+0x391a]  _pthread_body+0x0
C  [libsystem_pthread.dylib+0x1351]  thread_start+0xd
C  0x0000000000000000


---------------  P R O C E S S  ---------------

Java Threads: ( => current thread )
  0x00007f86722a4000 JavaThread "Thread-3" [_thread_in_vm, id=74243, stack(0x0000700001b71000,0x0000700001c71000)]
  0x00007f867229b800 JavaThread "TimerQueue" daemon [_thread_blocked, id=69019, stack(0x0000700001a6e000,0x0000700001b6e000)]
  0x00007f867304f800 JavaThread "DestroyJavaVM" [_thread_blocked, id=4099, stack(0x0000700000084000,0x0000700000184000)]
=>0x00007f8673950000 JavaThread "AWT-EventQueue-0" [_thread_in_Java, id=64319, stack(0x00007000018e8000,0x00007000019e8000)]
  0x00007f8673317000 JavaThread "Java2D Disposer" daemon [_thread_blocked, id=63747, stack(0x00007000017e5000,0x00007000018e5000)]
  0x00007f86732fd800 JavaThread "Java2D Queue Flusher" daemon [_thread_blocked, id=60167, stack(0x00007000016e2000,0x00007000017e2000)]
  0x00007f86738c7800 JavaThread "AWT-Shutdown" [_thread_blocked, id=38427, stack(0x000070000155c000,0x000070000165c000)]
  0x00007f86728f8800 JavaThread "AppKit Thread" daemon [_thread_in_native, id=2571, stack(0x00007fff506a0000,0x00007fff50ea0000)]
  0x00007f86731a9000 JavaThread "BluecoveAsynchronousShutdownThread" daemon [_thread_blocked, id=21507, stack(0x0000700001353000,0x0000700001453000)]
  0x00007f867300e000 JavaThread "Abandoned connection cleanup thread" daemon [_thread_blocked, id=20739, stack(0x0000700001250000,0x0000700001350000)]
  0x00007f8673858800 JavaThread "Thread-0" [_thread_in_native, id=20227, stack(0x000070000114d000,0x000070000124d000)]
  0x00007f8673853000 JavaThread "Monitor Ctrl-Break" daemon [_thread_in_native, id=19715, stack(0x000070000104a000,0x000070000114a000)]
  0x00007f867380e000 JavaThread "Service Thread" daemon [_thread_blocked, id=18691, stack(0x0000700000e44000,0x0000700000f44000)]
  0x00007f8672813000 JavaThread "C1 CompilerThread2" daemon [_thread_blocked, id=18179, stack(0x0000700000d41000,0x0000700000e41000)]
  0x00007f8672812800 JavaThread "C2 CompilerThread1" daemon [_thread_blocked, id=17667, stack(0x0000700000c3e000,0x0000700000d3e000)]
  0x00007f867280e000 JavaThread "C2 CompilerThread0" daemon [_thread_blocked, id=17155, stack(0x0000700000b3b000,0x0000700000c3b000)]
  0x00007f867380d000 JavaThread "Signal Dispatcher" daemon [_thread_blocked, id=14607, stack(0x0000700000a38000,0x0000700000b38000)]
  0x00007f867204c800 JavaThread "Finalizer" daemon [_thread_blocked, id=12291, stack(0x000070000082f000,0x000070000092f000)]
  0x00007f8672802000 JavaThread "Reference Handler" daemon [_thread_blocked, id=11779, stack(0x000070000072c000,0x000070000082c000)]

Other Threads:
  0x00007f8672805800 VMThread [stack: 0x0000700000629000,0x0000700000729000] [id=11267]
  0x00007f8673812000 WatcherThread [stack: 0x0000700000f47000,0x0000700001047000] [id=19203]

VM state:not at safepoint (normal execution)

VM Mutex/Monitor currently owned by a thread: None

Heap:
 PSYoungGen      total 38400K, used 27214K [0x0000000795580000, 0x0000000798000000, 0x00000007c0000000)
  eden space 33280K, 81% used [0x0000000795580000,0x00000007970138f8,0x0000000797600000)
  from space 5120K, 0% used [0x0000000797b00000,0x0000000797b00000,0x0000000798000000)
  to   space 5120K, 0% used [0x0000000797600000,0x0000000797600000,0x0000000797b00000)
 ParOldGen       total 87552K, used 0K [0x0000000740000000, 0x0000000745580000, 0x0000000795580000)
  object space 87552K, 0% used [0x0000000740000000,0x0000000740000000,0x0000000745580000)
 Metaspace       used 15969K, capacity 16122K, committed 16384K, reserved 1062912K
  class space    used 1981K, capacity 2046K, committed 2048K, reserved 1048576K

Card table byte_map: [0x000000011fbc0000,0x000000011ffc1000] byte_map_base: 0x000000011c1c0000

Marking Bits: (ParMarkBitMap*) 0x000000010f8c9d20
 Begin Bits: [0x000000012026c000, 0x000000012226c000)
 End Bits:   [0x000000012226c000, 0x000000012426c000)

Polling page: 0x000000010ffc0000

CodeCache: size=245760Kb used=5231Kb max_used=5237Kb free=240528Kb
 bounds [0x0000000110800000, 0x0000000110d30000, 0x000000011f800000]
 total_blobs=2084 nmethods=1503 adapters=494
 compilation: enabled

Compilation events (10 events):
Event: 114.603 Thread 0x00007f8672813000 nmethod 1556 0x0000000110d11c50 code [0x0000000110d11da0, 0x0000000110d11ef0]
Event: 114.603 Thread 0x00007f8672813000 1557   !   3       java.awt.LightweightDispatcher::eventDispatched (336 bytes)
Event: 114.607 Thread 0x00007f8672813000 nmethod 1557 0x0000000110d18090 code [0x0000000110d18420, 0x0000000110d1ae58]
Event: 114.607 Thread 0x00007f8672813000 1559       3       sun.lwawt.LWComponentPeer::localToWindow (62 bytes)
Event: 114.608 Thread 0x00007f867280e000 1560       4       javax.swing.JComponent::getWidth (5 bytes)
Event: 114.608 Thread 0x00007f8672813000 nmethod 1559 0x0000000110d1c090 code [0x0000000110d1c2a0, 0x0000000110d1d3b0]
Event: 114.608 Thread 0x00007f8672813000 1558  s    3       javax.swing.RepaintManager$ProcessingRunnable::markPending (16 bytes)
Event: 114.608 Thread 0x00007f867280e000 nmethod 1560 0x0000000110bfb750 code [0x0000000110bfb8a0, 0x0000000110bfb8f8]
Event: 114.608 Thread 0x00007f8672813000 nmethod 1558 0x0000000110d116d0 code [0x0000000110d11840, 0x0000000110d11b90]
Event: 114.608 Thread 0x00007f8672813000 1561       3       sun.java2d.pipe.DrawImage::scaleImage (68 bytes)

GC Heap History (0 events):
No events

Deoptimization events (9 events):
Event: 2.166 Thread 0x00007f867200a000 Uncommon trap: reason=unstable_if action=reinterpret pc=0x00000001109b09a8 method=org.sqlite.SQLiteJDBCLoader.contentsEquals(Ljava/io/InputStream;Ljava/io/InputStream;)Z @ 39
Event: 3.775 Thread 0x00007f867200a000 Uncommon trap: reason=unstable_if action=reinterpret pc=0x00000001109b9354 method=sun.misc.MetaIndex.mayContain(Ljava/lang/String;)Z @ 38
Event: 8.132 Thread 0x00007f8673950000 Uncommon trap: reason=class_check action=maybe_recompile pc=0x00000001109eab18 method=java.lang.String.equals(Ljava/lang/Object;)Z @ 8
Event: 8.132 Thread 0x00007f8673950000 Uncommon trap: reason=class_check action=maybe_recompile pc=0x00000001109eab18 method=java.lang.String.equals(Ljava/lang/Object;)Z @ 8
Event: 8.154 Thread 0x00007f867200a000 Uncommon trap: reason=class_check action=maybe_recompile pc=0x00000001109eab18 method=java.lang.String.equals(Ljava/lang/Object;)Z @ 8
Event: 8.154 Thread 0x00007f867200a000 Uncommon trap: reason=class_check action=maybe_recompile pc=0x00000001109eab18 method=java.lang.String.equals(Ljava/lang/Object;)Z @ 8
Event: 36.276 Thread 0x00007f8673950000 Uncommon trap: reason=unstable_if action=reinterpret pc=0x0000000110a9e840 method=java.util.HashMap.getNode(ILjava/lang/Object;)Ljava/util/HashMap$Node; @ 62
Event: 36.280 Thread 0x00007f8673950000 Uncommon trap: reason=unstable_if action=reinterpret pc=0x0000000110a90d6c method=java.util.HashMap.getNode(ILjava/lang/Object;)Ljava/util/HashMap$Node; @ 62
Event: 36.996 Thread 0x00007f8673950000 Uncommon trap: reason=unstable_if action=reinterpret pc=0x0000000110c0d894 method=sun.awt.image.OffScreenImageSource.sendPixels()V @ 663

Internal exceptions (10 events):
Event: 0.859 Thread 0x00007f8673858800 Exception <a 'java/security/PrivilegedActionException'> (0x00000007958b60a0) thrown at [/HUDSON3/workspace/8-2-build-macosx-x86_64/jdk8u101/7261/hotspot/src/share/vm/prims/jvm.cpp, line 1386]
Event: 0.859 Thread 0x00007f8673858800 Exception <a 'java/security/PrivilegedActionException'> (0x00000007958b62b0) thrown at [/HUDSON3/workspace/8-2-build-macosx-x86_64/jdk8u101/7261/hotspot/src/share/vm/prims/jvm.cpp, line 1386]
Event: 0.860 Thread 0x00007f8673858800 Exception <a 'java/security/PrivilegedActionException'> (0x00000007958b95b8) thrown at [/HUDSON3/workspace/8-2-build-macosx-x86_64/jdk8u101/7261/hotspot/src/share/vm/prims/jvm.cpp, line 1386]
Event: 0.860 Thread 0x00007f8673858800 Exception <a 'java/security/PrivilegedActionException'> (0x00000007958b97c8) thrown at [/HUDSON3/workspace/8-2-build-macosx-x86_64/jdk8u101/7261/hotspot/src/share/vm/prims/jvm.cpp, line 1386]
Event: 0.864 Thread 0x00007f8673858800 Exception <a 'java/lang/NoClassDefFoundError': org/apache/log4j/Category> (0x00000007958cd5a0) thrown at [/HUDSON3/workspace/8-2-build-macosx-x86_64/jdk8u101/7261/hotspot/src/share/vm/classfile/systemDictionary.cpp, line 199]
Event: 0.909 Thread 0x00007f8673858800 Exception <a 'java/lang/UnsatisfiedLinkError': com.intel.bluetooth.BluetoothStackOSX.isNativeCodeLoaded()Z> (0x0000000795921408) thrown at [/HUDSON3/workspace/8-2-build-macosx-x86_64/jdk8u101/7261/hotspot/src/share/vm/prims/nativeLookup.cpp, line 378]
Event: 2.972 Thread 0x00007f867200a000 Exception <a 'java/lang/NoSuchFieldError': method resolution failed> (0x0000000795db9b58) thrown at [/HUDSON3/workspace/8-2-build-macosx-x86_64/jdk8u101/7261/hotspot/src/share/vm/prims/methodHandles.cpp, line 1146]
Event: 2.976 Thread 0x00007f867200a000 Exception <a 'java/lang/NoSuchFieldError': method resolution failed> (0x0000000795dc7248) thrown at [/HUDSON3/workspace/8-2-build-macosx-x86_64/jdk8u101/7261/hotspot/src/share/vm/prims/methodHandles.cpp, line 1146]
Event: 3.322 Thread 0x00007f867200a000 Exception <a 'java/io/FileNotFoundException'> (0x0000000795e41bd0) thrown at [/HUDSON3/workspace/8-2-build-macosx-x86_64/jdk8u101/7261/hotspot/src/share/vm/prims/jni.cpp, line 709]
Event: 3.322 Thread 0x00007f867200a000 Exception <a 'java/io/FileNotFoundException'> (0x0000000795e42778) thrown at [/HUDSON3/workspace/8-2-build-macosx-x86_64/jdk8u101/7261/hotspot/src/share/vm/prims/jni.cpp, line 709]

Events (10 events):
Event: 99.224 loading class com/intel/bluetooth/WeakVectorFactory done
Event: 99.225 loading class com/intel/bluetooth/WeakVectorFactory$WeakVector
Event: 99.225 loading class com/intel/bluetooth/WeakVectorFactory$WeakVector done
Event: 99.226 loading class com/intel/bluetooth/WeakVectorFactory$WeakVectorOnWeakHashMapImpl
Event: 99.226 loading class com/intel/bluetooth/WeakVectorFactory$WeakVectorOnWeakHashMapImpl done
Event: 99.228 Thread 0x00007f86722a4000 Thread added: 0x00007f86722a4000
Event: 99.229 Executing VM operation: RevokeBias
Event: 99.229 Executing VM operation: RevokeBias done
Event: 114.603 Executing VM operation: BulkRevokeBias
Event: 114.603 Executing VM operation: BulkRevokeBias done


Dynamic libraries:
0x0000000004654000 	/System/Library/Frameworks/Cocoa.framework/Versions/A/Cocoa
0x0000000004654000 	/System/Library/Frameworks/Security.framework/Versions/A/Security
0x0000000004654000 	/System/Library/Frameworks/ApplicationServices.framework/Versions/A/ApplicationServices
0x0000000004654000 	/usr/lib/libz.1.dylib
0x0000000004654000 	/usr/lib/libSystem.B.dylib
0x0000000004654000 	/usr/lib/libobjc.A.dylib
0x0000000004654000 	/System/Library/Frameworks/CoreFoundation.framework/Versions/A/CoreFoundation
0x0000000004654000 	/System/Library/Frameworks/Foundation.framework/Versions/C/Foundation
0x0000000004654000 	/System/Library/Frameworks/AppKit.framework/Versions/C/AppKit
0x0000000004654000 	/System/Library/Frameworks/CoreData.framework/Versions/A/CoreData
0x0000000004654000 	/System/Library/PrivateFrameworks/RemoteViewServices.framework/Versions/A/RemoteViewServices
0x0000000004654000 	/System/Library/PrivateFrameworks/UIFoundation.framework/Versions/A/UIFoundation
0x0000000004654000 	/usr/lib/libScreenReader.dylib
0x0000000004654000 	/System/Library/Frameworks/Accelerate.framework/Versions/A/Accelerate
0x0000000004654000 	/System/Library/Frameworks/IOSurface.framework/Versions/A/IOSurface
0x0000000004654000 	/System/Library/Frameworks/AudioToolbox.framework/Versions/A/AudioToolbox
0x0000000004654000 	/System/Library/Frameworks/AudioUnit.framework/Versions/A/AudioUnit
0x0000000004654000 	/System/Library/PrivateFrameworks/DataDetectorsCore.framework/Versions/A/DataDetectorsCore
0x0000000004654000 	/System/Library/PrivateFrameworks/DesktopServicesPriv.framework/Versions/A/DesktopServicesPriv
0x0000000004654000 	/System/Library/Frameworks/Carbon.framework/Versions/A/Frameworks/HIToolbox.framework/Versions/A/HIToolbox
0x0000000004654000 	/System/Library/Frameworks/QuartzCore.framework/Versions/A/QuartzCore
0x0000000004654000 	/System/Library/Frameworks/Carbon.framework/Versions/A/Frameworks/SpeechRecognition.framework/Versions/A/SpeechRecognition
0x0000000004654000 	/usr/lib/libauto.dylib
0x0000000004654000 	/usr/lib/libicucore.A.dylib
0x0000000004654000 	/usr/lib/libxml2.2.dylib
0x0000000004654000 	/System/Library/PrivateFrameworks/CoreUI.framework/Versions/A/CoreUI
0x0000000004654000 	/System/Library/Frameworks/CoreAudio.framework/Versions/A/CoreAudio
0x0000000004654000 	/System/Library/Frameworks/DiskArbitration.framework/Versions/A/DiskArbitration
0x0000000004654000 	/usr/lib/liblangid.dylib
0x0000000004654000 	/System/Library/PrivateFrameworks/MultitouchSupport.framework/Versions/A/MultitouchSupport
0x0000000004654000 	/System/Library/Frameworks/IOKit.framework/Versions/A/IOKit
0x0000000004654000 	/usr/lib/libDiagnosticMessagesClient.dylib
0x0000000004654000 	/System/Library/Frameworks/CoreServices.framework/Versions/A/CoreServices
0x0000000004654000 	/System/Library/PrivateFrameworks/PerformanceAnalysis.framework/Versions/A/PerformanceAnalysis
0x0000000004654000 	/System/Library/PrivateFrameworks/GenerationalStorage.framework/Versions/A/GenerationalStorage
0x0000000004654000 	/System/Library/Frameworks/OpenGL.framework/Versions/A/OpenGL
0x0000000004654000 	/System/Library/PrivateFrameworks/Sharing.framework/Versions/A/Sharing
0x0000000004654000 	/System/Library/Frameworks/CoreGraphics.framework/Versions/A/CoreGraphics
0x0000000004654000 	/System/Library/Frameworks/CoreImage.framework/Versions/A/CoreImage
0x0000000004654000 	/System/Library/Frameworks/CoreText.framework/Versions/A/CoreText
0x0000000004654000 	/System/Library/Frameworks/ImageIO.framework/Versions/A/ImageIO
0x0000000004654000 	/System/Library/PrivateFrameworks/Backup.framework/Versions/A/Backup
0x0000000004654000 	/usr/lib/libextension.dylib
0x0000000004654000 	/usr/lib/libarchive.2.dylib
0x0000000004654000 	/System/Library/Frameworks/CFNetwork.framework/Versions/A/CFNetwork
0x0000000004654000 	/System/Library/Frameworks/SystemConfiguration.framework/Versions/A/SystemConfiguration
0x0000000004654000 	/usr/lib/libCRFSuite.dylib
0x0000000004654000 	/usr/lib/libc++.1.dylib
0x0000000004654000 	/usr/lib/libc++abi.dylib
0x0000000004654000 	/usr/lib/system/libcache.dylib
0x0000000004654000 	/usr/lib/system/libcommonCrypto.dylib
0x0000000004654000 	/usr/lib/system/libcompiler_rt.dylib
0x0000000004654000 	/usr/lib/system/libcopyfile.dylib
0x0000000004654000 	/usr/lib/system/libcorecrypto.dylib
0x0000000004654000 	/usr/lib/system/libdispatch.dylib
0x0000000004654000 	/usr/lib/system/libdyld.dylib
0x0000000004654000 	/usr/lib/system/libkeymgr.dylib
0x0000000004654000 	/usr/lib/system/liblaunch.dylib
0x0000000004654000 	/usr/lib/system/libmacho.dylib
0x0000000004654000 	/usr/lib/system/libquarantine.dylib
0x0000000004654000 	/usr/lib/system/libremovefile.dylib
0x0000000004654000 	/usr/lib/system/libsystem_asl.dylib
0x0000000004654000 	/usr/lib/system/libsystem_blocks.dylib
0x0000000004654000 	/usr/lib/system/libsystem_c.dylib
0x0000000004654000 	/usr/lib/system/libsystem_configuration.dylib
0x0000000004654000 	/usr/lib/system/libsystem_coreservices.dylib
0x0000000004654000 	/usr/lib/system/libsystem_coretls.dylib
0x0000000004654000 	/usr/lib/system/libsystem_dnssd.dylib
0x0000000004654000 	/usr/lib/system/libsystem_info.dylib
0x0000000004654000 	/usr/lib/system/libsystem_kernel.dylib
0x0000000004654000 	/usr/lib/system/libsystem_m.dylib
0x0000000004654000 	/usr/lib/system/libsystem_malloc.dylib
0x0000000004654000 	/usr/lib/system/libsystem_network.dylib
0x0000000004654000 	/usr/lib/system/libsystem_networkextension.dylib
0x0000000004654000 	/usr/lib/system/libsystem_notify.dylib
0x0000000004654000 	/usr/lib/system/libsystem_platform.dylib
0x0000000004654000 	/usr/lib/system/libsystem_pthread.dylib
0x0000000004654000 	/usr/lib/system/libsystem_sandbox.dylib
0x0000000004654000 	/usr/lib/system/libsystem_secinit.dylib
0x0000000004654000 	/usr/lib/system/libsystem_trace.dylib
0x0000000004654000 	/usr/lib/system/libunc.dylib
0x0000000004654000 	/usr/lib/system/libunwind.dylib
0x0000000004654000 	/usr/lib/system/libxpc.dylib
0x0000000004654000 	/usr/lib/libenergytrace.dylib
0x0000000004654000 	/usr/lib/libbsm.0.dylib
0x0000000004654000 	/usr/lib/system/libkxld.dylib
0x0000000004654000 	/usr/lib/libxar.1.dylib
0x0000000004654000 	/usr/lib/libsqlite3.dylib
0x0000000004654000 	/usr/lib/libpam.2.dylib
0x0000000004654000 	/usr/lib/libOpenScriptingUtil.dylib
0x0000000004654000 	/usr/lib/libbz2.1.0.dylib
0x0000000004654000 	/usr/lib/liblzma.5.dylib
0x0000000004654000 	/System/Library/Frameworks/CoreServices.framework/Versions/A/Frameworks/FSEvents.framework/Versions/A/FSEvents
0x0000000004654000 	/System/Library/Frameworks/CoreServices.framework/Versions/A/Frameworks/CarbonCore.framework/Versions/A/CarbonCore
0x0000000004654000 	/System/Library/Frameworks/CoreServices.framework/Versions/A/Frameworks/Metadata.framework/Versions/A/Metadata
0x0000000004654000 	/System/Library/Frameworks/CoreServices.framework/Versions/A/Frameworks/OSServices.framework/Versions/A/OSServices
0x0000000004654000 	/System/Library/Frameworks/CoreServices.framework/Versions/A/Frameworks/SearchKit.framework/Versions/A/SearchKit
0x0000000004654000 	/System/Library/Frameworks/CoreServices.framework/Versions/A/Frameworks/AE.framework/Versions/A/AE
0x0000000004654000 	/System/Library/Frameworks/CoreServices.framework/Versions/A/Frameworks/LaunchServices.framework/Versions/A/LaunchServices
0x0000000004654000 	/System/Library/Frameworks/CoreServices.framework/Versions/A/Frameworks/DictionaryServices.framework/Versions/A/DictionaryServices
0x0000000004654000 	/System/Library/Frameworks/CoreServices.framework/Versions/A/Frameworks/SharedFileList.framework/Versions/A/SharedFileList
0x0000000004654000 	/System/Library/Frameworks/NetFS.framework/Versions/A/NetFS
0x0000000004654000 	/System/Library/PrivateFrameworks/NetAuth.framework/Versions/A/NetAuth
0x0000000004654000 	/System/Library/PrivateFrameworks/login.framework/Versions/A/Frameworks/loginsupport.framework/Versions/A/loginsupport
0x0000000004654000 	/System/Library/PrivateFrameworks/TCC.framework/Versions/A/TCC
0x0000000004654000 	/usr/lib/libmecabra.dylib
0x0000000004654000 	/System/Library/Frameworks/ApplicationServices.framework/Versions/A/Frameworks/ATS.framework/Versions/A/ATS
0x0000000004654000 	/System/Library/Frameworks/ApplicationServices.framework/Versions/A/Frameworks/ColorSync.framework/Versions/A/ColorSync
0x0000000004654000 	/System/Library/Frameworks/ApplicationServices.framework/Versions/A/Frameworks/HIServices.framework/Versions/A/HIServices
0x0000000004654000 	/System/Library/Frameworks/ApplicationServices.framework/Versions/A/Frameworks/LangAnalysis.framework/Versions/A/LangAnalysis
0x0000000004654000 	/System/Library/Frameworks/ApplicationServices.framework/Versions/A/Frameworks/PrintCore.framework/Versions/A/PrintCore
0x0000000004654000 	/System/Library/Frameworks/ApplicationServices.framework/Versions/A/Frameworks/QD.framework/Versions/A/QD
0x0000000004654000 	/System/Library/Frameworks/ApplicationServices.framework/Versions/A/Frameworks/SpeechSynthesis.framework/Versions/A/SpeechSynthesis
0x0000000004654000 	/System/Library/Frameworks/Metal.framework/Versions/A/Metal
0x0000000004654000 	/System/Library/Frameworks/Accelerate.framework/Versions/A/Frameworks/vImage.framework/Versions/A/vImage
0x0000000004654000 	/System/Library/Frameworks/Accelerate.framework/Versions/A/Frameworks/vecLib.framework/Versions/A/vecLib
0x0000000004654000 	/System/Library/Frameworks/Accelerate.framework/Versions/A/Frameworks/vecLib.framework/Versions/A/libvDSP.dylib
0x0000000004654000 	/System/Library/Frameworks/Accelerate.framework/Versions/A/Frameworks/vecLib.framework/Versions/A/libvMisc.dylib
0x0000000004654000 	/System/Library/Frameworks/Accelerate.framework/Versions/A/Frameworks/vecLib.framework/Versions/A/libLAPACK.dylib
0x0000000004654000 	/System/Library/Frameworks/Accelerate.framework/Versions/A/Frameworks/vecLib.framework/Versions/A/libBLAS.dylib
0x0000000004654000 	/System/Library/Frameworks/Accelerate.framework/Versions/A/Frameworks/vecLib.framework/Versions/A/libLinearAlgebra.dylib
0x0000000004654000 	/System/Library/Frameworks/Accelerate.framework/Versions/A/Frameworks/vecLib.framework/Versions/A/libSparseBLAS.dylib
0x0000000004654000 	/System/Library/PrivateFrameworks/GPUCompiler.framework/libmetal_timestamp.dylib
0x0000000004654000 	/System/Library/Frameworks/OpenGL.framework/Versions/A/Libraries/libCoreFSCache.dylib
0x0000000004654000 	/System/Library/PrivateFrameworks/IOAccelerator.framework/Versions/A/IOAccelerator
0x0000000004654000 	/System/Library/Frameworks/ApplicationServices.framework/Versions/A/Frameworks/ATS.framework/Versions/A/Resources/libFontParser.dylib
0x0000000004654000 	/System/Library/Frameworks/ApplicationServices.framework/Versions/A/Frameworks/ATS.framework/Versions/A/Resources/libFontRegistry.dylib
0x0000000004654000 	/System/Library/PrivateFrameworks/AppleVPA.framework/Versions/A/AppleVPA
0x0000000004654000 	/System/Library/PrivateFrameworks/AppleJPEG.framework/Versions/A/AppleJPEG
0x0000000004654000 	/System/Library/Frameworks/ImageIO.framework/Versions/A/Resources/libJPEG.dylib
0x0000000004654000 	/System/Library/Frameworks/ImageIO.framework/Versions/A/Resources/libTIFF.dylib
0x0000000004654000 	/System/Library/Frameworks/ImageIO.framework/Versions/A/Resources/libPng.dylib
0x0000000004654000 	/System/Library/Frameworks/ImageIO.framework/Versions/A/Resources/libGIF.dylib
0x0000000004654000 	/System/Library/Frameworks/ImageIO.framework/Versions/A/Resources/libJP2.dylib
0x0000000004654000 	/System/Library/Frameworks/ImageIO.framework/Versions/A/Resources/libRadiance.dylib
0x0000000004654000 	/System/Library/Frameworks/CoreVideo.framework/Versions/A/CoreVideo
0x0000000004654000 	/System/Library/Frameworks/OpenGL.framework/Versions/A/Libraries/libGLU.dylib
0x0000000004654000 	/System/Library/Frameworks/OpenGL.framework/Versions/A/Libraries/libGFXShared.dylib
0x0000000004654000 	/System/Library/Frameworks/OpenGL.framework/Versions/A/Libraries/libGL.dylib
0x0000000004654000 	/System/Library/Frameworks/OpenGL.framework/Versions/A/Libraries/libGLImage.dylib
0x0000000004654000 	/System/Library/Frameworks/OpenGL.framework/Versions/A/Libraries/libCVMSPluginSupport.dylib
0x0000000004654000 	/System/Library/Frameworks/OpenGL.framework/Versions/A/Libraries/libCoreVMClient.dylib
0x0000000004654000 	/usr/lib/libcompression.dylib
0x0000000004654000 	/usr/lib/libcups.2.dylib
0x0000000004654000 	/System/Library/Frameworks/Kerberos.framework/Versions/A/Kerberos
0x0000000004654000 	/System/Library/Frameworks/GSS.framework/Versions/A/GSS
0x0000000004654000 	/usr/lib/libresolv.9.dylib
0x0000000004654000 	/usr/lib/libiconv.2.dylib
0x0000000004654000 	/System/Library/PrivateFrameworks/Heimdal.framework/Versions/A/Heimdal
0x0000000004654000 	/usr/lib/libheimdal-asn1.dylib
0x0000000004654000 	/System/Library/Frameworks/OpenDirectory.framework/Versions/A/OpenDirectory
0x0000000004654000 	/System/Library/PrivateFrameworks/CommonAuth.framework/Versions/A/CommonAuth
0x0000000004654000 	/System/Library/Frameworks/OpenDirectory.framework/Versions/A/Frameworks/CFOpenDirectory.framework/Versions/A/CFOpenDirectory
0x0000000004654000 	/System/Library/Frameworks/SecurityFoundation.framework/Versions/A/SecurityFoundation
0x0000000004654000 	/System/Library/PrivateFrameworks/LanguageModeling.framework/Versions/A/LanguageModeling
0x0000000004654000 	/usr/lib/libmarisa.dylib
0x0000000004654000 	/usr/lib/libChineseTokenizer.dylib
0x0000000004654000 	/usr/lib/libcmph.dylib
0x0000000004654000 	/System/Library/Frameworks/ServiceManagement.framework/Versions/A/ServiceManagement
0x0000000004654000 	/usr/lib/libxslt.1.dylib
0x0000000004654000 	/System/Library/Frameworks/Carbon.framework/Versions/A/Frameworks/Ink.framework/Versions/A/Ink
0x0000000004654000 	/usr/lib/libFosl_dynamic.dylib
0x0000000004654000 	/System/Library/PrivateFrameworks/FaceCore.framework/Versions/A/FaceCore
0x0000000004654000 	/System/Library/Frameworks/OpenCL.framework/Versions/A/OpenCL
0x0000000004654000 	/System/Library/PrivateFrameworks/CrashReporterSupport.framework/Versions/A/CrashReporterSupport
0x0000000004654000 	/System/Library/PrivateFrameworks/IconServices.framework/Versions/A/IconServices
0x0000000004654000 	/System/Library/PrivateFrameworks/Apple80211.framework/Versions/A/Apple80211
0x0000000004654000 	/System/Library/Frameworks/CoreWLAN.framework/Versions/A/CoreWLAN
0x0000000004654000 	/System/Library/Frameworks/IOBluetooth.framework/Versions/A/IOBluetooth
0x0000000004654000 	/System/Library/PrivateFrameworks/CoreWiFi.framework/Versions/A/CoreWiFi
0x0000000004654000 	/System/Library/Frameworks/CoreBluetooth.framework/Versions/A/CoreBluetooth
0x0000000004654000 	/System/Library/PrivateFrameworks/ChunkingLibrary.framework/Versions/A/ChunkingLibrary
0x0000000004654000 	/System/Library/PrivateFrameworks/DebugSymbols.framework/Versions/A/DebugSymbols
0x0000000004654000 	/System/Library/PrivateFrameworks/CoreSymbolication.framework/Versions/A/CoreSymbolication
0x0000000004654000 	/System/Library/PrivateFrameworks/Symbolication.framework/Versions/A/Symbolication
0x0000000004654000 	/System/Library/PrivateFrameworks/SpeechRecognitionCore.framework/Versions/A/SpeechRecognitionCore
0x000000010efdc000 	/Library/Java/JavaVirtualMachines/jdk1.8.0_101.jdk/Contents/Home/jre/lib/server/libjvm.dylib
0x0000000004654000 	/usr/lib/libstdc++.6.dylib
0x000000010ff7d000 	/Library/Java/JavaVirtualMachines/jdk1.8.0_101.jdk/Contents/Home/jre/lib/libverify.dylib
0x000000010ff8b000 	/Library/Java/JavaVirtualMachines/jdk1.8.0_101.jdk/Contents/Home/jre/lib/libjava.dylib
0x000000010ffca000 	/Library/Java/JavaVirtualMachines/jdk1.8.0_101.jdk/Contents/Home/jre/lib/libzip.dylib
0x000000012613b000 	/System/Library/Frameworks/JavaVM.framework/Frameworks/JavaRuntimeSupport.framework/JavaRuntimeSupport
0x0000000126156000 	/System/Library/Frameworks/JavaVM.framework/Versions/A/Frameworks/JavaNativeFoundation.framework/Versions/A/JavaNativeFoundation
0x000000012616b000 	/System/Library/Frameworks/JavaVM.framework/Versions/A/JavaVM
0x0000000004654000 	/System/Library/Frameworks/Carbon.framework/Versions/A/Carbon
0x0000000126178000 	/System/Library/PrivateFrameworks/JavaLaunching.framework/Versions/A/JavaLaunching
0x0000000004654000 	/System/Library/Frameworks/Carbon.framework/Versions/A/Frameworks/CommonPanels.framework/Versions/A/CommonPanels
0x0000000004654000 	/System/Library/Frameworks/Carbon.framework/Versions/A/Frameworks/Help.framework/Versions/A/Help
0x0000000004654000 	/System/Library/Frameworks/Carbon.framework/Versions/A/Frameworks/ImageCapture.framework/Versions/A/ImageCapture
0x0000000004654000 	/System/Library/Frameworks/Carbon.framework/Versions/A/Frameworks/OpenScripting.framework/Versions/A/OpenScripting
0x0000000004654000 	/System/Library/Frameworks/Carbon.framework/Versions/A/Frameworks/Print.framework/Versions/A/Print
0x0000000004654000 	/System/Library/Frameworks/Carbon.framework/Versions/A/Frameworks/SecurityHI.framework/Versions/A/SecurityHI
0x0000000127bcb000 	/Applications/IntelliJ IDEA CE.app/Contents/bin/libbreakgen64.jnilib
0x0000000127bce000 	/Library/Java/JavaVirtualMachines/jdk1.8.0_101.jdk/Contents/Home/jre/lib/libnet.dylib
0x0000000127c2d000 	/private/var/folders/hx/chl3wz1s6d9g8dgpv9pfrkzw0000gn/T/bluecove_maximerichard_0/libbluecove.jnilib
0x0000000127ce1000 	/private/var/folders/hx/chl3wz1s6d9g8dgpv9pfrkzw0000gn/T/sqlite-3.8.11.2-3e420b8b-76ea-4900-9e78-98d61f5c9a85-libsqlitejdbc.jnilib
0x0000000127f7c000 	/Library/Java/JavaVirtualMachines/jdk1.8.0_101.jdk/Contents/Home/jre/lib/libawt.dylib
0x0000000128024000 	/Library/Java/JavaVirtualMachines/jdk1.8.0_101.jdk/Contents/Home/jre/lib/./libmlib_image.dylib
0x00000001280f0000 	/Library/Java/JavaVirtualMachines/jdk1.8.0_101.jdk/Contents/Home/jre/lib/libawt_lwawt.dylib
0x00000001281a5000 	/Library/Java/JavaVirtualMachines/jdk1.8.0_101.jdk/Contents/Home/jre/lib/./libosxapp.dylib
0x0000000004654000 	/System/Library/Frameworks/ExceptionHandling.framework/Versions/A/ExceptionHandling
0x0000000004654000 	/System/Library/PrivateFrameworks/CoreServicesInternal.framework/Versions/A/CoreServicesInternal
0x0000000004654000 	/System/Library/Frameworks/CoreGraphics.framework/Versions/A/Resources/libRIP.A.dylib
0x0000000004654000 	/System/Library/Frameworks/Accelerate.framework/Versions/A/Frameworks/vImage.framework/Versions/A/Libraries/libCGInterfaces.dylib
0x0000000004654000 	/System/Library/Frameworks/CoreGraphics.framework/Versions/A/Resources/libCGXType.A.dylib
0x0000000004654000 	/System/Library/Frameworks/OpenCL.framework/Versions/A/Libraries/libcldcpuengine.dylib
0x0000000004654000 	/System/Library/PrivateFrameworks/DiskImages.framework/Versions/A/DiskImages
0x0000000004654000 	/System/Library/Frameworks/DiscRecording.framework/Versions/A/DiscRecording
0x0000000004654000 	/usr/lib/libcsfde.dylib
0x0000000004654000 	/usr/lib/libcurl.4.dylib
0x0000000004654000 	/System/Library/PrivateFrameworks/MediaKit.framework/Versions/A/MediaKit
0x0000000004654000 	/System/Library/PrivateFrameworks/ProtectedCloudStorage.framework/Versions/A/ProtectedCloudStorage
0x0000000004654000 	/usr/lib/libCoreStorage.dylib
0x0000000004654000 	/System/Library/PrivateFrameworks/EFILogin.framework/Versions/A/EFILogin
0x0000000004654000 	/usr/lib/libutil.dylib
0x0000000004654000 	/System/Library/PrivateFrameworks/FindMyDevice.framework/Versions/A/FindMyDevice
0x0000000004654000 	/System/Library/Frameworks/LDAP.framework/Versions/A/LDAP
0x0000000004654000 	/usr/lib/libsasl2.2.dylib
0x0000000004654000 	/System/Library/PrivateFrameworks/CoreDaemon.framework/Versions/B/CoreDaemon
0x0000000004654000 	/usr/lib/libcrypto.0.9.8.dylib
0x0000000004654000 	/System/Library/PrivateFrameworks/AppleSRP.framework/Versions/A/AppleSRP
0x0000000004654000 	/System/Library/PrivateFrameworks/TrustEvaluationAgent.framework/Versions/A/TrustEvaluationAgent
0x0000000129943000 	cl_kernels
0x0000000004654000 	/System/Library/Frameworks/OpenCL.framework/Versions/A/Libraries/ImageFormats/unorm8_bgra.dylib
0x0000000004654000 	/System/Library/Frameworks/OpenCL.framework/Versions/A/Libraries/ImageFormats/unorm8_rgba.dylib
0x0000000004654000 	/System/Library/PrivateFrameworks/FamilyControls.framework/Versions/A/FamilyControls
0x0000000004654000 	/System/Library/PrivateFrameworks/CommerceKit.framework/Versions/A/Frameworks/CommerceCore.framework/Versions/A/CommerceCore
0x0000000004654000 	/System/Library/PrivateFrameworks/SystemAdministration.framework/Versions/A/SystemAdministration
0x0000000004654000 	/System/Library/PrivateFrameworks/AppContainer.framework/Versions/A/AppContainer
0x0000000004654000 	/System/Library/PrivateFrameworks/SecCodeWrapper.framework/Versions/A/SecCodeWrapper
0x0000000004654000 	/System/Library/Frameworks/DirectoryService.framework/Versions/A/DirectoryService
0x0000000004654000 	/System/Library/PrivateFrameworks/LoginUIKit.framework/Versions/A/Frameworks/LoginUICore.framework/Versions/A/LoginUICore
0x0000000004654000 	/usr/lib/libodfde.dylib
0x000000012a960000 	/Library/Java/JavaVirtualMachines/jdk1.8.0_101.jdk/Contents/Home/jre/lib/libfontmanager.dylib
0x0000000128e5b000 	/Library/Java/JavaVirtualMachines/jdk1.8.0_101.jdk/Contents/Home/jre/lib/libosxui.dylib
0x0000000004654000 	/System/Library/Frameworks/OpenGL.framework/Versions/A/Resources/GLEngine.bundle/GLEngine
0x0000000004654000 	/System/Library/Frameworks/OpenGL.framework/Versions/A/Libraries/libGLProgrammability.dylib
0x000000012b405000 	/System/Library/Extensions/AppleIntelBDWGraphicsGLDriver.bundle/Contents/MacOS/AppleIntelBDWGraphicsGLDriver
0x0000000004654000 	/System/Library/PrivateFrameworks/GPUSupport.framework/Versions/A/Libraries/libGPUSupportMercury.dylib
0x0000000004654000 	/System/Library/Frameworks/OpenGL.framework/Versions/A/Resources/GLRendererFloat.bundle/GLRendererFloat
0x000000012c604000 	/Library/Java/JavaVirtualMachines/jdk1.8.0_101.jdk/Contents/Home/jre/lib/libnio.dylib
0x0000000004654000 	/System/Library/Frameworks/ApplicationServices.framework/Versions/A/Frameworks/ATS.framework/Versions/A/Resources/libTrueTypeScaler.dylib
0x000000017efd9000 	/System/Library/Extensions/AppleIntelBDWGraphicsMTLDriver.bundle/Contents/MacOS/AppleIntelBDWGraphicsMTLDriver
0x0000000004654000 	/System/Library/CoreServices/RawCamera.bundle/Contents/MacOS/RawCamera
0x000000017daf1000 	/Library/Java/JavaVirtualMachines/jdk1.8.0_101.jdk/Contents/Home/jre/lib/libjpeg.dylib
0x000000017dfea000 	/Library/Java/JavaVirtualMachines/jdk1.8.0_101.jdk/Contents/Home/jre/lib/liblcms.dylib

VM Arguments:
jvm_args: -Didea.launcher.port=7537 -Didea.launcher.bin.path=/Applications/IntelliJ IDEA CE.app/Contents/bin -Dfile.encoding=UTF-8 
java_command: com.intellij.rt.execution.application.AppMain com.sciquizapp.sciquizserver.MyServer
java_class_path (initial): /Library/Java/JavaVirtualMachines/jdk1.8.0_101.jdk/Contents/Home/jre/lib/charsets.jar:/Library/Java/JavaVirtualMachines/jdk1.8.0_101.jdk/Contents/Home/jre/lib/deploy.jar:/Library/Java/JavaVirtualMachines/jdk1.8.0_101.jdk/Contents/Home/jre/lib/ext/cldrdata.jar:/Library/Java/JavaVirtualMachines/jdk1.8.0_101.jdk/Contents/Home/jre/lib/ext/dnsns.jar:/Library/Java/JavaVirtualMachines/jdk1.8.0_101.jdk/Contents/Home/jre/lib/ext/jaccess.jar:/Library/Java/JavaVirtualMachines/jdk1.8.0_101.jdk/Contents/Home/jre/lib/ext/jfxrt.jar:/Library/Java/JavaVirtualMachines/jdk1.8.0_101.jdk/Contents/Home/jre/lib/ext/localedata.jar:/Library/Java/JavaVirtualMachines/jdk1.8.0_101.jdk/Contents/Home/jre/lib/ext/nashorn.jar:/Library/Java/JavaVirtualMachines/jdk1.8.0_101.jdk/Contents/Home/jre/lib/ext/sunec.jar:/Library/Java/JavaVirtualMachines/jdk1.8.0_101.jdk/Contents/Home/jre/lib/ext/sunjce_provider.jar:/Library/Java/JavaVirtualMachines/jdk1.8.0_101.jdk/Contents/Home/jre/lib/ext/sunpkcs11.jar:/Library/Java/JavaVirtualMachines/jdk1.8.0_101.jdk/Contents/Home/jre/lib/ext/zipfs.jar:/Library/Java/JavaVirtualMachines/jdk1.8.0_101.jdk/Contents/Home/jre/lib/javaws.jar:/Library/Java/JavaVirtualMachines/jdk1.8.0_101.jdk/Contents/Home/jre/lib/jce.jar:/Library/Java/JavaVirtualMachines/jdk1.8.0_101.jdk/Contents/Home/jre/lib/jfr.jar:/Library/Java/JavaVirtualMachines/jdk1.8.0_101.jdk/Contents/Home/jre/lib/jfxswt.jar:/Library/Java/JavaVirtualMachines/jdk1.8.0_101.jdk/Contents/Home/jre/lib/jsse.jar:/Library/Java/JavaVirtualMachines/jdk1.8.0_101.jdk/Contents/Home/jre/lib/management-agent.jar:/Library/Java/JavaVirtualMachines/jdk1.8.0_101.jdk/Contents/Home/jre/lib/plugin.jar:/Library/Java/JavaVirtualMachines/jdk1.8.0_101.jdk/Contents/Home/jre/lib/resources.jar:/Library/Java/JavaVirtualMachines/jdk1.8.0_101.jdk/Contents/Home/jre/lib/rt.jar:/Library/Java/JavaVirtualMachines/jdk1.8.0_101.jdk/Contents/Home/lib/ant-javafx.jar:/Library/Java/JavaVirtualMachines/jdk1.8.0_101.jdk/Contents/Home
Launcher Type: SUN_STANDARD

Environment Variables:
PATH=/usr/local/bin:/usr/bin:/bin:/usr/sbin:/sbin
SHELL=/bin/bash

Signal Handlers:
SIGSEGV: [libjvm.dylib+0x5af145], sa_mask[0]=11111111011111110111111111111111, sa_flags=SA_ONSTACK|SA_RESTART|SA_SIGINFO
SIGBUS: [libjvm.dylib+0x5af145], sa_mask[0]=11111111011111110111111111111111, sa_flags=SA_RESTART|SA_SIGINFO
SIGFPE: [libjvm.dylib+0x48694c], sa_mask[0]=11111111011111110111111111111111, sa_flags=SA_RESTART|SA_SIGINFO
SIGPIPE: [libjvm.dylib+0x48694c], sa_mask[0]=11111111011111110111111111111111, sa_flags=SA_RESTART|SA_SIGINFO
SIGXFSZ: [libjvm.dylib+0x48694c], sa_mask[0]=11111111011111110111111111111111, sa_flags=SA_RESTART|SA_SIGINFO
SIGILL: [libjvm.dylib+0x48694c], sa_mask[0]=11111111011111110111111111111111, sa_flags=SA_RESTART|SA_SIGINFO
SIGUSR1: SIG_DFL, sa_mask[0]=00000000000000000000000000000000, sa_flags=none
SIGUSR2: [libjvm.dylib+0x48646a], sa_mask[0]=00100000000000000000000000000000, sa_flags=SA_RESTART|SA_SIGINFO
SIGHUP: [libjvm.dylib+0x484a41], sa_mask[0]=11111111011111110111111111111111, sa_flags=SA_RESTART|SA_SIGINFO
SIGINT: [libjvm.dylib+0x484a41], sa_mask[0]=11111111011111110111111111111111, sa_flags=SA_RESTART|SA_SIGINFO
SIGTERM: [libjvm.dylib+0x484a41], sa_mask[0]=11111111011111110111111111111111, sa_flags=SA_RESTART|SA_SIGINFO
SIGQUIT: [libjvm.dylib+0x484a41], sa_mask[0]=11111111011111110111111111111111, sa_flags=SA_RESTART|SA_SIGINFO


---------------  S Y S T E M  ---------------

OS:Bsduname:Darwin 15.6.0 Darwin Kernel Version 15.6.0: Thu Jun 23 18:25:34 PDT 2016; root:xnu-3248.60.10~1/RELEASE_X86_64 x86_64
rlimit: STACK 8192k, CORE 0k, NPROC 709, NOFILE 10240, AS infinity
load average:33.42 17.44 8.54

CPU:total 4 (2 cores per cpu, 2 threads per core) family 6 model 61 stepping 4, cmov, cx8, fxsr, mmx, sse, sse2, sse3, ssse3, sse4.1, sse4.2, popcnt, avx, avx2, aes, clmul, erms, 3dnowpref, lzcnt, ht, tsc, tscinvbit, bmi1, bmi2, adx

Memory: 4k page, physical 8388608k(1474708k free)

/proc/meminfo:


vm_info: Java HotSpot(TM) 64-Bit Server VM (25.101-b13) for bsd-amd64 JRE (1.8.0_101-b13), built on Jun 22 2016 02:42:15 by "java_re" with gcc 4.2.1 (Based on Apple Inc. build 5658) (LLVM build 2336.11.00)

time: Tue Feb  7 22:19:31 2017
elapsed time: 114 seconds (0d 0h 1m 54s)

