#
# A fatal error has been detected by the Java Runtime Environment:
#
#  SIGSEGV (0xb) at pc=0x0000000105e08322, pid=2712, tid=0x0000000000009e13
#
# JRE version: Java(TM) SE Runtime Environment (8.0_101-b13) (build 1.8.0_101-b13)
# Java VM: Java HotSpot(TM) 64-Bit Server VM (25.101-b13 mixed mode bsd-amd64 compressed oops)
# Problematic frame:
# j  java.io.FileDescriptor.closeAll(Ljava/io/Closeable;)V+9
#
# Failed to write core dump. Core dumps have been disabled. To enable core dumping, try "ulimit -c unlimited" before starting Java again
#
# If you would like to submit a bug report, please visit:
#   http://bugreport.java.com/bugreport/crash.jsp
#

---------------  T H R E A D  ---------------

Current thread (0x00007fc9941b5000):  JavaThread "AWT-EventQueue-0" [_thread_in_Java, id=40467, stack(0x00007000018e8000,0x00007000019e8000)]

siginfo: si_signo: 11 (SIGSEGV), si_code: 1 (SEGV_MAPERR), si_addr: 0x0000000019da47a8

Registers:
RAX=0x0000000000000000, RBX=0x0000000019da46c0, RCX=0x0000000000000018, RDX=0x0000000000000000
RSP=0x00007000019e52a8, RBP=0x00007000019e5300, RSI=0x00007000019e5258, RDI=0x0000000105e082bd
R8 =0x00000007c0025a60, R9 =0x0000000796f3e2b0, R10=0x0000000104d61830, R11=0x00007000019e51f8
R12=0x0000000000000000, R13=0x0000000119da4301, R14=0x00007000019e5360, R15=0x00007fc9941b5000
RIP=0x0000000105e08322, EFLAGS=0x0000000000010206, ERR=0x0000000000000004
  TRAPNO=0x000000000000000e

Top of Stack: (sp=0x00007000019e52a8)
0x00007000019e52a8:   0000000796f40330 00007fc993c067a0
0x00007000019e52b8:   0000000796f3e2b0 00007000019e52b0
0x00007000019e52c8:   0000000119da4301 00007000019e5360
0x00007000019e52d8:   0000000019da46c0 0000000000000000
0x00007000019e52e8:   0000000119da4458 0000000000000000
0x00007000019e52f8:   00007000019e5358 00007000019e53b8
0x00007000019e5308:   0000000105e082bd 0000000000000000
0x00007000019e5318:   0000000000000000 0000000000000000
0x00007000019e5328:   0000000000000000 0000000000000000
0x00007000019e5338:   0000000000000000 0000000000000000
0x00007000019e5348:   0000000796f40330 0000000000000000
0x00007000019e5358:   0000000796f40330 0000000796f3e2b0
0x00007000019e5368:   0000000796f3e2a0 0000000000000000
0x00007000019e5378:   00007000019e5368 0000000119da637a
0x00007000019e5388:   00007000019e53d8 0000000119da7128
0x00007000019e5398:   0000000000000000 0000000119da63b0
0x00007000019e53a8:   00007000019e5358 00007000019e53d8
0x00007000019e53b8:   00007000019e5420 0000000105e082bd
0x00007000019e53c8:   0000000000000000 0000000796f3e2a0
0x00007000019e53d8:   0000000796f3e258 00007000019e53e0
0x00007000019e53e8:   0000000119db17ec 00007000019e5458
0x00007000019e53f8:   0000000119db18d8 0000000000000000
0x00007000019e5408:   0000000119db1858 00007000019e53d8
0x00007000019e5418:   00007000019e5458 00007000019e54a0
0x00007000019e5428:   0000000105e082bd 0000000000000000
0x00007000019e5438:   0000000000000000 0000000000000000
0x00007000019e5448:   0000000000000000 0000000796f3e258
0x00007000019e5458:   0000000796f3e240 00007000019e5460
0x00007000019e5468:   000000011a071608 00007000019e5510
0x00007000019e5478:   000000011a072558 0000000000000000
0x00007000019e5488:   000000011a071740 00007000019e5458
0x00007000019e5498:   00007000019e5508 00007000019e5558 

Instructions: (pc=0x0000000105e08322)
0x0000000105e08302:   48 8b 65 f0 48 c7 45 f0 00 00 00 00 4c 8b 6d c8
0x0000000105e08312:   4c 8b 75 d0 41 0f b7 4d 01 48 8b 5d d8 c1 e1 02
0x0000000105e08322:   8b 5c cb 28 81 e3 ff 00 00 00 48 8d 24 dc 41 0f
0x0000000105e08332:   b6 5d 05 49 83 c5 05 49 ba 30 18 d6 04 01 00 00 

Register to memory mapping:

RAX=0x0000000000000000 is an unknown value
RBX=0x0000000019da46c0 is an unknown value
RCX=0x0000000000000018 is an unknown value
RDX=0x0000000000000000 is an unknown value
RSP=0x00007000019e52a8 is pointing into the stack for thread: 0x00007fc9941b5000
RBP=0x00007000019e5300 is pointing into the stack for thread: 0x00007fc9941b5000
RSI=0x00007000019e5258 is pointing into the stack for thread: 0x00007fc9941b5000
RDI=0x0000000105e082bd is at code_begin+2301 in an Interpreter codelet
invoke return entry points  [0x0000000105e079c0, 0x0000000105e083a0]  2528 bytes
R8 =0x00000007c0025a60 is pointing into metadata
R9 =0x0000000796f3e2b0 is an oop
java.io.FileDescriptor 
 - klass: 'java/io/FileDescriptor'
R10=0x0000000104d61830: _ZN19TemplateInterpreter13_active_tableE+0x4800 in /Library/Java/JavaVirtualMachines/jdk1.8.0_101.jdk/Contents/Home/jre/lib/server/libjvm.dylib at 0x0000000104463000
R11=0x00007000019e51f8 is pointing into the stack for thread: 0x00007fc9941b5000
R12=0x0000000000000000 is an unknown value
R13=0x0000000119da4301 is pointing into metadata
R14=0x00007000019e5360 is pointing into the stack for thread: 0x00007fc9941b5000
R15=0x00007fc9941b5000 is a thread


Stack: [0x00007000018e8000,0x00007000019e8000],  sp=0x00007000019e52a8,  free space=1012k
Native frames: (J=compiled Java code, j=interpreted, Vv=VM code, C=native code)
j  java.io.FileDescriptor.closeAll(Ljava/io/Closeable;)V+9
j  java.io.FileOutputStream.close()V+58
j  java.io.FilterOutputStream.close()V+36
j  com.sciquizapp.sciquizserver.NetworkCommunication.SendQuestion(Lcom/sciquizapp/sciquizserver/Question;)V+584
j  com.sciquizapp.sciquizserver.ChooseDropActionDemo$4.actionPerformed(Ljava/awt/event/ActionEvent;)V+36
j  javax.swing.AbstractButton.fireActionPerformed(Ljava/awt/event/ActionEvent;)V+83
j  javax.swing.AbstractButton$Handler.actionPerformed(Ljava/awt/event/ActionEvent;)V+5
j  javax.swing.DefaultButtonModel.fireActionPerformed(Ljava/awt/event/ActionEvent;)V+34
j  javax.swing.DefaultButtonModel.setPressed(Z)V+117
j  javax.swing.plaf.basic.BasicButtonListener.mouseReleased(Ljava/awt/event/MouseEvent;)V+35
j  java.awt.Component.processMouseEvent(Ljava/awt/event/MouseEvent;)V+64
j  javax.swing.JComponent.processMouseEvent(Ljava/awt/event/MouseEvent;)V+23
j  java.awt.Component.processEvent(Ljava/awt/AWTEvent;)V+81
j  java.awt.Container.processEvent(Ljava/awt/AWTEvent;)V+18
j  java.awt.Component.dispatchEventImpl(Ljava/awt/AWTEvent;)V+589
J 1131 C1 java.awt.Container.dispatchEventImpl(Ljava/awt/AWTEvent;)V (129 bytes) @ 0x00000001061b806c [0x00000001061b7f20+0x14c]
J 1100 C1 java.awt.Component.dispatchEvent(Ljava/awt/AWTEvent;)V (6 bytes) @ 0x0000000106196204 [0x0000000106196100+0x104]
j  java.awt.LightweightDispatcher.retargetMouseEvent(Ljava/awt/Component;ILjava/awt/event/MouseEvent;)V+327
j  java.awt.LightweightDispatcher.processMouseEvent(Ljava/awt/event/MouseEvent;)Z+155
j  java.awt.LightweightDispatcher.dispatchEvent(Ljava/awt/AWTEvent;)Z+50
J 1131 C1 java.awt.Container.dispatchEventImpl(Ljava/awt/AWTEvent;)V (129 bytes) @ 0x00000001061b800c [0x00000001061b7f20+0xec]
j  java.awt.Window.dispatchEventImpl(Ljava/awt/AWTEvent;)V+19
J 1100 C1 java.awt.Component.dispatchEvent(Ljava/awt/AWTEvent;)V (6 bytes) @ 0x0000000106196204 [0x0000000106196100+0x104]
j  java.awt.EventQueue.dispatchEventImpl(Ljava/awt/AWTEvent;Ljava/lang/Object;)V+41
j  java.awt.EventQueue.access$500(Ljava/awt/EventQueue;Ljava/awt/AWTEvent;Ljava/lang/Object;)V+3
j  java.awt.EventQueue$3.run()Ljava/lang/Void;+32
J 1138 C1 java.awt.EventQueue$3.run()Ljava/lang/Object; (5 bytes) @ 0x00000001061bd80c [0x00000001061bd780+0x8c]
v  ~StubRoutines::call_stub
V  [libjvm.dylib+0x2ecf06]  JavaCalls::call_helper(JavaValue*, methodHandle*, JavaCallArguments*, Thread*)+0x6ae
V  [libjvm.dylib+0x34d69c]  JVM_DoPrivileged+0x4b8
J 790  java.security.AccessController.doPrivileged(Ljava/security/PrivilegedAction;Ljava/security/AccessControlContext;)Ljava/lang/Object; (0 bytes) @ 0x00000001060e5115 [0x00000001060e5040+0xd5]
J 884 C1 java.awt.EventQueue$4.run()Ljava/lang/Object; (5 bytes) @ 0x000000010611446c [0x0000000106114040+0x42c]
v  ~StubRoutines::call_stub
V  [libjvm.dylib+0x2ecf06]  JavaCalls::call_helper(JavaValue*, methodHandle*, JavaCallArguments*, Thread*)+0x6ae
V  [libjvm.dylib+0x34d69c]  JVM_DoPrivileged+0x4b8
J 790  java.security.AccessController.doPrivileged(Ljava/security/PrivilegedAction;Ljava/security/AccessControlContext;)Ljava/lang/Object; (0 bytes) @ 0x00000001060e5115 [0x00000001060e5040+0xd5]
J 872 C1 java.awt.EventQueue.dispatchEvent(Ljava/awt/AWTEvent;)V (80 bytes) @ 0x000000010610f0f4 [0x000000010610e240+0xeb4]
j  java.awt.EventDispatchThread.pumpOneEventForFilters(I)V+245
j  java.awt.EventDispatchThread.pumpEventsForFilter(ILjava/awt/Conditional;Ljava/awt/EventFilter;)V+35
j  java.awt.EventDispatchThread.pumpEventsForHierarchy(ILjava/awt/Conditional;Ljava/awt/Component;)V+11
j  java.awt.EventDispatchThread.pumpEvents(ILjava/awt/Conditional;)V+4
j  java.awt.EventDispatchThread.pumpEvents(Ljava/awt/Conditional;)V+3
j  java.awt.EventDispatchThread.run()V+9
v  ~StubRoutines::call_stub
V  [libjvm.dylib+0x2ecf06]  JavaCalls::call_helper(JavaValue*, methodHandle*, JavaCallArguments*, Thread*)+0x6ae
V  [libjvm.dylib+0x2ed694]  JavaCalls::call_virtual(JavaValue*, KlassHandle, Symbol*, Symbol*, JavaCallArguments*, Thread*)+0x164
V  [libjvm.dylib+0x2ed840]  JavaCalls::call_virtual(JavaValue*, Handle, KlassHandle, Symbol*, Symbol*, Thread*)+0x4a
V  [libjvm.dylib+0x348029]  thread_entry(JavaThread*, Thread*)+0x7c
V  [libjvm.dylib+0x5695ab]  JavaThread::thread_main_inner()+0x9b
V  [libjvm.dylib+0x56ac98]  JavaThread::run()+0x1c2
V  [libjvm.dylib+0x48933a]  java_start(Thread*)+0xf6
C  [libsystem_pthread.dylib+0x399d]  _pthread_body+0x83
C  [libsystem_pthread.dylib+0x391a]  _pthread_body+0x0
C  [libsystem_pthread.dylib+0x1351]  thread_start+0xd
C  0x0000000000000000


---------------  P R O C E S S  ---------------

Java Threads: ( => current thread )
  0x00007fc99492b800 JavaThread "Thread-2" [_thread_in_native, id=72963, stack(0x0000700001b71000,0x0000700001c71000)]
  0x00007fc99516a000 JavaThread "TimerQueue" daemon [_thread_blocked, id=65591, stack(0x0000700001a6e000,0x0000700001b6e000)]
  0x00007fc994005800 JavaThread "DestroyJavaVM" [_thread_blocked, id=4099, stack(0x0000700000084000,0x0000700000184000)]
=>0x00007fc9941b5000 JavaThread "AWT-EventQueue-0" [_thread_in_Java, id=40467, stack(0x00007000018e8000,0x00007000019e8000)]
  0x00007fc9952b6000 JavaThread "AWT-Shutdown" [_thread_blocked, id=64267, stack(0x000070000155c000,0x000070000165c000)]
  0x00007fc994913000 JavaThread "Java2D Disposer" daemon [_thread_blocked, id=63235, stack(0x00007000017e5000,0x00007000018e5000)]
  0x00007fc995af2800 JavaThread "Java2D Queue Flusher" daemon [_thread_blocked, id=59147, stack(0x00007000016e2000,0x00007000017e2000)]
  0x00007fc995134800 JavaThread "AppKit Thread" daemon [_thread_in_native, id=2571, stack(0x00007fff5b219000,0x00007fff5ba19000)]
  0x00007fc995063800 JavaThread "BluecoveAsynchronousShutdownThread" daemon [_thread_blocked, id=21251, stack(0x00007000012d0000,0x00007000013d0000)]
  0x00007fc99404a800 JavaThread "Abandoned connection cleanup thread" daemon [_thread_blocked, id=20483, stack(0x00007000011cd000,0x00007000012cd000)]
  0x00007fc99505e800 JavaThread "Thread-0" [_thread_in_native, id=19971, stack(0x00007000010ca000,0x00007000011ca000)]
  0x00007fc99505c800 JavaThread "Monitor Ctrl-Break" daemon [_thread_in_native, id=19459, stack(0x0000700000fc7000,0x00007000010c7000)]
  0x00007fc995814800 JavaThread "Service Thread" daemon [_thread_blocked, id=18435, stack(0x0000700000dc1000,0x0000700000ec1000)]
  0x00007fc99580b000 JavaThread "C1 CompilerThread2" daemon [_thread_blocked, id=17923, stack(0x0000700000cbe000,0x0000700000dbe000)]
  0x00007fc99501a800 JavaThread "C2 CompilerThread1" daemon [_thread_blocked, id=17411, stack(0x0000700000bbb000,0x0000700000cbb000)]
  0x00007fc994037800 JavaThread "C2 CompilerThread0" daemon [_thread_blocked, id=16899, stack(0x0000700000ab8000,0x0000700000bb8000)]
  0x00007fc995023800 JavaThread "Signal Dispatcher" daemon [_thread_blocked, id=12815, stack(0x00007000009b5000,0x0000700000ab5000)]
  0x00007fc994031000 JavaThread "Finalizer" daemon [_thread_blocked, id=12291, stack(0x000070000082f000,0x000070000092f000)]
  0x00007fc995013800 JavaThread "Reference Handler" daemon [_thread_blocked, id=11779, stack(0x000070000072c000,0x000070000082c000)]

Other Threads:
  0x00007fc994030800 VMThread [stack: 0x0000700000629000,0x0000700000729000] [id=11267]
  0x00007fc995018800 WatcherThread [stack: 0x0000700000ec4000,0x0000700000fc4000] [id=18947]

VM state:not at safepoint (normal execution)

VM Mutex/Monitor currently owned by a thread: None

Heap:
 PSYoungGen      total 38400K, used 26622K [0x0000000795580000, 0x0000000798000000, 0x00000007c0000000)
  eden space 33280K, 79% used [0x0000000795580000,0x0000000796f7fbc8,0x0000000797600000)
  from space 5120K, 0% used [0x0000000797b00000,0x0000000797b00000,0x0000000798000000)
  to   space 5120K, 0% used [0x0000000797600000,0x0000000797600000,0x0000000797b00000)
 ParOldGen       total 87552K, used 0K [0x0000000740000000, 0x0000000745580000, 0x0000000795580000)
  object space 87552K, 0% used [0x0000000740000000,0x0000000740000000,0x0000000745580000)
 Metaspace       used 15549K, capacity 15750K, committed 15872K, reserved 1062912K
  class space    used 1969K, capacity 2046K, committed 2048K, reserved 1048576K

Card table byte_map: [0x00000001151c0000,0x00000001155c1000] byte_map_base: 0x00000001117c0000

Marking Bits: (ParMarkBitMap*) 0x0000000104d50d20
 Begin Bits: [0x000000011586c000, 0x000000011786c000)
 End Bits:   [0x000000011786c000, 0x000000011986c000)

Polling page: 0x0000000105447000

CodeCache: size=245760Kb used=3901Kb max_used=3901Kb free=241858Kb
 bounds [0x0000000105e00000, 0x00000001061e0000, 0x0000000114e00000]
 total_blobs=1762 nmethods=1182 adapters=494
 compilation: enabled

Compilation events (10 events):
Event: 12.828 Thread 0x00007fc99580b000 1178       1       sun.awt.image.SunVolatileImage::getWidth (5 bytes)
Event: 12.828 Thread 0x00007fc99580b000 nmethod 1178 0x00000001061ce950 code [0x00000001061ceaa0, 0x00000001061cebb0]
Event: 12.828 Thread 0x00007fc99580b000 1180       3       java.awt.Color::getAlpha (12 bytes)
Event: 12.828 Thread 0x00007fc99580b000 nmethod 1180 0x00000001061ce510 code [0x00000001061ce680, 0x00000001061ce8a8]
Event: 12.828 Thread 0x00007fc99580b000 1179       1       sun.awt.image.SunVolatileImage::getHeight (5 bytes)
Event: 12.828 Thread 0x00007fc99580b000 nmethod 1179 0x00000001061ce250 code [0x00000001061ce3a0, 0x00000001061ce4b0]
Event: 12.829 Thread 0x00007fc99580b000 1181       3       sun.java2d.SunGraphics2D::transformShape (36 bytes)
Event: 12.830 Thread 0x00007fc99580b000 nmethod 1181 0x00000001061cdd90 code [0x00000001061cdf20, 0x00000001061ce198]
Event: 13.556 Thread 0x00007fc99580b000 1182       3       java.lang.ref.ReferenceQueue::reallyPoll (66 bytes)
Event: 13.557 Thread 0x00007fc99580b000 nmethod 1182 0x00000001061d0b90 code [0x00000001061d0d20, 0x00000001061d11b0]

GC Heap History (0 events):
No events

Deoptimization events (8 events):
Event: 0.773 Thread 0x00007fc994005800 Uncommon trap: reason=unstable_if action=reinterpret pc=0x0000000105faf928 method=org.sqlite.SQLiteJDBCLoader.contentsEquals(Ljava/io/InputStream;Ljava/io/InputStream;)Z @ 39
Event: 1.517 Thread 0x00007fc994005800 Uncommon trap: reason=unstable_if action=reinterpret pc=0x0000000105fba18c method=sun.misc.MetaIndex.mayContain(Ljava/lang/String;)Z @ 38
Event: 3.974 Thread 0x00007fc994005800 Uncommon trap: reason=class_check action=maybe_recompile pc=0x0000000105fea458 method=java.lang.String.equals(Ljava/lang/Object;)Z @ 8
Event: 3.974 Thread 0x00007fc994005800 Uncommon trap: reason=class_check action=maybe_recompile pc=0x0000000105fea458 method=java.lang.String.equals(Ljava/lang/Object;)Z @ 8
Event: 3.974 Thread 0x00007fc994005800 Uncommon trap: reason=class_check action=maybe_recompile pc=0x0000000105fea458 method=java.lang.String.equals(Ljava/lang/Object;)Z @ 8
Event: 3.974 Thread 0x00007fc994005800 Uncommon trap: reason=class_check action=maybe_recompile pc=0x0000000105fea458 method=java.lang.String.equals(Ljava/lang/Object;)Z @ 8
Event: 9.983 Thread 0x00007fc9941b5000 Uncommon trap: reason=unstable_if action=reinterpret pc=0x00000001060a3d1c method=java.util.HashMap.getNode(ILjava/lang/Object;)Ljava/util/HashMap$Node; @ 62
Event: 9.987 Thread 0x00007fc9941b5000 Uncommon trap: reason=unstable_if action=reinterpret pc=0x000000010609432c method=java.util.HashMap.getNode(ILjava/lang/Object;)Ljava/util/HashMap$Node; @ 62

Internal exceptions (10 events):
Event: 0.328 Thread 0x00007fc99505e800 Exception <a 'java/security/PrivilegedActionException'> (0x00000007958c64f8) thrown at [/HUDSON3/workspace/8-2-build-macosx-x86_64/jdk8u101/7261/hotspot/src/share/vm/prims/jvm.cpp, line 1386]
Event: 0.328 Thread 0x00007fc99505e800 Exception <a 'java/security/PrivilegedActionException'> (0x00000007958c6708) thrown at [/HUDSON3/workspace/8-2-build-macosx-x86_64/jdk8u101/7261/hotspot/src/share/vm/prims/jvm.cpp, line 1386]
Event: 0.328 Thread 0x00007fc99505e800 Exception <a 'java/security/PrivilegedActionException'> (0x00000007958c9a10) thrown at [/HUDSON3/workspace/8-2-build-macosx-x86_64/jdk8u101/7261/hotspot/src/share/vm/prims/jvm.cpp, line 1386]
Event: 0.328 Thread 0x00007fc99505e800 Exception <a 'java/security/PrivilegedActionException'> (0x00000007958c9c20) thrown at [/HUDSON3/workspace/8-2-build-macosx-x86_64/jdk8u101/7261/hotspot/src/share/vm/prims/jvm.cpp, line 1386]
Event: 0.332 Thread 0x00007fc99505e800 Exception <a 'java/lang/NoClassDefFoundError': org/apache/log4j/Category> (0x00000007958dd9c0) thrown at [/HUDSON3/workspace/8-2-build-macosx-x86_64/jdk8u101/7261/hotspot/src/share/vm/classfile/systemDictionary.cpp, line 199]
Event: 0.347 Thread 0x00007fc99505e800 Exception <a 'java/lang/UnsatisfiedLinkError': com.intel.bluetooth.BluetoothStackOSX.isNativeCodeLoaded()Z> (0x0000000795931828) thrown at [/HUDSON3/workspace/8-2-build-macosx-x86_64/jdk8u101/7261/hotspot/src/share/vm/prims/nativeLookup.cpp, line 378]
Event: 0.970 Thread 0x00007fc994005800 Exception <a 'java/lang/NoSuchFieldError': method resolution failed> (0x0000000795db3ba8) thrown at [/HUDSON3/workspace/8-2-build-macosx-x86_64/jdk8u101/7261/hotspot/src/share/vm/prims/methodHandles.cpp, line 1146]
Event: 0.974 Thread 0x00007fc994005800 Exception <a 'java/lang/NoSuchFieldError': method resolution failed> (0x0000000795dc1298) thrown at [/HUDSON3/workspace/8-2-build-macosx-x86_64/jdk8u101/7261/hotspot/src/share/vm/prims/methodHandles.cpp, line 1146]
Event: 1.312 Thread 0x00007fc994005800 Exception <a 'java/io/FileNotFoundException'> (0x0000000795e3bd90) thrown at [/HUDSON3/workspace/8-2-build-macosx-x86_64/jdk8u101/7261/hotspot/src/share/vm/prims/jni.cpp, line 709]
Event: 1.312 Thread 0x00007fc994005800 Exception <a 'java/io/FileNotFoundException'> (0x0000000795e3c938) thrown at [/HUDSON3/workspace/8-2-build-macosx-x86_64/jdk8u101/7261/hotspot/src/share/vm/prims/jni.cpp, line 709]

Events (10 events):
Event: 10.677 loading class java/awt/MediaEntry
Event: 10.677 loading class java/awt/MediaEntry done
Event: 10.677 loading class java/awt/ImageMediaEntry done
Event: 10.680 loading class sun/lwawt/macosx/CDropTargetContextPeer$1
Event: 10.680 loading class sun/lwawt/macosx/CDropTargetContextPeer$1 done
Event: 10.709 loading class java/awt/dnd/DragSourceDropEvent
Event: 10.709 loading class java/awt/dnd/DragSourceDropEvent done
Event: 10.712 Executing VM operation: RevokeBias
Event: 10.712 Executing VM operation: RevokeBias done
Event: 10.712 Thread 0x00007fc9950dd000 Thread exited: 0x00007fc9950dd000


Dynamic libraries:
0x00000000026c0000 	/System/Library/Frameworks/Cocoa.framework/Versions/A/Cocoa
0x00000000026c0000 	/System/Library/Frameworks/Security.framework/Versions/A/Security
0x00000000026c0000 	/System/Library/Frameworks/ApplicationServices.framework/Versions/A/ApplicationServices
0x00000000026c0000 	/usr/lib/libz.1.dylib
0x00000000026c0000 	/usr/lib/libSystem.B.dylib
0x00000000026c0000 	/usr/lib/libobjc.A.dylib
0x00000000026c0000 	/System/Library/Frameworks/CoreFoundation.framework/Versions/A/CoreFoundation
0x00000000026c0000 	/System/Library/Frameworks/Foundation.framework/Versions/C/Foundation
0x00000000026c0000 	/System/Library/Frameworks/AppKit.framework/Versions/C/AppKit
0x00000000026c0000 	/System/Library/Frameworks/CoreData.framework/Versions/A/CoreData
0x00000000026c0000 	/System/Library/PrivateFrameworks/RemoteViewServices.framework/Versions/A/RemoteViewServices
0x00000000026c0000 	/System/Library/PrivateFrameworks/UIFoundation.framework/Versions/A/UIFoundation
0x00000000026c0000 	/usr/lib/libScreenReader.dylib
0x00000000026c0000 	/System/Library/Frameworks/Accelerate.framework/Versions/A/Accelerate
0x00000000026c0000 	/System/Library/Frameworks/IOSurface.framework/Versions/A/IOSurface
0x00000000026c0000 	/System/Library/Frameworks/AudioToolbox.framework/Versions/A/AudioToolbox
0x00000000026c0000 	/System/Library/Frameworks/AudioUnit.framework/Versions/A/AudioUnit
0x00000000026c0000 	/System/Library/PrivateFrameworks/DataDetectorsCore.framework/Versions/A/DataDetectorsCore
0x00000000026c0000 	/System/Library/PrivateFrameworks/DesktopServicesPriv.framework/Versions/A/DesktopServicesPriv
0x00000000026c0000 	/System/Library/Frameworks/Carbon.framework/Versions/A/Frameworks/HIToolbox.framework/Versions/A/HIToolbox
0x00000000026c0000 	/System/Library/Frameworks/QuartzCore.framework/Versions/A/QuartzCore
0x00000000026c0000 	/System/Library/Frameworks/Carbon.framework/Versions/A/Frameworks/SpeechRecognition.framework/Versions/A/SpeechRecognition
0x00000000026c0000 	/usr/lib/libauto.dylib
0x00000000026c0000 	/usr/lib/libicucore.A.dylib
0x00000000026c0000 	/usr/lib/libxml2.2.dylib
0x00000000026c0000 	/System/Library/PrivateFrameworks/CoreUI.framework/Versions/A/CoreUI
0x00000000026c0000 	/System/Library/Frameworks/CoreAudio.framework/Versions/A/CoreAudio
0x00000000026c0000 	/System/Library/Frameworks/DiskArbitration.framework/Versions/A/DiskArbitration
0x00000000026c0000 	/usr/lib/liblangid.dylib
0x00000000026c0000 	/System/Library/PrivateFrameworks/MultitouchSupport.framework/Versions/A/MultitouchSupport
0x00000000026c0000 	/System/Library/Frameworks/IOKit.framework/Versions/A/IOKit
0x00000000026c0000 	/usr/lib/libDiagnosticMessagesClient.dylib
0x00000000026c0000 	/System/Library/Frameworks/CoreServices.framework/Versions/A/CoreServices
0x00000000026c0000 	/System/Library/PrivateFrameworks/PerformanceAnalysis.framework/Versions/A/PerformanceAnalysis
0x00000000026c0000 	/System/Library/PrivateFrameworks/GenerationalStorage.framework/Versions/A/GenerationalStorage
0x00000000026c0000 	/System/Library/Frameworks/OpenGL.framework/Versions/A/OpenGL
0x00000000026c0000 	/System/Library/PrivateFrameworks/Sharing.framework/Versions/A/Sharing
0x00000000026c0000 	/System/Library/Frameworks/CoreGraphics.framework/Versions/A/CoreGraphics
0x00000000026c0000 	/System/Library/Frameworks/CoreImage.framework/Versions/A/CoreImage
0x00000000026c0000 	/System/Library/Frameworks/CoreText.framework/Versions/A/CoreText
0x00000000026c0000 	/System/Library/Frameworks/ImageIO.framework/Versions/A/ImageIO
0x00000000026c0000 	/System/Library/PrivateFrameworks/Backup.framework/Versions/A/Backup
0x00000000026c0000 	/usr/lib/libextension.dylib
0x00000000026c0000 	/usr/lib/libarchive.2.dylib
0x00000000026c0000 	/System/Library/Frameworks/CFNetwork.framework/Versions/A/CFNetwork
0x00000000026c0000 	/System/Library/Frameworks/SystemConfiguration.framework/Versions/A/SystemConfiguration
0x00000000026c0000 	/usr/lib/libCRFSuite.dylib
0x00000000026c0000 	/usr/lib/libc++.1.dylib
0x00000000026c0000 	/usr/lib/libc++abi.dylib
0x00000000026c0000 	/usr/lib/system/libcache.dylib
0x00000000026c0000 	/usr/lib/system/libcommonCrypto.dylib
0x00000000026c0000 	/usr/lib/system/libcompiler_rt.dylib
0x00000000026c0000 	/usr/lib/system/libcopyfile.dylib
0x00000000026c0000 	/usr/lib/system/libcorecrypto.dylib
0x00000000026c0000 	/usr/lib/system/libdispatch.dylib
0x00000000026c0000 	/usr/lib/system/libdyld.dylib
0x00000000026c0000 	/usr/lib/system/libkeymgr.dylib
0x00000000026c0000 	/usr/lib/system/liblaunch.dylib
0x00000000026c0000 	/usr/lib/system/libmacho.dylib
0x00000000026c0000 	/usr/lib/system/libquarantine.dylib
0x00000000026c0000 	/usr/lib/system/libremovefile.dylib
0x00000000026c0000 	/usr/lib/system/libsystem_asl.dylib
0x00000000026c0000 	/usr/lib/system/libsystem_blocks.dylib
0x00000000026c0000 	/usr/lib/system/libsystem_c.dylib
0x00000000026c0000 	/usr/lib/system/libsystem_configuration.dylib
0x00000000026c0000 	/usr/lib/system/libsystem_coreservices.dylib
0x00000000026c0000 	/usr/lib/system/libsystem_coretls.dylib
0x00000000026c0000 	/usr/lib/system/libsystem_dnssd.dylib
0x00000000026c0000 	/usr/lib/system/libsystem_info.dylib
0x00000000026c0000 	/usr/lib/system/libsystem_kernel.dylib
0x00000000026c0000 	/usr/lib/system/libsystem_m.dylib
0x00000000026c0000 	/usr/lib/system/libsystem_malloc.dylib
0x00000000026c0000 	/usr/lib/system/libsystem_network.dylib
0x00000000026c0000 	/usr/lib/system/libsystem_networkextension.dylib
0x00000000026c0000 	/usr/lib/system/libsystem_notify.dylib
0x00000000026c0000 	/usr/lib/system/libsystem_platform.dylib
0x00000000026c0000 	/usr/lib/system/libsystem_pthread.dylib
0x00000000026c0000 	/usr/lib/system/libsystem_sandbox.dylib
0x00000000026c0000 	/usr/lib/system/libsystem_secinit.dylib
0x00000000026c0000 	/usr/lib/system/libsystem_trace.dylib
0x00000000026c0000 	/usr/lib/system/libunc.dylib
0x00000000026c0000 	/usr/lib/system/libunwind.dylib
0x00000000026c0000 	/usr/lib/system/libxpc.dylib
0x00000000026c0000 	/usr/lib/libenergytrace.dylib
0x00000000026c0000 	/usr/lib/libbsm.0.dylib
0x00000000026c0000 	/usr/lib/system/libkxld.dylib
0x00000000026c0000 	/usr/lib/libxar.1.dylib
0x00000000026c0000 	/usr/lib/libsqlite3.dylib
0x00000000026c0000 	/usr/lib/libpam.2.dylib
0x00000000026c0000 	/usr/lib/libOpenScriptingUtil.dylib
0x00000000026c0000 	/usr/lib/libbz2.1.0.dylib
0x00000000026c0000 	/usr/lib/liblzma.5.dylib
0x00000000026c0000 	/System/Library/Frameworks/CoreServices.framework/Versions/A/Frameworks/FSEvents.framework/Versions/A/FSEvents
0x00000000026c0000 	/System/Library/Frameworks/CoreServices.framework/Versions/A/Frameworks/CarbonCore.framework/Versions/A/CarbonCore
0x00000000026c0000 	/System/Library/Frameworks/CoreServices.framework/Versions/A/Frameworks/Metadata.framework/Versions/A/Metadata
0x00000000026c0000 	/System/Library/Frameworks/CoreServices.framework/Versions/A/Frameworks/OSServices.framework/Versions/A/OSServices
0x00000000026c0000 	/System/Library/Frameworks/CoreServices.framework/Versions/A/Frameworks/SearchKit.framework/Versions/A/SearchKit
0x00000000026c0000 	/System/Library/Frameworks/CoreServices.framework/Versions/A/Frameworks/AE.framework/Versions/A/AE
0x00000000026c0000 	/System/Library/Frameworks/CoreServices.framework/Versions/A/Frameworks/LaunchServices.framework/Versions/A/LaunchServices
0x00000000026c0000 	/System/Library/Frameworks/CoreServices.framework/Versions/A/Frameworks/DictionaryServices.framework/Versions/A/DictionaryServices
0x00000000026c0000 	/System/Library/Frameworks/CoreServices.framework/Versions/A/Frameworks/SharedFileList.framework/Versions/A/SharedFileList
0x00000000026c0000 	/System/Library/Frameworks/NetFS.framework/Versions/A/NetFS
0x00000000026c0000 	/System/Library/PrivateFrameworks/NetAuth.framework/Versions/A/NetAuth
0x00000000026c0000 	/System/Library/PrivateFrameworks/login.framework/Versions/A/Frameworks/loginsupport.framework/Versions/A/loginsupport
0x00000000026c0000 	/System/Library/PrivateFrameworks/TCC.framework/Versions/A/TCC
0x00000000026c0000 	/usr/lib/libmecabra.dylib
0x00000000026c0000 	/System/Library/Frameworks/ApplicationServices.framework/Versions/A/Frameworks/ATS.framework/Versions/A/ATS
0x00000000026c0000 	/System/Library/Frameworks/ApplicationServices.framework/Versions/A/Frameworks/ColorSync.framework/Versions/A/ColorSync
0x00000000026c0000 	/System/Library/Frameworks/ApplicationServices.framework/Versions/A/Frameworks/HIServices.framework/Versions/A/HIServices
0x00000000026c0000 	/System/Library/Frameworks/ApplicationServices.framework/Versions/A/Frameworks/LangAnalysis.framework/Versions/A/LangAnalysis
0x00000000026c0000 	/System/Library/Frameworks/ApplicationServices.framework/Versions/A/Frameworks/PrintCore.framework/Versions/A/PrintCore
0x00000000026c0000 	/System/Library/Frameworks/ApplicationServices.framework/Versions/A/Frameworks/QD.framework/Versions/A/QD
0x00000000026c0000 	/System/Library/Frameworks/ApplicationServices.framework/Versions/A/Frameworks/SpeechSynthesis.framework/Versions/A/SpeechSynthesis
0x00000000026c0000 	/System/Library/Frameworks/Metal.framework/Versions/A/Metal
0x00000000026c0000 	/System/Library/Frameworks/Accelerate.framework/Versions/A/Frameworks/vImage.framework/Versions/A/vImage
0x00000000026c0000 	/System/Library/Frameworks/Accelerate.framework/Versions/A/Frameworks/vecLib.framework/Versions/A/vecLib
0x00000000026c0000 	/System/Library/Frameworks/Accelerate.framework/Versions/A/Frameworks/vecLib.framework/Versions/A/libvDSP.dylib
0x00000000026c0000 	/System/Library/Frameworks/Accelerate.framework/Versions/A/Frameworks/vecLib.framework/Versions/A/libvMisc.dylib
0x00000000026c0000 	/System/Library/Frameworks/Accelerate.framework/Versions/A/Frameworks/vecLib.framework/Versions/A/libLAPACK.dylib
0x00000000026c0000 	/System/Library/Frameworks/Accelerate.framework/Versions/A/Frameworks/vecLib.framework/Versions/A/libBLAS.dylib
0x00000000026c0000 	/System/Library/Frameworks/Accelerate.framework/Versions/A/Frameworks/vecLib.framework/Versions/A/libLinearAlgebra.dylib
0x00000000026c0000 	/System/Library/Frameworks/Accelerate.framework/Versions/A/Frameworks/vecLib.framework/Versions/A/libSparseBLAS.dylib
0x00000000026c0000 	/System/Library/PrivateFrameworks/GPUCompiler.framework/libmetal_timestamp.dylib
0x00000000026c0000 	/System/Library/Frameworks/OpenGL.framework/Versions/A/Libraries/libCoreFSCache.dylib
0x00000000026c0000 	/System/Library/PrivateFrameworks/IOAccelerator.framework/Versions/A/IOAccelerator
0x00000000026c0000 	/System/Library/Frameworks/ApplicationServices.framework/Versions/A/Frameworks/ATS.framework/Versions/A/Resources/libFontParser.dylib
0x00000000026c0000 	/System/Library/Frameworks/ApplicationServices.framework/Versions/A/Frameworks/ATS.framework/Versions/A/Resources/libFontRegistry.dylib
0x00000000026c0000 	/System/Library/PrivateFrameworks/AppleVPA.framework/Versions/A/AppleVPA
0x00000000026c0000 	/System/Library/PrivateFrameworks/AppleJPEG.framework/Versions/A/AppleJPEG
0x00000000026c0000 	/System/Library/Frameworks/ImageIO.framework/Versions/A/Resources/libJPEG.dylib
0x00000000026c0000 	/System/Library/Frameworks/ImageIO.framework/Versions/A/Resources/libTIFF.dylib
0x00000000026c0000 	/System/Library/Frameworks/ImageIO.framework/Versions/A/Resources/libPng.dylib
0x00000000026c0000 	/System/Library/Frameworks/ImageIO.framework/Versions/A/Resources/libGIF.dylib
0x00000000026c0000 	/System/Library/Frameworks/ImageIO.framework/Versions/A/Resources/libJP2.dylib
0x00000000026c0000 	/System/Library/Frameworks/ImageIO.framework/Versions/A/Resources/libRadiance.dylib
0x00000000026c0000 	/System/Library/Frameworks/CoreVideo.framework/Versions/A/CoreVideo
0x00000000026c0000 	/System/Library/Frameworks/OpenGL.framework/Versions/A/Libraries/libGLU.dylib
0x00000000026c0000 	/System/Library/Frameworks/OpenGL.framework/Versions/A/Libraries/libGFXShared.dylib
0x00000000026c0000 	/System/Library/Frameworks/OpenGL.framework/Versions/A/Libraries/libGL.dylib
0x00000000026c0000 	/System/Library/Frameworks/OpenGL.framework/Versions/A/Libraries/libGLImage.dylib
0x00000000026c0000 	/System/Library/Frameworks/OpenGL.framework/Versions/A/Libraries/libCVMSPluginSupport.dylib
0x00000000026c0000 	/System/Library/Frameworks/OpenGL.framework/Versions/A/Libraries/libCoreVMClient.dylib
0x00000000026c0000 	/usr/lib/libcompression.dylib
0x00000000026c0000 	/usr/lib/libcups.2.dylib
0x00000000026c0000 	/System/Library/Frameworks/Kerberos.framework/Versions/A/Kerberos
0x00000000026c0000 	/System/Library/Frameworks/GSS.framework/Versions/A/GSS
0x00000000026c0000 	/usr/lib/libresolv.9.dylib
0x00000000026c0000 	/usr/lib/libiconv.2.dylib
0x00000000026c0000 	/System/Library/PrivateFrameworks/Heimdal.framework/Versions/A/Heimdal
0x00000000026c0000 	/usr/lib/libheimdal-asn1.dylib
0x00000000026c0000 	/System/Library/Frameworks/OpenDirectory.framework/Versions/A/OpenDirectory
0x00000000026c0000 	/System/Library/PrivateFrameworks/CommonAuth.framework/Versions/A/CommonAuth
0x00000000026c0000 	/System/Library/Frameworks/OpenDirectory.framework/Versions/A/Frameworks/CFOpenDirectory.framework/Versions/A/CFOpenDirectory
0x00000000026c0000 	/System/Library/Frameworks/SecurityFoundation.framework/Versions/A/SecurityFoundation
0x00000000026c0000 	/System/Library/PrivateFrameworks/LanguageModeling.framework/Versions/A/LanguageModeling
0x00000000026c0000 	/usr/lib/libmarisa.dylib
0x00000000026c0000 	/usr/lib/libChineseTokenizer.dylib
0x00000000026c0000 	/usr/lib/libcmph.dylib
0x00000000026c0000 	/System/Library/Frameworks/ServiceManagement.framework/Versions/A/ServiceManagement
0x00000000026c0000 	/usr/lib/libxslt.1.dylib
0x00000000026c0000 	/System/Library/Frameworks/Carbon.framework/Versions/A/Frameworks/Ink.framework/Versions/A/Ink
0x00000000026c0000 	/usr/lib/libFosl_dynamic.dylib
0x00000000026c0000 	/System/Library/PrivateFrameworks/FaceCore.framework/Versions/A/FaceCore
0x00000000026c0000 	/System/Library/Frameworks/OpenCL.framework/Versions/A/OpenCL
0x00000000026c0000 	/System/Library/PrivateFrameworks/CrashReporterSupport.framework/Versions/A/CrashReporterSupport
0x00000000026c0000 	/System/Library/PrivateFrameworks/IconServices.framework/Versions/A/IconServices
0x00000000026c0000 	/System/Library/PrivateFrameworks/Apple80211.framework/Versions/A/Apple80211
0x00000000026c0000 	/System/Library/Frameworks/CoreWLAN.framework/Versions/A/CoreWLAN
0x00000000026c0000 	/System/Library/Frameworks/IOBluetooth.framework/Versions/A/IOBluetooth
0x00000000026c0000 	/System/Library/PrivateFrameworks/CoreWiFi.framework/Versions/A/CoreWiFi
0x00000000026c0000 	/System/Library/Frameworks/CoreBluetooth.framework/Versions/A/CoreBluetooth
0x00000000026c0000 	/System/Library/PrivateFrameworks/ChunkingLibrary.framework/Versions/A/ChunkingLibrary
0x00000000026c0000 	/System/Library/PrivateFrameworks/DebugSymbols.framework/Versions/A/DebugSymbols
0x00000000026c0000 	/System/Library/PrivateFrameworks/CoreSymbolication.framework/Versions/A/CoreSymbolication
0x00000000026c0000 	/System/Library/PrivateFrameworks/Symbolication.framework/Versions/A/Symbolication
0x00000000026c0000 	/System/Library/PrivateFrameworks/SpeechRecognitionCore.framework/Versions/A/SpeechRecognitionCore
0x0000000104463000 	/Library/Java/JavaVirtualMachines/jdk1.8.0_101.jdk/Contents/Home/jre/lib/server/libjvm.dylib
0x00000000026c0000 	/usr/lib/libstdc++.6.dylib
0x0000000105400000 	/Library/Java/JavaVirtualMachines/jdk1.8.0_101.jdk/Contents/Home/jre/lib/libverify.dylib
0x000000010540e000 	/Library/Java/JavaVirtualMachines/jdk1.8.0_101.jdk/Contents/Home/jre/lib/libjava.dylib
0x0000000105451000 	/Library/Java/JavaVirtualMachines/jdk1.8.0_101.jdk/Contents/Home/jre/lib/libzip.dylib
0x000000011b5d1000 	/System/Library/Frameworks/JavaVM.framework/Frameworks/JavaRuntimeSupport.framework/JavaRuntimeSupport
0x000000011b5ec000 	/System/Library/Frameworks/JavaVM.framework/Versions/A/Frameworks/JavaNativeFoundation.framework/Versions/A/JavaNativeFoundation
0x00000001055ed000 	/System/Library/Frameworks/JavaVM.framework/Versions/A/JavaVM
0x00000000026c0000 	/System/Library/Frameworks/Carbon.framework/Versions/A/Carbon
0x000000011b601000 	/System/Library/PrivateFrameworks/JavaLaunching.framework/Versions/A/JavaLaunching
0x00000000026c0000 	/System/Library/Frameworks/Carbon.framework/Versions/A/Frameworks/CommonPanels.framework/Versions/A/CommonPanels
0x00000000026c0000 	/System/Library/Frameworks/Carbon.framework/Versions/A/Frameworks/Help.framework/Versions/A/Help
0x00000000026c0000 	/System/Library/Frameworks/Carbon.framework/Versions/A/Frameworks/ImageCapture.framework/Versions/A/ImageCapture
0x00000000026c0000 	/System/Library/Frameworks/Carbon.framework/Versions/A/Frameworks/OpenScripting.framework/Versions/A/OpenScripting
0x00000000026c0000 	/System/Library/Frameworks/Carbon.framework/Versions/A/Frameworks/Print.framework/Versions/A/Print
0x00000000026c0000 	/System/Library/Frameworks/Carbon.framework/Versions/A/Frameworks/SecurityHI.framework/Versions/A/SecurityHI
0x000000011d052000 	/Applications/IntelliJ IDEA CE.app/Contents/bin/libbreakgen64.jnilib
0x000000011d055000 	/Library/Java/JavaVirtualMachines/jdk1.8.0_101.jdk/Contents/Home/jre/lib/libnet.dylib
0x000000011d0b4000 	/private/var/folders/hx/chl3wz1s6d9g8dgpv9pfrkzw0000gn/T/bluecove_maximerichard_0/libbluecove.jnilib
0x000000011d100000 	/private/var/folders/hx/chl3wz1s6d9g8dgpv9pfrkzw0000gn/T/sqlite-3.8.11.2-fa9d6f0d-d813-457b-af35-0e87e5a3fb09-libsqlitejdbc.jnilib
0x000000011d39c000 	/Library/Java/JavaVirtualMachines/jdk1.8.0_101.jdk/Contents/Home/jre/lib/libawt.dylib
0x000000011d444000 	/Library/Java/JavaVirtualMachines/jdk1.8.0_101.jdk/Contents/Home/jre/lib/./libmlib_image.dylib
0x000000011d510000 	/Library/Java/JavaVirtualMachines/jdk1.8.0_101.jdk/Contents/Home/jre/lib/libawt_lwawt.dylib
0x000000011d5c5000 	/Library/Java/JavaVirtualMachines/jdk1.8.0_101.jdk/Contents/Home/jre/lib/./libosxapp.dylib
0x00000000026c0000 	/System/Library/Frameworks/ExceptionHandling.framework/Versions/A/ExceptionHandling
0x00000000026c0000 	/System/Library/PrivateFrameworks/CoreServicesInternal.framework/Versions/A/CoreServicesInternal
0x00000000026c0000 	/System/Library/Frameworks/CoreGraphics.framework/Versions/A/Resources/libRIP.A.dylib
0x00000000026c0000 	/System/Library/Frameworks/Accelerate.framework/Versions/A/Frameworks/vImage.framework/Versions/A/Libraries/libCGInterfaces.dylib
0x00000000026c0000 	/System/Library/Frameworks/CoreGraphics.framework/Versions/A/Resources/libCGXType.A.dylib
0x00000000026c0000 	/System/Library/Frameworks/OpenCL.framework/Versions/A/Libraries/libcldcpuengine.dylib
0x00000000026c0000 	/System/Library/PrivateFrameworks/DiskImages.framework/Versions/A/DiskImages
0x00000000026c0000 	/System/Library/Frameworks/DiscRecording.framework/Versions/A/DiscRecording
0x00000000026c0000 	/usr/lib/libcsfde.dylib
0x00000000026c0000 	/usr/lib/libcurl.4.dylib
0x00000000026c0000 	/System/Library/PrivateFrameworks/MediaKit.framework/Versions/A/MediaKit
0x00000000026c0000 	/System/Library/PrivateFrameworks/ProtectedCloudStorage.framework/Versions/A/ProtectedCloudStorage
0x00000000026c0000 	/usr/lib/libCoreStorage.dylib
0x00000000026c0000 	/System/Library/PrivateFrameworks/EFILogin.framework/Versions/A/EFILogin
0x00000000026c0000 	/usr/lib/libutil.dylib
0x00000000026c0000 	/System/Library/PrivateFrameworks/FindMyDevice.framework/Versions/A/FindMyDevice
0x00000000026c0000 	/System/Library/Frameworks/LDAP.framework/Versions/A/LDAP
0x00000000026c0000 	/usr/lib/libsasl2.2.dylib
0x00000000026c0000 	/System/Library/PrivateFrameworks/CoreDaemon.framework/Versions/B/CoreDaemon
0x00000000026c0000 	/usr/lib/libcrypto.0.9.8.dylib
0x00000000026c0000 	/System/Library/PrivateFrameworks/AppleSRP.framework/Versions/A/AppleSRP
0x00000000026c0000 	/System/Library/PrivateFrameworks/TrustEvaluationAgent.framework/Versions/A/TrustEvaluationAgent
0x000000011e01c000 	cl_kernels
0x00000000026c0000 	/System/Library/Frameworks/OpenCL.framework/Versions/A/Libraries/ImageFormats/unorm8_bgra.dylib
0x00000000026c0000 	/System/Library/Frameworks/OpenCL.framework/Versions/A/Libraries/ImageFormats/unorm8_rgba.dylib
0x00000000026c0000 	/System/Library/PrivateFrameworks/FamilyControls.framework/Versions/A/FamilyControls
0x00000000026c0000 	/System/Library/PrivateFrameworks/CommerceKit.framework/Versions/A/Frameworks/CommerceCore.framework/Versions/A/CommerceCore
0x00000000026c0000 	/System/Library/PrivateFrameworks/SystemAdministration.framework/Versions/A/SystemAdministration
0x00000000026c0000 	/System/Library/PrivateFrameworks/AppContainer.framework/Versions/A/AppContainer
0x00000000026c0000 	/System/Library/PrivateFrameworks/SecCodeWrapper.framework/Versions/A/SecCodeWrapper
0x00000000026c0000 	/System/Library/Frameworks/DirectoryService.framework/Versions/A/DirectoryService
0x00000000026c0000 	/System/Library/PrivateFrameworks/LoginUIKit.framework/Versions/A/Frameworks/LoginUICore.framework/Versions/A/LoginUICore
0x00000000026c0000 	/usr/lib/libodfde.dylib
0x000000011fd8d000 	/Library/Java/JavaVirtualMachines/jdk1.8.0_101.jdk/Contents/Home/jre/lib/libfontmanager.dylib
0x000000011df6f000 	/Library/Java/JavaVirtualMachines/jdk1.8.0_101.jdk/Contents/Home/jre/lib/libosxui.dylib
0x00000000026c0000 	/System/Library/Frameworks/OpenGL.framework/Versions/A/Resources/GLEngine.bundle/GLEngine
0x00000000026c0000 	/System/Library/Frameworks/OpenGL.framework/Versions/A/Libraries/libGLProgrammability.dylib
0x0000000120832000 	/System/Library/Extensions/AppleIntelBDWGraphicsGLDriver.bundle/Contents/MacOS/AppleIntelBDWGraphicsGLDriver
0x00000000026c0000 	/System/Library/PrivateFrameworks/GPUSupport.framework/Versions/A/Libraries/libGPUSupportMercury.dylib
0x00000000026c0000 	/System/Library/Frameworks/OpenGL.framework/Versions/A/Resources/GLRendererFloat.bundle/GLRendererFloat
0x0000000121a23000 	/Library/Java/JavaVirtualMachines/jdk1.8.0_101.jdk/Contents/Home/jre/lib/libnio.dylib
0x00000000026c0000 	/System/Library/Frameworks/ApplicationServices.framework/Versions/A/Frameworks/ATS.framework/Versions/A/Resources/libTrueTypeScaler.dylib
0x0000000174881000 	/System/Library/Extensions/AppleIntelBDWGraphicsMTLDriver.bundle/Contents/MacOS/AppleIntelBDWGraphicsMTLDriver
0x00000000026c0000 	/System/Library/CoreServices/RawCamera.bundle/Contents/MacOS/RawCamera
0x0000000175dcb000 	/Library/Java/JavaVirtualMachines/jdk1.8.0_101.jdk/Contents/Home/jre/lib/libjpeg.dylib
0x0000000175df8000 	/Library/Java/JavaVirtualMachines/jdk1.8.0_101.jdk/Contents/Home/jre/lib/liblcms.dylib

VM Arguments:
jvm_args: -Didea.launcher.port=7541 -Didea.launcher.bin.path=/Applications/IntelliJ IDEA CE.app/Contents/bin -Dfile.encoding=UTF-8 
java_command: com.intellij.rt.execution.application.AppMain com.sciquizapp.sciquizserver.MyServer
java_class_path (initial): /Library/Java/JavaVirtualMachines/jdk1.8.0_101.jdk/Contents/Home/jre/lib/charsets.jar:/Library/Java/JavaVirtualMachines/jdk1.8.0_101.jdk/Contents/Home/jre/lib/deploy.jar:/Library/Java/JavaVirtualMachines/jdk1.8.0_101.jdk/Contents/Home/jre/lib/ext/cldrdata.jar:/Library/Java/JavaVirtualMachines/jdk1.8.0_101.jdk/Contents/Home/jre/lib/ext/dnsns.jar:/Library/Java/JavaVirtualMachines/jdk1.8.0_101.jdk/Contents/Home/jre/lib/ext/jaccess.jar:/Library/Java/JavaVirtualMachines/jdk1.8.0_101.jdk/Contents/Home/jre/lib/ext/jfxrt.jar:/Library/Java/JavaVirtualMachines/jdk1.8.0_101.jdk/Contents/Home/jre/lib/ext/localedata.jar:/Library/Java/JavaVirtualMachines/jdk1.8.0_101.jdk/Contents/Home/jre/lib/ext/nashorn.jar:/Library/Java/JavaVirtualMachines/jdk1.8.0_101.jdk/Contents/Home/jre/lib/ext/sunec.jar:/Library/Java/JavaVirtualMachines/jdk1.8.0_101.jdk/Contents/Home/jre/lib/ext/sunjce_provider.jar:/Library/Java/JavaVirtualMachines/jdk1.8.0_101.jdk/Contents/Home/jre/lib/ext/sunpkcs11.jar:/Library/Java/JavaVirtualMachines/jdk1.8.0_101.jdk/Contents/Home/jre/lib/ext/zipfs.jar:/Library/Java/JavaVirtualMachines/jdk1.8.0_101.jdk/Contents/Home/jre/lib/javaws.jar:/Library/Java/JavaVirtualMachines/jdk1.8.0_101.jdk/Contents/Home/jre/lib/jce.jar:/Library/Java/JavaVirtualMachines/jdk1.8.0_101.jdk/Contents/Home/jre/lib/jfr.jar:/Library/Java/JavaVirtualMachines/jdk1.8.0_101.jdk/Contents/Home/jre/lib/jfxswt.jar:/Library/Java/JavaVirtualMachines/jdk1.8.0_101.jdk/Contents/Home/jre/lib/jsse.jar:/Library/Java/JavaVirtualMachines/jdk1.8.0_101.jdk/Contents/Home/jre/lib/management-agent.jar:/Library/Java/JavaVirtualMachines/jdk1.8.0_101.jdk/Contents/Home/jre/lib/plugin.jar:/Library/Java/JavaVirtualMachines/jdk1.8.0_101.jdk/Contents/Home/jre/lib/resources.jar:/Library/Java/JavaVirtualMachines/jdk1.8.0_101.jdk/Contents/Home/jre/lib/rt.jar:/Library/Java/JavaVirtualMachines/jdk1.8.0_101.jdk/Contents/Home/lib/ant-javafx.jar:/Library/Java/JavaVirtualMachines/jdk1.8.0_101.jdk/Contents/Home
Launcher Type: SUN_STANDARD

Environment Variables:
PATH=/usr/local/bin:/usr/bin:/bin:/usr/sbin:/sbin
SHELL=/bin/bash

Signal Handlers:
SIGSEGV: [libjvm.dylib+0x5af145], sa_mask[0]=11111111011111110111111111111111, sa_flags=SA_ONSTACK|SA_RESTART|SA_SIGINFO
SIGBUS: [libjvm.dylib+0x5af145], sa_mask[0]=11111111011111110111111111111111, sa_flags=SA_RESTART|SA_SIGINFO
SIGFPE: [libjvm.dylib+0x48694c], sa_mask[0]=11111111011111110111111111111111, sa_flags=SA_RESTART|SA_SIGINFO
SIGPIPE: [libjvm.dylib+0x48694c], sa_mask[0]=11111111011111110111111111111111, sa_flags=SA_RESTART|SA_SIGINFO
SIGXFSZ: [libjvm.dylib+0x48694c], sa_mask[0]=11111111011111110111111111111111, sa_flags=SA_RESTART|SA_SIGINFO
SIGILL: [libjvm.dylib+0x48694c], sa_mask[0]=11111111011111110111111111111111, sa_flags=SA_RESTART|SA_SIGINFO
SIGUSR1: SIG_DFL, sa_mask[0]=00000000000000000000000000000000, sa_flags=none
SIGUSR2: [libjvm.dylib+0x48646a], sa_mask[0]=00100000000000000000000000000000, sa_flags=SA_RESTART|SA_SIGINFO
SIGHUP: [libjvm.dylib+0x484a41], sa_mask[0]=11111111011111110111111111111111, sa_flags=SA_RESTART|SA_SIGINFO
SIGINT: [libjvm.dylib+0x484a41], sa_mask[0]=11111111011111110111111111111111, sa_flags=SA_RESTART|SA_SIGINFO
SIGTERM: [libjvm.dylib+0x484a41], sa_mask[0]=11111111011111110111111111111111, sa_flags=SA_RESTART|SA_SIGINFO
SIGQUIT: [libjvm.dylib+0x484a41], sa_mask[0]=11111111011111110111111111111111, sa_flags=SA_RESTART|SA_SIGINFO


---------------  S Y S T E M  ---------------

OS:Bsduname:Darwin 15.6.0 Darwin Kernel Version 15.6.0: Thu Jun 23 18:25:34 PDT 2016; root:xnu-3248.60.10~1/RELEASE_X86_64 x86_64
rlimit: STACK 8192k, CORE 0k, NPROC 709, NOFILE 10240, AS infinity
load average:8.45 5.13 4.23

CPU:total 4 (2 cores per cpu, 2 threads per core) family 6 model 61 stepping 4, cmov, cx8, fxsr, mmx, sse, sse2, sse3, ssse3, sse4.1, sse4.2, popcnt, avx, avx2, aes, clmul, erms, 3dnowpref, lzcnt, ht, tsc, tscinvbit, bmi1, bmi2, adx

Memory: 4k page, physical 8388608k(391912k free)

/proc/meminfo:


vm_info: Java HotSpot(TM) 64-Bit Server VM (25.101-b13) for bsd-amd64 JRE (1.8.0_101-b13), built on Jun 22 2016 02:42:15 by "java_re" with gcc 4.2.1 (Based on Apple Inc. build 5658) (LLVM build 2336.11.00)

time: Sun Feb 12 22:45:06 2017
elapsed time: 13 seconds (0d 0h 0m 13s)

