#
# A fatal error has been detected by the Java Runtime Environment:
#
#  SIGSEGV (0xb) at pc=0x00000001014fad37, pid=1490, tid=0x0000000000009c17
#
# JRE version: Java(TM) SE Runtime Environment (8.0_101-b13) (build 1.8.0_101-b13)
# Java VM: Java HotSpot(TM) 64-Bit Server VM (25.101-b13 mixed mode bsd-amd64 compressed oops)
# Problematic frame:
# V  [libjvm.dylib+0x500d37]  SimpleThresholdPolicy::event(methodHandle, methodHandle, int, int, CompLevel, nmethod*, JavaThread*)+0xf1
#
# Failed to write core dump. Core dumps have been disabled. To enable core dumping, try "ulimit -c unlimited" before starting Java again
#
# If you would like to submit a bug report, please visit:
#   http://bugreport.java.com/bugreport/crash.jsp
#

---------------  T H R E A D  ---------------

Current thread (0x00007f99ec1aa800):  JavaThread "AWT-EventQueue-0" [_thread_in_vm, id=39959, stack(0x00007000018e8000,0x00007000019e8000)]

siginfo: si_signo: 11 (SIGSEGV), si_code: 1 (SEGV_MAPERR), si_addr: 0x0000000000000918

Registers:
RAX=0x0000000116891420, RBX=0x00000000ffffffff, RCX=0x0000000000000001, RDX=0x0000000000000000
RSP=0x00007000019e4290, RBP=0x00007000019e4370, RSI=0x00007000019e5008, RDI=0x00007f99ebd0a0c0
R8 =0x00000000ffffffff, R9 =0x0000000000000003, R10=0x00007f99ebd04830, R11=0x0000000000000900
R12=0x0000000000000900, R13=0x00007f99ebd0a0c0, R14=0x00007000019e4ff8, R15=0x0000000116708688
RIP=0x00000001014fad37, EFLAGS=0x0000000000010206, ERR=0x0000000000000004
  TRAPNO=0x000000000000000e

Top of Stack: (sp=0x00007000019e4290)
0x00007000019e4290:   0000000000000000 000000010109b2be
0x00007000019e42a0:   00007000019e5008 00007f99ebd0a0c0
0x00007000019e42b0:   00000003019e42d0 0000000101466916
0x00007000019e42c0:   0000000300000000 00007000019e49e0
0x00007000019e42d0:   00007000019e42f0 00000001014611e6
0x00007000019e42e0:   00007000019e49e0 00007000019e5070
0x00007000019e42f0:   00007000019e4340 0000000101245924
0x00007000019e4300:   0000000000000003 000000010291891b
0x00007000019e4310:   00007000019e5240 00007000019e49e0
0x00007000019e4320:   00007000019e49e0 00007000019e5370
0x00007000019e4330:   00007000019e4a10 00007000019e4fc8
0x00007000019e4340:   00007000019e4370 0000000000000900
0x00007000019e4350:   00000000ffffffff 00007f99ebd0a0c0
0x00007000019e4360:   00007f99ec1aa800 0000000116708688
0x00007000019e4370:   00007000019e5060 000000010113c045
0x00007000019e4380:   0000000102918390 00007f99ec1aa800
0x00007000019e4390:   000000011670d630 00000001014fac46
0x00007000019e43a0:   00000003019e5128 0000000102918390
0x00007000019e43b0:   ffffffff019e44a0 00000001014fb072
0x00007000019e43c0:   00000001167085c0 00007f99ec1aa800
0x00007000019e43d0:   00007000019e5138 00007f99ebd0a0c0
0x00007000019e43e0:   00000003019e4400 0000000101466916
0x00007000019e43f0:   00007000019e43d9 00007000019e4b10
0x00007000019e4400:   00007000019e4420 000000011670d630
0x00007000019e4410:   00007f99ec1aa800 000000011670d630
0x00007000019e4420:   00007f99ec1aa800 0000000101245924
0x00007000019e4430:   0000000101825c30 000000010293bfbf
0x00007000019e4440:   00007000019e5370 00007000019e4b10
0x00007000019e4450:   00007000019e4b10 000000011670d630
0x00007000019e4460:   000000011670d630 00007000019e50f8
0x00007000019e4470:   00007000019e4ad0 00007f99ec1aa800
0x00007000019e4480:   00007000019e44a0 00000001011ec8e6 

Instructions: (pc=0x00000001014fad37)
0x00000001014fad17:   c1 ea 03 81 fa 01 00 00 08 72 09 83 c9 04 89 88
0x00000001014fad27:   e0 00 00 00 4d 8b 26 4d 39 e7 0f 84 8c 00 00 00
0x00000001014fad37:   49 8b 44 24 18 48 85 c0 74 36 8b 48 08 f6 c1 04
0x00000001014fad47:   75 13 89 ca c1 ea 03 81 fa 01 00 00 08 72 06 83 

Register to memory mapping:

RAX=0x0000000116891420 is pointing into metadata
RBX=0x00000000ffffffff is an unknown value
RCX=0x0000000000000001 is an unknown value
RDX=0x0000000000000000 is an unknown value
RSP=0x00007000019e4290 is pointing into the stack for thread: 0x00007f99ec1aa800
RBP=0x00007000019e4370 is pointing into the stack for thread: 0x00007f99ec1aa800
RSI=0x00007000019e5008 is pointing into the stack for thread: 0x00007f99ec1aa800
RDI=0x00007f99ebd0a0c0 is an unknown value
R8 =0x00000000ffffffff is an unknown value
R9 =0x0000000000000003 is an unknown value
R10=0x00007f99ebd04830 is an unknown value
R11=0x0000000000000900 is an unknown value
R12=0x0000000000000900 is an unknown value
R13=0x00007f99ebd0a0c0 is an unknown value
R14=0x00007000019e4ff8 is pointing into the stack for thread: 0x00007f99ec1aa800
R15={method} {0x0000000116708688} 'expandCapacity' '(I)V' in 'java/lang/AbstractStringBuilder'


Stack: [0x00007000018e8000,0x00007000019e8000],  sp=0x00007000019e4290,  free space=1008k
Native frames: (J=compiled Java code, j=interpreted, Vv=VM code, C=native code)
V  [libjvm.dylib+0x500d37]  SimpleThresholdPolicy::event(methodHandle, methodHandle, int, int, CompLevel, nmethod*, JavaThread*)+0xf1
V  [libjvm.dylib+0x142045]  Runtime1::counter_overflow(JavaThread*, int, Method*)+0x23b
v  ~RuntimeStub::counter_overflow Runtime1 stub
J 41 C1 java.lang.AbstractStringBuilder.expandCapacity(I)V (50 bytes) @ 0x000000010291891b [0x0000000102918540+0x3db]
J 1478 C1 java.lang.AbstractStringBuilder.append(I)Ljava/lang/AbstractStringBuilder; (62 bytes) @ 0x0000000102caa2b4 [0x0000000102ca9ea0+0x414]
j  java.lang.StringBuilder.append(I)Ljava/lang/StringBuilder;+2
j  com.sciquizapp.sciquizserver.NetworkCommunication.SendQuestion(Lcom/sciquizapp/sciquizserver/Question;)V+573
j  com.sciquizapp.sciquizserver.ChooseDropActionDemo$4.actionPerformed(Ljava/awt/event/ActionEvent;)V+36
j  javax.swing.AbstractButton.fireActionPerformed(Ljava/awt/event/ActionEvent;)V+83
j  javax.swing.AbstractButton$Handler.actionPerformed(Ljava/awt/event/ActionEvent;)V+5
j  javax.swing.DefaultButtonModel.fireActionPerformed(Ljava/awt/event/ActionEvent;)V+34
j  javax.swing.DefaultButtonModel.setPressed(Z)V+117
j  javax.swing.plaf.basic.BasicButtonListener.mouseReleased(Ljava/awt/event/MouseEvent;)V+35
j  java.awt.Component.processMouseEvent(Ljava/awt/event/MouseEvent;)V+64
j  javax.swing.JComponent.processMouseEvent(Ljava/awt/event/MouseEvent;)V+23
j  java.awt.Component.processEvent(Ljava/awt/AWTEvent;)V+81
j  java.awt.Container.processEvent(Ljava/awt/AWTEvent;)V+18
J 1461 C1 java.awt.Component.dispatchEventImpl(Ljava/awt/AWTEvent;)V (883 bytes) @ 0x0000000102c9a4dc [0x0000000102c94de0+0x56fc]
J 1176 C1 java.awt.Container.dispatchEventImpl(Ljava/awt/AWTEvent;)V (129 bytes) @ 0x0000000102bcc02c [0x0000000102bcbee0+0x14c]
J 1164 C1 java.awt.Component.dispatchEvent(Ljava/awt/AWTEvent;)V (6 bytes) @ 0x0000000102bc5484 [0x0000000102bc5380+0x104]
j  java.awt.LightweightDispatcher.retargetMouseEvent(Ljava/awt/Component;ILjava/awt/event/MouseEvent;)V+327
j  java.awt.LightweightDispatcher.processMouseEvent(Ljava/awt/event/MouseEvent;)Z+155
j  java.awt.LightweightDispatcher.dispatchEvent(Ljava/awt/AWTEvent;)Z+50
J 1176 C1 java.awt.Container.dispatchEventImpl(Ljava/awt/AWTEvent;)V (129 bytes) @ 0x0000000102bcbfcc [0x0000000102bcbee0+0xec]
j  java.awt.Window.dispatchEventImpl(Ljava/awt/AWTEvent;)V+19
J 1226 C1 java.awt.EventQueue.dispatchEventImpl(Ljava/awt/AWTEvent;Ljava/lang/Object;)V (149 bytes) @ 0x0000000102bef2e4 [0x0000000102beda80+0x1864]
J 1224 C1 java.awt.EventQueue$3.run()Ljava/lang/Void; (60 bytes) @ 0x0000000102bece54 [0x0000000102becc40+0x214]
J 1159 C1 java.awt.EventQueue$3.run()Ljava/lang/Object; (5 bytes) @ 0x0000000102bc38cc [0x0000000102bc3840+0x8c]
v  ~StubRoutines::call_stub
V  [libjvm.dylib+0x2ecf06]  JavaCalls::call_helper(JavaValue*, methodHandle*, JavaCallArguments*, Thread*)+0x6ae
V  [libjvm.dylib+0x34d69c]  JVM_DoPrivileged+0x4b8
J 779  java.security.AccessController.doPrivileged(Ljava/security/PrivilegedAction;Ljava/security/AccessControlContext;)Ljava/lang/Object; (0 bytes) @ 0x0000000102adba95 [0x0000000102adb9c0+0xd5]
J 967 C1 java.awt.EventQueue$4.run()Ljava/lang/Object; (5 bytes) @ 0x0000000102b3e62c [0x0000000102b3e200+0x42c]
v  ~StubRoutines::call_stub
V  [libjvm.dylib+0x2ecf06]  JavaCalls::call_helper(JavaValue*, methodHandle*, JavaCallArguments*, Thread*)+0x6ae
V  [libjvm.dylib+0x34d69c]  JVM_DoPrivileged+0x4b8
J 779  java.security.AccessController.doPrivileged(Ljava/security/PrivilegedAction;Ljava/security/AccessControlContext;)Ljava/lang/Object; (0 bytes) @ 0x0000000102adba95 [0x0000000102adb9c0+0xd5]
J 1155 C1 java.awt.EventQueue.dispatchEvent(Ljava/awt/AWTEvent;)V (80 bytes) @ 0x0000000102bbcc74 [0x0000000102bbbdc0+0xeb4]
J 1160 C1 java.awt.EventDispatchThread.pumpOneEventForFilters(I)V (295 bytes) @ 0x0000000102bbfa7c [0x0000000102bbdf00+0x1b7c]
j  java.awt.EventDispatchThread.pumpEventsForFilter(ILjava/awt/Conditional;Ljava/awt/EventFilter;)V+35
j  java.awt.EventDispatchThread.pumpEventsForHierarchy(ILjava/awt/Conditional;Ljava/awt/Component;)V+11
j  java.awt.EventDispatchThread.pumpEvents(ILjava/awt/Conditional;)V+4
j  java.awt.EventDispatchThread.pumpEvents(Ljava/awt/Conditional;)V+3
j  java.awt.EventDispatchThread.run()V+9
v  ~StubRoutines::call_stub
V  [libjvm.dylib+0x2ecf06]  JavaCalls::call_helper(JavaValue*, methodHandle*, JavaCallArguments*, Thread*)+0x6ae
V  [libjvm.dylib+0x2ed694]  JavaCalls::call_virtual(JavaValue*, KlassHandle, Symbol*, Symbol*, JavaCallArguments*, Thread*)+0x164
V  [libjvm.dylib+0x2ed840]  JavaCalls::call_virtual(JavaValue*, Handle, KlassHandle, Symbol*, Symbol*, Thread*)+0x4a
V  [libjvm.dylib+0x348029]  thread_entry(JavaThread*, Thread*)+0x7c
V  [libjvm.dylib+0x5695ab]  JavaThread::thread_main_inner()+0x9b
V  [libjvm.dylib+0x56ac98]  JavaThread::run()+0x1c2
V  [libjvm.dylib+0x48933a]  java_start(Thread*)+0xf6
C  [libsystem_pthread.dylib+0x399d]  _pthread_body+0x83
C  [libsystem_pthread.dylib+0x391a]  _pthread_body+0x0
C  [libsystem_pthread.dylib+0x1351]  thread_start+0xd
C  0x0000000000000000

Java frames: (J=compiled Java code, j=interpreted, Vv=VM code)
v  ~RuntimeStub::counter_overflow Runtime1 stub
J 41 C1 java.lang.AbstractStringBuilder.expandCapacity(I)V (50 bytes) @ 0x000000010291891b [0x0000000102918540+0x3db]
J 1478 C1 java.lang.AbstractStringBuilder.append(I)Ljava/lang/AbstractStringBuilder; (62 bytes) @ 0x0000000102caa2b4 [0x0000000102ca9ea0+0x414]
j  java.lang.StringBuilder.append(I)Ljava/lang/StringBuilder;+2
j  com.sciquizapp.sciquizserver.NetworkCommunication.SendQuestion(Lcom/sciquizapp/sciquizserver/Question;)V+573
j  com.sciquizapp.sciquizserver.ChooseDropActionDemo$4.actionPerformed(Ljava/awt/event/ActionEvent;)V+36
j  javax.swing.AbstractButton.fireActionPerformed(Ljava/awt/event/ActionEvent;)V+83
j  javax.swing.AbstractButton$Handler.actionPerformed(Ljava/awt/event/ActionEvent;)V+5
j  javax.swing.DefaultButtonModel.fireActionPerformed(Ljava/awt/event/ActionEvent;)V+34
j  javax.swing.DefaultButtonModel.setPressed(Z)V+117
j  javax.swing.plaf.basic.BasicButtonListener.mouseReleased(Ljava/awt/event/MouseEvent;)V+35
j  java.awt.Component.processMouseEvent(Ljava/awt/event/MouseEvent;)V+64
j  javax.swing.JComponent.processMouseEvent(Ljava/awt/event/MouseEvent;)V+23
j  java.awt.Component.processEvent(Ljava/awt/AWTEvent;)V+81
j  java.awt.Container.processEvent(Ljava/awt/AWTEvent;)V+18
J 1461 C1 java.awt.Component.dispatchEventImpl(Ljava/awt/AWTEvent;)V (883 bytes) @ 0x0000000102c9a4dc [0x0000000102c94de0+0x56fc]
J 1176 C1 java.awt.Container.dispatchEventImpl(Ljava/awt/AWTEvent;)V (129 bytes) @ 0x0000000102bcc02c [0x0000000102bcbee0+0x14c]
J 1164 C1 java.awt.Component.dispatchEvent(Ljava/awt/AWTEvent;)V (6 bytes) @ 0x0000000102bc5484 [0x0000000102bc5380+0x104]
j  java.awt.LightweightDispatcher.retargetMouseEvent(Ljava/awt/Component;ILjava/awt/event/MouseEvent;)V+327
j  java.awt.LightweightDispatcher.processMouseEvent(Ljava/awt/event/MouseEvent;)Z+155
j  java.awt.LightweightDispatcher.dispatchEvent(Ljava/awt/AWTEvent;)Z+50
J 1176 C1 java.awt.Container.dispatchEventImpl(Ljava/awt/AWTEvent;)V (129 bytes) @ 0x0000000102bcbfcc [0x0000000102bcbee0+0xec]
j  java.awt.Window.dispatchEventImpl(Ljava/awt/AWTEvent;)V+19
J 1226 C1 java.awt.EventQueue.dispatchEventImpl(Ljava/awt/AWTEvent;Ljava/lang/Object;)V (149 bytes) @ 0x0000000102bef2e4 [0x0000000102beda80+0x1864]
J 1224 C1 java.awt.EventQueue$3.run()Ljava/lang/Void; (60 bytes) @ 0x0000000102bece54 [0x0000000102becc40+0x214]
J 1159 C1 java.awt.EventQueue$3.run()Ljava/lang/Object; (5 bytes) @ 0x0000000102bc38cc [0x0000000102bc3840+0x8c]
v  ~StubRoutines::call_stub
J 779  java.security.AccessController.doPrivileged(Ljava/security/PrivilegedAction;Ljava/security/AccessControlContext;)Ljava/lang/Object; (0 bytes) @ 0x0000000102adba23 [0x0000000102adb9c0+0x63]
J 967 C1 java.awt.EventQueue$4.run()Ljava/lang/Object; (5 bytes) @ 0x0000000102b3e62c [0x0000000102b3e200+0x42c]
v  ~StubRoutines::call_stub
J 779  java.security.AccessController.doPrivileged(Ljava/security/PrivilegedAction;Ljava/security/AccessControlContext;)Ljava/lang/Object; (0 bytes) @ 0x0000000102adba23 [0x0000000102adb9c0+0x63]
J 1155 C1 java.awt.EventQueue.dispatchEvent(Ljava/awt/AWTEvent;)V (80 bytes) @ 0x0000000102bbcc74 [0x0000000102bbbdc0+0xeb4]
J 1160 C1 java.awt.EventDispatchThread.pumpOneEventForFilters(I)V (295 bytes) @ 0x0000000102bbfa7c [0x0000000102bbdf00+0x1b7c]
j  java.awt.EventDispatchThread.pumpEventsForFilter(ILjava/awt/Conditional;Ljava/awt/EventFilter;)V+35
j  java.awt.EventDispatchThread.pumpEventsForHierarchy(ILjava/awt/Conditional;Ljava/awt/Component;)V+11
j  java.awt.EventDispatchThread.pumpEvents(ILjava/awt/Conditional;)V+4
j  java.awt.EventDispatchThread.pumpEvents(Ljava/awt/Conditional;)V+3
j  java.awt.EventDispatchThread.run()V+9
v  ~StubRoutines::call_stub

---------------  P R O C E S S  ---------------

Java Threads: ( => current thread )
  0x00007f99ed02d000 JavaThread "Thread-2" [_thread_blocked, id=72451, stack(0x0000700001b71000,0x0000700001c71000)]
  0x00007f99ed361000 JavaThread "TimerQueue" daemon [_thread_blocked, id=34075, stack(0x0000700001a6e000,0x0000700001b6e000)]
  0x00007f99ec94f000 JavaThread "DestroyJavaVM" [_thread_blocked, id=4099, stack(0x0000700000084000,0x0000700000184000)]
=>0x00007f99ec1aa800 JavaThread "AWT-EventQueue-0" [_thread_in_vm, id=39959, stack(0x00007000018e8000,0x00007000019e8000)]
  0x00007f99ec11e000 JavaThread "AWT-Shutdown" [_thread_blocked, id=63495, stack(0x000070000155c000,0x000070000165c000)]
  0x00007f99eda87800 JavaThread "Java2D Disposer" daemon [_thread_blocked, id=62979, stack(0x00007000017e5000,0x00007000018e5000)]
  0x00007f99ec14d000 JavaThread "Java2D Queue Flusher" daemon [_thread_blocked, id=60167, stack(0x00007000016e2000,0x00007000017e2000)]
  0x00007f99ec0ff000 JavaThread "AppKit Thread" daemon [_thread_in_native, id=2571, stack(0x00007fff5e682000,0x00007fff5ee82000)]
  0x00007f99ec848000 JavaThread "BluecoveAsynchronousShutdownThread" daemon [_thread_blocked, id=21507, stack(0x0000700001353000,0x0000700001453000)]
  0x00007f99ec09b000 JavaThread "Abandoned connection cleanup thread" daemon [_thread_blocked, id=20739, stack(0x0000700001250000,0x0000700001350000)]
  0x00007f99ec09a000 JavaThread "Thread-0" [_thread_in_native, id=20227, stack(0x000070000114d000,0x000070000124d000)]
  0x00007f99ec83c000 JavaThread "Monitor Ctrl-Break" daemon [_thread_in_native, id=19715, stack(0x000070000104a000,0x000070000114a000)]
  0x00007f99ed01f000 JavaThread "Service Thread" daemon [_thread_blocked, id=18691, stack(0x0000700000e44000,0x0000700000f44000)]
  0x00007f99ed832800 JavaThread "C1 CompilerThread2" daemon [_thread_blocked, id=18179, stack(0x0000700000d41000,0x0000700000e41000)]
  0x00007f99ed01e000 JavaThread "C2 CompilerThread1" daemon [_thread_blocked, id=17667, stack(0x0000700000c3e000,0x0000700000d3e000)]
  0x00007f99ec038800 JavaThread "C2 CompilerThread0" daemon [_thread_blocked, id=17155, stack(0x0000700000b3b000,0x0000700000c3b000)]
  0x00007f99ec045800 JavaThread "Signal Dispatcher" daemon [_thread_blocked, id=13839, stack(0x0000700000a38000,0x0000700000b38000)]
  0x00007f99ec037800 JavaThread "Finalizer" daemon [_thread_blocked, id=11779, stack(0x000070000082f000,0x000070000092f000)]
  0x00007f99ed817800 JavaThread "Reference Handler" daemon [_thread_blocked, id=11267, stack(0x000070000072c000,0x000070000082c000)]

Other Threads:
  0x00007f99ec037000 VMThread [stack: 0x0000700000629000,0x0000700000729000] [id=10755]
  0x00007f99ec800800 WatcherThread [stack: 0x0000700000f47000,0x0000700001047000] [id=19203]

VM state:synchronizing (normal execution)

VM Mutex/Monitor currently owned by a thread:  ([mutex/lock_event])
[0x00007f99ebc018b0] Threads_lock - owner thread: 0x00007f99ec037000

Heap:
 PSYoungGen      total 71680K, used 4064K [0x0000000795580000, 0x000000079a080000, 0x00000007c0000000)
  eden space 66560K, 0% used [0x0000000795580000,0x0000000795581210,0x0000000799680000)
  from space 5120K, 79% used [0x0000000799b80000,0x0000000799f77100,0x000000079a080000)
  to   space 5120K, 0% used [0x0000000799680000,0x0000000799680000,0x0000000799b80000)
 ParOldGen       total 87552K, used 27680K [0x0000000740000000, 0x0000000745580000, 0x0000000795580000)
  object space 87552K, 31% used [0x0000000740000000,0x0000000741b08030,0x0000000745580000)
 Metaspace       used 15918K, capacity 16130K, committed 16384K, reserved 1062912K
  class space    used 1983K, capacity 2046K, committed 2048K, reserved 1048576K

Card table byte_map: [0x0000000111bc0000,0x0000000111fc1000] byte_map_base: 0x000000010e1c0000

Marking Bits: (ParMarkBitMap*) 0x00000001018e7d20
 Begin Bits: [0x000000011226c000, 0x000000011426c000)
 End Bits:   [0x000000011426c000, 0x000000011626c000)

Polling page: 0x0000000101fda000

CodeCache: size=245760Kb used=4768Kb max_used=4768Kb free=240991Kb
 bounds [0x0000000102800000, 0x0000000102cb0000, 0x0000000111800000]
 total_blobs=2006 nmethods=1425 adapters=494
 compilation: enabled

Compilation events (10 events):
Event: 32.940 Thread 0x00007f99ed832800 1475       3       java.lang.Integer::stringSize (21 bytes)
Event: 32.940 Thread 0x00007f99ed832800 nmethod 1475 0x0000000102ca8250 code [0x0000000102ca83c0, 0x0000000102ca85d0]
Event: 32.940 Thread 0x00007f99ed832800 1476       3       java.lang.Integer::getChars (131 bytes)
Event: 32.941 Thread 0x00007f99ed832800 nmethod 1476 0x0000000102ca86d0 code [0x0000000102ca8880, 0x0000000102ca8d10]
Event: 32.941 Thread 0x00007f99ed832800 1477       3       java.awt.LightweightDispatcher::dispatchEvent (73 bytes)
Event: 32.942 Thread 0x00007f99ed832800 nmethod 1477 0x0000000102ca9150 code [0x0000000102ca9300, 0x0000000102ca9b28]
Event: 32.996 Thread 0x00007f99ed832800 1478       3       java.lang.AbstractStringBuilder::append (62 bytes)
Event: 32.997 Thread 0x00007f99ec038800 1480       4       java.lang.AbstractStringBuilder::ensureCapacityInternal (16 bytes)
Event: 32.997 Thread 0x00007f99ed832800 nmethod 1478 0x0000000102ca9cd0 code [0x0000000102ca9ea0, 0x0000000102caa588]
Event: 32.997 Thread 0x00007f99ed832800 1479       3       java.lang.StringBuilder::append (8 bytes)

GC Heap History (8 events):
Event: 26.953 GC heap before
{Heap before GC invocations=1 (full 0):
 PSYoungGen      total 38400K, used 26606K [0x0000000795580000, 0x0000000798000000, 0x00000007c0000000)
  eden space 33280K, 79% used [0x0000000795580000,0x0000000796f7b918,0x0000000797600000)
  from space 5120K, 0% used [0x0000000797b00000,0x0000000797b00000,0x0000000798000000)
  to   space 5120K, 0% used [0x0000000797600000,0x0000000797600000,0x0000000797b00000)
 ParOldGen       total 87552K, used 0K [0x0000000740000000, 0x0000000745580000, 0x0000000795580000)
  object space 87552K, 0% used [0x0000000740000000,0x0000000740000000,0x0000000745580000)
 Metaspace       used 15651K, capacity 15810K, committed 16128K, reserved 1062912K
  class space    used 1981K, capacity 2046K, committed 2048K, reserved 1048576K
Event: 26.987 GC heap after
Heap after GC invocations=1 (full 0):
 PSYoungGen      total 38400K, used 4649K [0x0000000795580000, 0x0000000798000000, 0x00000007c0000000)
  eden space 33280K, 0% used [0x0000000795580000,0x0000000795580000,0x0000000797600000)
  from space 5120K, 90% used [0x0000000797600000,0x0000000797a8a7b0,0x0000000797b00000)
  to   space 5120K, 0% used [0x0000000797b00000,0x0000000797b00000,0x0000000798000000)
 ParOldGen       total 87552K, used 16K [0x0000000740000000, 0x0000000745580000, 0x0000000795580000)
  object space 87552K, 0% used [0x0000000740000000,0x0000000740004000,0x0000000745580000)
 Metaspace       used 15651K, capacity 15810K, committed 16128K, reserved 1062912K
  class space    used 1981K, capacity 2046K, committed 2048K, reserved 1048576K
}
Event: 27.182 GC heap before
{Heap before GC invocations=2 (full 0):
 PSYoungGen      total 38400K, used 37929K [0x0000000795580000, 0x0000000798000000, 0x00000007c0000000)
  eden space 33280K, 100% used [0x0000000795580000,0x0000000797600000,0x0000000797600000)
  from space 5120K, 90% used [0x0000000797600000,0x0000000797a8a7b0,0x0000000797b00000)
  to   space 5120K, 0% used [0x0000000797b00000,0x0000000797b00000,0x0000000798000000)
 ParOldGen       total 87552K, used 16K [0x0000000740000000, 0x0000000745580000, 0x0000000795580000)
  object space 87552K, 0% used [0x0000000740000000,0x0000000740004000,0x0000000745580000)
 Metaspace       used 15681K, capacity 15938K, committed 16128K, reserved 1062912K
  class space    used 1983K, capacity 2046K, committed 2048K, reserved 1048576K
Event: 27.223 GC heap after
Heap after GC invocations=2 (full 0):
 PSYoungGen      total 38400K, used 3909K [0x0000000795580000, 0x000000079a080000, 0x00000007c0000000)
  eden space 33280K, 0% used [0x0000000795580000,0x0000000795580000,0x0000000797600000)
  from space 5120K, 76% used [0x0000000797b00000,0x0000000797ed16f0,0x0000000798000000)
  to   space 5120K, 0% used [0x0000000797600000,0x0000000797600000,0x0000000797b00000)
 ParOldGen       total 87552K, used 27672K [0x0000000740000000, 0x0000000745580000, 0x0000000795580000)
  object space 87552K, 31% used [0x0000000740000000,0x0000000741b06030,0x0000000745580000)
 Metaspace       used 15681K, capacity 15938K, committed 16128K, reserved 1062912K
  class space    used 1983K, capacity 2046K, committed 2048K, reserved 1048576K
}
Event: 27.381 GC heap before
{Heap before GC invocations=3 (full 0):
 PSYoungGen      total 38400K, used 37189K [0x0000000795580000, 0x000000079a080000, 0x00000007c0000000)
  eden space 33280K, 100% used [0x0000000795580000,0x0000000797600000,0x0000000797600000)
  from space 5120K, 76% used [0x0000000797b00000,0x0000000797ed16f0,0x0000000798000000)
  to   space 5120K, 0% used [0x0000000797600000,0x0000000797600000,0x0000000797b00000)
 ParOldGen       total 87552K, used 27672K [0x0000000740000000, 0x0000000745580000, 0x0000000795580000)
  object space 87552K, 31% used [0x0000000740000000,0x0000000741b06030,0x0000000745580000)
 Metaspace       used 15683K, capacity 15938K, committed 16128K, reserved 1062912K
  class space    used 1983K, capacity 2046K, committed 2048K, reserved 1048576K
Event: 27.416 GC heap after
Heap after GC invocations=3 (full 0):
 PSYoungGen      total 38400K, used 3926K [0x0000000795580000, 0x000000079a080000, 0x00000007c0000000)
  eden space 33280K, 0% used [0x0000000795580000,0x0000000795580000,0x0000000797600000)
  from space 5120K, 76% used [0x0000000797600000,0x00000007979d5900,0x0000000797b00000)
  to   space 5120K, 0% used [0x0000000799b80000,0x0000000799b80000,0x000000079a080000)
 ParOldGen       total 87552K, used 27672K [0x0000000740000000, 0x0000000745580000, 0x0000000795580000)
  object space 87552K, 31% used [0x0000000740000000,0x0000000741b06030,0x0000000745580000)
 Metaspace       used 15683K, capacity 15938K, committed 16128K, reserved 1062912K
  class space    used 1983K, capacity 2046K, committed 2048K, reserved 1048576K
}
Event: 32.998 GC heap before
{Heap before GC invocations=4 (full 0):
 PSYoungGen      total 38400K, used 37206K [0x0000000795580000, 0x000000079a080000, 0x00000007c0000000)
  eden space 33280K, 100% used [0x0000000795580000,0x0000000797600000,0x0000000797600000)
  from space 5120K, 76% used [0x0000000797600000,0x00000007979d5900,0x0000000797b00000)
  to   space 5120K, 0% used [0x0000000799b80000,0x0000000799b80000,0x000000079a080000)
 ParOldGen       total 87552K, used 27672K [0x0000000740000000, 0x0000000745580000, 0x0000000795580000)
  object space 87552K, 31% used [0x0000000740000000,0x0000000741b06030,0x0000000745580000)
 Metaspace       used 15918K, capacity 16130K, committed 16384K, reserved 1062912K
  class space    used 1983K, capacity 2046K, committed 2048K, reserved 1048576K
Event: 33.088 GC heap after
Heap after GC invocations=4 (full 0):
 PSYoungGen      total 71680K, used 4060K [0x0000000795580000, 0x000000079a080000, 0x00000007c0000000)
  eden space 66560K, 0% used [0x0000000795580000,0x0000000795580000,0x0000000799680000)
  from space 5120K, 79% used [0x0000000799b80000,0x0000000799f77100,0x000000079a080000)
  to   space 5120K, 0% used [0x0000000799680000,0x0000000799680000,0x0000000799b80000)
 ParOldGen       total 87552K, used 27680K [0x0000000740000000, 0x0000000745580000, 0x0000000795580000)
  object space 87552K, 31% used [0x0000000740000000,0x0000000741b08030,0x0000000745580000)
 Metaspace       used 15918K, capacity 16130K, committed 16384K, reserved 1062912K
  class space    used 1983K, capacity 2046K, committed 2048K, reserved 1048576K
}

Deoptimization events (10 events):
Event: 2.709 Thread 0x00007f99ec00b800 Uncommon trap: reason=unstable_if action=reinterpret pc=0x00000001029b3b14 method=sun.misc.MetaIndex.mayContain(Ljava/lang/String;)Z @ 38
Event: 6.556 Thread 0x00007f99ec00b800 Uncommon trap: reason=class_check action=maybe_recompile pc=0x00000001029eadd8 method=java.lang.String.equals(Ljava/lang/Object;)Z @ 8
Event: 6.556 Thread 0x00007f99ec00b800 Uncommon trap: reason=class_check action=maybe_recompile pc=0x00000001029eadd8 method=java.lang.String.equals(Ljava/lang/Object;)Z @ 8
Event: 6.556 Thread 0x00007f99ec00b800 Uncommon trap: reason=class_check action=maybe_recompile pc=0x00000001029eadd8 method=java.lang.String.equals(Ljava/lang/Object;)Z @ 8
Event: 6.556 Thread 0x00007f99ec00b800 Uncommon trap: reason=class_check action=maybe_recompile pc=0x00000001029eadd8 method=java.lang.String.equals(Ljava/lang/Object;)Z @ 8
Event: 24.775 Thread 0x00007f99ec1aa800 Uncommon trap: reason=unstable_if action=reinterpret pc=0x0000000102a9e884 method=java.util.HashMap.getNode(ILjava/lang/Object;)Ljava/util/HashMap$Node; @ 62
Event: 24.781 Thread 0x00007f99ec1aa800 Uncommon trap: reason=unstable_if action=reinterpret pc=0x0000000102a8faf0 method=java.util.HashMap.getNode(ILjava/lang/Object;)Ljava/util/HashMap$Node; @ 62
Event: 25.453 Thread 0x00007f99ec1aa800 Uncommon trap: reason=unstable_if action=reinterpret pc=0x0000000102b80ed4 method=sun.awt.image.OffScreenImageSource.sendPixels()V @ 663
Event: 27.110 Thread 0x00007f99ec1aa800 Uncommon trap: reason=unstable_if action=reinterpret pc=0x0000000102ba23d4 method=java.awt.image.AreaAveragingScaleFilter.accumPixels(IIIILjava/awt/image/ColorModel;Ljava/lang/Object;II)V @ 406
Event: 29.163 Thread 0x00007f99ec1aa800 Uncommon trap: reason=unstable_if action=reinterpret pc=0x0000000102b7f214 method=java.lang.Math.round(F)I @ 23

Internal exceptions (10 events):
Event: 0.497 Thread 0x00007f99ec00b800 Exception <a 'java/security/PrivilegedActionException'> (0x000000079573b998) thrown at [/HUDSON3/workspace/8-2-build-macosx-x86_64/jdk8u101/7261/hotspot/src/share/vm/prims/jvm.cpp, line 1386]
Event: 0.498 Thread 0x00007f99ec00b800 Exception <a 'java/security/PrivilegedActionException'> (0x000000079573ee88) thrown at [/HUDSON3/workspace/8-2-build-macosx-x86_64/jdk8u101/7261/hotspot/src/share/vm/prims/jvm.cpp, line 1386]
Event: 0.498 Thread 0x00007f99ec00b800 Exception <a 'java/security/PrivilegedActionException'> (0x000000079573f280) thrown at [/HUDSON3/workspace/8-2-build-macosx-x86_64/jdk8u101/7261/hotspot/src/share/vm/prims/jvm.cpp, line 1386]
Event: 0.503 Thread 0x00007f99ec09a000 Exception <a 'java/lang/NoClassDefFoundError': org/apache/log4j/Category> (0x00000007958c7b78) thrown at [/HUDSON3/workspace/8-2-build-macosx-x86_64/jdk8u101/7261/hotspot/src/share/vm/classfile/systemDictionary.cpp, line 199]
Event: 0.520 Thread 0x00007f99ec09a000 Exception <a 'java/lang/UnsatisfiedLinkError': com.intel.bluetooth.BluetoothStackOSX.isNativeCodeLoaded()Z> (0x000000079591e408) thrown at [/HUDSON3/workspace/8-2-build-macosx-x86_64/jdk8u101/7261/hotspot/src/share/vm/prims/nativeLookup.cpp, line 378]
Event: 1.873 Thread 0x00007f99ec00b800 Exception <a 'java/lang/NoSuchFieldError': method resolution failed> (0x0000000795dc6a80) thrown at [/HUDSON3/workspace/8-2-build-macosx-x86_64/jdk8u101/7261/hotspot/src/share/vm/prims/methodHandles.cpp, line 1146]
Event: 1.876 Thread 0x00007f99ec00b800 Exception <a 'java/lang/NoSuchFieldError': method resolution failed> (0x0000000795dd4170) thrown at [/HUDSON3/workspace/8-2-build-macosx-x86_64/jdk8u101/7261/hotspot/src/share/vm/prims/methodHandles.cpp, line 1146]
Event: 2.217 Thread 0x00007f99ec00b800 Exception <a 'java/io/FileNotFoundException'> (0x0000000795e4ebf8) thrown at [/HUDSON3/workspace/8-2-build-macosx-x86_64/jdk8u101/7261/hotspot/src/share/vm/prims/jni.cpp, line 709]
Event: 2.217 Thread 0x00007f99ec00b800 Exception <a 'java/io/FileNotFoundException'> (0x0000000795e4f7a0) thrown at [/HUDSON3/workspace/8-2-build-macosx-x86_64/jdk8u101/7261/hotspot/src/share/vm/prims/jni.cpp, line 709]
Event: 26.999 Thread 0x00007f99ec037800 Exception <a 'java/lang/NullPointerException'> (0x0000000795f93fd8) thrown at [/HUDSON3/workspace/8-2-build-macosx-x86_64/jdk8u101/7261/hotspot/src/share/vm/interpreter/linkResolver.cpp, line 1178]

Events (10 events):
Event: 29.156 Executing VM operation: RevokeBias done
Event: 29.163 Thread 0x00007f99ec1aa800 Uncommon trap: trap_request=0xffffff65 fr.pc=0x0000000102b7f214
Event: 29.163 Thread 0x00007f99ec1aa800 DEOPT PACKING pc=0x0000000102b7f214 sp=0x00007000019e4af0
Event: 29.163 Thread 0x00007f99ec1aa800 DEOPT UNPACKING pc=0x0000000102805229 sp=0x00007000019e4a90 mode 2
Event: 29.185 Executing VM operation: RevokeBias
Event: 29.186 Executing VM operation: RevokeBias done
Event: 29.186 Thread 0x00007f99ed0c1000 Thread exited: 0x00007f99ed0c1000
Event: 32.997 Executing VM operation: ParallelGCFailedAllocation
Event: 33.088 Executing VM operation: ParallelGCFailedAllocation done
Event: 33.088 Executing VM operation: RevokeBias


Dynamic libraries:
0x000000000b271000 	/System/Library/Frameworks/Cocoa.framework/Versions/A/Cocoa
0x000000000b271000 	/System/Library/Frameworks/Security.framework/Versions/A/Security
0x000000000b271000 	/System/Library/Frameworks/ApplicationServices.framework/Versions/A/ApplicationServices
0x000000000b271000 	/usr/lib/libz.1.dylib
0x000000000b271000 	/usr/lib/libSystem.B.dylib
0x000000000b271000 	/usr/lib/libobjc.A.dylib
0x000000000b271000 	/System/Library/Frameworks/CoreFoundation.framework/Versions/A/CoreFoundation
0x000000000b271000 	/System/Library/Frameworks/Foundation.framework/Versions/C/Foundation
0x000000000b271000 	/System/Library/Frameworks/AppKit.framework/Versions/C/AppKit
0x000000000b271000 	/System/Library/Frameworks/CoreData.framework/Versions/A/CoreData
0x000000000b271000 	/System/Library/PrivateFrameworks/RemoteViewServices.framework/Versions/A/RemoteViewServices
0x000000000b271000 	/System/Library/PrivateFrameworks/UIFoundation.framework/Versions/A/UIFoundation
0x000000000b271000 	/usr/lib/libScreenReader.dylib
0x000000000b271000 	/System/Library/Frameworks/Accelerate.framework/Versions/A/Accelerate
0x000000000b271000 	/System/Library/Frameworks/IOSurface.framework/Versions/A/IOSurface
0x000000000b271000 	/System/Library/Frameworks/AudioToolbox.framework/Versions/A/AudioToolbox
0x000000000b271000 	/System/Library/Frameworks/AudioUnit.framework/Versions/A/AudioUnit
0x000000000b271000 	/System/Library/PrivateFrameworks/DataDetectorsCore.framework/Versions/A/DataDetectorsCore
0x000000000b271000 	/System/Library/PrivateFrameworks/DesktopServicesPriv.framework/Versions/A/DesktopServicesPriv
0x000000000b271000 	/System/Library/Frameworks/Carbon.framework/Versions/A/Frameworks/HIToolbox.framework/Versions/A/HIToolbox
0x000000000b271000 	/System/Library/Frameworks/QuartzCore.framework/Versions/A/QuartzCore
0x000000000b271000 	/System/Library/Frameworks/Carbon.framework/Versions/A/Frameworks/SpeechRecognition.framework/Versions/A/SpeechRecognition
0x000000000b271000 	/usr/lib/libauto.dylib
0x000000000b271000 	/usr/lib/libicucore.A.dylib
0x000000000b271000 	/usr/lib/libxml2.2.dylib
0x000000000b271000 	/System/Library/PrivateFrameworks/CoreUI.framework/Versions/A/CoreUI
0x000000000b271000 	/System/Library/Frameworks/CoreAudio.framework/Versions/A/CoreAudio
0x000000000b271000 	/System/Library/Frameworks/DiskArbitration.framework/Versions/A/DiskArbitration
0x000000000b271000 	/usr/lib/liblangid.dylib
0x000000000b271000 	/System/Library/PrivateFrameworks/MultitouchSupport.framework/Versions/A/MultitouchSupport
0x000000000b271000 	/System/Library/Frameworks/IOKit.framework/Versions/A/IOKit
0x000000000b271000 	/usr/lib/libDiagnosticMessagesClient.dylib
0x000000000b271000 	/System/Library/Frameworks/CoreServices.framework/Versions/A/CoreServices
0x000000000b271000 	/System/Library/PrivateFrameworks/PerformanceAnalysis.framework/Versions/A/PerformanceAnalysis
0x000000000b271000 	/System/Library/PrivateFrameworks/GenerationalStorage.framework/Versions/A/GenerationalStorage
0x000000000b271000 	/System/Library/Frameworks/OpenGL.framework/Versions/A/OpenGL
0x000000000b271000 	/System/Library/PrivateFrameworks/Sharing.framework/Versions/A/Sharing
0x000000000b271000 	/System/Library/Frameworks/CoreGraphics.framework/Versions/A/CoreGraphics
0x000000000b271000 	/System/Library/Frameworks/CoreImage.framework/Versions/A/CoreImage
0x000000000b271000 	/System/Library/Frameworks/CoreText.framework/Versions/A/CoreText
0x000000000b271000 	/System/Library/Frameworks/ImageIO.framework/Versions/A/ImageIO
0x000000000b271000 	/System/Library/PrivateFrameworks/Backup.framework/Versions/A/Backup
0x000000000b271000 	/usr/lib/libextension.dylib
0x000000000b271000 	/usr/lib/libarchive.2.dylib
0x000000000b271000 	/System/Library/Frameworks/CFNetwork.framework/Versions/A/CFNetwork
0x000000000b271000 	/System/Library/Frameworks/SystemConfiguration.framework/Versions/A/SystemConfiguration
0x000000000b271000 	/usr/lib/libCRFSuite.dylib
0x000000000b271000 	/usr/lib/libc++.1.dylib
0x000000000b271000 	/usr/lib/libc++abi.dylib
0x000000000b271000 	/usr/lib/system/libcache.dylib
0x000000000b271000 	/usr/lib/system/libcommonCrypto.dylib
0x000000000b271000 	/usr/lib/system/libcompiler_rt.dylib
0x000000000b271000 	/usr/lib/system/libcopyfile.dylib
0x000000000b271000 	/usr/lib/system/libcorecrypto.dylib
0x000000000b271000 	/usr/lib/system/libdispatch.dylib
0x000000000b271000 	/usr/lib/system/libdyld.dylib
0x000000000b271000 	/usr/lib/system/libkeymgr.dylib
0x000000000b271000 	/usr/lib/system/liblaunch.dylib
0x000000000b271000 	/usr/lib/system/libmacho.dylib
0x000000000b271000 	/usr/lib/system/libquarantine.dylib
0x000000000b271000 	/usr/lib/system/libremovefile.dylib
0x000000000b271000 	/usr/lib/system/libsystem_asl.dylib
0x000000000b271000 	/usr/lib/system/libsystem_blocks.dylib
0x000000000b271000 	/usr/lib/system/libsystem_c.dylib
0x000000000b271000 	/usr/lib/system/libsystem_configuration.dylib
0x000000000b271000 	/usr/lib/system/libsystem_coreservices.dylib
0x000000000b271000 	/usr/lib/system/libsystem_coretls.dylib
0x000000000b271000 	/usr/lib/system/libsystem_dnssd.dylib
0x000000000b271000 	/usr/lib/system/libsystem_info.dylib
0x000000000b271000 	/usr/lib/system/libsystem_kernel.dylib
0x000000000b271000 	/usr/lib/system/libsystem_m.dylib
0x000000000b271000 	/usr/lib/system/libsystem_malloc.dylib
0x000000000b271000 	/usr/lib/system/libsystem_network.dylib
0x000000000b271000 	/usr/lib/system/libsystem_networkextension.dylib
0x000000000b271000 	/usr/lib/system/libsystem_notify.dylib
0x000000000b271000 	/usr/lib/system/libsystem_platform.dylib
0x000000000b271000 	/usr/lib/system/libsystem_pthread.dylib
0x000000000b271000 	/usr/lib/system/libsystem_sandbox.dylib
0x000000000b271000 	/usr/lib/system/libsystem_secinit.dylib
0x000000000b271000 	/usr/lib/system/libsystem_trace.dylib
0x000000000b271000 	/usr/lib/system/libunc.dylib
0x000000000b271000 	/usr/lib/system/libunwind.dylib
0x000000000b271000 	/usr/lib/system/libxpc.dylib
0x000000000b271000 	/usr/lib/libenergytrace.dylib
0x000000000b271000 	/usr/lib/libbsm.0.dylib
0x000000000b271000 	/usr/lib/system/libkxld.dylib
0x000000000b271000 	/usr/lib/libxar.1.dylib
0x000000000b271000 	/usr/lib/libsqlite3.dylib
0x000000000b271000 	/usr/lib/libpam.2.dylib
0x000000000b271000 	/usr/lib/libOpenScriptingUtil.dylib
0x000000000b271000 	/usr/lib/libbz2.1.0.dylib
0x000000000b271000 	/usr/lib/liblzma.5.dylib
0x000000000b271000 	/System/Library/Frameworks/CoreServices.framework/Versions/A/Frameworks/FSEvents.framework/Versions/A/FSEvents
0x000000000b271000 	/System/Library/Frameworks/CoreServices.framework/Versions/A/Frameworks/CarbonCore.framework/Versions/A/CarbonCore
0x000000000b271000 	/System/Library/Frameworks/CoreServices.framework/Versions/A/Frameworks/Metadata.framework/Versions/A/Metadata
0x000000000b271000 	/System/Library/Frameworks/CoreServices.framework/Versions/A/Frameworks/OSServices.framework/Versions/A/OSServices
0x000000000b271000 	/System/Library/Frameworks/CoreServices.framework/Versions/A/Frameworks/SearchKit.framework/Versions/A/SearchKit
0x000000000b271000 	/System/Library/Frameworks/CoreServices.framework/Versions/A/Frameworks/AE.framework/Versions/A/AE
0x000000000b271000 	/System/Library/Frameworks/CoreServices.framework/Versions/A/Frameworks/LaunchServices.framework/Versions/A/LaunchServices
0x000000000b271000 	/System/Library/Frameworks/CoreServices.framework/Versions/A/Frameworks/DictionaryServices.framework/Versions/A/DictionaryServices
0x000000000b271000 	/System/Library/Frameworks/CoreServices.framework/Versions/A/Frameworks/SharedFileList.framework/Versions/A/SharedFileList
0x000000000b271000 	/System/Library/Frameworks/NetFS.framework/Versions/A/NetFS
0x000000000b271000 	/System/Library/PrivateFrameworks/NetAuth.framework/Versions/A/NetAuth
0x000000000b271000 	/System/Library/PrivateFrameworks/login.framework/Versions/A/Frameworks/loginsupport.framework/Versions/A/loginsupport
0x000000000b271000 	/System/Library/PrivateFrameworks/TCC.framework/Versions/A/TCC
0x000000000b271000 	/usr/lib/libmecabra.dylib
0x000000000b271000 	/System/Library/Frameworks/ApplicationServices.framework/Versions/A/Frameworks/ATS.framework/Versions/A/ATS
0x000000000b271000 	/System/Library/Frameworks/ApplicationServices.framework/Versions/A/Frameworks/ColorSync.framework/Versions/A/ColorSync
0x000000000b271000 	/System/Library/Frameworks/ApplicationServices.framework/Versions/A/Frameworks/HIServices.framework/Versions/A/HIServices
0x000000000b271000 	/System/Library/Frameworks/ApplicationServices.framework/Versions/A/Frameworks/LangAnalysis.framework/Versions/A/LangAnalysis
0x000000000b271000 	/System/Library/Frameworks/ApplicationServices.framework/Versions/A/Frameworks/PrintCore.framework/Versions/A/PrintCore
0x000000000b271000 	/System/Library/Frameworks/ApplicationServices.framework/Versions/A/Frameworks/QD.framework/Versions/A/QD
0x000000000b271000 	/System/Library/Frameworks/ApplicationServices.framework/Versions/A/Frameworks/SpeechSynthesis.framework/Versions/A/SpeechSynthesis
0x000000000b271000 	/System/Library/Frameworks/Metal.framework/Versions/A/Metal
0x000000000b271000 	/System/Library/Frameworks/Accelerate.framework/Versions/A/Frameworks/vImage.framework/Versions/A/vImage
0x000000000b271000 	/System/Library/Frameworks/Accelerate.framework/Versions/A/Frameworks/vecLib.framework/Versions/A/vecLib
0x000000000b271000 	/System/Library/Frameworks/Accelerate.framework/Versions/A/Frameworks/vecLib.framework/Versions/A/libvDSP.dylib
0x000000000b271000 	/System/Library/Frameworks/Accelerate.framework/Versions/A/Frameworks/vecLib.framework/Versions/A/libvMisc.dylib
0x000000000b271000 	/System/Library/Frameworks/Accelerate.framework/Versions/A/Frameworks/vecLib.framework/Versions/A/libLAPACK.dylib
0x000000000b271000 	/System/Library/Frameworks/Accelerate.framework/Versions/A/Frameworks/vecLib.framework/Versions/A/libBLAS.dylib
0x000000000b271000 	/System/Library/Frameworks/Accelerate.framework/Versions/A/Frameworks/vecLib.framework/Versions/A/libLinearAlgebra.dylib
0x000000000b271000 	/System/Library/Frameworks/Accelerate.framework/Versions/A/Frameworks/vecLib.framework/Versions/A/libSparseBLAS.dylib
0x000000000b271000 	/System/Library/PrivateFrameworks/GPUCompiler.framework/libmetal_timestamp.dylib
0x000000000b271000 	/System/Library/Frameworks/OpenGL.framework/Versions/A/Libraries/libCoreFSCache.dylib
0x000000000b271000 	/System/Library/PrivateFrameworks/IOAccelerator.framework/Versions/A/IOAccelerator
0x000000000b271000 	/System/Library/Frameworks/ApplicationServices.framework/Versions/A/Frameworks/ATS.framework/Versions/A/Resources/libFontParser.dylib
0x000000000b271000 	/System/Library/Frameworks/ApplicationServices.framework/Versions/A/Frameworks/ATS.framework/Versions/A/Resources/libFontRegistry.dylib
0x000000000b271000 	/System/Library/PrivateFrameworks/AppleVPA.framework/Versions/A/AppleVPA
0x000000000b271000 	/System/Library/PrivateFrameworks/AppleJPEG.framework/Versions/A/AppleJPEG
0x000000000b271000 	/System/Library/Frameworks/ImageIO.framework/Versions/A/Resources/libJPEG.dylib
0x000000000b271000 	/System/Library/Frameworks/ImageIO.framework/Versions/A/Resources/libTIFF.dylib
0x000000000b271000 	/System/Library/Frameworks/ImageIO.framework/Versions/A/Resources/libPng.dylib
0x000000000b271000 	/System/Library/Frameworks/ImageIO.framework/Versions/A/Resources/libGIF.dylib
0x000000000b271000 	/System/Library/Frameworks/ImageIO.framework/Versions/A/Resources/libJP2.dylib
0x000000000b271000 	/System/Library/Frameworks/ImageIO.framework/Versions/A/Resources/libRadiance.dylib
0x000000000b271000 	/System/Library/Frameworks/CoreVideo.framework/Versions/A/CoreVideo
0x000000000b271000 	/System/Library/Frameworks/OpenGL.framework/Versions/A/Libraries/libGLU.dylib
0x000000000b271000 	/System/Library/Frameworks/OpenGL.framework/Versions/A/Libraries/libGFXShared.dylib
0x000000000b271000 	/System/Library/Frameworks/OpenGL.framework/Versions/A/Libraries/libGL.dylib
0x000000000b271000 	/System/Library/Frameworks/OpenGL.framework/Versions/A/Libraries/libGLImage.dylib
0x000000000b271000 	/System/Library/Frameworks/OpenGL.framework/Versions/A/Libraries/libCVMSPluginSupport.dylib
0x000000000b271000 	/System/Library/Frameworks/OpenGL.framework/Versions/A/Libraries/libCoreVMClient.dylib
0x000000000b271000 	/usr/lib/libcompression.dylib
0x000000000b271000 	/usr/lib/libcups.2.dylib
0x000000000b271000 	/System/Library/Frameworks/Kerberos.framework/Versions/A/Kerberos
0x000000000b271000 	/System/Library/Frameworks/GSS.framework/Versions/A/GSS
0x000000000b271000 	/usr/lib/libresolv.9.dylib
0x000000000b271000 	/usr/lib/libiconv.2.dylib
0x000000000b271000 	/System/Library/PrivateFrameworks/Heimdal.framework/Versions/A/Heimdal
0x000000000b271000 	/usr/lib/libheimdal-asn1.dylib
0x000000000b271000 	/System/Library/Frameworks/OpenDirectory.framework/Versions/A/OpenDirectory
0x000000000b271000 	/System/Library/PrivateFrameworks/CommonAuth.framework/Versions/A/CommonAuth
0x000000000b271000 	/System/Library/Frameworks/OpenDirectory.framework/Versions/A/Frameworks/CFOpenDirectory.framework/Versions/A/CFOpenDirectory
0x000000000b271000 	/System/Library/Frameworks/SecurityFoundation.framework/Versions/A/SecurityFoundation
0x000000000b271000 	/System/Library/PrivateFrameworks/LanguageModeling.framework/Versions/A/LanguageModeling
0x000000000b271000 	/usr/lib/libmarisa.dylib
0x000000000b271000 	/usr/lib/libChineseTokenizer.dylib
0x000000000b271000 	/usr/lib/libcmph.dylib
0x000000000b271000 	/System/Library/Frameworks/ServiceManagement.framework/Versions/A/ServiceManagement
0x000000000b271000 	/usr/lib/libxslt.1.dylib
0x000000000b271000 	/System/Library/Frameworks/Carbon.framework/Versions/A/Frameworks/Ink.framework/Versions/A/Ink
0x000000000b271000 	/usr/lib/libFosl_dynamic.dylib
0x000000000b271000 	/System/Library/PrivateFrameworks/FaceCore.framework/Versions/A/FaceCore
0x000000000b271000 	/System/Library/Frameworks/OpenCL.framework/Versions/A/OpenCL
0x000000000b271000 	/System/Library/PrivateFrameworks/CrashReporterSupport.framework/Versions/A/CrashReporterSupport
0x000000000b271000 	/System/Library/PrivateFrameworks/IconServices.framework/Versions/A/IconServices
0x000000000b271000 	/System/Library/PrivateFrameworks/Apple80211.framework/Versions/A/Apple80211
0x000000000b271000 	/System/Library/Frameworks/CoreWLAN.framework/Versions/A/CoreWLAN
0x000000000b271000 	/System/Library/Frameworks/IOBluetooth.framework/Versions/A/IOBluetooth
0x000000000b271000 	/System/Library/PrivateFrameworks/CoreWiFi.framework/Versions/A/CoreWiFi
0x000000000b271000 	/System/Library/Frameworks/CoreBluetooth.framework/Versions/A/CoreBluetooth
0x000000000b271000 	/System/Library/PrivateFrameworks/ChunkingLibrary.framework/Versions/A/ChunkingLibrary
0x000000000b271000 	/System/Library/PrivateFrameworks/DebugSymbols.framework/Versions/A/DebugSymbols
0x000000000b271000 	/System/Library/PrivateFrameworks/CoreSymbolication.framework/Versions/A/CoreSymbolication
0x000000000b271000 	/System/Library/PrivateFrameworks/Symbolication.framework/Versions/A/Symbolication
0x000000000b271000 	/System/Library/PrivateFrameworks/SpeechRecognitionCore.framework/Versions/A/SpeechRecognitionCore
0x0000000100ffa000 	/Library/Java/JavaVirtualMachines/jdk1.8.0_101.jdk/Contents/Home/jre/lib/server/libjvm.dylib
0x000000000b271000 	/usr/lib/libstdc++.6.dylib
0x0000000101f97000 	/Library/Java/JavaVirtualMachines/jdk1.8.0_101.jdk/Contents/Home/jre/lib/libverify.dylib
0x0000000101fa5000 	/Library/Java/JavaVirtualMachines/jdk1.8.0_101.jdk/Contents/Home/jre/lib/libjava.dylib
0x0000000101fe8000 	/Library/Java/JavaVirtualMachines/jdk1.8.0_101.jdk/Contents/Home/jre/lib/libzip.dylib
0x0000000118163000 	/System/Library/Frameworks/JavaVM.framework/Frameworks/JavaRuntimeSupport.framework/JavaRuntimeSupport
0x000000011817e000 	/System/Library/Frameworks/JavaVM.framework/Versions/A/Frameworks/JavaNativeFoundation.framework/Versions/A/JavaNativeFoundation
0x0000000101ff2000 	/System/Library/Frameworks/JavaVM.framework/Versions/A/JavaVM
0x000000000b271000 	/System/Library/Frameworks/Carbon.framework/Versions/A/Carbon
0x0000000118193000 	/System/Library/PrivateFrameworks/JavaLaunching.framework/Versions/A/JavaLaunching
0x000000000b271000 	/System/Library/Frameworks/Carbon.framework/Versions/A/Frameworks/CommonPanels.framework/Versions/A/CommonPanels
0x000000000b271000 	/System/Library/Frameworks/Carbon.framework/Versions/A/Frameworks/Help.framework/Versions/A/Help
0x000000000b271000 	/System/Library/Frameworks/Carbon.framework/Versions/A/Frameworks/ImageCapture.framework/Versions/A/ImageCapture
0x000000000b271000 	/System/Library/Frameworks/Carbon.framework/Versions/A/Frameworks/OpenScripting.framework/Versions/A/OpenScripting
0x000000000b271000 	/System/Library/Frameworks/Carbon.framework/Versions/A/Frameworks/Print.framework/Versions/A/Print
0x000000000b271000 	/System/Library/Frameworks/Carbon.framework/Versions/A/Frameworks/SecurityHI.framework/Versions/A/SecurityHI
0x0000000119be9000 	/Applications/IntelliJ IDEA CE.app/Contents/bin/libbreakgen64.jnilib
0x0000000119bec000 	/Library/Java/JavaVirtualMachines/jdk1.8.0_101.jdk/Contents/Home/jre/lib/libnet.dylib
0x0000000119c4b000 	/private/var/folders/hx/chl3wz1s6d9g8dgpv9pfrkzw0000gn/T/bluecove_maximerichard_0/libbluecove.jnilib
0x0000000119c97000 	/private/var/folders/hx/chl3wz1s6d9g8dgpv9pfrkzw0000gn/T/sqlite-3.8.11.2-c26d054b-110d-4b59-a1c3-09c78e9e213b-libsqlitejdbc.jnilib
0x0000000119f32000 	/Library/Java/JavaVirtualMachines/jdk1.8.0_101.jdk/Contents/Home/jre/lib/libawt.dylib
0x0000000119fda000 	/Library/Java/JavaVirtualMachines/jdk1.8.0_101.jdk/Contents/Home/jre/lib/./libmlib_image.dylib
0x000000011a0a6000 	/Library/Java/JavaVirtualMachines/jdk1.8.0_101.jdk/Contents/Home/jre/lib/libawt_lwawt.dylib
0x000000011a15b000 	/Library/Java/JavaVirtualMachines/jdk1.8.0_101.jdk/Contents/Home/jre/lib/./libosxapp.dylib
0x000000000b271000 	/System/Library/Frameworks/ExceptionHandling.framework/Versions/A/ExceptionHandling
0x000000000b271000 	/System/Library/PrivateFrameworks/CoreServicesInternal.framework/Versions/A/CoreServicesInternal
0x000000000b271000 	/System/Library/Frameworks/CoreGraphics.framework/Versions/A/Resources/libRIP.A.dylib
0x000000000b271000 	/System/Library/Frameworks/Accelerate.framework/Versions/A/Frameworks/vImage.framework/Versions/A/Libraries/libCGInterfaces.dylib
0x000000000b271000 	/System/Library/Frameworks/CoreGraphics.framework/Versions/A/Resources/libCGXType.A.dylib
0x000000000b271000 	/System/Library/Frameworks/OpenCL.framework/Versions/A/Libraries/libcldcpuengine.dylib
0x000000000b271000 	/System/Library/PrivateFrameworks/DiskImages.framework/Versions/A/DiskImages
0x000000000b271000 	/System/Library/Frameworks/DiscRecording.framework/Versions/A/DiscRecording
0x000000000b271000 	/usr/lib/libcsfde.dylib
0x000000000b271000 	/usr/lib/libcurl.4.dylib
0x000000000b271000 	/System/Library/PrivateFrameworks/MediaKit.framework/Versions/A/MediaKit
0x000000000b271000 	/System/Library/PrivateFrameworks/ProtectedCloudStorage.framework/Versions/A/ProtectedCloudStorage
0x000000000b271000 	/usr/lib/libCoreStorage.dylib
0x000000000b271000 	/System/Library/PrivateFrameworks/EFILogin.framework/Versions/A/EFILogin
0x000000000b271000 	/usr/lib/libutil.dylib
0x000000000b271000 	/System/Library/PrivateFrameworks/FindMyDevice.framework/Versions/A/FindMyDevice
0x000000000b271000 	/System/Library/Frameworks/LDAP.framework/Versions/A/LDAP
0x000000000b271000 	/usr/lib/libsasl2.2.dylib
0x000000000b271000 	/System/Library/PrivateFrameworks/CoreDaemon.framework/Versions/B/CoreDaemon
0x000000000b271000 	/usr/lib/libcrypto.0.9.8.dylib
0x000000000b271000 	/System/Library/PrivateFrameworks/AppleSRP.framework/Versions/A/AppleSRP
0x000000000b271000 	/System/Library/PrivateFrameworks/TrustEvaluationAgent.framework/Versions/A/TrustEvaluationAgent
0x000000011b8f9000 	cl_kernels
0x000000000b271000 	/System/Library/Frameworks/OpenCL.framework/Versions/A/Libraries/ImageFormats/unorm8_bgra.dylib
0x000000000b271000 	/System/Library/Frameworks/OpenCL.framework/Versions/A/Libraries/ImageFormats/unorm8_rgba.dylib
0x000000000b271000 	/System/Library/PrivateFrameworks/FamilyControls.framework/Versions/A/FamilyControls
0x000000000b271000 	/System/Library/PrivateFrameworks/CommerceKit.framework/Versions/A/Frameworks/CommerceCore.framework/Versions/A/CommerceCore
0x000000000b271000 	/System/Library/PrivateFrameworks/SystemAdministration.framework/Versions/A/SystemAdministration
0x000000000b271000 	/System/Library/PrivateFrameworks/AppContainer.framework/Versions/A/AppContainer
0x000000000b271000 	/System/Library/PrivateFrameworks/SecCodeWrapper.framework/Versions/A/SecCodeWrapper
0x000000000b271000 	/System/Library/Frameworks/DirectoryService.framework/Versions/A/DirectoryService
0x000000000b271000 	/System/Library/PrivateFrameworks/LoginUIKit.framework/Versions/A/Frameworks/LoginUICore.framework/Versions/A/LoginUICore
0x000000000b271000 	/usr/lib/libodfde.dylib
0x000000011c916000 	/Library/Java/JavaVirtualMachines/jdk1.8.0_101.jdk/Contents/Home/jre/lib/libfontmanager.dylib
0x000000011ae11000 	/Library/Java/JavaVirtualMachines/jdk1.8.0_101.jdk/Contents/Home/jre/lib/libosxui.dylib
0x000000000b271000 	/System/Library/Frameworks/OpenGL.framework/Versions/A/Resources/GLEngine.bundle/GLEngine
0x000000000b271000 	/System/Library/Frameworks/OpenGL.framework/Versions/A/Libraries/libGLProgrammability.dylib
0x000000011d3bb000 	/System/Library/Extensions/AppleIntelBDWGraphicsGLDriver.bundle/Contents/MacOS/AppleIntelBDWGraphicsGLDriver
0x000000000b271000 	/System/Library/PrivateFrameworks/GPUSupport.framework/Versions/A/Libraries/libGPUSupportMercury.dylib
0x000000000b271000 	/System/Library/Frameworks/OpenGL.framework/Versions/A/Resources/GLRendererFloat.bundle/GLRendererFloat
0x000000011e5ba000 	/Library/Java/JavaVirtualMachines/jdk1.8.0_101.jdk/Contents/Home/jre/lib/libnio.dylib
0x000000000b271000 	/System/Library/Frameworks/ApplicationServices.framework/Versions/A/Frameworks/ATS.framework/Versions/A/Resources/libTrueTypeScaler.dylib
0x0000000171418000 	/System/Library/Extensions/AppleIntelBDWGraphicsMTLDriver.bundle/Contents/MacOS/AppleIntelBDWGraphicsMTLDriver
0x000000000b271000 	/System/Library/CoreServices/RawCamera.bundle/Contents/MacOS/RawCamera
0x0000000172292000 	/Library/Java/JavaVirtualMachines/jdk1.8.0_101.jdk/Contents/Home/jre/lib/libjpeg.dylib
0x00000001722bf000 	/Library/Java/JavaVirtualMachines/jdk1.8.0_101.jdk/Contents/Home/jre/lib/liblcms.dylib

VM Arguments:
jvm_args: -Didea.launcher.port=7539 -Didea.launcher.bin.path=/Applications/IntelliJ IDEA CE.app/Contents/bin -Dfile.encoding=UTF-8 
java_command: com.intellij.rt.execution.application.AppMain com.sciquizapp.sciquizserver.MyServer
java_class_path (initial): /Library/Java/JavaVirtualMachines/jdk1.8.0_101.jdk/Contents/Home/jre/lib/charsets.jar:/Library/Java/JavaVirtualMachines/jdk1.8.0_101.jdk/Contents/Home/jre/lib/deploy.jar:/Library/Java/JavaVirtualMachines/jdk1.8.0_101.jdk/Contents/Home/jre/lib/ext/cldrdata.jar:/Library/Java/JavaVirtualMachines/jdk1.8.0_101.jdk/Contents/Home/jre/lib/ext/dnsns.jar:/Library/Java/JavaVirtualMachines/jdk1.8.0_101.jdk/Contents/Home/jre/lib/ext/jaccess.jar:/Library/Java/JavaVirtualMachines/jdk1.8.0_101.jdk/Contents/Home/jre/lib/ext/jfxrt.jar:/Library/Java/JavaVirtualMachines/jdk1.8.0_101.jdk/Contents/Home/jre/lib/ext/localedata.jar:/Library/Java/JavaVirtualMachines/jdk1.8.0_101.jdk/Contents/Home/jre/lib/ext/nashorn.jar:/Library/Java/JavaVirtualMachines/jdk1.8.0_101.jdk/Contents/Home/jre/lib/ext/sunec.jar:/Library/Java/JavaVirtualMachines/jdk1.8.0_101.jdk/Contents/Home/jre/lib/ext/sunjce_provider.jar:/Library/Java/JavaVirtualMachines/jdk1.8.0_101.jdk/Contents/Home/jre/lib/ext/sunpkcs11.jar:/Library/Java/JavaVirtualMachines/jdk1.8.0_101.jdk/Contents/Home/jre/lib/ext/zipfs.jar:/Library/Java/JavaVirtualMachines/jdk1.8.0_101.jdk/Contents/Home/jre/lib/javaws.jar:/Library/Java/JavaVirtualMachines/jdk1.8.0_101.jdk/Contents/Home/jre/lib/jce.jar:/Library/Java/JavaVirtualMachines/jdk1.8.0_101.jdk/Contents/Home/jre/lib/jfr.jar:/Library/Java/JavaVirtualMachines/jdk1.8.0_101.jdk/Contents/Home/jre/lib/jfxswt.jar:/Library/Java/JavaVirtualMachines/jdk1.8.0_101.jdk/Contents/Home/jre/lib/jsse.jar:/Library/Java/JavaVirtualMachines/jdk1.8.0_101.jdk/Contents/Home/jre/lib/management-agent.jar:/Library/Java/JavaVirtualMachines/jdk1.8.0_101.jdk/Contents/Home/jre/lib/plugin.jar:/Library/Java/JavaVirtualMachines/jdk1.8.0_101.jdk/Contents/Home/jre/lib/resources.jar:/Library/Java/JavaVirtualMachines/jdk1.8.0_101.jdk/Contents/Home/jre/lib/rt.jar:/Library/Java/JavaVirtualMachines/jdk1.8.0_101.jdk/Contents/Home/lib/ant-javafx.jar:/Library/Java/JavaVirtualMachines/jdk1.8.0_101.jdk/Contents/Home
Launcher Type: SUN_STANDARD

Environment Variables:
PATH=/usr/local/bin:/usr/bin:/bin:/usr/sbin:/sbin
SHELL=/bin/bash

Signal Handlers:
SIGSEGV: [libjvm.dylib+0x5af145], sa_mask[0]=11111111011111110111111111111111, sa_flags=SA_ONSTACK|SA_RESTART|SA_SIGINFO
SIGBUS: [libjvm.dylib+0x5af145], sa_mask[0]=11111111011111110111111111111111, sa_flags=SA_RESTART|SA_SIGINFO
SIGFPE: [libjvm.dylib+0x48694c], sa_mask[0]=11111111011111110111111111111111, sa_flags=SA_RESTART|SA_SIGINFO
SIGPIPE: [libjvm.dylib+0x48694c], sa_mask[0]=11111111011111110111111111111111, sa_flags=SA_RESTART|SA_SIGINFO
SIGXFSZ: [libjvm.dylib+0x48694c], sa_mask[0]=11111111011111110111111111111111, sa_flags=SA_RESTART|SA_SIGINFO
SIGILL: [libjvm.dylib+0x48694c], sa_mask[0]=11111111011111110111111111111111, sa_flags=SA_RESTART|SA_SIGINFO
SIGUSR1: SIG_DFL, sa_mask[0]=00000000000000000000000000000000, sa_flags=none
SIGUSR2: [libjvm.dylib+0x48646a], sa_mask[0]=00100000000000000000000000000000, sa_flags=SA_RESTART|SA_SIGINFO
SIGHUP: [libjvm.dylib+0x484a41], sa_mask[0]=11111111011111110111111111111111, sa_flags=SA_RESTART|SA_SIGINFO
SIGINT: [libjvm.dylib+0x484a41], sa_mask[0]=11111111011111110111111111111111, sa_flags=SA_RESTART|SA_SIGINFO
SIGTERM: [libjvm.dylib+0x484a41], sa_mask[0]=11111111011111110111111111111111, sa_flags=SA_RESTART|SA_SIGINFO
SIGQUIT: [libjvm.dylib+0x484a41], sa_mask[0]=11111111011111110111111111111111, sa_flags=SA_RESTART|SA_SIGINFO


---------------  S Y S T E M  ---------------

OS:Bsduname:Darwin 15.6.0 Darwin Kernel Version 15.6.0: Thu Jun 23 18:25:34 PDT 2016; root:xnu-3248.60.10~1/RELEASE_X86_64 x86_64
rlimit: STACK 8192k, CORE 0k, NPROC 709, NOFILE 10240, AS infinity
load average:6.31 4.25 3.29

CPU:total 4 (2 cores per cpu, 2 threads per core) family 6 model 61 stepping 4, cmov, cx8, fxsr, mmx, sse, sse2, sse3, ssse3, sse4.1, sse4.2, popcnt, avx, avx2, aes, clmul, erms, 3dnowpref, lzcnt, ht, tsc, tscinvbit, bmi1, bmi2, adx

Memory: 4k page, physical 8388608k(1331656k free)

/proc/meminfo:


vm_info: Java HotSpot(TM) 64-Bit Server VM (25.101-b13) for bsd-amd64 JRE (1.8.0_101-b13), built on Jun 22 2016 02:42:15 by "java_re" with gcc 4.2.1 (Based on Apple Inc. build 5658) (LLVM build 2336.11.00)

time: Mon Feb 13 14:47:54 2017
elapsed time: 33 seconds (0d 0h 0m 33s)

