#
# A fatal error has been detected by the Java Runtime Environment:
#
#  SIGSEGV (0xb) at pc=0x000000010282140a, pid=1822, tid=0x0000000000009b17
#
# JRE version: Java(TM) SE Runtime Environment (8.0_101-b13) (build 1.8.0_101-b13)
# Java VM: Java HotSpot(TM) 64-Bit Server VM (25.101-b13 mixed mode bsd-amd64 compressed oops)
# Problematic frame:
# j  sun.java2d.pipe.DrawImage.renderImageCopy(Lsun/java2d/SunGraphics2D;Ljava/awt/Image;Ljava/awt/Color;IIIIII)Z+75
#
# Failed to write core dump. Core dumps have been disabled. To enable core dumping, try "ulimit -c unlimited" before starting Java again
#
# If you would like to submit a bug report, please visit:
#   http://bugreport.java.com/bugreport/crash.jsp
#

---------------  T H R E A D  ---------------

Current thread (0x00007f9fbc9b9800):  JavaThread "AWT-EventQueue-0" [_thread_in_Java, id=39703, stack(0x00007000018e8000,0x00007000019e8000)]

siginfo: si_signo: 11 (SIGSEGV), si_code: 1 (SEGV_MAPERR), si_addr: 0x00000000019e5260

Registers:
RAX=0x0000000000000001, RBX=0x00007000019e5258, RCX=0x00000000c0000004, RDX=0x0000000000000000
RSP=0x00007000019e5258, RBP=0x00007000019e5298, RSI=0x00000000019e5258, RDI=0x000000011e969ac0
R8 =0x0000000000000000, R9 =0x0000000000000000, R10=0x00000001018db030, R11=0x00000000f2e38e26
R12=0x0000000000000000, R13=0x0000000116e48227, R14=0x00007000019e5320, R15=0x00007f9fbc9b9800
RIP=0x000000010282140a, EFLAGS=0x0000000000010287, ERR=0x0000000000000004
  TRAPNO=0x000000000000000e

Top of Stack: (sp=0x00007000019e5258)
0x00007000019e5258:   00000000019e5258 0000000116e48223
0x00007000019e5268:   00007000019e5320 0000000116e493d0
0x00007000019e5278:   0000000000000000 0000000116e482a0
0x00007000019e5288:   0000000000000000 00007000019e52d8
0x00007000019e5298:   00007000019e5368 0000000102807a90
0x00007000019e52a8:   000000079768e2f8 000000079768e2f8
0x00007000019e52b8:   000000079768e630 0000000000000000
0x00007000019e52c8:   000000079768e298 00000007972a3058
0x00007000019e52d8:   00000000000001de 00000000000003e8
0x00007000019e52e8:   0000000000000000 0000000000000000
0x00007000019e52f8:   00000000000000d4 0000000000000014
0x00007000019e5308:   0000000000000000 000000079768e510
0x00007000019e5318:   000000079729aaf8 00000007978d83c8
0x00007000019e5328:   00007000019e5328 0000000116e4752d
0x00007000019e5338:   00007000019e53b8 0000000116e493d0
0x00007000019e5348:   0000000000000000 0000000116e47578
0x00007000019e5358:   00007000019e52d8 00007000019e5390
0x00007000019e5368:   00007000019e5400 0000000102807a90
0x00007000019e5378:   0000000000000000 00000000000001de
0x00007000019e5388:   00000000000003e8 0000000000000000
0x00007000019e5398:   00000000000000b9 0000000000000000
0x00007000019e53a8:   000000079768e510 000000079729aaf8
0x00007000019e53b8:   00000007978d83c8 00007000019e53c0
0x00007000019e53c8:   0000000116e48ee7 00007000019e5450
0x00007000019e53d8:   0000000116e493d0 0000000000000000
0x00007000019e53e8:   0000000116e48f20 00007000019e5390
0x00007000019e53f8:   00007000019e5420 00007000019e5498
0x00007000019e5408:   0000000102807ad5 0000000000000000
0x00007000019e5418:   0000000000000000 00000007977b1ac0
0x00007000019e5428:   0000000000000000 00000000000000b9
0x00007000019e5438:   0000000000000000 000000079768e510
0x00007000019e5448:   000000079729aaf8 00000007978d83c8 

Instructions: (pc=0x000000010282140a)
0x00000001028213ea:   bf 93 4e 5b 01 01 00 00 00 48 be 93 13 82 02 01
0x00000001028213fa:   00 00 00 48 8b d4 48 83 e4 f0 e8 91 00 bc fe f4
0x000000010282140a:   48 81 7e 08 00 00 00 00 0f 85 f6 fe ff ff 48 83
0x000000010282141a:   c6 10 48 3b f3 75 e9 80 3d 92 1e 0a ff 00 0f 84 

Register to memory mapping:

RAX=0x0000000000000001 is an unknown value
RBX=0x00007000019e5258 is pointing into the stack for thread: 0x00007f9fbc9b9800
RCX=0x00000000c0000004 is an unknown value
RDX=0x0000000000000000 is an unknown value
RSP=0x00007000019e5258 is pointing into the stack for thread: 0x00007f9fbc9b9800
RBP=0x00007000019e5298 is pointing into the stack for thread: 0x00007f9fbc9b9800
RSI=0x00000000019e5258 is an unknown value
RDI=0x000000011e969ac0 is pointing into metadata
R8 =0x0000000000000000 is an unknown value
R9 =0x0000000000000000 is an unknown value
R10=0x00000001018db030: _ZN19TemplateInterpreter13_active_tableE+0x2000 in /Library/Java/JavaVirtualMachines/jdk1.8.0_101.jdk/Contents/Home/jre/lib/server/libjvm.dylib at 0x0000000100fdf000
R11=0x00000000f2e38e26 is an unknown value
R12=0x0000000000000000 is an unknown value
R13=0x0000000116e48227 is pointing into metadata
R14=0x00007000019e5320 is pointing into the stack for thread: 0x00007f9fbc9b9800
R15=0x00007f9fbc9b9800 is a thread


Stack: [0x00007000018e8000,0x00007000019e8000],  sp=0x00007000019e5258,  free space=1012k
Native frames: (J=compiled Java code, j=interpreted, Vv=VM code, C=native code)
j  sun.java2d.pipe.DrawImage.renderImageCopy(Lsun/java2d/SunGraphics2D;Ljava/awt/Image;Ljava/awt/Color;IIIIII)Z+75
j  sun.java2d.pipe.DrawImage.copyImage(Lsun/java2d/SunGraphics2D;Ljava/awt/Image;IILjava/awt/Color;)Z+45
j  sun.java2d.pipe.DrawImage.copyImage(Lsun/java2d/SunGraphics2D;Ljava/awt/Image;IILjava/awt/Color;Ljava/awt/image/ImageObserver;)Z+15
j  sun.java2d.pipe.ValidatePipe.copyImage(Lsun/java2d/SunGraphics2D;Ljava/awt/Image;IILjava/awt/Color;Ljava/awt/image/ImageObserver;)Z+21
j  sun.java2d.SunGraphics2D.drawImage(Ljava/awt/Image;IILjava/awt/Color;Ljava/awt/image/ImageObserver;)Z+66
j  sun.java2d.SunGraphics2D.drawImage(Ljava/awt/Image;IILjava/awt/image/ImageObserver;)Z+7
j  javax.swing.RepaintManager$PaintManager.paintDoubleBuffered(Ljavax/swing/JComponent;Ljava/awt/Image;Ljava/awt/Graphics;IIII)V+221
j  javax.swing.RepaintManager$PaintManager.paint(Ljavax/swing/JComponent;Ljavax/swing/JComponent;Ljava/awt/Graphics;IIII)Z+116
j  javax.swing.RepaintManager.paint(Ljavax/swing/JComponent;Ljavax/swing/JComponent;Ljava/awt/Graphics;IIII)V+51
j  javax.swing.JComponent._paintImmediately(IIII)V+683
j  javax.swing.JComponent.paintImmediately(IIII)V+138
j  javax.swing.RepaintManager$4.run()Ljava/lang/Void;+81
j  javax.swing.RepaintManager$4.run()Ljava/lang/Object;+1
v  ~StubRoutines::call_stub
V  [libjvm.dylib+0x2ecf06]  JavaCalls::call_helper(JavaValue*, methodHandle*, JavaCallArguments*, Thread*)+0x6ae
V  [libjvm.dylib+0x34d69c]  JVM_DoPrivileged+0x4b8
J 799  java.security.AccessController.doPrivileged(Ljava/security/PrivilegedAction;Ljava/security/AccessControlContext;)Ljava/lang/Object; (0 bytes) @ 0x0000000102aec6d5 [0x0000000102aec600+0xd5]
J 807 C1 java.security.ProtectionDomain$JavaSecurityAccessImpl.doIntersectionPrivilege(Ljava/security/PrivilegedAction;Ljava/security/AccessControlContext;Ljava/security/AccessControlContext;)Ljava/lang/Object; (22 bytes) @ 0x0000000102af0b9c [0x0000000102af0720+0x47c]
j  javax.swing.RepaintManager.paintDirtyRegions(Ljava/util/Map;)V+154
j  javax.swing.RepaintManager.paintDirtyRegions()V+46
j  javax.swing.RepaintManager.prePaintDirtyRegions()V+73
j  javax.swing.RepaintManager.access$1200(Ljavax/swing/RepaintManager;)V+1
j  javax.swing.RepaintManager$ProcessingRunnable.run()V+37
J 1265 C1 java.awt.event.InvocationEvent.dispatch()V (69 bytes) @ 0x0000000102c048d4 [0x0000000102c046c0+0x214]
J 1212 C1 java.awt.EventQueue.dispatchEventImpl(Ljava/awt/AWTEvent;Ljava/lang/Object;)V (149 bytes) @ 0x0000000102be50ac [0x0000000102be35c0+0x1aec]
J 1215 C1 java.awt.EventQueue$3.run()Ljava/lang/Void; (60 bytes) @ 0x0000000102be7114 [0x0000000102be6f00+0x214]
J 1007 C1 java.awt.EventQueue$3.run()Ljava/lang/Object; (5 bytes) @ 0x0000000102b5e38c [0x0000000102b5e300+0x8c]
v  ~StubRoutines::call_stub
V  [libjvm.dylib+0x2ecf06]  JavaCalls::call_helper(JavaValue*, methodHandle*, JavaCallArguments*, Thread*)+0x6ae
V  [libjvm.dylib+0x34d69c]  JVM_DoPrivileged+0x4b8
J 799  java.security.AccessController.doPrivileged(Ljava/security/PrivilegedAction;Ljava/security/AccessControlContext;)Ljava/lang/Object; (0 bytes) @ 0x0000000102aec6d5 [0x0000000102aec600+0xd5]
J 1005 C1 java.awt.EventQueue.dispatchEvent(Ljava/awt/AWTEvent;)V (80 bytes) @ 0x0000000102b5c9ec [0x0000000102b5c040+0x9ac]
J 1213 C1 java.awt.EventDispatchThread.pumpOneEventForFilters(I)V (295 bytes) @ 0x0000000102be0e04 [0x0000000102bdf300+0x1b04]
j  java.awt.EventDispatchThread.pumpEventsForFilter(ILjava/awt/Conditional;Ljava/awt/EventFilter;)V+35
j  java.awt.EventDispatchThread.pumpEventsForHierarchy(ILjava/awt/Conditional;Ljava/awt/Component;)V+11
j  java.awt.EventDispatchThread.pumpEvents(ILjava/awt/Conditional;)V+4
j  java.awt.EventDispatchThread.pumpEvents(Ljava/awt/Conditional;)V+3
j  java.awt.EventDispatchThread.run()V+9
v  ~StubRoutines::call_stub
V  [libjvm.dylib+0x2ecf06]  JavaCalls::call_helper(JavaValue*, methodHandle*, JavaCallArguments*, Thread*)+0x6ae
V  [libjvm.dylib+0x2ed694]  JavaCalls::call_virtual(JavaValue*, KlassHandle, Symbol*, Symbol*, JavaCallArguments*, Thread*)+0x164
V  [libjvm.dylib+0x2ed840]  JavaCalls::call_virtual(JavaValue*, Handle, KlassHandle, Symbol*, Symbol*, Thread*)+0x4a
V  [libjvm.dylib+0x348029]  thread_entry(JavaThread*, Thread*)+0x7c
V  [libjvm.dylib+0x5695ab]  JavaThread::thread_main_inner()+0x9b
V  [libjvm.dylib+0x56ac98]  JavaThread::run()+0x1c2
V  [libjvm.dylib+0x48933a]  java_start(Thread*)+0xf6
C  [libsystem_pthread.dylib+0x399d]  _pthread_body+0x83
C  [libsystem_pthread.dylib+0x391a]  _pthread_body+0x0
C  [libsystem_pthread.dylib+0x1351]  thread_start+0xd
C  0x0000000000000000


---------------  P R O C E S S  ---------------

Java Threads: ( => current thread )
  0x00007f9fbb991000 JavaThread "TimerQueue" daemon [_thread_blocked, id=34611, stack(0x0000700000932000,0x0000700000a32000)]
  0x00007f9fbc990000 JavaThread "Thread-2" [_thread_in_native, id=71171, stack(0x0000700001a6e000,0x0000700001b6e000)]
  0x00007f9fbc36c800 JavaThread "DestroyJavaVM" [_thread_blocked, id=5891, stack(0x000070000011a000,0x000070000021a000)]
=>0x00007f9fbc9b9800 JavaThread "AWT-EventQueue-0" [_thread_in_Java, id=39703, stack(0x00007000018e8000,0x00007000019e8000)]
  0x00007f9fbbb0b800 JavaThread "AWT-Shutdown" [_thread_blocked, id=64779, stack(0x000070000155c000,0x000070000165c000)]
  0x00007f9fbc208800 JavaThread "Java2D Disposer" daemon [_thread_blocked, id=64259, stack(0x00007000017e5000,0x00007000018e5000)]
  0x00007f9fbba1d800 JavaThread "Java2D Queue Flusher" daemon [_thread_blocked, id=61447, stack(0x00007000016e2000,0x00007000017e2000)]
  0x00007f9fbb14d000 JavaThread "AppKit Thread" daemon [_thread_in_native, id=2571, stack(0x00007fff5e69d000,0x00007fff5ee9d000)]
  0x00007f9fbc0a8000 JavaThread "BluecoveAsynchronousShutdownThread" daemon [_thread_blocked, id=21507, stack(0x0000700001353000,0x0000700001453000)]
  0x00007f9fbc89c000 JavaThread "Abandoned connection cleanup thread" daemon [_thread_blocked, id=20739, stack(0x0000700001250000,0x0000700001350000)]
  0x00007f9fbb059000 JavaThread "Thread-0" [_thread_in_native, id=20227, stack(0x000070000114d000,0x000070000124d000)]
  0x00007f9fbb8aa000 JavaThread "Monitor Ctrl-Break" daemon [_thread_in_native, id=19715, stack(0x000070000104a000,0x000070000114a000)]
  0x00007f9fbb03b800 JavaThread "Service Thread" daemon [_thread_blocked, id=18691, stack(0x0000700000e44000,0x0000700000f44000)]
  0x00007f9fbb864800 JavaThread "C1 CompilerThread2" daemon [_thread_blocked, id=18179, stack(0x0000700000d41000,0x0000700000e41000)]
  0x00007f9fbb864000 JavaThread "C2 CompilerThread1" daemon [_thread_blocked, id=17667, stack(0x0000700000c3e000,0x0000700000d3e000)]
  0x00007f9fbb03a800 JavaThread "C2 CompilerThread0" daemon [_thread_blocked, id=17155, stack(0x0000700000b3b000,0x0000700000c3b000)]
  0x00007f9fbb817000 JavaThread "Signal Dispatcher" daemon [_thread_blocked, id=16143, stack(0x0000700000a38000,0x0000700000b38000)]
  0x00007f9fbc82f800 JavaThread "Finalizer" daemon [_thread_blocked, id=12291, stack(0x000070000082f000,0x000070000092f000)]
  0x00007f9fbc803000 JavaThread "Reference Handler" daemon [_thread_blocked, id=11779, stack(0x000070000072c000,0x000070000082c000)]

Other Threads:
  0x00007f9fbb805000 VMThread [stack: 0x0000700000629000,0x0000700000729000] [id=11267]
  0x00007f9fbc834000 WatcherThread [stack: 0x0000700000f47000,0x0000700001047000] [id=19203]

VM state:not at safepoint (normal execution)

VM Mutex/Monitor currently owned by a thread: None

Heap:
 PSYoungGen      total 38400K, used 34444K [0x0000000795580000, 0x000000079a080000, 0x00000007c0000000)
  eden space 33280K, 91% used [0x0000000795580000,0x0000000797353a60,0x0000000797600000)
  from space 5120K, 76% used [0x0000000797600000,0x00000007979cf6d0,0x0000000797b00000)
  to   space 5120K, 0% used [0x0000000799b80000,0x0000000799b80000,0x000000079a080000)
 ParOldGen       total 87552K, used 27672K [0x0000000740000000, 0x0000000745580000, 0x0000000795580000)
  object space 87552K, 31% used [0x0000000740000000,0x0000000741b06030,0x0000000745580000)
 Metaspace       used 15891K, capacity 16166K, committed 16512K, reserved 1062912K
  class space    used 1988K, capacity 2078K, committed 2176K, reserved 1048576K

Card table byte_map: [0x0000000111bc0000,0x0000000111fc1000] byte_map_base: 0x000000010e1c0000

Marking Bits: (ParMarkBitMap*) 0x00000001018ccd20
 Begin Bits: [0x000000011226c000, 0x000000011426c000)
 End Bits:   [0x000000011426c000, 0x000000011626c000)

Polling page: 0x0000000101fc3000

CodeCache: size=245760Kb used=4806Kb max_used=4806Kb free=240953Kb
 bounds [0x0000000102800000, 0x0000000102cc0000, 0x0000000111800000]
 total_blobs=2025 nmethods=1444 adapters=494
 compilation: enabled

Compilation events (10 events):
Event: 55.840 Thread 0x00007f9fbb864800 nmethod 1439 0x0000000102cad150 code [0x0000000102cad2c0, 0x0000000102cad470]
Event: 55.922 Thread 0x00007f9fbb864800 1440       3       java.nio.charset.CharsetEncoder::reset (11 bytes)
Event: 55.922 Thread 0x00007f9fbb864800 nmethod 1440 0x0000000102cacd10 code [0x0000000102cace80, 0x0000000102cad0b0]
Event: 55.922 Thread 0x00007f9fbb864800 1441       3       java.nio.charset.CharsetEncoder::implReset (1 bytes)
Event: 55.922 Thread 0x00007f9fbb864800 nmethod 1441 0x0000000102cafcd0 code [0x0000000102cafe20, 0x0000000102caff70]
Event: 60.861 Thread 0x00007f9fbb864800 1442       3       sun.lwawt.LWComponentPeer::handleEvent (104 bytes)
Event: 60.862 Thread 0x00007f9fbb864800 nmethod 1442 0x0000000102caffd0 code [0x0000000102cb01c0, 0x0000000102cb0e18]
Event: 60.862 Thread 0x00007f9fbb864800 1444   !   3       java.awt.color.ColorSpace::getInstance (300 bytes)
Event: 60.863 Thread 0x00007f9fbb864800 nmethod 1444 0x0000000102cb1090 code [0x0000000102cb1320, 0x0000000102cb2548]
Event: 60.863 Thread 0x00007f9fbb864800 1443       3       java.awt.LightweightDispatcher::dispatchEvent (73 bytes)

GC Heap History (6 events):
Event: 46.363 GC heap before
{Heap before GC invocations=1 (full 0):
 PSYoungGen      total 38400K, used 26582K [0x0000000795580000, 0x0000000798000000, 0x00000007c0000000)
  eden space 33280K, 79% used [0x0000000795580000,0x0000000796f75890,0x0000000797600000)
  from space 5120K, 0% used [0x0000000797b00000,0x0000000797b00000,0x0000000798000000)
  to   space 5120K, 0% used [0x0000000797600000,0x0000000797600000,0x0000000797b00000)
 ParOldGen       total 87552K, used 0K [0x0000000740000000, 0x0000000745580000, 0x0000000795580000)
  object space 87552K, 0% used [0x0000000740000000,0x0000000740000000,0x0000000745580000)
 Metaspace       used 15684K, capacity 15910K, committed 16256K, reserved 1062912K
  class space    used 1986K, capacity 2078K, committed 2176K, reserved 1048576K
Event: 46.760 GC heap after
Heap after GC invocations=1 (full 0):
 PSYoungGen      total 38400K, used 4667K [0x0000000795580000, 0x0000000798000000, 0x00000007c0000000)
  eden space 33280K, 0% used [0x0000000795580000,0x0000000795580000,0x0000000797600000)
  from space 5120K, 91% used [0x0000000797600000,0x0000000797a8eeb0,0x0000000797b00000)
  to   space 5120K, 0% used [0x0000000797b00000,0x0000000797b00000,0x0000000798000000)
 ParOldGen       total 87552K, used 8K [0x0000000740000000, 0x0000000745580000, 0x0000000795580000)
  object space 87552K, 0% used [0x0000000740000000,0x0000000740002000,0x0000000745580000)
 Metaspace       used 15684K, capacity 15910K, committed 16256K, reserved 1062912K
  class space    used 1986K, capacity 2078K, committed 2176K, reserved 1048576K
}
Event: 46.956 GC heap before
{Heap before GC invocations=2 (full 0):
 PSYoungGen      total 38400K, used 37947K [0x0000000795580000, 0x0000000798000000, 0x00000007c0000000)
  eden space 33280K, 100% used [0x0000000795580000,0x0000000797600000,0x0000000797600000)
  from space 5120K, 91% used [0x0000000797600000,0x0000000797a8eeb0,0x0000000797b00000)
  to   space 5120K, 0% used [0x0000000797b00000,0x0000000797b00000,0x0000000798000000)
 ParOldGen       total 87552K, used 8K [0x0000000740000000, 0x0000000745580000, 0x0000000795580000)
  object space 87552K, 0% used [0x0000000740000000,0x0000000740002000,0x0000000745580000)
 Metaspace       used 15720K, capacity 15974K, committed 16256K, reserved 1062912K
  class space    used 1988K, capacity 2078K, committed 2176K, reserved 1048576K
Event: 47.265 GC heap after
Heap after GC invocations=2 (full 0):
 PSYoungGen      total 38400K, used 3921K [0x0000000795580000, 0x000000079a080000, 0x00000007c0000000)
  eden space 33280K, 0% used [0x0000000795580000,0x0000000795580000,0x0000000797600000)
  from space 5120K, 76% used [0x0000000797b00000,0x0000000797ed44c0,0x0000000798000000)
  to   space 5120K, 0% used [0x0000000797600000,0x0000000797600000,0x0000000797b00000)
 ParOldGen       total 87552K, used 27664K [0x0000000740000000, 0x0000000745580000, 0x0000000795580000)
  object space 87552K, 31% used [0x0000000740000000,0x0000000741b04030,0x0000000745580000)
 Metaspace       used 15720K, capacity 15974K, committed 16256K, reserved 1062912K
  class space    used 1988K, capacity 2078K, committed 2176K, reserved 1048576K
}
Event: 47.397 GC heap before
{Heap before GC invocations=3 (full 0):
 PSYoungGen      total 38400K, used 37201K [0x0000000795580000, 0x000000079a080000, 0x00000007c0000000)
  eden space 33280K, 100% used [0x0000000795580000,0x0000000797600000,0x0000000797600000)
  from space 5120K, 76% used [0x0000000797b00000,0x0000000797ed44c0,0x0000000798000000)
  to   space 5120K, 0% used [0x0000000797600000,0x0000000797600000,0x0000000797b00000)
 ParOldGen       total 87552K, used 27664K [0x0000000740000000, 0x0000000745580000, 0x0000000795580000)
  object space 87552K, 31% used [0x0000000740000000,0x0000000741b04030,0x0000000745580000)
 Metaspace       used 15723K, capacity 15974K, committed 16256K, reserved 1062912K
  class space    used 1988K, capacity 2078K, committed 2176K, reserved 1048576K
Event: 47.708 GC heap after
Heap after GC invocations=3 (full 0):
 PSYoungGen      total 38400K, used 3901K [0x0000000795580000, 0x000000079a080000, 0x00000007c0000000)
  eden space 33280K, 0% used [0x0000000795580000,0x0000000795580000,0x0000000797600000)
  from space 5120K, 76% used [0x0000000797600000,0x00000007979cf6d0,0x0000000797b00000)
  to   space 5120K, 0% used [0x0000000799b80000,0x0000000799b80000,0x000000079a080000)
 ParOldGen       total 87552K, used 27672K [0x0000000740000000, 0x0000000745580000, 0x0000000795580000)
  object space 87552K, 31% used [0x0000000740000000,0x0000000741b06030,0x0000000745580000)
 Metaspace       used 15723K, capacity 15974K, committed 16256K, reserved 1062912K
  class space    used 1988K, capacity 2078K, committed 2176K, reserved 1048576K
}

Deoptimization events (10 events):
Event: 0.859 Thread 0x00007f9fbb807000 Uncommon trap: reason=unstable_if action=reinterpret pc=0x00000001029b51e8 method=org.sqlite.SQLiteJDBCLoader.contentsEquals(Ljava/io/InputStream;Ljava/io/InputStream;)Z @ 39
Event: 1.638 Thread 0x00007f9fbb807000 Uncommon trap: reason=unstable_if action=reinterpret pc=0x00000001029bd8cc method=sun.misc.MetaIndex.mayContain(Ljava/lang/String;)Z @ 38
Event: 4.176 Thread 0x00007f9fbc9b9800 Uncommon trap: reason=class_check action=maybe_recompile pc=0x00000001029f7858 method=java.lang.String.equals(Ljava/lang/Object;)Z @ 8
Event: 4.179 Thread 0x00007f9fbb807000 Uncommon trap: reason=class_check action=maybe_recompile pc=0x00000001029f7858 method=java.lang.String.equals(Ljava/lang/Object;)Z @ 8
Event: 4.179 Thread 0x00007f9fbb807000 Uncommon trap: reason=class_check action=maybe_recompile pc=0x00000001029f7858 method=java.lang.String.equals(Ljava/lang/Object;)Z @ 8
Event: 4.179 Thread 0x00007f9fbb807000 Uncommon trap: reason=class_check action=maybe_recompile pc=0x00000001029f7858 method=java.lang.String.equals(Ljava/lang/Object;)Z @ 8
Event: 43.983 Thread 0x00007f9fbc9b9800 Uncommon trap: reason=unstable_if action=reinterpret pc=0x0000000102aa8430 method=java.util.HashMap.getNode(ILjava/lang/Object;)Ljava/util/HashMap$Node; @ 62
Event: 43.988 Thread 0x00007f9fbc9b9800 Uncommon trap: reason=unstable_if action=reinterpret pc=0x0000000102a97abc method=java.util.HashMap.getNode(ILjava/lang/Object;)Ljava/util/HashMap$Node; @ 62
Event: 46.887 Thread 0x00007f9fbc9b9800 Uncommon trap: reason=unstable_if action=reinterpret pc=0x0000000102bbf7d4 method=java.awt.image.AreaAveragingScaleFilter.accumPixels(IIIILjava/awt/image/ColorModel;Ljava/lang/Object;II)V @ 406
Event: 47.810 Thread 0x00007f9fbc9b9800 Uncommon trap: reason=unstable_if action=reinterpret pc=0x0000000102ba4554 method=sun.awt.image.OffScreenImageSource.sendPixels()V @ 663

Internal exceptions (10 events):
Event: 0.344 Thread 0x00007f9fbb807000 Exception <a 'java/security/PrivilegedActionException'> (0x000000079573dea8) thrown at [/HUDSON3/workspace/8-2-build-macosx-x86_64/jdk8u101/7261/hotspot/src/share/vm/prims/jvm.cpp, line 1386]
Event: 0.345 Thread 0x00007f9fbb807000 Exception <a 'java/security/PrivilegedActionException'> (0x0000000795741398) thrown at [/HUDSON3/workspace/8-2-build-macosx-x86_64/jdk8u101/7261/hotspot/src/share/vm/prims/jvm.cpp, line 1386]
Event: 0.345 Thread 0x00007f9fbb807000 Exception <a 'java/security/PrivilegedActionException'> (0x0000000795741790) thrown at [/HUDSON3/workspace/8-2-build-macosx-x86_64/jdk8u101/7261/hotspot/src/share/vm/prims/jvm.cpp, line 1386]
Event: 0.350 Thread 0x00007f9fbb059000 Exception <a 'java/lang/NoClassDefFoundError': org/apache/log4j/Category> (0x00000007958c7c80) thrown at [/HUDSON3/workspace/8-2-build-macosx-x86_64/jdk8u101/7261/hotspot/src/share/vm/classfile/systemDictionary.cpp, line 199]
Event: 0.365 Thread 0x00007f9fbb059000 Exception <a 'java/lang/UnsatisfiedLinkError': com.intel.bluetooth.BluetoothStackOSX.isNativeCodeLoaded()Z> (0x000000079591c688) thrown at [/HUDSON3/workspace/8-2-build-macosx-x86_64/jdk8u101/7261/hotspot/src/share/vm/prims/nativeLookup.cpp, line 378]
Event: 1.083 Thread 0x00007f9fbb807000 Exception <a 'java/lang/NoSuchFieldError': method resolution failed> (0x0000000795dc7758) thrown at [/HUDSON3/workspace/8-2-build-macosx-x86_64/jdk8u101/7261/hotspot/src/share/vm/prims/methodHandles.cpp, line 1146]
Event: 1.088 Thread 0x00007f9fbb807000 Exception <a 'java/lang/NoSuchFieldError': method resolution failed> (0x0000000795dd4e48) thrown at [/HUDSON3/workspace/8-2-build-macosx-x86_64/jdk8u101/7261/hotspot/src/share/vm/prims/methodHandles.cpp, line 1146]
Event: 1.336 Thread 0x00007f9fbb807000 Exception <a 'java/io/FileNotFoundException'> (0x0000000795e4f770) thrown at [/HUDSON3/workspace/8-2-build-macosx-x86_64/jdk8u101/7261/hotspot/src/share/vm/prims/jni.cpp, line 709]
Event: 1.337 Thread 0x00007f9fbb807000 Exception <a 'java/io/FileNotFoundException'> (0x0000000795e50318) thrown at [/HUDSON3/workspace/8-2-build-macosx-x86_64/jdk8u101/7261/hotspot/src/share/vm/prims/jni.cpp, line 709]
Event: 46.777 Thread 0x00007f9fbc82f800 Exception <a 'java/lang/NullPointerException'> (0x0000000795f93fd0) thrown at [/HUDSON3/workspace/8-2-build-macosx-x86_64/jdk8u101/7261/hotspot/src/share/vm/interpreter/linkResolver.cpp, line 1178]

Events (10 events):
Event: 47.265 Executing VM operation: RevokeBias
Event: 47.266 Executing VM operation: RevokeBias done
Event: 47.397 Executing VM operation: ParallelGCFailedAllocation
Event: 47.708 Executing VM operation: ParallelGCFailedAllocation done
Event: 47.810 Thread 0x00007f9fbc9b9800 Uncommon trap: trap_request=0xffffff65 fr.pc=0x0000000102ba4554
Event: 47.811 Thread 0x00007f9fbc9b9800 DEOPT PACKING pc=0x0000000102ba4554 sp=0x00007000019e4c20
Event: 47.811 Thread 0x00007f9fbc9b9800 DEOPT UNPACKING pc=0x0000000102805229 sp=0x00007000019e4bf0 mode 2
Event: 47.833 Executing VM operation: RevokeBias
Event: 47.835 Executing VM operation: RevokeBias done
Event: 47.835 Thread 0x00007f9fbbc4e000 Thread exited: 0x00007f9fbbc4e000


Dynamic libraries:
0x000000000b271000 	/System/Library/Frameworks/Cocoa.framework/Versions/A/Cocoa
0x000000000b271000 	/System/Library/Frameworks/Security.framework/Versions/A/Security
0x000000000b271000 	/System/Library/Frameworks/ApplicationServices.framework/Versions/A/ApplicationServices
0x000000000b271000 	/usr/lib/libz.1.dylib
0x000000000b271000 	/usr/lib/libSystem.B.dylib
0x000000000b271000 	/usr/lib/libobjc.A.dylib
0x000000000b271000 	/System/Library/Frameworks/CoreFoundation.framework/Versions/A/CoreFoundation
0x000000000b271000 	/System/Library/Frameworks/Foundation.framework/Versions/C/Foundation
0x000000000b271000 	/System/Library/Frameworks/AppKit.framework/Versions/C/AppKit
0x000000000b271000 	/System/Library/Frameworks/CoreData.framework/Versions/A/CoreData
0x000000000b271000 	/System/Library/PrivateFrameworks/RemoteViewServices.framework/Versions/A/RemoteViewServices
0x000000000b271000 	/System/Library/PrivateFrameworks/UIFoundation.framework/Versions/A/UIFoundation
0x000000000b271000 	/usr/lib/libScreenReader.dylib
0x000000000b271000 	/System/Library/Frameworks/Accelerate.framework/Versions/A/Accelerate
0x000000000b271000 	/System/Library/Frameworks/IOSurface.framework/Versions/A/IOSurface
0x000000000b271000 	/System/Library/Frameworks/AudioToolbox.framework/Versions/A/AudioToolbox
0x000000000b271000 	/System/Library/Frameworks/AudioUnit.framework/Versions/A/AudioUnit
0x000000000b271000 	/System/Library/PrivateFrameworks/DataDetectorsCore.framework/Versions/A/DataDetectorsCore
0x000000000b271000 	/System/Library/PrivateFrameworks/DesktopServicesPriv.framework/Versions/A/DesktopServicesPriv
0x000000000b271000 	/System/Library/Frameworks/Carbon.framework/Versions/A/Frameworks/HIToolbox.framework/Versions/A/HIToolbox
0x000000000b271000 	/System/Library/Frameworks/QuartzCore.framework/Versions/A/QuartzCore
0x000000000b271000 	/System/Library/Frameworks/Carbon.framework/Versions/A/Frameworks/SpeechRecognition.framework/Versions/A/SpeechRecognition
0x000000000b271000 	/usr/lib/libauto.dylib
0x000000000b271000 	/usr/lib/libicucore.A.dylib
0x000000000b271000 	/usr/lib/libxml2.2.dylib
0x000000000b271000 	/System/Library/PrivateFrameworks/CoreUI.framework/Versions/A/CoreUI
0x000000000b271000 	/System/Library/Frameworks/CoreAudio.framework/Versions/A/CoreAudio
0x000000000b271000 	/System/Library/Frameworks/DiskArbitration.framework/Versions/A/DiskArbitration
0x000000000b271000 	/usr/lib/liblangid.dylib
0x000000000b271000 	/System/Library/PrivateFrameworks/MultitouchSupport.framework/Versions/A/MultitouchSupport
0x000000000b271000 	/System/Library/Frameworks/IOKit.framework/Versions/A/IOKit
0x000000000b271000 	/usr/lib/libDiagnosticMessagesClient.dylib
0x000000000b271000 	/System/Library/Frameworks/CoreServices.framework/Versions/A/CoreServices
0x000000000b271000 	/System/Library/PrivateFrameworks/PerformanceAnalysis.framework/Versions/A/PerformanceAnalysis
0x000000000b271000 	/System/Library/PrivateFrameworks/GenerationalStorage.framework/Versions/A/GenerationalStorage
0x000000000b271000 	/System/Library/Frameworks/OpenGL.framework/Versions/A/OpenGL
0x000000000b271000 	/System/Library/PrivateFrameworks/Sharing.framework/Versions/A/Sharing
0x000000000b271000 	/System/Library/Frameworks/CoreGraphics.framework/Versions/A/CoreGraphics
0x000000000b271000 	/System/Library/Frameworks/CoreImage.framework/Versions/A/CoreImage
0x000000000b271000 	/System/Library/Frameworks/CoreText.framework/Versions/A/CoreText
0x000000000b271000 	/System/Library/Frameworks/ImageIO.framework/Versions/A/ImageIO
0x000000000b271000 	/System/Library/PrivateFrameworks/Backup.framework/Versions/A/Backup
0x000000000b271000 	/usr/lib/libextension.dylib
0x000000000b271000 	/usr/lib/libarchive.2.dylib
0x000000000b271000 	/System/Library/Frameworks/CFNetwork.framework/Versions/A/CFNetwork
0x000000000b271000 	/System/Library/Frameworks/SystemConfiguration.framework/Versions/A/SystemConfiguration
0x000000000b271000 	/usr/lib/libCRFSuite.dylib
0x000000000b271000 	/usr/lib/libc++.1.dylib
0x000000000b271000 	/usr/lib/libc++abi.dylib
0x000000000b271000 	/usr/lib/system/libcache.dylib
0x000000000b271000 	/usr/lib/system/libcommonCrypto.dylib
0x000000000b271000 	/usr/lib/system/libcompiler_rt.dylib
0x000000000b271000 	/usr/lib/system/libcopyfile.dylib
0x000000000b271000 	/usr/lib/system/libcorecrypto.dylib
0x000000000b271000 	/usr/lib/system/libdispatch.dylib
0x000000000b271000 	/usr/lib/system/libdyld.dylib
0x000000000b271000 	/usr/lib/system/libkeymgr.dylib
0x000000000b271000 	/usr/lib/system/liblaunch.dylib
0x000000000b271000 	/usr/lib/system/libmacho.dylib
0x000000000b271000 	/usr/lib/system/libquarantine.dylib
0x000000000b271000 	/usr/lib/system/libremovefile.dylib
0x000000000b271000 	/usr/lib/system/libsystem_asl.dylib
0x000000000b271000 	/usr/lib/system/libsystem_blocks.dylib
0x000000000b271000 	/usr/lib/system/libsystem_c.dylib
0x000000000b271000 	/usr/lib/system/libsystem_configuration.dylib
0x000000000b271000 	/usr/lib/system/libsystem_coreservices.dylib
0x000000000b271000 	/usr/lib/system/libsystem_coretls.dylib
0x000000000b271000 	/usr/lib/system/libsystem_dnssd.dylib
0x000000000b271000 	/usr/lib/system/libsystem_info.dylib
0x000000000b271000 	/usr/lib/system/libsystem_kernel.dylib
0x000000000b271000 	/usr/lib/system/libsystem_m.dylib
0x000000000b271000 	/usr/lib/system/libsystem_malloc.dylib
0x000000000b271000 	/usr/lib/system/libsystem_network.dylib
0x000000000b271000 	/usr/lib/system/libsystem_networkextension.dylib
0x000000000b271000 	/usr/lib/system/libsystem_notify.dylib
0x000000000b271000 	/usr/lib/system/libsystem_platform.dylib
0x000000000b271000 	/usr/lib/system/libsystem_pthread.dylib
0x000000000b271000 	/usr/lib/system/libsystem_sandbox.dylib
0x000000000b271000 	/usr/lib/system/libsystem_secinit.dylib
0x000000000b271000 	/usr/lib/system/libsystem_trace.dylib
0x000000000b271000 	/usr/lib/system/libunc.dylib
0x000000000b271000 	/usr/lib/system/libunwind.dylib
0x000000000b271000 	/usr/lib/system/libxpc.dylib
0x000000000b271000 	/usr/lib/libenergytrace.dylib
0x000000000b271000 	/usr/lib/libbsm.0.dylib
0x000000000b271000 	/usr/lib/system/libkxld.dylib
0x000000000b271000 	/usr/lib/libxar.1.dylib
0x000000000b271000 	/usr/lib/libsqlite3.dylib
0x000000000b271000 	/usr/lib/libpam.2.dylib
0x000000000b271000 	/usr/lib/libOpenScriptingUtil.dylib
0x000000000b271000 	/usr/lib/libbz2.1.0.dylib
0x000000000b271000 	/usr/lib/liblzma.5.dylib
0x000000000b271000 	/System/Library/Frameworks/CoreServices.framework/Versions/A/Frameworks/FSEvents.framework/Versions/A/FSEvents
0x000000000b271000 	/System/Library/Frameworks/CoreServices.framework/Versions/A/Frameworks/CarbonCore.framework/Versions/A/CarbonCore
0x000000000b271000 	/System/Library/Frameworks/CoreServices.framework/Versions/A/Frameworks/Metadata.framework/Versions/A/Metadata
0x000000000b271000 	/System/Library/Frameworks/CoreServices.framework/Versions/A/Frameworks/OSServices.framework/Versions/A/OSServices
0x000000000b271000 	/System/Library/Frameworks/CoreServices.framework/Versions/A/Frameworks/SearchKit.framework/Versions/A/SearchKit
0x000000000b271000 	/System/Library/Frameworks/CoreServices.framework/Versions/A/Frameworks/AE.framework/Versions/A/AE
0x000000000b271000 	/System/Library/Frameworks/CoreServices.framework/Versions/A/Frameworks/LaunchServices.framework/Versions/A/LaunchServices
0x000000000b271000 	/System/Library/Frameworks/CoreServices.framework/Versions/A/Frameworks/DictionaryServices.framework/Versions/A/DictionaryServices
0x000000000b271000 	/System/Library/Frameworks/CoreServices.framework/Versions/A/Frameworks/SharedFileList.framework/Versions/A/SharedFileList
0x000000000b271000 	/System/Library/Frameworks/NetFS.framework/Versions/A/NetFS
0x000000000b271000 	/System/Library/PrivateFrameworks/NetAuth.framework/Versions/A/NetAuth
0x000000000b271000 	/System/Library/PrivateFrameworks/login.framework/Versions/A/Frameworks/loginsupport.framework/Versions/A/loginsupport
0x000000000b271000 	/System/Library/PrivateFrameworks/TCC.framework/Versions/A/TCC
0x000000000b271000 	/usr/lib/libmecabra.dylib
0x000000000b271000 	/System/Library/Frameworks/ApplicationServices.framework/Versions/A/Frameworks/ATS.framework/Versions/A/ATS
0x000000000b271000 	/System/Library/Frameworks/ApplicationServices.framework/Versions/A/Frameworks/ColorSync.framework/Versions/A/ColorSync
0x000000000b271000 	/System/Library/Frameworks/ApplicationServices.framework/Versions/A/Frameworks/HIServices.framework/Versions/A/HIServices
0x000000000b271000 	/System/Library/Frameworks/ApplicationServices.framework/Versions/A/Frameworks/LangAnalysis.framework/Versions/A/LangAnalysis
0x000000000b271000 	/System/Library/Frameworks/ApplicationServices.framework/Versions/A/Frameworks/PrintCore.framework/Versions/A/PrintCore
0x000000000b271000 	/System/Library/Frameworks/ApplicationServices.framework/Versions/A/Frameworks/QD.framework/Versions/A/QD
0x000000000b271000 	/System/Library/Frameworks/ApplicationServices.framework/Versions/A/Frameworks/SpeechSynthesis.framework/Versions/A/SpeechSynthesis
0x000000000b271000 	/System/Library/Frameworks/Metal.framework/Versions/A/Metal
0x000000000b271000 	/System/Library/Frameworks/Accelerate.framework/Versions/A/Frameworks/vImage.framework/Versions/A/vImage
0x000000000b271000 	/System/Library/Frameworks/Accelerate.framework/Versions/A/Frameworks/vecLib.framework/Versions/A/vecLib
0x000000000b271000 	/System/Library/Frameworks/Accelerate.framework/Versions/A/Frameworks/vecLib.framework/Versions/A/libvDSP.dylib
0x000000000b271000 	/System/Library/Frameworks/Accelerate.framework/Versions/A/Frameworks/vecLib.framework/Versions/A/libvMisc.dylib
0x000000000b271000 	/System/Library/Frameworks/Accelerate.framework/Versions/A/Frameworks/vecLib.framework/Versions/A/libLAPACK.dylib
0x000000000b271000 	/System/Library/Frameworks/Accelerate.framework/Versions/A/Frameworks/vecLib.framework/Versions/A/libBLAS.dylib
0x000000000b271000 	/System/Library/Frameworks/Accelerate.framework/Versions/A/Frameworks/vecLib.framework/Versions/A/libLinearAlgebra.dylib
0x000000000b271000 	/System/Library/Frameworks/Accelerate.framework/Versions/A/Frameworks/vecLib.framework/Versions/A/libSparseBLAS.dylib
0x000000000b271000 	/System/Library/PrivateFrameworks/GPUCompiler.framework/libmetal_timestamp.dylib
0x000000000b271000 	/System/Library/Frameworks/OpenGL.framework/Versions/A/Libraries/libCoreFSCache.dylib
0x000000000b271000 	/System/Library/PrivateFrameworks/IOAccelerator.framework/Versions/A/IOAccelerator
0x000000000b271000 	/System/Library/Frameworks/ApplicationServices.framework/Versions/A/Frameworks/ATS.framework/Versions/A/Resources/libFontParser.dylib
0x000000000b271000 	/System/Library/Frameworks/ApplicationServices.framework/Versions/A/Frameworks/ATS.framework/Versions/A/Resources/libFontRegistry.dylib
0x000000000b271000 	/System/Library/PrivateFrameworks/AppleVPA.framework/Versions/A/AppleVPA
0x000000000b271000 	/System/Library/PrivateFrameworks/AppleJPEG.framework/Versions/A/AppleJPEG
0x000000000b271000 	/System/Library/Frameworks/ImageIO.framework/Versions/A/Resources/libJPEG.dylib
0x000000000b271000 	/System/Library/Frameworks/ImageIO.framework/Versions/A/Resources/libTIFF.dylib
0x000000000b271000 	/System/Library/Frameworks/ImageIO.framework/Versions/A/Resources/libPng.dylib
0x000000000b271000 	/System/Library/Frameworks/ImageIO.framework/Versions/A/Resources/libGIF.dylib
0x000000000b271000 	/System/Library/Frameworks/ImageIO.framework/Versions/A/Resources/libJP2.dylib
0x000000000b271000 	/System/Library/Frameworks/ImageIO.framework/Versions/A/Resources/libRadiance.dylib
0x000000000b271000 	/System/Library/Frameworks/CoreVideo.framework/Versions/A/CoreVideo
0x000000000b271000 	/System/Library/Frameworks/OpenGL.framework/Versions/A/Libraries/libGLU.dylib
0x000000000b271000 	/System/Library/Frameworks/OpenGL.framework/Versions/A/Libraries/libGFXShared.dylib
0x000000000b271000 	/System/Library/Frameworks/OpenGL.framework/Versions/A/Libraries/libGL.dylib
0x000000000b271000 	/System/Library/Frameworks/OpenGL.framework/Versions/A/Libraries/libGLImage.dylib
0x000000000b271000 	/System/Library/Frameworks/OpenGL.framework/Versions/A/Libraries/libCVMSPluginSupport.dylib
0x000000000b271000 	/System/Library/Frameworks/OpenGL.framework/Versions/A/Libraries/libCoreVMClient.dylib
0x000000000b271000 	/usr/lib/libcompression.dylib
0x000000000b271000 	/usr/lib/libcups.2.dylib
0x000000000b271000 	/System/Library/Frameworks/Kerberos.framework/Versions/A/Kerberos
0x000000000b271000 	/System/Library/Frameworks/GSS.framework/Versions/A/GSS
0x000000000b271000 	/usr/lib/libresolv.9.dylib
0x000000000b271000 	/usr/lib/libiconv.2.dylib
0x000000000b271000 	/System/Library/PrivateFrameworks/Heimdal.framework/Versions/A/Heimdal
0x000000000b271000 	/usr/lib/libheimdal-asn1.dylib
0x000000000b271000 	/System/Library/Frameworks/OpenDirectory.framework/Versions/A/OpenDirectory
0x000000000b271000 	/System/Library/PrivateFrameworks/CommonAuth.framework/Versions/A/CommonAuth
0x000000000b271000 	/System/Library/Frameworks/OpenDirectory.framework/Versions/A/Frameworks/CFOpenDirectory.framework/Versions/A/CFOpenDirectory
0x000000000b271000 	/System/Library/Frameworks/SecurityFoundation.framework/Versions/A/SecurityFoundation
0x000000000b271000 	/System/Library/PrivateFrameworks/LanguageModeling.framework/Versions/A/LanguageModeling
0x000000000b271000 	/usr/lib/libmarisa.dylib
0x000000000b271000 	/usr/lib/libChineseTokenizer.dylib
0x000000000b271000 	/usr/lib/libcmph.dylib
0x000000000b271000 	/System/Library/Frameworks/ServiceManagement.framework/Versions/A/ServiceManagement
0x000000000b271000 	/usr/lib/libxslt.1.dylib
0x000000000b271000 	/System/Library/Frameworks/Carbon.framework/Versions/A/Frameworks/Ink.framework/Versions/A/Ink
0x000000000b271000 	/usr/lib/libFosl_dynamic.dylib
0x000000000b271000 	/System/Library/PrivateFrameworks/FaceCore.framework/Versions/A/FaceCore
0x000000000b271000 	/System/Library/Frameworks/OpenCL.framework/Versions/A/OpenCL
0x000000000b271000 	/System/Library/PrivateFrameworks/CrashReporterSupport.framework/Versions/A/CrashReporterSupport
0x000000000b271000 	/System/Library/PrivateFrameworks/IconServices.framework/Versions/A/IconServices
0x000000000b271000 	/System/Library/PrivateFrameworks/Apple80211.framework/Versions/A/Apple80211
0x000000000b271000 	/System/Library/Frameworks/CoreWLAN.framework/Versions/A/CoreWLAN
0x000000000b271000 	/System/Library/Frameworks/IOBluetooth.framework/Versions/A/IOBluetooth
0x000000000b271000 	/System/Library/PrivateFrameworks/CoreWiFi.framework/Versions/A/CoreWiFi
0x000000000b271000 	/System/Library/Frameworks/CoreBluetooth.framework/Versions/A/CoreBluetooth
0x000000000b271000 	/System/Library/PrivateFrameworks/ChunkingLibrary.framework/Versions/A/ChunkingLibrary
0x000000000b271000 	/System/Library/PrivateFrameworks/DebugSymbols.framework/Versions/A/DebugSymbols
0x000000000b271000 	/System/Library/PrivateFrameworks/CoreSymbolication.framework/Versions/A/CoreSymbolication
0x000000000b271000 	/System/Library/PrivateFrameworks/Symbolication.framework/Versions/A/Symbolication
0x000000000b271000 	/System/Library/PrivateFrameworks/SpeechRecognitionCore.framework/Versions/A/SpeechRecognitionCore
0x0000000100fdf000 	/Library/Java/JavaVirtualMachines/jdk1.8.0_101.jdk/Contents/Home/jre/lib/server/libjvm.dylib
0x000000000b271000 	/usr/lib/libstdc++.6.dylib
0x0000000101f80000 	/Library/Java/JavaVirtualMachines/jdk1.8.0_101.jdk/Contents/Home/jre/lib/libverify.dylib
0x0000000101f8e000 	/Library/Java/JavaVirtualMachines/jdk1.8.0_101.jdk/Contents/Home/jre/lib/libjava.dylib
0x0000000101fcd000 	/Library/Java/JavaVirtualMachines/jdk1.8.0_101.jdk/Contents/Home/jre/lib/libzip.dylib
0x000000011813b000 	/System/Library/Frameworks/JavaVM.framework/Frameworks/JavaRuntimeSupport.framework/JavaRuntimeSupport
0x0000000118156000 	/System/Library/Frameworks/JavaVM.framework/Versions/A/Frameworks/JavaNativeFoundation.framework/Versions/A/JavaNativeFoundation
0x000000011816b000 	/System/Library/Frameworks/JavaVM.framework/Versions/A/JavaVM
0x000000000b271000 	/System/Library/Frameworks/Carbon.framework/Versions/A/Carbon
0x0000000118178000 	/System/Library/PrivateFrameworks/JavaLaunching.framework/Versions/A/JavaLaunching
0x000000000b271000 	/System/Library/Frameworks/Carbon.framework/Versions/A/Frameworks/CommonPanels.framework/Versions/A/CommonPanels
0x000000000b271000 	/System/Library/Frameworks/Carbon.framework/Versions/A/Frameworks/Help.framework/Versions/A/Help
0x000000000b271000 	/System/Library/Frameworks/Carbon.framework/Versions/A/Frameworks/ImageCapture.framework/Versions/A/ImageCapture
0x000000000b271000 	/System/Library/Frameworks/Carbon.framework/Versions/A/Frameworks/OpenScripting.framework/Versions/A/OpenScripting
0x000000000b271000 	/System/Library/Frameworks/Carbon.framework/Versions/A/Frameworks/Print.framework/Versions/A/Print
0x000000000b271000 	/System/Library/Frameworks/Carbon.framework/Versions/A/Frameworks/SecurityHI.framework/Versions/A/SecurityHI
0x0000000119bce000 	/Applications/IntelliJ IDEA CE.app/Contents/bin/libbreakgen64.jnilib
0x0000000119bd1000 	/Library/Java/JavaVirtualMachines/jdk1.8.0_101.jdk/Contents/Home/jre/lib/libnet.dylib
0x0000000119c30000 	/private/var/folders/hx/chl3wz1s6d9g8dgpv9pfrkzw0000gn/T/bluecove_maximerichard_0/libbluecove.jnilib
0x0000000119cc3000 	/private/var/folders/hx/chl3wz1s6d9g8dgpv9pfrkzw0000gn/T/sqlite-3.8.11.2-96da5406-f45b-4970-b3f4-94d6527b0efd-libsqlitejdbc.jnilib
0x0000000119f5e000 	/Library/Java/JavaVirtualMachines/jdk1.8.0_101.jdk/Contents/Home/jre/lib/libawt.dylib
0x000000011a006000 	/Library/Java/JavaVirtualMachines/jdk1.8.0_101.jdk/Contents/Home/jre/lib/./libmlib_image.dylib
0x000000011a0d2000 	/Library/Java/JavaVirtualMachines/jdk1.8.0_101.jdk/Contents/Home/jre/lib/libawt_lwawt.dylib
0x000000011a187000 	/Library/Java/JavaVirtualMachines/jdk1.8.0_101.jdk/Contents/Home/jre/lib/./libosxapp.dylib
0x000000000b271000 	/System/Library/Frameworks/ExceptionHandling.framework/Versions/A/ExceptionHandling
0x000000000b271000 	/System/Library/PrivateFrameworks/CoreServicesInternal.framework/Versions/A/CoreServicesInternal
0x000000000b271000 	/System/Library/Frameworks/CoreGraphics.framework/Versions/A/Resources/libRIP.A.dylib
0x000000000b271000 	/System/Library/Frameworks/Accelerate.framework/Versions/A/Frameworks/vImage.framework/Versions/A/Libraries/libCGInterfaces.dylib
0x000000000b271000 	/System/Library/Frameworks/CoreGraphics.framework/Versions/A/Resources/libCGXType.A.dylib
0x000000000b271000 	/System/Library/Frameworks/OpenCL.framework/Versions/A/Libraries/libcldcpuengine.dylib
0x000000000b271000 	/System/Library/PrivateFrameworks/DiskImages.framework/Versions/A/DiskImages
0x000000000b271000 	/System/Library/Frameworks/DiscRecording.framework/Versions/A/DiscRecording
0x000000000b271000 	/usr/lib/libcsfde.dylib
0x000000000b271000 	/usr/lib/libcurl.4.dylib
0x000000000b271000 	/System/Library/PrivateFrameworks/MediaKit.framework/Versions/A/MediaKit
0x000000000b271000 	/System/Library/PrivateFrameworks/ProtectedCloudStorage.framework/Versions/A/ProtectedCloudStorage
0x000000000b271000 	/usr/lib/libCoreStorage.dylib
0x000000000b271000 	/System/Library/PrivateFrameworks/EFILogin.framework/Versions/A/EFILogin
0x000000000b271000 	/usr/lib/libutil.dylib
0x000000000b271000 	/System/Library/PrivateFrameworks/FindMyDevice.framework/Versions/A/FindMyDevice
0x000000000b271000 	/System/Library/Frameworks/LDAP.framework/Versions/A/LDAP
0x000000000b271000 	/usr/lib/libsasl2.2.dylib
0x000000000b271000 	/System/Library/PrivateFrameworks/CoreDaemon.framework/Versions/B/CoreDaemon
0x000000000b271000 	/usr/lib/libcrypto.0.9.8.dylib
0x000000000b271000 	/System/Library/PrivateFrameworks/AppleSRP.framework/Versions/A/AppleSRP
0x000000000b271000 	/System/Library/PrivateFrameworks/TrustEvaluationAgent.framework/Versions/A/TrustEvaluationAgent
0x000000011b925000 	cl_kernels
0x000000000b271000 	/System/Library/Frameworks/OpenCL.framework/Versions/A/Libraries/ImageFormats/unorm8_bgra.dylib
0x000000000b271000 	/System/Library/Frameworks/OpenCL.framework/Versions/A/Libraries/ImageFormats/unorm8_rgba.dylib
0x000000000b271000 	/System/Library/PrivateFrameworks/FamilyControls.framework/Versions/A/FamilyControls
0x000000000b271000 	/System/Library/PrivateFrameworks/CommerceKit.framework/Versions/A/Frameworks/CommerceCore.framework/Versions/A/CommerceCore
0x000000000b271000 	/System/Library/PrivateFrameworks/SystemAdministration.framework/Versions/A/SystemAdministration
0x000000000b271000 	/System/Library/PrivateFrameworks/AppContainer.framework/Versions/A/AppContainer
0x000000000b271000 	/System/Library/PrivateFrameworks/SecCodeWrapper.framework/Versions/A/SecCodeWrapper
0x000000000b271000 	/System/Library/Frameworks/DirectoryService.framework/Versions/A/DirectoryService
0x000000000b271000 	/System/Library/PrivateFrameworks/LoginUIKit.framework/Versions/A/Frameworks/LoginUICore.framework/Versions/A/LoginUICore
0x000000000b271000 	/usr/lib/libodfde.dylib
0x000000011c942000 	/Library/Java/JavaVirtualMachines/jdk1.8.0_101.jdk/Contents/Home/jre/lib/libfontmanager.dylib
0x000000011ae3d000 	/Library/Java/JavaVirtualMachines/jdk1.8.0_101.jdk/Contents/Home/jre/lib/libosxui.dylib
0x000000000b271000 	/System/Library/Frameworks/OpenGL.framework/Versions/A/Resources/GLEngine.bundle/GLEngine
0x000000000b271000 	/System/Library/Frameworks/OpenGL.framework/Versions/A/Libraries/libGLProgrammability.dylib
0x000000011d3e7000 	/System/Library/Extensions/AppleIntelBDWGraphicsGLDriver.bundle/Contents/MacOS/AppleIntelBDWGraphicsGLDriver
0x000000000b271000 	/System/Library/PrivateFrameworks/GPUSupport.framework/Versions/A/Libraries/libGPUSupportMercury.dylib
0x000000000b271000 	/System/Library/Frameworks/OpenGL.framework/Versions/A/Resources/GLRendererFloat.bundle/GLRendererFloat
0x000000011e5e6000 	/Library/Java/JavaVirtualMachines/jdk1.8.0_101.jdk/Contents/Home/jre/lib/libnio.dylib
0x000000000b271000 	/System/Library/Frameworks/ApplicationServices.framework/Versions/A/Frameworks/ATS.framework/Versions/A/Resources/libTrueTypeScaler.dylib
0x0000000171444000 	/System/Library/Extensions/AppleIntelBDWGraphicsMTLDriver.bundle/Contents/MacOS/AppleIntelBDWGraphicsMTLDriver
0x000000000b271000 	/System/Library/CoreServices/RawCamera.bundle/Contents/MacOS/RawCamera
0x00000001720d7000 	/Library/Java/JavaVirtualMachines/jdk1.8.0_101.jdk/Contents/Home/jre/lib/libjpeg.dylib
0x0000000172104000 	/Library/Java/JavaVirtualMachines/jdk1.8.0_101.jdk/Contents/Home/jre/lib/liblcms.dylib

VM Arguments:
jvm_args: -Didea.launcher.port=7534 -Didea.launcher.bin.path=/Applications/IntelliJ IDEA CE.app/Contents/bin -Dfile.encoding=UTF-8 
java_command: com.intellij.rt.execution.application.AppMain com.sciquizapp.sciquizserver.MyServer
java_class_path (initial): /Library/Java/JavaVirtualMachines/jdk1.8.0_101.jdk/Contents/Home/jre/lib/charsets.jar:/Library/Java/JavaVirtualMachines/jdk1.8.0_101.jdk/Contents/Home/jre/lib/deploy.jar:/Library/Java/JavaVirtualMachines/jdk1.8.0_101.jdk/Contents/Home/jre/lib/ext/cldrdata.jar:/Library/Java/JavaVirtualMachines/jdk1.8.0_101.jdk/Contents/Home/jre/lib/ext/dnsns.jar:/Library/Java/JavaVirtualMachines/jdk1.8.0_101.jdk/Contents/Home/jre/lib/ext/jaccess.jar:/Library/Java/JavaVirtualMachines/jdk1.8.0_101.jdk/Contents/Home/jre/lib/ext/jfxrt.jar:/Library/Java/JavaVirtualMachines/jdk1.8.0_101.jdk/Contents/Home/jre/lib/ext/localedata.jar:/Library/Java/JavaVirtualMachines/jdk1.8.0_101.jdk/Contents/Home/jre/lib/ext/nashorn.jar:/Library/Java/JavaVirtualMachines/jdk1.8.0_101.jdk/Contents/Home/jre/lib/ext/sunec.jar:/Library/Java/JavaVirtualMachines/jdk1.8.0_101.jdk/Contents/Home/jre/lib/ext/sunjce_provider.jar:/Library/Java/JavaVirtualMachines/jdk1.8.0_101.jdk/Contents/Home/jre/lib/ext/sunpkcs11.jar:/Library/Java/JavaVirtualMachines/jdk1.8.0_101.jdk/Contents/Home/jre/lib/ext/zipfs.jar:/Library/Java/JavaVirtualMachines/jdk1.8.0_101.jdk/Contents/Home/jre/lib/javaws.jar:/Library/Java/JavaVirtualMachines/jdk1.8.0_101.jdk/Contents/Home/jre/lib/jce.jar:/Library/Java/JavaVirtualMachines/jdk1.8.0_101.jdk/Contents/Home/jre/lib/jfr.jar:/Library/Java/JavaVirtualMachines/jdk1.8.0_101.jdk/Contents/Home/jre/lib/jfxswt.jar:/Library/Java/JavaVirtualMachines/jdk1.8.0_101.jdk/Contents/Home/jre/lib/jsse.jar:/Library/Java/JavaVirtualMachines/jdk1.8.0_101.jdk/Contents/Home/jre/lib/management-agent.jar:/Library/Java/JavaVirtualMachines/jdk1.8.0_101.jdk/Contents/Home/jre/lib/plugin.jar:/Library/Java/JavaVirtualMachines/jdk1.8.0_101.jdk/Contents/Home/jre/lib/resources.jar:/Library/Java/JavaVirtualMachines/jdk1.8.0_101.jdk/Contents/Home/jre/lib/rt.jar:/Library/Java/JavaVirtualMachines/jdk1.8.0_101.jdk/Contents/Home/lib/ant-javafx.jar:/Library/Java/JavaVirtualMachines/jdk1.8.0_101.jdk/Contents/Home
Launcher Type: SUN_STANDARD

Environment Variables:
PATH=/usr/local/bin:/usr/bin:/bin:/usr/sbin:/sbin
SHELL=/bin/bash

Signal Handlers:
SIGSEGV: [libjvm.dylib+0x5af145], sa_mask[0]=11111111011111110111111111111111, sa_flags=SA_ONSTACK|SA_RESTART|SA_SIGINFO
SIGBUS: [libjvm.dylib+0x5af145], sa_mask[0]=11111111011111110111111111111111, sa_flags=SA_RESTART|SA_SIGINFO
SIGFPE: [libjvm.dylib+0x48694c], sa_mask[0]=11111111011111110111111111111111, sa_flags=SA_RESTART|SA_SIGINFO
SIGPIPE: [libjvm.dylib+0x48694c], sa_mask[0]=11111111011111110111111111111111, sa_flags=SA_RESTART|SA_SIGINFO
SIGXFSZ: [libjvm.dylib+0x48694c], sa_mask[0]=11111111011111110111111111111111, sa_flags=SA_RESTART|SA_SIGINFO
SIGILL: [libjvm.dylib+0x48694c], sa_mask[0]=11111111011111110111111111111111, sa_flags=SA_RESTART|SA_SIGINFO
SIGUSR1: SIG_DFL, sa_mask[0]=00000000000000000000000000000000, sa_flags=none
SIGUSR2: [libjvm.dylib+0x48646a], sa_mask[0]=00100000000000000000000000000000, sa_flags=SA_RESTART|SA_SIGINFO
SIGHUP: [libjvm.dylib+0x484a41], sa_mask[0]=11111111011111110111111111111111, sa_flags=SA_RESTART|SA_SIGINFO
SIGINT: [libjvm.dylib+0x484a41], sa_mask[0]=11111111011111110111111111111111, sa_flags=SA_RESTART|SA_SIGINFO
SIGTERM: [libjvm.dylib+0x484a41], sa_mask[0]=11111111011111110111111111111111, sa_flags=SA_RESTART|SA_SIGINFO
SIGQUIT: [libjvm.dylib+0x484a41], sa_mask[0]=11111111011111110111111111111111, sa_flags=SA_RESTART|SA_SIGINFO


---------------  S Y S T E M  ---------------

OS:Bsduname:Darwin 15.6.0 Darwin Kernel Version 15.6.0: Thu Jun 23 18:25:34 PDT 2016; root:xnu-3248.60.10~1/RELEASE_X86_64 x86_64
rlimit: STACK 8192k, CORE 0k, NPROC 709, NOFILE 10240, AS infinity
load average:2.99 2.69 2.53

CPU:total 4 (2 cores per cpu, 2 threads per core) family 6 model 61 stepping 4, cmov, cx8, fxsr, mmx, sse, sse2, sse3, ssse3, sse4.1, sse4.2, popcnt, avx, avx2, aes, clmul, erms, 3dnowpref, lzcnt, ht, tsc, tscinvbit, bmi1, bmi2, adx

Memory: 4k page, physical 8388608k(29900k free)

/proc/meminfo:


vm_info: Java HotSpot(TM) 64-Bit Server VM (25.101-b13) for bsd-amd64 JRE (1.8.0_101-b13), built on Jun 22 2016 02:42:15 by "java_re" with gcc 4.2.1 (Based on Apple Inc. build 5658) (LLVM build 2336.11.00)

time: Mon Feb 13 15:19:44 2017
elapsed time: 60 seconds (0d 0h 1m 0s)

